2025-09-24 07:43:46.989 INFO  c.k.katalon.core.main.TestSuiteExecutor  - START Test Suites/100_tc
2025-09-24 07:43:47.056 INFO  c.k.katalon.core.main.TestSuiteExecutor  - userFullName = Man Hua
2025-09-24 07:43:47.058 INFO  c.k.katalon.core.main.TestSuiteExecutor  - projectName = Demo-Bulk-Operation
2025-09-24 07:43:47.059 INFO  c.k.katalon.core.main.TestSuiteExecutor  - hostName = agent - 14475linalllatest-778645-katalon-agent-6n964
2025-09-24 07:43:47.061 INFO  c.k.katalon.core.main.TestSuiteExecutor  - os = Linux 64bit
2025-09-24 07:43:47.063 INFO  c.k.katalon.core.main.TestSuiteExecutor  - hostAddress = 10.10.10.147
2025-09-24 07:43:47.064 INFO  c.k.katalon.core.main.TestSuiteExecutor  - katalonVersion = 10.3.1.0
2025-09-24 07:43:47.417 INFO  c.k.katalon.core.main.TestCaseExecutor   - --------------------
2025-09-24 07:43:47.418 INFO  c.k.katalon.core.main.TestCaseExecutor   - START Test Cases/2000_tresult/Return Passed
2025-09-24 07:43:47.505 DEBUG testcase.Return Passed                   - 1: markPassed("Passed")
2025-09-24 07:43:47.508 DEBUG com.kms.katalon.core.util.KeywordUtil    - ✓ Passed
2025-09-24 07:43:49.520 INFO  c.k.k.c.c.internal.VideoRecorderService  - Video recording for test case 'Test Cases/2000_tresult/Return Passed' .
2025-09-24 07:43:49.522 INFO  c.k.katalon.core.main.TestCaseExecutor   - END Test Cases/2000_tresult/Return Passed
2025-09-24 07:43:49.526 INFO  c.k.katalon.core.main.TestCaseExecutor   - --------------------
2025-09-24 07:43:49.526 INFO  c.k.katalon.core.main.TestCaseExecutor   - START Test Cases/2000_tresult/Return Passed
2025-09-24 07:43:49.550 DEBUG testcase.Return Passed                   - 1: markPassed("Passed")
2025-09-24 07:43:49.551 DEBUG com.kms.katalon.core.util.KeywordUtil    - ✓ Passed
2025-09-24 07:43:51.556 INFO  c.k.k.c.c.internal.VideoRecorderService  - Video recording for test case 'Test Cases/2000_tresult/Return Passed' .
2025-09-24 07:43:51.557 INFO  c.k.katalon.core.main.TestCaseExecutor   - END Test Cases/2000_tresult/Return Passed
2025-09-24 07:43:51.560 INFO  c.k.katalon.core.main.TestCaseExecutor   - --------------------
2025-09-24 07:43:51.560 INFO  c.k.katalon.core.main.TestCaseExecutor   - START Test Cases/2000_tresult/Return Passed
2025-09-24 07:43:51.571 DEBUG testcase.Return Passed                   - 1: markPassed("Passed")
2025-09-24 07:43:51.573 DEBUG com.kms.katalon.core.util.KeywordUtil    - ✓ Passed
2025-09-24 07:43:53.578 INFO  c.k.k.c.c.internal.VideoRecorderService  - Video recording for test case 'Test Cases/2000_tresult/Return Passed' .
2025-09-24 07:43:53.579 INFO  c.k.katalon.core.main.TestCaseExecutor   - END Test Cases/2000_tresult/Return Passed
2025-09-24 07:43:53.581 INFO  c.k.katalon.core.main.TestCaseExecutor   - --------------------
2025-09-24 07:43:53.581 INFO  c.k.katalon.core.main.TestCaseExecutor   - START Test Cases/2000_tresult/Return Passed
2025-09-24 07:43:53.588 DEBUG testcase.Return Passed                   - 1: markPassed("Passed")
2025-09-24 07:43:53.589 DEBUG com.kms.katalon.core.util.KeywordUtil    - ✓ Passed
2025-09-24 07:43:55.593 INFO  c.k.k.c.c.internal.VideoRecorderService  - Video recording for test case 'Test Cases/2000_tresult/Return Passed' .
2025-09-24 07:43:55.596 INFO  c.k.katalon.core.main.TestCaseExecutor   - END Test Cases/2000_tresult/Return Passed
2025-09-24 07:43:55.601 INFO  c.k.katalon.core.main.TestCaseExecutor   - --------------------
2025-09-24 07:43:55.601 INFO  c.k.katalon.core.main.TestCaseExecutor   - START Test Cases/2000_tresult/Return Passed
2025-09-24 07:43:55.622 DEBUG testcase.Return Passed                   - 1: markPassed("Passed")
2025-09-24 07:43:55.623 DEBUG com.kms.katalon.core.util.KeywordUtil    - ✓ Passed
2025-09-24 07:43:57.627 INFO  c.k.k.c.c.internal.VideoRecorderService  - Video recording for test case 'Test Cases/2000_tresult/Return Passed' .
2025-09-24 07:43:57.628 INFO  c.k.katalon.core.main.TestCaseExecutor   - END Test Cases/2000_tresult/Return Passed
2025-09-24 07:43:57.635 INFO  c.k.katalon.core.main.TestCaseExecutor   - --------------------
2025-09-24 07:43:57.635 INFO  c.k.katalon.core.main.TestCaseExecutor   - START Test Cases/2000_tresult/Return Passed
2025-09-24 07:43:57.643 DEBUG testcase.Return Passed                   - 1: markPassed("Passed")
2025-09-24 07:43:57.644 DEBUG com.kms.katalon.core.util.KeywordUtil    - ✓ Passed
2025-09-24 07:43:59.648 INFO  c.k.k.c.c.internal.VideoRecorderService  - Video recording for test case 'Test Cases/2000_tresult/Return Passed' .
2025-09-24 07:43:59.650 INFO  c.k.katalon.core.main.TestCaseExecutor   - END Test Cases/2000_tresult/Return Passed
2025-09-24 07:43:59.652 INFO  c.k.katalon.core.main.TestCaseExecutor   - --------------------
2025-09-24 07:43:59.652 INFO  c.k.katalon.core.main.TestCaseExecutor   - START Test Cases/2000_tresult/Return Passed
2025-09-24 07:43:59.658 DEBUG testcase.Return Passed                   - 1: markPassed("Passed")
2025-09-24 07:43:59.658 DEBUG com.kms.katalon.core.util.KeywordUtil    - ✓ Passed
2025-09-24 07:44:01.662 INFO  c.k.k.c.c.internal.VideoRecorderService  - Video recording for test case 'Test Cases/2000_tresult/Return Passed' .
2025-09-24 07:44:01.663 INFO  c.k.katalon.core.main.TestCaseExecutor   - END Test Cases/2000_tresult/Return Passed
2025-09-24 07:44:01.665 INFO  c.k.katalon.core.main.TestCaseExecutor   - --------------------
2025-09-24 07:44:01.665 INFO  c.k.katalon.core.main.TestCaseExecutor   - START Test Cases/2000_tresult/Return Passed
2025-09-24 07:44:01.673 DEBUG testcase.Return Passed                   - 1: markPassed("Passed")
2025-09-24 07:44:01.674 DEBUG com.kms.katalon.core.util.KeywordUtil    - ✓ Passed
2025-09-24 07:44:03.677 INFO  c.k.k.c.c.internal.VideoRecorderService  - Video recording for test case 'Test Cases/2000_tresult/Return Passed' .
2025-09-24 07:44:03.678 INFO  c.k.katalon.core.main.TestCaseExecutor   - END Test Cases/2000_tresult/Return Passed
2025-09-24 07:44:03.680 INFO  c.k.katalon.core.main.TestCaseExecutor   - --------------------
2025-09-24 07:44:03.680 INFO  c.k.katalon.core.main.TestCaseExecutor   - START Test Cases/2000_tresult/Return Passed
2025-09-24 07:44:03.686 DEBUG testcase.Return Passed                   - 1: markPassed("Passed")
2025-09-24 07:44:03.686 DEBUG com.kms.katalon.core.util.KeywordUtil    - ✓ Passed
2025-09-24 07:44:05.690 INFO  c.k.k.c.c.internal.VideoRecorderService  - Video recording for test case 'Test Cases/2000_tresult/Return Passed' .
2025-09-24 07:44:05.691 INFO  c.k.katalon.core.main.TestCaseExecutor   - END Test Cases/2000_tresult/Return Passed
2025-09-24 07:44:05.693 INFO  c.k.katalon.core.main.TestCaseExecutor   - --------------------
2025-09-24 07:44:05.693 INFO  c.k.katalon.core.main.TestCaseExecutor   - START Test Cases/2000_tresult/Return Passed
2025-09-24 07:44:05.699 DEBUG testcase.Return Passed                   - 1: markPassed("Passed")
2025-09-24 07:44:05.699 DEBUG com.kms.katalon.core.util.KeywordUtil    - ✓ Passed
2025-09-24 07:44:07.703 INFO  c.k.k.c.c.internal.VideoRecorderService  - Video recording for test case 'Test Cases/2000_tresult/Return Passed' .
2025-09-24 07:44:07.703 INFO  c.k.katalon.core.main.TestCaseExecutor   - END Test Cases/2000_tresult/Return Passed
2025-09-24 07:44:07.705 INFO  c.k.katalon.core.main.TestCaseExecutor   - --------------------
2025-09-24 07:44:07.706 INFO  c.k.katalon.core.main.TestCaseExecutor   - START Test Cases/2000_tresult/Return Passed
2025-09-24 07:44:07.711 DEBUG testcase.Return Passed                   - 1: markPassed("Passed")
2025-09-24 07:44:07.711 DEBUG com.kms.katalon.core.util.KeywordUtil    - ✓ Passed
2025-09-24 07:44:09.715 INFO  c.k.k.c.c.internal.VideoRecorderService  - Video recording for test case 'Test Cases/2000_tresult/Return Passed' .
2025-09-24 07:44:09.716 INFO  c.k.katalon.core.main.TestCaseExecutor   - END Test Cases/2000_tresult/Return Passed
2025-09-24 07:44:09.718 INFO  c.k.katalon.core.main.TestCaseExecutor   - --------------------
2025-09-24 07:44:09.718 INFO  c.k.katalon.core.main.TestCaseExecutor   - START Test Cases/2000_tresult/Return Passed
2025-09-24 07:44:09.724 DEBUG testcase.Return Passed                   - 1: markPassed("Passed")
2025-09-24 07:44:09.725 DEBUG com.kms.katalon.core.util.KeywordUtil    - ✓ Passed
2025-09-24 07:44:11.728 INFO  c.k.k.c.c.internal.VideoRecorderService  - Video recording for test case 'Test Cases/2000_tresult/Return Passed' .
2025-09-24 07:44:11.729 INFO  c.k.katalon.core.main.TestCaseExecutor   - END Test Cases/2000_tresult/Return Passed
2025-09-24 07:44:11.731 INFO  c.k.katalon.core.main.TestCaseExecutor   - --------------------
2025-09-24 07:44:11.731 INFO  c.k.katalon.core.main.TestCaseExecutor   - START Test Cases/2000_tresult/Return Passed
2025-09-24 07:44:11.739 DEBUG testcase.Return Passed                   - 1: markPassed("Passed")
2025-09-24 07:44:11.739 DEBUG com.kms.katalon.core.util.KeywordUtil    - ✓ Passed
2025-09-24 07:44:13.743 INFO  c.k.k.c.c.internal.VideoRecorderService  - Video recording for test case 'Test Cases/2000_tresult/Return Passed' .
2025-09-24 07:44:13.743 INFO  c.k.katalon.core.main.TestCaseExecutor   - END Test Cases/2000_tresult/Return Passed
2025-09-24 07:44:13.746 INFO  c.k.katalon.core.main.TestCaseExecutor   - --------------------
2025-09-24 07:44:13.746 INFO  c.k.katalon.core.main.TestCaseExecutor   - START Test Cases/2000_tresult/Return Passed
2025-09-24 07:44:13.751 DEBUG testcase.Return Passed                   - 1: markPassed("Passed")
2025-09-24 07:44:13.752 DEBUG com.kms.katalon.core.util.KeywordUtil    - ✓ Passed
2025-09-24 07:44:15.755 INFO  c.k.k.c.c.internal.VideoRecorderService  - Video recording for test case 'Test Cases/2000_tresult/Return Passed' .
2025-09-24 07:44:15.756 INFO  c.k.katalon.core.main.TestCaseExecutor   - END Test Cases/2000_tresult/Return Passed
2025-09-24 07:44:15.760 INFO  c.k.katalon.core.main.TestCaseExecutor   - --------------------
2025-09-24 07:44:15.760 INFO  c.k.katalon.core.main.TestCaseExecutor   - START Test Cases/2000_tresult/Return Passed
2025-09-24 07:44:15.766 DEBUG testcase.Return Passed                   - 1: markPassed("Passed")
2025-09-24 07:44:15.767 DEBUG com.kms.katalon.core.util.KeywordUtil    - ✓ Passed
2025-09-24 07:44:17.770 INFO  c.k.k.c.c.internal.VideoRecorderService  - Video recording for test case 'Test Cases/2000_tresult/Return Passed' .
2025-09-24 07:44:17.771 INFO  c.k.katalon.core.main.TestCaseExecutor   - END Test Cases/2000_tresult/Return Passed
2025-09-24 07:44:17.774 INFO  c.k.katalon.core.main.TestCaseExecutor   - --------------------
2025-09-24 07:44:17.774 INFO  c.k.katalon.core.main.TestCaseExecutor   - START Test Cases/2000_tresult/Return Passed
2025-09-24 07:44:17.783 DEBUG testcase.Return Passed                   - 1: markPassed("Passed")
2025-09-24 07:44:17.784 DEBUG com.kms.katalon.core.util.KeywordUtil    - ✓ Passed
2025-09-24 07:44:19.787 INFO  c.k.k.c.c.internal.VideoRecorderService  - Video recording for test case 'Test Cases/2000_tresult/Return Passed' .
2025-09-24 07:44:19.788 INFO  c.k.katalon.core.main.TestCaseExecutor   - END Test Cases/2000_tresult/Return Passed
2025-09-24 07:44:19.791 INFO  c.k.katalon.core.main.TestCaseExecutor   - --------------------
2025-09-24 07:44:19.791 INFO  c.k.katalon.core.main.TestCaseExecutor   - START Test Cases/2000_tresult/Return Passed
2025-09-24 07:44:19.796 DEBUG testcase.Return Passed                   - 1: markPassed("Passed")
2025-09-24 07:44:19.797 DEBUG com.kms.katalon.core.util.KeywordUtil    - ✓ Passed
2025-09-24 07:44:21.801 INFO  c.k.k.c.c.internal.VideoRecorderService  - Video recording for test case 'Test Cases/2000_tresult/Return Passed' .
2025-09-24 07:44:21.802 INFO  c.k.katalon.core.main.TestCaseExecutor   - END Test Cases/2000_tresult/Return Passed
2025-09-24 07:44:21.804 INFO  c.k.katalon.core.main.TestCaseExecutor   - --------------------
2025-09-24 07:44:21.804 INFO  c.k.katalon.core.main.TestCaseExecutor   - START Test Cases/2000_tresult/Return Passed
2025-09-24 07:44:21.812 DEBUG testcase.Return Passed                   - 1: markPassed("Passed")
2025-09-24 07:44:21.812 DEBUG com.kms.katalon.core.util.KeywordUtil    - ✓ Passed
2025-09-24 07:44:23.816 INFO  c.k.k.c.c.internal.VideoRecorderService  - Video recording for test case 'Test Cases/2000_tresult/Return Passed' .
2025-09-24 07:44:23.817 INFO  c.k.katalon.core.main.TestCaseExecutor   - END Test Cases/2000_tresult/Return Passed
2025-09-24 07:44:23.819 INFO  c.k.katalon.core.main.TestCaseExecutor   - --------------------
2025-09-24 07:44:23.819 INFO  c.k.katalon.core.main.TestCaseExecutor   - START Test Cases/2000_tresult/Return Passed
2025-09-24 07:44:23.823 DEBUG testcase.Return Passed                   - 1: markPassed("Passed")
2025-09-24 07:44:23.824 DEBUG com.kms.katalon.core.util.KeywordUtil    - ✓ Passed
2025-09-24 07:44:25.827 INFO  c.k.k.c.c.internal.VideoRecorderService  - Video recording for test case 'Test Cases/2000_tresult/Return Passed' .
2025-09-24 07:44:25.828 INFO  c.k.katalon.core.main.TestCaseExecutor   - END Test Cases/2000_tresult/Return Passed
2025-09-24 07:44:25.830 INFO  c.k.katalon.core.main.TestCaseExecutor   - --------------------
2025-09-24 07:44:25.830 INFO  c.k.katalon.core.main.TestCaseExecutor   - START Test Cases/2000_tresult/Return Passed
2025-09-24 07:44:25.836 DEBUG testcase.Return Passed                   - 1: markPassed("Passed")
2025-09-24 07:44:25.836 DEBUG com.kms.katalon.core.util.KeywordUtil    - ✓ Passed
2025-09-24 07:44:27.840 INFO  c.k.k.c.c.internal.VideoRecorderService  - Video recording for test case 'Test Cases/2000_tresult/Return Passed' .
2025-09-24 07:44:27.840 INFO  c.k.katalon.core.main.TestCaseExecutor   - END Test Cases/2000_tresult/Return Passed
2025-09-24 07:44:27.842 INFO  c.k.katalon.core.main.TestCaseExecutor   - --------------------
2025-09-24 07:44:27.842 INFO  c.k.katalon.core.main.TestCaseExecutor   - START Test Cases/2000_tresult/Return Passed
2025-09-24 07:44:27.848 DEBUG testcase.Return Passed                   - 1: markPassed("Passed")
2025-09-24 07:44:27.848 DEBUG com.kms.katalon.core.util.KeywordUtil    - ✓ Passed
2025-09-24 07:44:29.852 INFO  c.k.k.c.c.internal.VideoRecorderService  - Video recording for test case 'Test Cases/2000_tresult/Return Passed' .
2025-09-24 07:44:29.853 INFO  c.k.katalon.core.main.TestCaseExecutor   - END Test Cases/2000_tresult/Return Passed
2025-09-24 07:44:29.856 INFO  c.k.katalon.core.main.TestCaseExecutor   - --------------------
2025-09-24 07:44:29.856 INFO  c.k.katalon.core.main.TestCaseExecutor   - START Test Cases/2000_tresult/Return Passed
2025-09-24 07:44:29.860 DEBUG testcase.Return Passed                   - 1: markPassed("Passed")
2025-09-24 07:44:29.860 DEBUG com.kms.katalon.core.util.KeywordUtil    - ✓ Passed
2025-09-24 07:44:31.864 INFO  c.k.k.c.c.internal.VideoRecorderService  - Video recording for test case 'Test Cases/2000_tresult/Return Passed' .
2025-09-24 07:44:31.864 INFO  c.k.katalon.core.main.TestCaseExecutor   - END Test Cases/2000_tresult/Return Passed
2025-09-24 07:44:31.867 INFO  c.k.katalon.core.main.TestCaseExecutor   - --------------------
2025-09-24 07:44:31.867 INFO  c.k.katalon.core.main.TestCaseExecutor   - START Test Cases/2000_tresult/Return Passed
2025-09-24 07:44:31.874 DEBUG testcase.Return Passed                   - 1: markPassed("Passed")
2025-09-24 07:44:31.875 DEBUG com.kms.katalon.core.util.KeywordUtil    - ✓ Passed
2025-09-24 07:44:33.878 INFO  c.k.k.c.c.internal.VideoRecorderService  - Video recording for test case 'Test Cases/2000_tresult/Return Passed' .
2025-09-24 07:44:33.879 INFO  c.k.katalon.core.main.TestCaseExecutor   - END Test Cases/2000_tresult/Return Passed
2025-09-24 07:44:33.883 INFO  c.k.katalon.core.main.TestCaseExecutor   - --------------------
2025-09-24 07:44:33.883 INFO  c.k.katalon.core.main.TestCaseExecutor   - START Test Cases/2000_tresult/Return Passed
2025-09-24 07:44:33.890 DEBUG testcase.Return Passed                   - 1: markPassed("Passed")
2025-09-24 07:44:33.890 DEBUG com.kms.katalon.core.util.KeywordUtil    - ✓ Passed
2025-09-24 07:44:35.895 INFO  c.k.k.c.c.internal.VideoRecorderService  - Video recording for test case 'Test Cases/2000_tresult/Return Passed' .
2025-09-24 07:44:35.895 INFO  c.k.katalon.core.main.TestCaseExecutor   - END Test Cases/2000_tresult/Return Passed
2025-09-24 07:44:35.897 INFO  c.k.katalon.core.main.TestCaseExecutor   - --------------------
2025-09-24 07:44:35.897 INFO  c.k.katalon.core.main.TestCaseExecutor   - START Test Cases/2000_tresult/Return Passed
2025-09-24 07:44:35.903 DEBUG testcase.Return Passed                   - 1: markPassed("Passed")
2025-09-24 07:44:35.904 DEBUG com.kms.katalon.core.util.KeywordUtil    - ✓ Passed
2025-09-24 07:44:37.907 INFO  c.k.k.c.c.internal.VideoRecorderService  - Video recording for test case 'Test Cases/2000_tresult/Return Passed' .
2025-09-24 07:44:37.908 INFO  c.k.katalon.core.main.TestCaseExecutor   - END Test Cases/2000_tresult/Return Passed
2025-09-24 07:44:37.911 INFO  c.k.katalon.core.main.TestCaseExecutor   - --------------------
2025-09-24 07:44:37.911 INFO  c.k.katalon.core.main.TestCaseExecutor   - START Test Cases/2000_tresult/Return Passed
2025-09-24 07:44:37.916 DEBUG testcase.Return Passed                   - 1: markPassed("Passed")
2025-09-24 07:44:37.916 DEBUG com.kms.katalon.core.util.KeywordUtil    - ✓ Passed
2025-09-24 07:44:39.920 INFO  c.k.k.c.c.internal.VideoRecorderService  - Video recording for test case 'Test Cases/2000_tresult/Return Passed' .
2025-09-24 07:44:39.920 INFO  c.k.katalon.core.main.TestCaseExecutor   - END Test Cases/2000_tresult/Return Passed
2025-09-24 07:44:39.923 INFO  c.k.katalon.core.main.TestCaseExecutor   - --------------------
2025-09-24 07:44:39.923 INFO  c.k.katalon.core.main.TestCaseExecutor   - START Test Cases/2000_tresult/Return Passed
2025-09-24 07:44:39.929 DEBUG testcase.Return Passed                   - 1: markPassed("Passed")
2025-09-24 07:44:39.930 DEBUG com.kms.katalon.core.util.KeywordUtil    - ✓ Passed
2025-09-24 07:44:41.934 INFO  c.k.k.c.c.internal.VideoRecorderService  - Video recording for test case 'Test Cases/2000_tresult/Return Passed' .
2025-09-24 07:44:41.935 INFO  c.k.katalon.core.main.TestCaseExecutor   - END Test Cases/2000_tresult/Return Passed
2025-09-24 07:44:41.937 INFO  c.k.katalon.core.main.TestCaseExecutor   - --------------------
2025-09-24 07:44:41.937 INFO  c.k.katalon.core.main.TestCaseExecutor   - START Test Cases/2000_tresult/Return Passed
2025-09-24 07:44:41.944 DEBUG testcase.Return Passed                   - 1: markPassed("Passed")
2025-09-24 07:44:41.944 DEBUG com.kms.katalon.core.util.KeywordUtil    - ✓ Passed
2025-09-24 07:44:43.948 INFO  c.k.k.c.c.internal.VideoRecorderService  - Video recording for test case 'Test Cases/2000_tresult/Return Passed' .
2025-09-24 07:44:43.949 INFO  c.k.katalon.core.main.TestCaseExecutor   - END Test Cases/2000_tresult/Return Passed
2025-09-24 07:44:43.951 INFO  c.k.katalon.core.main.TestCaseExecutor   - --------------------
2025-09-24 07:44:43.951 INFO  c.k.katalon.core.main.TestCaseExecutor   - START Test Cases/2000_tresult/Return Passed
2025-09-24 07:44:43.955 DEBUG testcase.Return Passed                   - 1: markPassed("Passed")
2025-09-24 07:44:43.956 DEBUG com.kms.katalon.core.util.KeywordUtil    - ✓ Passed
2025-09-24 07:44:45.959 INFO  c.k.k.c.c.internal.VideoRecorderService  - Video recording for test case 'Test Cases/2000_tresult/Return Passed' .
2025-09-24 07:44:45.960 INFO  c.k.katalon.core.main.TestCaseExecutor   - END Test Cases/2000_tresult/Return Passed
2025-09-24 07:44:45.962 INFO  c.k.katalon.core.main.TestCaseExecutor   - --------------------
2025-09-24 07:44:45.962 INFO  c.k.katalon.core.main.TestCaseExecutor   - START Test Cases/2000_tresult/Return Passed
2025-09-24 07:44:45.969 DEBUG testcase.Return Passed                   - 1: markPassed("Passed")
2025-09-24 07:44:45.970 DEBUG com.kms.katalon.core.util.KeywordUtil    - ✓ Passed
2025-09-24 07:44:47.973 INFO  c.k.k.c.c.internal.VideoRecorderService  - Video recording for test case 'Test Cases/2000_tresult/Return Passed' .
2025-09-24 07:44:47.974 INFO  c.k.katalon.core.main.TestCaseExecutor   - END Test Cases/2000_tresult/Return Passed
2025-09-24 07:44:47.976 INFO  c.k.katalon.core.main.TestCaseExecutor   - --------------------
2025-09-24 07:44:47.976 INFO  c.k.katalon.core.main.TestCaseExecutor   - START Test Cases/2000_tresult/Return Passed
2025-09-24 07:44:47.980 DEBUG testcase.Return Passed                   - 1: markPassed("Passed")
2025-09-24 07:44:47.980 DEBUG com.kms.katalon.core.util.KeywordUtil    - ✓ Passed
2025-09-24 07:44:49.984 INFO  c.k.k.c.c.internal.VideoRecorderService  - Video recording for test case 'Test Cases/2000_tresult/Return Passed' .
2025-09-24 07:44:49.984 INFO  c.k.katalon.core.main.TestCaseExecutor   - END Test Cases/2000_tresult/Return Passed
2025-09-24 07:44:49.987 INFO  c.k.katalon.core.main.TestCaseExecutor   - --------------------
2025-09-24 07:44:49.987 INFO  c.k.katalon.core.main.TestCaseExecutor   - START Test Cases/2000_tresult/Return Passed
2025-09-24 07:44:49.992 DEBUG testcase.Return Passed                   - 1: markPassed("Passed")
2025-09-24 07:44:49.992 DEBUG com.kms.katalon.core.util.KeywordUtil    - ✓ Passed
2025-09-24 07:44:51.995 INFO  c.k.k.c.c.internal.VideoRecorderService  - Video recording for test case 'Test Cases/2000_tresult/Return Passed' .
2025-09-24 07:44:51.996 INFO  c.k.katalon.core.main.TestCaseExecutor   - END Test Cases/2000_tresult/Return Passed
2025-09-24 07:44:51.999 INFO  c.k.katalon.core.main.TestCaseExecutor   - --------------------
2025-09-24 07:44:51.999 INFO  c.k.katalon.core.main.TestCaseExecutor   - START Test Cases/2000_tresult/Return Passed
2025-09-24 07:44:52.005 DEBUG testcase.Return Passed                   - 1: markPassed("Passed")
2025-09-24 07:44:52.006 DEBUG com.kms.katalon.core.util.KeywordUtil    - ✓ Passed
2025-09-24 07:44:54.009 INFO  c.k.k.c.c.internal.VideoRecorderService  - Video recording for test case 'Test Cases/2000_tresult/Return Passed' .
2025-09-24 07:44:54.010 INFO  c.k.katalon.core.main.TestCaseExecutor   - END Test Cases/2000_tresult/Return Passed
2025-09-24 07:44:54.012 INFO  c.k.katalon.core.main.TestCaseExecutor   - --------------------
2025-09-24 07:44:54.012 INFO  c.k.katalon.core.main.TestCaseExecutor   - START Test Cases/2000_tresult/Return Passed
2025-09-24 07:44:54.016 DEBUG testcase.Return Passed                   - 1: markPassed("Passed")
2025-09-24 07:44:54.016 DEBUG com.kms.katalon.core.util.KeywordUtil    - ✓ Passed
2025-09-24 07:44:56.020 INFO  c.k.k.c.c.internal.VideoRecorderService  - Video recording for test case 'Test Cases/2000_tresult/Return Passed' .
2025-09-24 07:44:56.020 INFO  c.k.katalon.core.main.TestCaseExecutor   - END Test Cases/2000_tresult/Return Passed
2025-09-24 07:44:56.022 INFO  c.k.katalon.core.main.TestCaseExecutor   - --------------------
2025-09-24 07:44:56.022 INFO  c.k.katalon.core.main.TestCaseExecutor   - START Test Cases/2000_tresult/Return Passed
2025-09-24 07:44:56.028 DEBUG testcase.Return Passed                   - 1: markPassed("Passed")
2025-09-24 07:44:56.028 DEBUG com.kms.katalon.core.util.KeywordUtil    - ✓ Passed
2025-09-24 07:44:58.032 INFO  c.k.k.c.c.internal.VideoRecorderService  - Video recording for test case 'Test Cases/2000_tresult/Return Passed' .
2025-09-24 07:44:58.032 INFO  c.k.katalon.core.main.TestCaseExecutor   - END Test Cases/2000_tresult/Return Passed
2025-09-24 07:44:58.034 INFO  c.k.katalon.core.main.TestCaseExecutor   - --------------------
2025-09-24 07:44:58.035 INFO  c.k.katalon.core.main.TestCaseExecutor   - START Test Cases/2000_tresult/Return Passed
2025-09-24 07:44:58.040 DEBUG testcase.Return Passed                   - 1: markPassed("Passed")
2025-09-24 07:44:58.040 DEBUG com.kms.katalon.core.util.KeywordUtil    - ✓ Passed
2025-09-24 07:45:00.044 INFO  c.k.k.c.c.internal.VideoRecorderService  - Video recording for test case 'Test Cases/2000_tresult/Return Passed' .
2025-09-24 07:45:00.045 INFO  c.k.katalon.core.main.TestCaseExecutor   - END Test Cases/2000_tresult/Return Passed
2025-09-24 07:45:00.046 INFO  c.k.katalon.core.main.TestCaseExecutor   - --------------------
2025-09-24 07:45:00.046 INFO  c.k.katalon.core.main.TestCaseExecutor   - START Test Cases/2000_tresult/Return Passed
2025-09-24 07:45:00.052 DEBUG testcase.Return Passed                   - 1: markPassed("Passed")
2025-09-24 07:45:00.052 DEBUG com.kms.katalon.core.util.KeywordUtil    - ✓ Passed
2025-09-24 07:45:02.056 INFO  c.k.k.c.c.internal.VideoRecorderService  - Video recording for test case 'Test Cases/2000_tresult/Return Passed' .
2025-09-24 07:45:02.056 INFO  c.k.katalon.core.main.TestCaseExecutor   - END Test Cases/2000_tresult/Return Passed
2025-09-24 07:45:02.059 INFO  c.k.katalon.core.main.TestCaseExecutor   - --------------------
2025-09-24 07:45:02.059 INFO  c.k.katalon.core.main.TestCaseExecutor   - START Test Cases/2000_tresult/Return Passed
2025-09-24 07:45:02.064 DEBUG testcase.Return Passed                   - 1: markPassed("Passed")
2025-09-24 07:45:02.064 DEBUG com.kms.katalon.core.util.KeywordUtil    - ✓ Passed
2025-09-24 07:45:04.068 INFO  c.k.k.c.c.internal.VideoRecorderService  - Video recording for test case 'Test Cases/2000_tresult/Return Passed' .
2025-09-24 07:45:04.068 INFO  c.k.katalon.core.main.TestCaseExecutor   - END Test Cases/2000_tresult/Return Passed
2025-09-24 07:45:04.070 INFO  c.k.katalon.core.main.TestCaseExecutor   - --------------------
2025-09-24 07:45:04.070 INFO  c.k.katalon.core.main.TestCaseExecutor   - START Test Cases/2000_tresult/Return Passed
2025-09-24 07:45:04.074 DEBUG testcase.Return Passed                   - 1: markPassed("Passed")
2025-09-24 07:45:04.075 DEBUG com.kms.katalon.core.util.KeywordUtil    - ✓ Passed
2025-09-24 07:45:06.078 INFO  c.k.k.c.c.internal.VideoRecorderService  - Video recording for test case 'Test Cases/2000_tresult/Return Passed' .
2025-09-24 07:45:06.078 INFO  c.k.katalon.core.main.TestCaseExecutor   - END Test Cases/2000_tresult/Return Passed
2025-09-24 07:45:06.081 INFO  c.k.katalon.core.main.TestCaseExecutor   - --------------------
2025-09-24 07:45:06.081 INFO  c.k.katalon.core.main.TestCaseExecutor   - START Test Cases/2000_tresult/Return Passed
2025-09-24 07:45:06.087 DEBUG testcase.Return Passed                   - 1: markPassed("Passed")
2025-09-24 07:45:06.087 DEBUG com.kms.katalon.core.util.KeywordUtil    - ✓ Passed
2025-09-24 07:45:08.090 INFO  c.k.k.c.c.internal.VideoRecorderService  - Video recording for test case 'Test Cases/2000_tresult/Return Passed' .
2025-09-24 07:45:08.091 INFO  c.k.katalon.core.main.TestCaseExecutor   - END Test Cases/2000_tresult/Return Passed
2025-09-24 07:45:08.093 INFO  c.k.katalon.core.main.TestCaseExecutor   - --------------------
2025-09-24 07:45:08.093 INFO  c.k.katalon.core.main.TestCaseExecutor   - START Test Cases/2000_tresult/Return Passed
2025-09-24 07:45:08.098 DEBUG testcase.Return Passed                   - 1: markPassed("Passed")
2025-09-24 07:45:08.098 DEBUG com.kms.katalon.core.util.KeywordUtil    - ✓ Passed
2025-09-24 07:45:10.102 INFO  c.k.k.c.c.internal.VideoRecorderService  - Video recording for test case 'Test Cases/2000_tresult/Return Passed' .
2025-09-24 07:45:10.102 INFO  c.k.katalon.core.main.TestCaseExecutor   - END Test Cases/2000_tresult/Return Passed
2025-09-24 07:45:10.104 INFO  c.k.katalon.core.main.TestCaseExecutor   - --------------------
2025-09-24 07:45:10.104 INFO  c.k.katalon.core.main.TestCaseExecutor   - START Test Cases/2000_tresult/Return Passed
2025-09-24 07:45:10.108 DEBUG testcase.Return Passed                   - 1: markPassed("Passed")
2025-09-24 07:45:10.108 DEBUG com.kms.katalon.core.util.KeywordUtil    - ✓ Passed
2025-09-24 07:45:12.112 INFO  c.k.k.c.c.internal.VideoRecorderService  - Video recording for test case 'Test Cases/2000_tresult/Return Passed' .
2025-09-24 07:45:12.112 INFO  c.k.katalon.core.main.TestCaseExecutor   - END Test Cases/2000_tresult/Return Passed
2025-09-24 07:45:12.115 INFO  c.k.katalon.core.main.TestCaseExecutor   - --------------------
2025-09-24 07:45:12.115 INFO  c.k.katalon.core.main.TestCaseExecutor   - START Test Cases/2000_tresult/Return Passed
2025-09-24 07:45:12.123 DEBUG testcase.Return Passed                   - 1: markPassed("Passed")
2025-09-24 07:45:12.123 DEBUG com.kms.katalon.core.util.KeywordUtil    - ✓ Passed
2025-09-24 07:45:14.127 INFO  c.k.k.c.c.internal.VideoRecorderService  - Video recording for test case 'Test Cases/2000_tresult/Return Passed' .
2025-09-24 07:45:14.127 INFO  c.k.katalon.core.main.TestCaseExecutor   - END Test Cases/2000_tresult/Return Passed
2025-09-24 07:45:14.130 INFO  c.k.katalon.core.main.TestCaseExecutor   - --------------------
2025-09-24 07:45:14.130 INFO  c.k.katalon.core.main.TestCaseExecutor   - START Test Cases/2000_tresult/Return Passed
2025-09-24 07:45:14.134 DEBUG testcase.Return Passed                   - 1: markPassed("Passed")
2025-09-24 07:45:14.135 DEBUG com.kms.katalon.core.util.KeywordUtil    - ✓ Passed
2025-09-24 07:45:16.138 INFO  c.k.k.c.c.internal.VideoRecorderService  - Video recording for test case 'Test Cases/2000_tresult/Return Passed' .
2025-09-24 07:45:16.139 INFO  c.k.katalon.core.main.TestCaseExecutor   - END Test Cases/2000_tresult/Return Passed
2025-09-24 07:45:16.141 INFO  c.k.katalon.core.main.TestCaseExecutor   - --------------------
2025-09-24 07:45:16.141 INFO  c.k.katalon.core.main.TestCaseExecutor   - START Test Cases/2000_tresult/Return Passed
2025-09-24 07:45:16.149 DEBUG testcase.Return Passed                   - 1: markPassed("Passed")
2025-09-24 07:45:16.149 DEBUG com.kms.katalon.core.util.KeywordUtil    - ✓ Passed
2025-09-24 07:45:18.152 INFO  c.k.k.c.c.internal.VideoRecorderService  - Video recording for test case 'Test Cases/2000_tresult/Return Passed' .
2025-09-24 07:45:18.153 INFO  c.k.katalon.core.main.TestCaseExecutor   - END Test Cases/2000_tresult/Return Passed
2025-09-24 07:45:18.155 INFO  c.k.katalon.core.main.TestCaseExecutor   - --------------------
2025-09-24 07:45:18.155 INFO  c.k.katalon.core.main.TestCaseExecutor   - START Test Cases/2000_tresult/Return Passed
2025-09-24 07:45:18.159 DEBUG testcase.Return Passed                   - 1: markPassed("Passed")
2025-09-24 07:45:18.159 DEBUG com.kms.katalon.core.util.KeywordUtil    - ✓ Passed
2025-09-24 07:45:20.162 INFO  c.k.k.c.c.internal.VideoRecorderService  - Video recording for test case 'Test Cases/2000_tresult/Return Passed' .
2025-09-24 07:45:20.163 INFO  c.k.katalon.core.main.TestCaseExecutor   - END Test Cases/2000_tresult/Return Passed
2025-09-24 07:45:20.164 INFO  c.k.katalon.core.main.TestCaseExecutor   - --------------------
2025-09-24 07:45:20.165 INFO  c.k.katalon.core.main.TestCaseExecutor   - START Test Cases/2000_tresult/Return Passed
2025-09-24 07:45:20.169 DEBUG testcase.Return Passed                   - 1: markPassed("Passed")
2025-09-24 07:45:20.169 DEBUG com.kms.katalon.core.util.KeywordUtil    - ✓ Passed
2025-09-24 07:45:22.172 INFO  c.k.k.c.c.internal.VideoRecorderService  - Video recording for test case 'Test Cases/2000_tresult/Return Passed' .
2025-09-24 07:45:22.173 INFO  c.k.katalon.core.main.TestCaseExecutor   - END Test Cases/2000_tresult/Return Passed
2025-09-24 07:45:22.174 INFO  c.k.katalon.core.main.TestCaseExecutor   - --------------------
2025-09-24 07:45:22.174 INFO  c.k.katalon.core.main.TestCaseExecutor   - START Test Cases/2000_tresult/Return Passed
2025-09-24 07:45:22.181 DEBUG testcase.Return Passed                   - 1: markPassed("Passed")
2025-09-24 07:45:22.182 DEBUG com.kms.katalon.core.util.KeywordUtil    - ✓ Passed
2025-09-24 07:45:24.185 INFO  c.k.k.c.c.internal.VideoRecorderService  - Video recording for test case 'Test Cases/2000_tresult/Return Passed' .
2025-09-24 07:45:24.186 INFO  c.k.katalon.core.main.TestCaseExecutor   - END Test Cases/2000_tresult/Return Passed
2025-09-24 07:45:24.187 INFO  c.k.katalon.core.main.TestCaseExecutor   - --------------------
2025-09-24 07:45:24.187 INFO  c.k.katalon.core.main.TestCaseExecutor   - START Test Cases/2000_tresult/Return Passed
2025-09-24 07:45:24.195 DEBUG testcase.Return Passed                   - 1: markPassed("Passed")
2025-09-24 07:45:24.195 DEBUG com.kms.katalon.core.util.KeywordUtil    - ✓ Passed
2025-09-24 07:45:26.199 INFO  c.k.k.c.c.internal.VideoRecorderService  - Video recording for test case 'Test Cases/2000_tresult/Return Passed' .
2025-09-24 07:45:26.199 INFO  c.k.katalon.core.main.TestCaseExecutor   - END Test Cases/2000_tresult/Return Passed
2025-09-24 07:45:26.201 INFO  c.k.katalon.core.main.TestCaseExecutor   - --------------------
2025-09-24 07:45:26.201 INFO  c.k.katalon.core.main.TestCaseExecutor   - START Test Cases/2000_tresult/Return Passed
2025-09-24 07:45:26.207 DEBUG testcase.Return Passed                   - 1: markPassed("Passed")
2025-09-24 07:45:26.207 DEBUG com.kms.katalon.core.util.KeywordUtil    - ✓ Passed
2025-09-24 07:45:28.210 INFO  c.k.k.c.c.internal.VideoRecorderService  - Video recording for test case 'Test Cases/2000_tresult/Return Passed' .
2025-09-24 07:45:28.211 INFO  c.k.katalon.core.main.TestCaseExecutor   - END Test Cases/2000_tresult/Return Passed
2025-09-24 07:45:28.213 INFO  c.k.katalon.core.main.TestCaseExecutor   - --------------------
2025-09-24 07:45:28.213 INFO  c.k.katalon.core.main.TestCaseExecutor   - START Test Cases/2000_tresult/Return Passed
2025-09-24 07:45:28.217 DEBUG testcase.Return Passed                   - 1: markPassed("Passed")
2025-09-24 07:45:28.217 DEBUG com.kms.katalon.core.util.KeywordUtil    - ✓ Passed
2025-09-24 07:45:30.222 INFO  c.k.k.c.c.internal.VideoRecorderService  - Video recording for test case 'Test Cases/2000_tresult/Return Passed' .
2025-09-24 07:45:30.222 INFO  c.k.katalon.core.main.TestCaseExecutor   - END Test Cases/2000_tresult/Return Passed
2025-09-24 07:45:30.224 INFO  c.k.katalon.core.main.TestCaseExecutor   - --------------------
2025-09-24 07:45:30.224 INFO  c.k.katalon.core.main.TestCaseExecutor   - START Test Cases/2000_tresult/Return Passed
2025-09-24 07:45:30.229 DEBUG testcase.Return Passed                   - 1: markPassed("Passed")
2025-09-24 07:45:30.229 DEBUG com.kms.katalon.core.util.KeywordUtil    - ✓ Passed
2025-09-24 07:45:32.232 INFO  c.k.k.c.c.internal.VideoRecorderService  - Video recording for test case 'Test Cases/2000_tresult/Return Passed' .
2025-09-24 07:45:32.233 INFO  c.k.katalon.core.main.TestCaseExecutor   - END Test Cases/2000_tresult/Return Passed
2025-09-24 07:45:32.234 INFO  c.k.katalon.core.main.TestCaseExecutor   - --------------------
2025-09-24 07:45:32.234 INFO  c.k.katalon.core.main.TestCaseExecutor   - START Test Cases/2000_tresult/Return Passed
2025-09-24 07:45:32.240 DEBUG testcase.Return Passed                   - 1: markPassed("Passed")
2025-09-24 07:45:32.241 DEBUG com.kms.katalon.core.util.KeywordUtil    - ✓ Passed
2025-09-24 07:45:34.244 INFO  c.k.k.c.c.internal.VideoRecorderService  - Video recording for test case 'Test Cases/2000_tresult/Return Passed' .
2025-09-24 07:45:34.244 INFO  c.k.katalon.core.main.TestCaseExecutor   - END Test Cases/2000_tresult/Return Passed
2025-09-24 07:45:34.247 INFO  c.k.katalon.core.main.TestCaseExecutor   - --------------------
2025-09-24 07:45:34.247 INFO  c.k.katalon.core.main.TestCaseExecutor   - START Test Cases/2000_tresult/Return Passed
2025-09-24 07:45:34.252 DEBUG testcase.Return Passed                   - 1: markPassed("Passed")
2025-09-24 07:45:34.252 DEBUG com.kms.katalon.core.util.KeywordUtil    - ✓ Passed
2025-09-24 07:45:36.256 INFO  c.k.k.c.c.internal.VideoRecorderService  - Video recording for test case 'Test Cases/2000_tresult/Return Passed' .
2025-09-24 07:45:36.256 INFO  c.k.katalon.core.main.TestCaseExecutor   - END Test Cases/2000_tresult/Return Passed
2025-09-24 07:45:36.258 INFO  c.k.katalon.core.main.TestCaseExecutor   - --------------------
2025-09-24 07:45:36.258 INFO  c.k.katalon.core.main.TestCaseExecutor   - START Test Cases/2000_tresult/Return Passed
2025-09-24 07:45:36.268 DEBUG testcase.Return Passed                   - 1: markPassed("Passed")
2025-09-24 07:45:36.269 DEBUG com.kms.katalon.core.util.KeywordUtil    - ✓ Passed
2025-09-24 07:45:38.272 INFO  c.k.k.c.c.internal.VideoRecorderService  - Video recording for test case 'Test Cases/2000_tresult/Return Passed' .
2025-09-24 07:45:38.273 INFO  c.k.katalon.core.main.TestCaseExecutor   - END Test Cases/2000_tresult/Return Passed
2025-09-24 07:45:38.274 INFO  c.k.katalon.core.main.TestCaseExecutor   - --------------------
2025-09-24 07:45:38.274 INFO  c.k.katalon.core.main.TestCaseExecutor   - START Test Cases/2000_tresult/Return Passed
2025-09-24 07:45:38.285 DEBUG testcase.Return Passed                   - 1: markPassed("Passed")
2025-09-24 07:45:38.286 DEBUG com.kms.katalon.core.util.KeywordUtil    - ✓ Passed
2025-09-24 07:45:40.290 INFO  c.k.k.c.c.internal.VideoRecorderService  - Video recording for test case 'Test Cases/2000_tresult/Return Passed' .
2025-09-24 07:45:40.290 INFO  c.k.katalon.core.main.TestCaseExecutor   - END Test Cases/2000_tresult/Return Passed
2025-09-24 07:45:40.292 INFO  c.k.katalon.core.main.TestCaseExecutor   - --------------------
2025-09-24 07:45:40.292 INFO  c.k.katalon.core.main.TestCaseExecutor   - START Test Cases/2000_tresult/Return Passed
2025-09-24 07:45:40.297 DEBUG testcase.Return Passed                   - 1: markPassed("Passed")
2025-09-24 07:45:40.298 DEBUG com.kms.katalon.core.util.KeywordUtil    - ✓ Passed
2025-09-24 07:45:42.301 INFO  c.k.k.c.c.internal.VideoRecorderService  - Video recording for test case 'Test Cases/2000_tresult/Return Passed' .
2025-09-24 07:45:42.301 INFO  c.k.katalon.core.main.TestCaseExecutor   - END Test Cases/2000_tresult/Return Passed
2025-09-24 07:45:42.303 INFO  c.k.katalon.core.main.TestCaseExecutor   - --------------------
2025-09-24 07:45:42.304 INFO  c.k.katalon.core.main.TestCaseExecutor   - START Test Cases/2000_tresult/Return Passed
2025-09-24 07:45:42.309 DEBUG testcase.Return Passed                   - 1: markPassed("Passed")
2025-09-24 07:45:42.309 DEBUG com.kms.katalon.core.util.KeywordUtil    - ✓ Passed
2025-09-24 07:45:44.312 INFO  c.k.k.c.c.internal.VideoRecorderService  - Video recording for test case 'Test Cases/2000_tresult/Return Passed' .
2025-09-24 07:45:44.313 INFO  c.k.katalon.core.main.TestCaseExecutor   - END Test Cases/2000_tresult/Return Passed
2025-09-24 07:45:44.314 INFO  c.k.katalon.core.main.TestCaseExecutor   - --------------------
2025-09-24 07:45:44.314 INFO  c.k.katalon.core.main.TestCaseExecutor   - START Test Cases/2000_tresult/Return Passed
2025-09-24 07:45:44.326 DEBUG testcase.Return Passed                   - 1: markPassed("Passed")
2025-09-24 07:45:44.326 DEBUG com.kms.katalon.core.util.KeywordUtil    - ✓ Passed
2025-09-24 07:45:46.330 INFO  c.k.k.c.c.internal.VideoRecorderService  - Video recording for test case 'Test Cases/2000_tresult/Return Passed' .
2025-09-24 07:45:46.330 INFO  c.k.katalon.core.main.TestCaseExecutor   - END Test Cases/2000_tresult/Return Passed
2025-09-24 07:45:46.332 INFO  c.k.katalon.core.main.TestCaseExecutor   - --------------------
2025-09-24 07:45:46.332 INFO  c.k.katalon.core.main.TestCaseExecutor   - START Test Cases/2000_tresult/Return Passed
2025-09-24 07:45:46.338 DEBUG testcase.Return Passed                   - 1: markPassed("Passed")
2025-09-24 07:45:46.339 DEBUG com.kms.katalon.core.util.KeywordUtil    - ✓ Passed
2025-09-24 07:45:48.342 INFO  c.k.k.c.c.internal.VideoRecorderService  - Video recording for test case 'Test Cases/2000_tresult/Return Passed' .
2025-09-24 07:45:48.343 INFO  c.k.katalon.core.main.TestCaseExecutor   - END Test Cases/2000_tresult/Return Passed
2025-09-24 07:45:48.344 INFO  c.k.katalon.core.main.TestCaseExecutor   - --------------------
2025-09-24 07:45:48.345 INFO  c.k.katalon.core.main.TestCaseExecutor   - START Test Cases/2000_tresult/Return Passed
2025-09-24 07:45:48.348 DEBUG testcase.Return Passed                   - 1: markPassed("Passed")
2025-09-24 07:45:48.349 DEBUG com.kms.katalon.core.util.KeywordUtil    - ✓ Passed
2025-09-24 07:45:50.352 INFO  c.k.k.c.c.internal.VideoRecorderService  - Video recording for test case 'Test Cases/2000_tresult/Return Passed' .
2025-09-24 07:45:50.352 INFO  c.k.katalon.core.main.TestCaseExecutor   - END Test Cases/2000_tresult/Return Passed
2025-09-24 07:45:50.354 INFO  c.k.katalon.core.main.TestCaseExecutor   - --------------------
2025-09-24 07:45:50.354 INFO  c.k.katalon.core.main.TestCaseExecutor   - START Test Cases/2000_tresult/Return Passed
2025-09-24 07:45:50.358 DEBUG testcase.Return Passed                   - 1: markPassed("Passed")
2025-09-24 07:45:50.358 DEBUG com.kms.katalon.core.util.KeywordUtil    - ✓ Passed
2025-09-24 07:45:52.361 INFO  c.k.k.c.c.internal.VideoRecorderService  - Video recording for test case 'Test Cases/2000_tresult/Return Passed' .
2025-09-24 07:45:52.362 INFO  c.k.katalon.core.main.TestCaseExecutor   - END Test Cases/2000_tresult/Return Passed
2025-09-24 07:45:52.365 INFO  c.k.katalon.core.main.TestCaseExecutor   - --------------------
2025-09-24 07:45:52.366 INFO  c.k.katalon.core.main.TestCaseExecutor   - START Test Cases/2000_tresult/Return Passed
2025-09-24 07:45:52.371 DEBUG testcase.Return Passed                   - 1: markPassed("Passed")
2025-09-24 07:45:52.371 DEBUG com.kms.katalon.core.util.KeywordUtil    - ✓ Passed
2025-09-24 07:45:54.374 INFO  c.k.k.c.c.internal.VideoRecorderService  - Video recording for test case 'Test Cases/2000_tresult/Return Passed' .
2025-09-24 07:45:54.375 INFO  c.k.katalon.core.main.TestCaseExecutor   - END Test Cases/2000_tresult/Return Passed
2025-09-24 07:45:54.377 INFO  c.k.katalon.core.main.TestCaseExecutor   - --------------------
2025-09-24 07:45:54.377 INFO  c.k.katalon.core.main.TestCaseExecutor   - START Test Cases/2000_tresult/Return Passed
2025-09-24 07:45:54.380 DEBUG testcase.Return Passed                   - 1: markPassed("Passed")
2025-09-24 07:45:54.380 DEBUG com.kms.katalon.core.util.KeywordUtil    - ✓ Passed
2025-09-24 07:45:56.384 INFO  c.k.k.c.c.internal.VideoRecorderService  - Video recording for test case 'Test Cases/2000_tresult/Return Passed' .
2025-09-24 07:45:56.384 INFO  c.k.katalon.core.main.TestCaseExecutor   - END Test Cases/2000_tresult/Return Passed
2025-09-24 07:45:56.386 INFO  c.k.katalon.core.main.TestCaseExecutor   - --------------------
2025-09-24 07:45:56.386 INFO  c.k.katalon.core.main.TestCaseExecutor   - START Test Cases/2000_tresult/Return Passed
2025-09-24 07:45:56.391 DEBUG testcase.Return Passed                   - 1: markPassed("Passed")
2025-09-24 07:45:56.391 DEBUG com.kms.katalon.core.util.KeywordUtil    - ✓ Passed
2025-09-24 07:45:58.394 INFO  c.k.k.c.c.internal.VideoRecorderService  - Video recording for test case 'Test Cases/2000_tresult/Return Passed' .
2025-09-24 07:45:58.395 INFO  c.k.katalon.core.main.TestCaseExecutor   - END Test Cases/2000_tresult/Return Passed
2025-09-24 07:45:58.397 INFO  c.k.katalon.core.main.TestCaseExecutor   - --------------------
2025-09-24 07:45:58.397 INFO  c.k.katalon.core.main.TestCaseExecutor   - START Test Cases/2000_tresult/Return Passed
2025-09-24 07:45:58.400 DEBUG testcase.Return Passed                   - 1: markPassed("Passed")
2025-09-24 07:45:58.400 DEBUG com.kms.katalon.core.util.KeywordUtil    - ✓ Passed
2025-09-24 07:46:00.404 INFO  c.k.k.c.c.internal.VideoRecorderService  - Video recording for test case 'Test Cases/2000_tresult/Return Passed' .
2025-09-24 07:46:00.404 INFO  c.k.katalon.core.main.TestCaseExecutor   - END Test Cases/2000_tresult/Return Passed
2025-09-24 07:46:00.406 INFO  c.k.katalon.core.main.TestCaseExecutor   - --------------------
2025-09-24 07:46:00.406 INFO  c.k.katalon.core.main.TestCaseExecutor   - START Test Cases/2000_tresult/Return Passed
2025-09-24 07:46:00.411 DEBUG testcase.Return Passed                   - 1: markPassed("Passed")
2025-09-24 07:46:00.412 DEBUG com.kms.katalon.core.util.KeywordUtil    - ✓ Passed
2025-09-24 07:46:02.415 INFO  c.k.k.c.c.internal.VideoRecorderService  - Video recording for test case 'Test Cases/2000_tresult/Return Passed' .
2025-09-24 07:46:02.415 INFO  c.k.katalon.core.main.TestCaseExecutor   - END Test Cases/2000_tresult/Return Passed
2025-09-24 07:46:02.417 INFO  c.k.katalon.core.main.TestCaseExecutor   - --------------------
2025-09-24 07:46:02.417 INFO  c.k.katalon.core.main.TestCaseExecutor   - START Test Cases/2000_tresult/Return Passed
2025-09-24 07:46:02.422 DEBUG testcase.Return Passed                   - 1: markPassed("Passed")
2025-09-24 07:46:02.423 DEBUG com.kms.katalon.core.util.KeywordUtil    - ✓ Passed
2025-09-24 07:46:04.426 INFO  c.k.k.c.c.internal.VideoRecorderService  - Video recording for test case 'Test Cases/2000_tresult/Return Passed' .
2025-09-24 07:46:04.426 INFO  c.k.katalon.core.main.TestCaseExecutor   - END Test Cases/2000_tresult/Return Passed
2025-09-24 07:46:04.428 INFO  c.k.katalon.core.main.TestCaseExecutor   - --------------------
2025-09-24 07:46:04.428 INFO  c.k.katalon.core.main.TestCaseExecutor   - START Test Cases/2000_tresult/Return Passed
2025-09-24 07:46:04.432 DEBUG testcase.Return Passed                   - 1: markPassed("Passed")
2025-09-24 07:46:04.432 DEBUG com.kms.katalon.core.util.KeywordUtil    - ✓ Passed
2025-09-24 07:46:06.436 INFO  c.k.k.c.c.internal.VideoRecorderService  - Video recording for test case 'Test Cases/2000_tresult/Return Passed' .
2025-09-24 07:46:06.436 INFO  c.k.katalon.core.main.TestCaseExecutor   - END Test Cases/2000_tresult/Return Passed
2025-09-24 07:46:06.438 INFO  c.k.katalon.core.main.TestCaseExecutor   - --------------------
2025-09-24 07:46:06.438 INFO  c.k.katalon.core.main.TestCaseExecutor   - START Test Cases/2000_tresult/Return Passed
2025-09-24 07:46:06.443 DEBUG testcase.Return Passed                   - 1: markPassed("Passed")
2025-09-24 07:46:06.444 DEBUG com.kms.katalon.core.util.KeywordUtil    - ✓ Passed
2025-09-24 07:46:08.447 INFO  c.k.k.c.c.internal.VideoRecorderService  - Video recording for test case 'Test Cases/2000_tresult/Return Passed' .
2025-09-24 07:46:08.447 INFO  c.k.katalon.core.main.TestCaseExecutor   - END Test Cases/2000_tresult/Return Passed
2025-09-24 07:46:08.449 INFO  c.k.katalon.core.main.TestCaseExecutor   - --------------------
2025-09-24 07:46:08.449 INFO  c.k.katalon.core.main.TestCaseExecutor   - START Test Cases/2000_tresult/Return Passed
2025-09-24 07:46:08.455 DEBUG testcase.Return Passed                   - 1: markPassed("Passed")
2025-09-24 07:46:08.456 DEBUG com.kms.katalon.core.util.KeywordUtil    - ✓ Passed
2025-09-24 07:46:10.459 INFO  c.k.k.c.c.internal.VideoRecorderService  - Video recording for test case 'Test Cases/2000_tresult/Return Passed' .
2025-09-24 07:46:10.459 INFO  c.k.katalon.core.main.TestCaseExecutor   - END Test Cases/2000_tresult/Return Passed
2025-09-24 07:46:10.461 INFO  c.k.katalon.core.main.TestCaseExecutor   - --------------------
2025-09-24 07:46:10.461 INFO  c.k.katalon.core.main.TestCaseExecutor   - START Test Cases/2000_tresult/Return Passed
2025-09-24 07:46:10.466 DEBUG testcase.Return Passed                   - 1: markPassed("Passed")
2025-09-24 07:46:10.466 DEBUG com.kms.katalon.core.util.KeywordUtil    - ✓ Passed
2025-09-24 07:46:12.469 INFO  c.k.k.c.c.internal.VideoRecorderService  - Video recording for test case 'Test Cases/2000_tresult/Return Passed' .
2025-09-24 07:46:12.469 INFO  c.k.katalon.core.main.TestCaseExecutor   - END Test Cases/2000_tresult/Return Passed
2025-09-24 07:46:12.471 INFO  c.k.katalon.core.main.TestCaseExecutor   - --------------------
2025-09-24 07:46:12.471 INFO  c.k.katalon.core.main.TestCaseExecutor   - START Test Cases/2000_tresult/Return Passed
2025-09-24 07:46:12.476 DEBUG testcase.Return Passed                   - 1: markPassed("Passed")
2025-09-24 07:46:12.476 DEBUG com.kms.katalon.core.util.KeywordUtil    - ✓ Passed
2025-09-24 07:46:14.480 INFO  c.k.k.c.c.internal.VideoRecorderService  - Video recording for test case 'Test Cases/2000_tresult/Return Passed' .
2025-09-24 07:46:14.480 INFO  c.k.katalon.core.main.TestCaseExecutor   - END Test Cases/2000_tresult/Return Passed
2025-09-24 07:46:14.482 INFO  c.k.katalon.core.main.TestCaseExecutor   - --------------------
2025-09-24 07:46:14.482 INFO  c.k.katalon.core.main.TestCaseExecutor   - START Test Cases/2000_tresult/Return Passed
2025-09-24 07:46:14.486 DEBUG testcase.Return Passed                   - 1: markPassed("Passed")
2025-09-24 07:46:14.486 DEBUG com.kms.katalon.core.util.KeywordUtil    - ✓ Passed
2025-09-24 07:46:16.490 INFO  c.k.k.c.c.internal.VideoRecorderService  - Video recording for test case 'Test Cases/2000_tresult/Return Passed' .
2025-09-24 07:46:16.490 INFO  c.k.katalon.core.main.TestCaseExecutor   - END Test Cases/2000_tresult/Return Passed
2025-09-24 07:46:16.492 INFO  c.k.katalon.core.main.TestCaseExecutor   - --------------------
2025-09-24 07:46:16.492 INFO  c.k.katalon.core.main.TestCaseExecutor   - START Test Cases/2000_tresult/Return Passed
2025-09-24 07:46:16.497 DEBUG testcase.Return Passed                   - 1: markPassed("Passed")
2025-09-24 07:46:16.497 DEBUG com.kms.katalon.core.util.KeywordUtil    - ✓ Passed
2025-09-24 07:46:18.500 INFO  c.k.k.c.c.internal.VideoRecorderService  - Video recording for test case 'Test Cases/2000_tresult/Return Passed' .
2025-09-24 07:46:18.501 INFO  c.k.katalon.core.main.TestCaseExecutor   - END Test Cases/2000_tresult/Return Passed
2025-09-24 07:46:18.503 INFO  c.k.katalon.core.main.TestCaseExecutor   - --------------------
2025-09-24 07:46:18.503 INFO  c.k.katalon.core.main.TestCaseExecutor   - START Test Cases/2000_tresult/Return Passed
2025-09-24 07:46:18.513 DEBUG testcase.Return Passed                   - 1: markPassed("Passed")
2025-09-24 07:46:18.513 DEBUG com.kms.katalon.core.util.KeywordUtil    - ✓ Passed
2025-09-24 07:46:20.517 INFO  c.k.k.c.c.internal.VideoRecorderService  - Video recording for test case 'Test Cases/2000_tresult/Return Passed' .
2025-09-24 07:46:20.517 INFO  c.k.katalon.core.main.TestCaseExecutor   - END Test Cases/2000_tresult/Return Passed
2025-09-24 07:46:20.519 INFO  c.k.katalon.core.main.TestCaseExecutor   - --------------------
2025-09-24 07:46:20.520 INFO  c.k.katalon.core.main.TestCaseExecutor   - START Test Cases/2000_tresult/Return Passed
2025-09-24 07:46:20.527 DEBUG testcase.Return Passed                   - 1: markPassed("Passed")
2025-09-24 07:46:20.527 DEBUG com.kms.katalon.core.util.KeywordUtil    - ✓ Passed
2025-09-24 07:46:22.532 INFO  c.k.k.c.c.internal.VideoRecorderService  - Video recording for test case 'Test Cases/2000_tresult/Return Passed' .
2025-09-24 07:46:22.532 INFO  c.k.katalon.core.main.TestCaseExecutor   - END Test Cases/2000_tresult/Return Passed
2025-09-24 07:46:22.534 INFO  c.k.katalon.core.main.TestCaseExecutor   - --------------------
2025-09-24 07:46:22.534 INFO  c.k.katalon.core.main.TestCaseExecutor   - START Test Cases/2000_tresult/Return Passed
2025-09-24 07:46:22.539 DEBUG testcase.Return Passed                   - 1: markPassed("Passed")
2025-09-24 07:46:22.539 DEBUG com.kms.katalon.core.util.KeywordUtil    - ✓ Passed
2025-09-24 07:46:24.543 INFO  c.k.k.c.c.internal.VideoRecorderService  - Video recording for test case 'Test Cases/2000_tresult/Return Passed' .
2025-09-24 07:46:24.543 INFO  c.k.katalon.core.main.TestCaseExecutor   - END Test Cases/2000_tresult/Return Passed
2025-09-24 07:46:24.545 INFO  c.k.katalon.core.main.TestCaseExecutor   - --------------------
2025-09-24 07:46:24.545 INFO  c.k.katalon.core.main.TestCaseExecutor   - START Test Cases/2000_tresult/Return Passed
2025-09-24 07:46:24.550 DEBUG testcase.Return Passed                   - 1: markPassed("Passed")
2025-09-24 07:46:24.550 DEBUG com.kms.katalon.core.util.KeywordUtil    - ✓ Passed
2025-09-24 07:46:26.553 INFO  c.k.k.c.c.internal.VideoRecorderService  - Video recording for test case 'Test Cases/2000_tresult/Return Passed' .
2025-09-24 07:46:26.554 INFO  c.k.katalon.core.main.TestCaseExecutor   - END Test Cases/2000_tresult/Return Passed
2025-09-24 07:46:26.555 INFO  c.k.katalon.core.main.TestCaseExecutor   - --------------------
2025-09-24 07:46:26.555 INFO  c.k.katalon.core.main.TestCaseExecutor   - START Test Cases/2000_tresult/Return Passed
2025-09-24 07:46:26.561 DEBUG testcase.Return Passed                   - 1: markPassed("Passed")
2025-09-24 07:46:26.561 DEBUG com.kms.katalon.core.util.KeywordUtil    - ✓ Passed
2025-09-24 07:46:28.564 INFO  c.k.k.c.c.internal.VideoRecorderService  - Video recording for test case 'Test Cases/2000_tresult/Return Passed' .
2025-09-24 07:46:28.565 INFO  c.k.katalon.core.main.TestCaseExecutor   - END Test Cases/2000_tresult/Return Passed
2025-09-24 07:46:28.566 INFO  c.k.katalon.core.main.TestCaseExecutor   - --------------------
2025-09-24 07:46:28.567 INFO  c.k.katalon.core.main.TestCaseExecutor   - START Test Cases/2000_tresult/Return Passed
2025-09-24 07:46:28.570 DEBUG testcase.Return Passed                   - 1: markPassed("Passed")
2025-09-24 07:46:28.571 DEBUG com.kms.katalon.core.util.KeywordUtil    - ✓ Passed
2025-09-24 07:46:30.574 INFO  c.k.k.c.c.internal.VideoRecorderService  - Video recording for test case 'Test Cases/2000_tresult/Return Passed' .
2025-09-24 07:46:30.574 INFO  c.k.katalon.core.main.TestCaseExecutor   - END Test Cases/2000_tresult/Return Passed
2025-09-24 07:46:30.576 INFO  c.k.katalon.core.main.TestCaseExecutor   - --------------------
2025-09-24 07:46:30.576 INFO  c.k.katalon.core.main.TestCaseExecutor   - START Test Cases/2000_tresult/Return Passed
2025-09-24 07:46:30.580 DEBUG testcase.Return Passed                   - 1: markPassed("Passed")
2025-09-24 07:46:30.580 DEBUG com.kms.katalon.core.util.KeywordUtil    - ✓ Passed
2025-09-24 07:46:32.583 INFO  c.k.k.c.c.internal.VideoRecorderService  - Video recording for test case 'Test Cases/2000_tresult/Return Passed' .
2025-09-24 07:46:32.584 INFO  c.k.katalon.core.main.TestCaseExecutor   - END Test Cases/2000_tresult/Return Passed
2025-09-24 07:46:32.585 INFO  c.k.katalon.core.main.TestCaseExecutor   - --------------------
2025-09-24 07:46:32.586 INFO  c.k.katalon.core.main.TestCaseExecutor   - START Test Cases/2000_tresult/Return Passed
2025-09-24 07:46:32.591 DEBUG testcase.Return Passed                   - 1: markPassed("Passed")
2025-09-24 07:46:32.591 DEBUG com.kms.katalon.core.util.KeywordUtil    - ✓ Passed
2025-09-24 07:46:34.594 INFO  c.k.k.c.c.internal.VideoRecorderService  - Video recording for test case 'Test Cases/2000_tresult/Return Passed' .
2025-09-24 07:46:34.594 INFO  c.k.katalon.core.main.TestCaseExecutor   - END Test Cases/2000_tresult/Return Passed
2025-09-24 07:46:34.596 INFO  c.k.katalon.core.main.TestCaseExecutor   - --------------------
2025-09-24 07:46:34.596 INFO  c.k.katalon.core.main.TestCaseExecutor   - START Test Cases/2000_tresult/Return Passed
2025-09-24 07:46:34.601 DEBUG testcase.Return Passed                   - 1: markPassed("Passed")
2025-09-24 07:46:34.601 DEBUG com.kms.katalon.core.util.KeywordUtil    - ✓ Passed
2025-09-24 07:46:36.605 INFO  c.k.k.c.c.internal.VideoRecorderService  - Video recording for test case 'Test Cases/2000_tresult/Return Passed' .
2025-09-24 07:46:36.605 INFO  c.k.katalon.core.main.TestCaseExecutor   - END Test Cases/2000_tresult/Return Passed
2025-09-24 07:46:36.607 INFO  c.k.katalon.core.main.TestCaseExecutor   - --------------------
2025-09-24 07:46:36.607 INFO  c.k.katalon.core.main.TestCaseExecutor   - START Test Cases/2000_tresult/Return Passed
2025-09-24 07:46:36.622 DEBUG testcase.Return Passed                   - 1: markPassed("Passed")
2025-09-24 07:46:36.623 DEBUG com.kms.katalon.core.util.KeywordUtil    - ✓ Passed
2025-09-24 07:46:38.626 INFO  c.k.k.c.c.internal.VideoRecorderService  - Video recording for test case 'Test Cases/2000_tresult/Return Passed' .
2025-09-24 07:46:38.626 INFO  c.k.katalon.core.main.TestCaseExecutor   - END Test Cases/2000_tresult/Return Passed
2025-09-24 07:46:38.628 INFO  c.k.katalon.core.main.TestCaseExecutor   - --------------------
2025-09-24 07:46:38.628 INFO  c.k.katalon.core.main.TestCaseExecutor   - START Test Cases/2000_tresult/Return Passed
2025-09-24 07:46:38.632 DEBUG testcase.Return Passed                   - 1: markPassed("Passed")
2025-09-24 07:46:38.632 DEBUG com.kms.katalon.core.util.KeywordUtil    - ✓ Passed
2025-09-24 07:46:40.635 INFO  c.k.k.c.c.internal.VideoRecorderService  - Video recording for test case 'Test Cases/2000_tresult/Return Passed' .
2025-09-24 07:46:40.635 INFO  c.k.katalon.core.main.TestCaseExecutor   - END Test Cases/2000_tresult/Return Passed
2025-09-24 07:46:40.637 INFO  c.k.katalon.core.main.TestCaseExecutor   - --------------------
2025-09-24 07:46:40.637 INFO  c.k.katalon.core.main.TestCaseExecutor   - START Test Cases/2000_tresult/Return Passed
2025-09-24 07:46:40.642 DEBUG testcase.Return Passed                   - 1: markPassed("Passed")
2025-09-24 07:46:40.642 DEBUG com.kms.katalon.core.util.KeywordUtil    - ✓ Passed
2025-09-24 07:46:42.645 INFO  c.k.k.c.c.internal.VideoRecorderService  - Video recording for test case 'Test Cases/2000_tresult/Return Passed' .
2025-09-24 07:46:42.646 INFO  c.k.katalon.core.main.TestCaseExecutor   - END Test Cases/2000_tresult/Return Passed
2025-09-24 07:46:42.647 INFO  c.k.katalon.core.main.TestCaseExecutor   - --------------------
2025-09-24 07:46:42.647 INFO  c.k.katalon.core.main.TestCaseExecutor   - START Test Cases/2000_tresult/Return Passed
2025-09-24 07:46:42.652 DEBUG testcase.Return Passed                   - 1: markPassed("Passed")
2025-09-24 07:46:42.653 DEBUG com.kms.katalon.core.util.KeywordUtil    - ✓ Passed
2025-09-24 07:46:44.656 INFO  c.k.k.c.c.internal.VideoRecorderService  - Video recording for test case 'Test Cases/2000_tresult/Return Passed' .
2025-09-24 07:46:44.656 INFO  c.k.katalon.core.main.TestCaseExecutor   - END Test Cases/2000_tresult/Return Passed
2025-09-24 07:46:44.658 INFO  c.k.katalon.core.main.TestCaseExecutor   - --------------------
2025-09-24 07:46:44.658 INFO  c.k.katalon.core.main.TestCaseExecutor   - START Test Cases/2000_tresult/Return Passed
2025-09-24 07:46:44.661 DEBUG testcase.Return Passed                   - 1: markPassed("Passed")
2025-09-24 07:46:44.661 DEBUG com.kms.katalon.core.util.KeywordUtil    - ✓ Passed
2025-09-24 07:46:46.664 INFO  c.k.k.c.c.internal.VideoRecorderService  - Video recording for test case 'Test Cases/2000_tresult/Return Passed' .
2025-09-24 07:46:46.665 INFO  c.k.katalon.core.main.TestCaseExecutor   - END Test Cases/2000_tresult/Return Passed
2025-09-24 07:46:46.667 INFO  c.k.katalon.core.main.TestCaseExecutor   - --------------------
2025-09-24 07:46:46.668 INFO  c.k.katalon.core.main.TestCaseExecutor   - START Test Cases/2000_tresult/Return Passed
2025-09-24 07:46:46.673 DEBUG testcase.Return Passed                   - 1: markPassed("Passed")
2025-09-24 07:46:46.673 DEBUG com.kms.katalon.core.util.KeywordUtil    - ✓ Passed
2025-09-24 07:46:48.676 INFO  c.k.k.c.c.internal.VideoRecorderService  - Video recording for test case 'Test Cases/2000_tresult/Return Passed' .
2025-09-24 07:46:48.676 INFO  c.k.katalon.core.main.TestCaseExecutor   - END Test Cases/2000_tresult/Return Passed
2025-09-24 07:46:48.678 INFO  c.k.katalon.core.main.TestCaseExecutor   - --------------------
2025-09-24 07:46:48.678 INFO  c.k.katalon.core.main.TestCaseExecutor   - START Test Cases/2000_tresult/Return Passed
2025-09-24 07:46:48.681 DEBUG testcase.Return Passed                   - 1: markPassed("Passed")
2025-09-24 07:46:48.681 DEBUG com.kms.katalon.core.util.KeywordUtil    - ✓ Passed
2025-09-24 07:46:50.685 INFO  c.k.k.c.c.internal.VideoRecorderService  - Video recording for test case 'Test Cases/2000_tresult/Return Passed' .
2025-09-24 07:46:50.685 INFO  c.k.katalon.core.main.TestCaseExecutor   - END Test Cases/2000_tresult/Return Passed
2025-09-24 07:46:50.687 INFO  c.k.katalon.core.main.TestCaseExecutor   - --------------------
2025-09-24 07:46:50.687 INFO  c.k.katalon.core.main.TestCaseExecutor   - START Test Cases/2000_tresult/Return Passed
2025-09-24 07:46:50.691 DEBUG testcase.Return Passed                   - 1: markPassed("Passed")
2025-09-24 07:46:50.691 DEBUG com.kms.katalon.core.util.KeywordUtil    - ✓ Passed
2025-09-24 07:46:52.694 INFO  c.k.k.c.c.internal.VideoRecorderService  - Video recording for test case 'Test Cases/2000_tresult/Return Passed' .
2025-09-24 07:46:52.694 INFO  c.k.katalon.core.main.TestCaseExecutor   - END Test Cases/2000_tresult/Return Passed
2025-09-24 07:46:52.696 INFO  c.k.katalon.core.main.TestCaseExecutor   - --------------------
2025-09-24 07:46:52.696 INFO  c.k.katalon.core.main.TestCaseExecutor   - START Test Cases/2000_tresult/Return Passed
2025-09-24 07:46:52.700 DEBUG testcase.Return Passed                   - 1: markPassed("Passed")
2025-09-24 07:46:52.701 DEBUG com.kms.katalon.core.util.KeywordUtil    - ✓ Passed
2025-09-24 07:46:54.704 INFO  c.k.k.c.c.internal.VideoRecorderService  - Video recording for test case 'Test Cases/2000_tresult/Return Passed' .
2025-09-24 07:46:54.704 INFO  c.k.katalon.core.main.TestCaseExecutor   - END Test Cases/2000_tresult/Return Passed
2025-09-24 07:46:54.706 INFO  c.k.katalon.core.main.TestCaseExecutor   - --------------------
2025-09-24 07:46:54.706 INFO  c.k.katalon.core.main.TestCaseExecutor   - START Test Cases/2000_tresult/Return Passed
2025-09-24 07:46:54.711 DEBUG testcase.Return Passed                   - 1: markPassed("Passed")
2025-09-24 07:46:54.711 DEBUG com.kms.katalon.core.util.KeywordUtil    - ✓ Passed
2025-09-24 07:46:56.714 INFO  c.k.k.c.c.internal.VideoRecorderService  - Video recording for test case 'Test Cases/2000_tresult/Return Passed' .
2025-09-24 07:46:56.715 INFO  c.k.katalon.core.main.TestCaseExecutor   - END Test Cases/2000_tresult/Return Passed
2025-09-24 07:46:56.716 INFO  c.k.katalon.core.main.TestCaseExecutor   - --------------------
2025-09-24 07:46:56.716 INFO  c.k.katalon.core.main.TestCaseExecutor   - START Test Cases/2000_tresult/Return Passed
2025-09-24 07:46:56.722 DEBUG testcase.Return Passed                   - 1: markPassed("Passed")
2025-09-24 07:46:56.722 DEBUG com.kms.katalon.core.util.KeywordUtil    - ✓ Passed
2025-09-24 07:46:58.725 INFO  c.k.k.c.c.internal.VideoRecorderService  - Video recording for test case 'Test Cases/2000_tresult/Return Passed' .
2025-09-24 07:46:58.726 INFO  c.k.katalon.core.main.TestCaseExecutor   - END Test Cases/2000_tresult/Return Passed
2025-09-24 07:46:58.728 INFO  c.k.katalon.core.main.TestCaseExecutor   - --------------------
2025-09-24 07:46:58.728 INFO  c.k.katalon.core.main.TestCaseExecutor   - START Test Cases/2000_tresult/Return Passed
2025-09-24 07:46:58.731 DEBUG testcase.Return Passed                   - 1: markPassed("Passed")
2025-09-24 07:46:58.732 DEBUG com.kms.katalon.core.util.KeywordUtil    - ✓ Passed
2025-09-24 07:47:00.735 INFO  c.k.k.c.c.internal.VideoRecorderService  - Video recording for test case 'Test Cases/2000_tresult/Return Passed' .
2025-09-24 07:47:00.735 INFO  c.k.katalon.core.main.TestCaseExecutor   - END Test Cases/2000_tresult/Return Passed
2025-09-24 07:47:00.737 INFO  c.k.katalon.core.main.TestCaseExecutor   - --------------------
2025-09-24 07:47:00.737 INFO  c.k.katalon.core.main.TestCaseExecutor   - START Test Cases/2000_tresult/Return Passed
2025-09-24 07:47:00.740 DEBUG testcase.Return Passed                   - 1: markPassed("Passed")
2025-09-24 07:47:00.741 DEBUG com.kms.katalon.core.util.KeywordUtil    - ✓ Passed
2025-09-24 07:47:02.744 INFO  c.k.k.c.c.internal.VideoRecorderService  - Video recording for test case 'Test Cases/2000_tresult/Return Passed' .
2025-09-24 07:47:02.744 INFO  c.k.katalon.core.main.TestCaseExecutor   - END Test Cases/2000_tresult/Return Passed
2025-09-24 07:47:02.747 INFO  c.k.katalon.core.main.TestCaseExecutor   - --------------------
2025-09-24 07:47:02.747 INFO  c.k.katalon.core.main.TestCaseExecutor   - START Test Cases/2000_tresult/Return Passed
2025-09-24 07:47:02.753 DEBUG testcase.Return Passed                   - 1: markPassed("Passed")
2025-09-24 07:47:02.754 DEBUG com.kms.katalon.core.util.KeywordUtil    - ✓ Passed
2025-09-24 07:47:04.757 INFO  c.k.k.c.c.internal.VideoRecorderService  - Video recording for test case 'Test Cases/2000_tresult/Return Passed' .
2025-09-24 07:47:04.758 INFO  c.k.katalon.core.main.TestCaseExecutor   - END Test Cases/2000_tresult/Return Passed
2025-09-24 07:47:04.759 INFO  c.k.katalon.core.main.TestCaseExecutor   - --------------------
2025-09-24 07:47:04.759 INFO  c.k.katalon.core.main.TestCaseExecutor   - START Test Cases/2000_tresult/Return Passed
2025-09-24 07:47:04.763 DEBUG testcase.Return Passed                   - 1: markPassed("Passed")
2025-09-24 07:47:04.763 DEBUG com.kms.katalon.core.util.KeywordUtil    - ✓ Passed
2025-09-24 07:47:06.766 INFO  c.k.k.c.c.internal.VideoRecorderService  - Video recording for test case 'Test Cases/2000_tresult/Return Passed' .
2025-09-24 07:47:06.766 INFO  c.k.katalon.core.main.TestCaseExecutor   - END Test Cases/2000_tresult/Return Passed
2025-09-24 07:47:06.768 INFO  c.k.katalon.core.main.TestCaseExecutor   - --------------------
2025-09-24 07:47:06.768 INFO  c.k.katalon.core.main.TestCaseExecutor   - START Test Cases/2000_tresult/Return Passed
2025-09-24 07:47:06.772 DEBUG testcase.Return Passed                   - 1: markPassed("Passed")
2025-09-24 07:47:06.773 DEBUG com.kms.katalon.core.util.KeywordUtil    - ✓ Passed
2025-09-24 07:47:08.777 INFO  c.k.k.c.c.internal.VideoRecorderService  - Video recording for test case 'Test Cases/2000_tresult/Return Passed' .
2025-09-24 07:47:08.777 INFO  c.k.katalon.core.main.TestCaseExecutor   - END Test Cases/2000_tresult/Return Passed
2025-09-24 07:47:08.795 INFO  c.k.katalon.core.main.TestSuiteExecutor  - --------------------
2025-09-24 07:47:08.795 INFO  c.k.katalon.core.main.TestSuiteExecutor  - END Test Suites/100_tc
2025-09-24 07:47:08.795 INFO  c.k.katalon.core.main.TestSuiteExecutor  - ====================
