2025-09-24 07:43:45.511 INFO  c.k.katalon.core.main.TestSuiteExecutor  - START Test Suites/100_tc
2025-09-24 07:43:45.588 INFO  c.k.katalon.core.main.TestSuiteExecutor  - userFullName = Man Hua
2025-09-24 07:43:45.588 INFO  c.k.katalon.core.main.TestSuiteExecutor  - projectName = Demo-Bulk-Operation
2025-09-24 07:43:45.589 INFO  c.k.katalon.core.main.TestSuiteExecutor  - hostName = agent - 14475linalllatest-778643-katalon-agent-f252m
2025-09-24 07:43:45.606 INFO  c.k.katalon.core.main.TestSuiteExecutor  - os = Linux 64bit
2025-09-24 07:43:45.606 INFO  c.k.katalon.core.main.TestSuiteExecutor  - hostAddress = 10.10.10.151
2025-09-24 07:43:45.607 INFO  c.k.katalon.core.main.TestSuiteExecutor  - katalonVersion = 10.3.1.0
2025-09-24 07:43:46.016 INFO  c.k.katalon.core.main.TestCaseExecutor   - --------------------
2025-09-24 07:43:46.016 INFO  c.k.katalon.core.main.TestCaseExecutor   - START Test Cases/2000_tresult/Return Passed
2025-09-24 07:43:46.110 DEBUG testcase.Return Passed                   - 1: markPassed("Passed")
2025-09-24 07:43:46.113 DEBUG com.kms.katalon.core.util.KeywordUtil    - ✓ Passed
2025-09-24 07:43:48.128 INFO  c.k.k.c.c.internal.VideoRecorderService  - Video recording for test case 'Test Cases/2000_tresult/Return Passed' .
2025-09-24 07:43:48.132 INFO  c.k.katalon.core.main.TestCaseExecutor   - END Test Cases/2000_tresult/Return Passed
2025-09-24 07:43:48.136 INFO  c.k.katalon.core.main.TestCaseExecutor   - --------------------
2025-09-24 07:43:48.136 INFO  c.k.katalon.core.main.TestCaseExecutor   - START Test Cases/2000_tresult/Return Passed
2025-09-24 07:43:48.152 DEBUG testcase.Return Passed                   - 1: markPassed("Passed")
2025-09-24 07:43:48.155 DEBUG com.kms.katalon.core.util.KeywordUtil    - ✓ Passed
2025-09-24 07:43:50.160 INFO  c.k.k.c.c.internal.VideoRecorderService  - Video recording for test case 'Test Cases/2000_tresult/Return Passed' .
2025-09-24 07:43:50.161 INFO  c.k.katalon.core.main.TestCaseExecutor   - END Test Cases/2000_tresult/Return Passed
2025-09-24 07:43:50.169 INFO  c.k.katalon.core.main.TestCaseExecutor   - --------------------
2025-09-24 07:43:50.169 INFO  c.k.katalon.core.main.TestCaseExecutor   - START Test Cases/2000_tresult/Return Passed
2025-09-24 07:43:50.179 DEBUG testcase.Return Passed                   - 1: markPassed("Passed")
2025-09-24 07:43:50.180 DEBUG com.kms.katalon.core.util.KeywordUtil    - ✓ Passed
2025-09-24 07:43:52.187 INFO  c.k.k.c.c.internal.VideoRecorderService  - Video recording for test case 'Test Cases/2000_tresult/Return Passed' .
2025-09-24 07:43:52.188 INFO  c.k.katalon.core.main.TestCaseExecutor   - END Test Cases/2000_tresult/Return Passed
2025-09-24 07:43:52.192 INFO  c.k.katalon.core.main.TestCaseExecutor   - --------------------
2025-09-24 07:43:52.192 INFO  c.k.katalon.core.main.TestCaseExecutor   - START Test Cases/2000_tresult/Return Passed
2025-09-24 07:43:52.202 DEBUG testcase.Return Passed                   - 1: markPassed("Passed")
2025-09-24 07:43:52.203 DEBUG com.kms.katalon.core.util.KeywordUtil    - ✓ Passed
2025-09-24 07:43:54.209 INFO  c.k.k.c.c.internal.VideoRecorderService  - Video recording for test case 'Test Cases/2000_tresult/Return Passed' .
2025-09-24 07:43:54.210 INFO  c.k.katalon.core.main.TestCaseExecutor   - END Test Cases/2000_tresult/Return Passed
2025-09-24 07:43:54.213 INFO  c.k.katalon.core.main.TestCaseExecutor   - --------------------
2025-09-24 07:43:54.213 INFO  c.k.katalon.core.main.TestCaseExecutor   - START Test Cases/2000_tresult/Return Passed
2025-09-24 07:43:54.221 DEBUG testcase.Return Passed                   - 1: markPassed("Passed")
2025-09-24 07:43:54.221 DEBUG com.kms.katalon.core.util.KeywordUtil    - ✓ Passed
2025-09-24 07:43:56.226 INFO  c.k.k.c.c.internal.VideoRecorderService  - Video recording for test case 'Test Cases/2000_tresult/Return Passed' .
2025-09-24 07:43:56.228 INFO  c.k.katalon.core.main.TestCaseExecutor   - END Test Cases/2000_tresult/Return Passed
2025-09-24 07:43:56.233 INFO  c.k.katalon.core.main.TestCaseExecutor   - --------------------
2025-09-24 07:43:56.233 INFO  c.k.katalon.core.main.TestCaseExecutor   - START Test Cases/2000_tresult/Return Passed
2025-09-24 07:43:56.241 DEBUG testcase.Return Passed                   - 1: markPassed("Passed")
2025-09-24 07:43:56.241 DEBUG com.kms.katalon.core.util.KeywordUtil    - ✓ Passed
2025-09-24 07:43:58.246 INFO  c.k.k.c.c.internal.VideoRecorderService  - Video recording for test case 'Test Cases/2000_tresult/Return Passed' .
2025-09-24 07:43:58.248 INFO  c.k.katalon.core.main.TestCaseExecutor   - END Test Cases/2000_tresult/Return Passed
2025-09-24 07:43:58.251 INFO  c.k.katalon.core.main.TestCaseExecutor   - --------------------
2025-09-24 07:43:58.251 INFO  c.k.katalon.core.main.TestCaseExecutor   - START Test Cases/2000_tresult/Return Passed
2025-09-24 07:43:58.256 DEBUG testcase.Return Passed                   - 1: markPassed("Passed")
2025-09-24 07:43:58.257 DEBUG com.kms.katalon.core.util.KeywordUtil    - ✓ Passed
2025-09-24 07:44:00.261 INFO  c.k.k.c.c.internal.VideoRecorderService  - Video recording for test case 'Test Cases/2000_tresult/Return Passed' .
2025-09-24 07:44:00.262 INFO  c.k.katalon.core.main.TestCaseExecutor   - END Test Cases/2000_tresult/Return Passed
2025-09-24 07:44:00.264 INFO  c.k.katalon.core.main.TestCaseExecutor   - --------------------
2025-09-24 07:44:00.264 INFO  c.k.katalon.core.main.TestCaseExecutor   - START Test Cases/2000_tresult/Return Passed
2025-09-24 07:44:00.271 DEBUG testcase.Return Passed                   - 1: markPassed("Passed")
2025-09-24 07:44:00.271 DEBUG com.kms.katalon.core.util.KeywordUtil    - ✓ Passed
2025-09-24 07:44:02.276 INFO  c.k.k.c.c.internal.VideoRecorderService  - Video recording for test case 'Test Cases/2000_tresult/Return Passed' .
2025-09-24 07:44:02.277 INFO  c.k.katalon.core.main.TestCaseExecutor   - END Test Cases/2000_tresult/Return Passed
2025-09-24 07:44:02.281 INFO  c.k.katalon.core.main.TestCaseExecutor   - --------------------
2025-09-24 07:44:02.281 INFO  c.k.katalon.core.main.TestCaseExecutor   - START Test Cases/2000_tresult/Return Passed
2025-09-24 07:44:02.286 DEBUG testcase.Return Passed                   - 1: markPassed("Passed")
2025-09-24 07:44:02.287 DEBUG com.kms.katalon.core.util.KeywordUtil    - ✓ Passed
2025-09-24 07:44:04.291 INFO  c.k.k.c.c.internal.VideoRecorderService  - Video recording for test case 'Test Cases/2000_tresult/Return Passed' .
2025-09-24 07:44:04.292 INFO  c.k.katalon.core.main.TestCaseExecutor   - END Test Cases/2000_tresult/Return Passed
2025-09-24 07:44:04.296 INFO  c.k.katalon.core.main.TestCaseExecutor   - --------------------
2025-09-24 07:44:04.296 INFO  c.k.katalon.core.main.TestCaseExecutor   - START Test Cases/2000_tresult/Return Passed
2025-09-24 07:44:04.308 DEBUG testcase.Return Passed                   - 1: markPassed("Passed")
2025-09-24 07:44:04.309 DEBUG com.kms.katalon.core.util.KeywordUtil    - ✓ Passed
2025-09-24 07:44:06.315 INFO  c.k.k.c.c.internal.VideoRecorderService  - Video recording for test case 'Test Cases/2000_tresult/Return Passed' .
2025-09-24 07:44:06.316 INFO  c.k.katalon.core.main.TestCaseExecutor   - END Test Cases/2000_tresult/Return Passed
2025-09-24 07:44:06.318 INFO  c.k.katalon.core.main.TestCaseExecutor   - --------------------
2025-09-24 07:44:06.318 INFO  c.k.katalon.core.main.TestCaseExecutor   - START Test Cases/2000_tresult/Return Passed
2025-09-24 07:44:06.325 DEBUG testcase.Return Passed                   - 1: markPassed("Passed")
2025-09-24 07:44:06.325 DEBUG com.kms.katalon.core.util.KeywordUtil    - ✓ Passed
2025-09-24 07:44:08.329 INFO  c.k.k.c.c.internal.VideoRecorderService  - Video recording for test case 'Test Cases/2000_tresult/Return Passed' .
2025-09-24 07:44:08.330 INFO  c.k.katalon.core.main.TestCaseExecutor   - END Test Cases/2000_tresult/Return Passed
2025-09-24 07:44:08.332 INFO  c.k.katalon.core.main.TestCaseExecutor   - --------------------
2025-09-24 07:44:08.332 INFO  c.k.katalon.core.main.TestCaseExecutor   - START Test Cases/2000_tresult/Return Passed
2025-09-24 07:44:08.337 DEBUG testcase.Return Passed                   - 1: markPassed("Passed")
2025-09-24 07:44:08.337 DEBUG com.kms.katalon.core.util.KeywordUtil    - ✓ Passed
2025-09-24 07:44:10.341 INFO  c.k.k.c.c.internal.VideoRecorderService  - Video recording for test case 'Test Cases/2000_tresult/Return Passed' .
2025-09-24 07:44:10.342 INFO  c.k.katalon.core.main.TestCaseExecutor   - END Test Cases/2000_tresult/Return Passed
2025-09-24 07:44:10.344 INFO  c.k.katalon.core.main.TestCaseExecutor   - --------------------
2025-09-24 07:44:10.344 INFO  c.k.katalon.core.main.TestCaseExecutor   - START Test Cases/2000_tresult/Return Passed
2025-09-24 07:44:10.350 DEBUG testcase.Return Passed                   - 1: markPassed("Passed")
2025-09-24 07:44:10.351 DEBUG com.kms.katalon.core.util.KeywordUtil    - ✓ Passed
2025-09-24 07:44:12.354 INFO  c.k.k.c.c.internal.VideoRecorderService  - Video recording for test case 'Test Cases/2000_tresult/Return Passed' .
2025-09-24 07:44:12.355 INFO  c.k.katalon.core.main.TestCaseExecutor   - END Test Cases/2000_tresult/Return Passed
2025-09-24 07:44:12.357 INFO  c.k.katalon.core.main.TestCaseExecutor   - --------------------
2025-09-24 07:44:12.358 INFO  c.k.katalon.core.main.TestCaseExecutor   - START Test Cases/2000_tresult/Return Passed
2025-09-24 07:44:12.362 DEBUG testcase.Return Passed                   - 1: markPassed("Passed")
2025-09-24 07:44:12.363 DEBUG com.kms.katalon.core.util.KeywordUtil    - ✓ Passed
2025-09-24 07:44:14.366 INFO  c.k.k.c.c.internal.VideoRecorderService  - Video recording for test case 'Test Cases/2000_tresult/Return Passed' .
2025-09-24 07:44:14.367 INFO  c.k.katalon.core.main.TestCaseExecutor   - END Test Cases/2000_tresult/Return Passed
2025-09-24 07:44:14.373 INFO  c.k.katalon.core.main.TestCaseExecutor   - --------------------
2025-09-24 07:44:14.373 INFO  c.k.katalon.core.main.TestCaseExecutor   - START Test Cases/2000_tresult/Return Passed
2025-09-24 07:44:14.378 DEBUG testcase.Return Passed                   - 1: markPassed("Passed")
2025-09-24 07:44:14.379 DEBUG com.kms.katalon.core.util.KeywordUtil    - ✓ Passed
2025-09-24 07:44:16.382 INFO  c.k.k.c.c.internal.VideoRecorderService  - Video recording for test case 'Test Cases/2000_tresult/Return Passed' .
2025-09-24 07:44:16.383 INFO  c.k.katalon.core.main.TestCaseExecutor   - END Test Cases/2000_tresult/Return Passed
2025-09-24 07:44:16.386 INFO  c.k.katalon.core.main.TestCaseExecutor   - --------------------
2025-09-24 07:44:16.386 INFO  c.k.katalon.core.main.TestCaseExecutor   - START Test Cases/2000_tresult/Return Passed
2025-09-24 07:44:16.391 DEBUG testcase.Return Passed                   - 1: markPassed("Passed")
2025-09-24 07:44:16.392 DEBUG com.kms.katalon.core.util.KeywordUtil    - ✓ Passed
2025-09-24 07:44:18.395 INFO  c.k.k.c.c.internal.VideoRecorderService  - Video recording for test case 'Test Cases/2000_tresult/Return Passed' .
2025-09-24 07:44:18.396 INFO  c.k.katalon.core.main.TestCaseExecutor   - END Test Cases/2000_tresult/Return Passed
2025-09-24 07:44:18.398 INFO  c.k.katalon.core.main.TestCaseExecutor   - --------------------
2025-09-24 07:44:18.398 INFO  c.k.katalon.core.main.TestCaseExecutor   - START Test Cases/2000_tresult/Return Passed
2025-09-24 07:44:18.402 DEBUG testcase.Return Passed                   - 1: markPassed("Passed")
2025-09-24 07:44:18.403 DEBUG com.kms.katalon.core.util.KeywordUtil    - ✓ Passed
2025-09-24 07:44:20.407 INFO  c.k.k.c.c.internal.VideoRecorderService  - Video recording for test case 'Test Cases/2000_tresult/Return Passed' .
2025-09-24 07:44:20.407 INFO  c.k.katalon.core.main.TestCaseExecutor   - END Test Cases/2000_tresult/Return Passed
2025-09-24 07:44:20.411 INFO  c.k.katalon.core.main.TestCaseExecutor   - --------------------
2025-09-24 07:44:20.411 INFO  c.k.katalon.core.main.TestCaseExecutor   - START Test Cases/2000_tresult/Return Passed
2025-09-24 07:44:20.416 DEBUG testcase.Return Passed                   - 1: markPassed("Passed")
2025-09-24 07:44:20.416 DEBUG com.kms.katalon.core.util.KeywordUtil    - ✓ Passed
2025-09-24 07:44:22.419 INFO  c.k.k.c.c.internal.VideoRecorderService  - Video recording for test case 'Test Cases/2000_tresult/Return Passed' .
2025-09-24 07:44:22.420 INFO  c.k.katalon.core.main.TestCaseExecutor   - END Test Cases/2000_tresult/Return Passed
2025-09-24 07:44:22.423 INFO  c.k.katalon.core.main.TestCaseExecutor   - --------------------
2025-09-24 07:44:22.423 INFO  c.k.katalon.core.main.TestCaseExecutor   - START Test Cases/2000_tresult/Return Passed
2025-09-24 07:44:22.429 DEBUG testcase.Return Passed                   - 1: markPassed("Passed")
2025-09-24 07:44:22.429 DEBUG com.kms.katalon.core.util.KeywordUtil    - ✓ Passed
2025-09-24 07:44:24.433 INFO  c.k.k.c.c.internal.VideoRecorderService  - Video recording for test case 'Test Cases/2000_tresult/Return Passed' .
2025-09-24 07:44:24.433 INFO  c.k.katalon.core.main.TestCaseExecutor   - END Test Cases/2000_tresult/Return Passed
2025-09-24 07:44:24.436 INFO  c.k.katalon.core.main.TestCaseExecutor   - --------------------
2025-09-24 07:44:24.436 INFO  c.k.katalon.core.main.TestCaseExecutor   - START Test Cases/2000_tresult/Return Passed
2025-09-24 07:44:24.445 DEBUG testcase.Return Passed                   - 1: markPassed("Passed")
2025-09-24 07:44:24.446 DEBUG com.kms.katalon.core.util.KeywordUtil    - ✓ Passed
2025-09-24 07:44:26.449 INFO  c.k.k.c.c.internal.VideoRecorderService  - Video recording for test case 'Test Cases/2000_tresult/Return Passed' .
2025-09-24 07:44:26.450 INFO  c.k.katalon.core.main.TestCaseExecutor   - END Test Cases/2000_tresult/Return Passed
2025-09-24 07:44:26.453 INFO  c.k.katalon.core.main.TestCaseExecutor   - --------------------
2025-09-24 07:44:26.453 INFO  c.k.katalon.core.main.TestCaseExecutor   - START Test Cases/2000_tresult/Return Passed
2025-09-24 07:44:26.459 DEBUG testcase.Return Passed                   - 1: markPassed("Passed")
2025-09-24 07:44:26.459 DEBUG com.kms.katalon.core.util.KeywordUtil    - ✓ Passed
2025-09-24 07:44:28.463 INFO  c.k.k.c.c.internal.VideoRecorderService  - Video recording for test case 'Test Cases/2000_tresult/Return Passed' .
2025-09-24 07:44:28.464 INFO  c.k.katalon.core.main.TestCaseExecutor   - END Test Cases/2000_tresult/Return Passed
2025-09-24 07:44:28.466 INFO  c.k.katalon.core.main.TestCaseExecutor   - --------------------
2025-09-24 07:44:28.466 INFO  c.k.katalon.core.main.TestCaseExecutor   - START Test Cases/2000_tresult/Return Passed
2025-09-24 07:44:28.471 DEBUG testcase.Return Passed                   - 1: markPassed("Passed")
2025-09-24 07:44:28.471 DEBUG com.kms.katalon.core.util.KeywordUtil    - ✓ Passed
2025-09-24 07:44:30.474 INFO  c.k.k.c.c.internal.VideoRecorderService  - Video recording for test case 'Test Cases/2000_tresult/Return Passed' .
2025-09-24 07:44:30.475 INFO  c.k.katalon.core.main.TestCaseExecutor   - END Test Cases/2000_tresult/Return Passed
2025-09-24 07:44:30.479 INFO  c.k.katalon.core.main.TestCaseExecutor   - --------------------
2025-09-24 07:44:30.479 INFO  c.k.katalon.core.main.TestCaseExecutor   - START Test Cases/2000_tresult/Return Passed
2025-09-24 07:44:30.484 DEBUG testcase.Return Passed                   - 1: markPassed("Passed")
2025-09-24 07:44:30.485 DEBUG com.kms.katalon.core.util.KeywordUtil    - ✓ Passed
2025-09-24 07:44:32.488 INFO  c.k.k.c.c.internal.VideoRecorderService  - Video recording for test case 'Test Cases/2000_tresult/Return Passed' .
2025-09-24 07:44:32.489 INFO  c.k.katalon.core.main.TestCaseExecutor   - END Test Cases/2000_tresult/Return Passed
2025-09-24 07:44:32.491 INFO  c.k.katalon.core.main.TestCaseExecutor   - --------------------
2025-09-24 07:44:32.491 INFO  c.k.katalon.core.main.TestCaseExecutor   - START Test Cases/2000_tresult/Return Passed
2025-09-24 07:44:32.496 DEBUG testcase.Return Passed                   - 1: markPassed("Passed")
2025-09-24 07:44:32.496 DEBUG com.kms.katalon.core.util.KeywordUtil    - ✓ Passed
2025-09-24 07:44:34.500 INFO  c.k.k.c.c.internal.VideoRecorderService  - Video recording for test case 'Test Cases/2000_tresult/Return Passed' .
2025-09-24 07:44:34.501 INFO  c.k.katalon.core.main.TestCaseExecutor   - END Test Cases/2000_tresult/Return Passed
2025-09-24 07:44:34.503 INFO  c.k.katalon.core.main.TestCaseExecutor   - --------------------
2025-09-24 07:44:34.503 INFO  c.k.katalon.core.main.TestCaseExecutor   - START Test Cases/2000_tresult/Return Passed
2025-09-24 07:44:34.507 DEBUG testcase.Return Passed                   - 1: markPassed("Passed")
2025-09-24 07:44:34.508 DEBUG com.kms.katalon.core.util.KeywordUtil    - ✓ Passed
2025-09-24 07:44:36.511 INFO  c.k.k.c.c.internal.VideoRecorderService  - Video recording for test case 'Test Cases/2000_tresult/Return Passed' .
2025-09-24 07:44:36.512 INFO  c.k.katalon.core.main.TestCaseExecutor   - END Test Cases/2000_tresult/Return Passed
2025-09-24 07:44:36.514 INFO  c.k.katalon.core.main.TestCaseExecutor   - --------------------
2025-09-24 07:44:36.514 INFO  c.k.katalon.core.main.TestCaseExecutor   - START Test Cases/2000_tresult/Return Passed
2025-09-24 07:44:36.520 DEBUG testcase.Return Passed                   - 1: markPassed("Passed")
2025-09-24 07:44:36.520 DEBUG com.kms.katalon.core.util.KeywordUtil    - ✓ Passed
2025-09-24 07:44:38.524 INFO  c.k.k.c.c.internal.VideoRecorderService  - Video recording for test case 'Test Cases/2000_tresult/Return Passed' .
2025-09-24 07:44:38.525 INFO  c.k.katalon.core.main.TestCaseExecutor   - END Test Cases/2000_tresult/Return Passed
2025-09-24 07:44:38.527 INFO  c.k.katalon.core.main.TestCaseExecutor   - --------------------
2025-09-24 07:44:38.527 INFO  c.k.katalon.core.main.TestCaseExecutor   - START Test Cases/2000_tresult/Return Passed
2025-09-24 07:44:38.531 DEBUG testcase.Return Passed                   - 1: markPassed("Passed")
2025-09-24 07:44:38.532 DEBUG com.kms.katalon.core.util.KeywordUtil    - ✓ Passed
2025-09-24 07:44:40.535 INFO  c.k.k.c.c.internal.VideoRecorderService  - Video recording for test case 'Test Cases/2000_tresult/Return Passed' .
2025-09-24 07:44:40.536 INFO  c.k.katalon.core.main.TestCaseExecutor   - END Test Cases/2000_tresult/Return Passed
2025-09-24 07:44:40.538 INFO  c.k.katalon.core.main.TestCaseExecutor   - --------------------
2025-09-24 07:44:40.538 INFO  c.k.katalon.core.main.TestCaseExecutor   - START Test Cases/2000_tresult/Return Passed
2025-09-24 07:44:40.544 DEBUG testcase.Return Passed                   - 1: markPassed("Passed")
2025-09-24 07:44:40.545 DEBUG com.kms.katalon.core.util.KeywordUtil    - ✓ Passed
2025-09-24 07:44:42.549 INFO  c.k.k.c.c.internal.VideoRecorderService  - Video recording for test case 'Test Cases/2000_tresult/Return Passed' .
2025-09-24 07:44:42.549 INFO  c.k.katalon.core.main.TestCaseExecutor   - END Test Cases/2000_tresult/Return Passed
2025-09-24 07:44:42.552 INFO  c.k.katalon.core.main.TestCaseExecutor   - --------------------
2025-09-24 07:44:42.552 INFO  c.k.katalon.core.main.TestCaseExecutor   - START Test Cases/2000_tresult/Return Passed
2025-09-24 07:44:42.557 DEBUG testcase.Return Passed                   - 1: markPassed("Passed")
2025-09-24 07:44:42.557 DEBUG com.kms.katalon.core.util.KeywordUtil    - ✓ Passed
2025-09-24 07:44:44.560 INFO  c.k.k.c.c.internal.VideoRecorderService  - Video recording for test case 'Test Cases/2000_tresult/Return Passed' .
2025-09-24 07:44:44.561 INFO  c.k.katalon.core.main.TestCaseExecutor   - END Test Cases/2000_tresult/Return Passed
2025-09-24 07:44:44.564 INFO  c.k.katalon.core.main.TestCaseExecutor   - --------------------
2025-09-24 07:44:44.564 INFO  c.k.katalon.core.main.TestCaseExecutor   - START Test Cases/2000_tresult/Return Passed
2025-09-24 07:44:44.568 DEBUG testcase.Return Passed                   - 1: markPassed("Passed")
2025-09-24 07:44:44.569 DEBUG com.kms.katalon.core.util.KeywordUtil    - ✓ Passed
2025-09-24 07:44:46.573 INFO  c.k.k.c.c.internal.VideoRecorderService  - Video recording for test case 'Test Cases/2000_tresult/Return Passed' .
2025-09-24 07:44:46.574 INFO  c.k.katalon.core.main.TestCaseExecutor   - END Test Cases/2000_tresult/Return Passed
2025-09-24 07:44:46.576 INFO  c.k.katalon.core.main.TestCaseExecutor   - --------------------
2025-09-24 07:44:46.576 INFO  c.k.katalon.core.main.TestCaseExecutor   - START Test Cases/2000_tresult/Return Passed
2025-09-24 07:44:46.586 DEBUG testcase.Return Passed                   - 1: markPassed("Passed")
2025-09-24 07:44:46.587 DEBUG com.kms.katalon.core.util.KeywordUtil    - ✓ Passed
2025-09-24 07:44:48.591 INFO  c.k.k.c.c.internal.VideoRecorderService  - Video recording for test case 'Test Cases/2000_tresult/Return Passed' .
2025-09-24 07:44:48.592 INFO  c.k.katalon.core.main.TestCaseExecutor   - END Test Cases/2000_tresult/Return Passed
2025-09-24 07:44:48.593 INFO  c.k.katalon.core.main.TestCaseExecutor   - --------------------
2025-09-24 07:44:48.593 INFO  c.k.katalon.core.main.TestCaseExecutor   - START Test Cases/2000_tresult/Return Passed
2025-09-24 07:44:48.598 DEBUG testcase.Return Passed                   - 1: markPassed("Passed")
2025-09-24 07:44:48.598 DEBUG com.kms.katalon.core.util.KeywordUtil    - ✓ Passed
2025-09-24 07:44:50.601 INFO  c.k.k.c.c.internal.VideoRecorderService  - Video recording for test case 'Test Cases/2000_tresult/Return Passed' .
2025-09-24 07:44:50.602 INFO  c.k.katalon.core.main.TestCaseExecutor   - END Test Cases/2000_tresult/Return Passed
2025-09-24 07:44:50.604 INFO  c.k.katalon.core.main.TestCaseExecutor   - --------------------
2025-09-24 07:44:50.604 INFO  c.k.katalon.core.main.TestCaseExecutor   - START Test Cases/2000_tresult/Return Passed
2025-09-24 07:44:50.608 DEBUG testcase.Return Passed                   - 1: markPassed("Passed")
2025-09-24 07:44:50.608 DEBUG com.kms.katalon.core.util.KeywordUtil    - ✓ Passed
2025-09-24 07:44:52.612 INFO  c.k.k.c.c.internal.VideoRecorderService  - Video recording for test case 'Test Cases/2000_tresult/Return Passed' .
2025-09-24 07:44:52.612 INFO  c.k.katalon.core.main.TestCaseExecutor   - END Test Cases/2000_tresult/Return Passed
2025-09-24 07:44:52.614 INFO  c.k.katalon.core.main.TestCaseExecutor   - --------------------
2025-09-24 07:44:52.614 INFO  c.k.katalon.core.main.TestCaseExecutor   - START Test Cases/2000_tresult/Return Passed
2025-09-24 07:44:52.618 DEBUG testcase.Return Passed                   - 1: markPassed("Passed")
2025-09-24 07:44:52.619 DEBUG com.kms.katalon.core.util.KeywordUtil    - ✓ Passed
2025-09-24 07:44:54.622 INFO  c.k.k.c.c.internal.VideoRecorderService  - Video recording for test case 'Test Cases/2000_tresult/Return Passed' .
2025-09-24 07:44:54.623 INFO  c.k.katalon.core.main.TestCaseExecutor   - END Test Cases/2000_tresult/Return Passed
2025-09-24 07:44:54.624 INFO  c.k.katalon.core.main.TestCaseExecutor   - --------------------
2025-09-24 07:44:54.624 INFO  c.k.katalon.core.main.TestCaseExecutor   - START Test Cases/2000_tresult/Return Passed
2025-09-24 07:44:54.629 DEBUG testcase.Return Passed                   - 1: markPassed("Passed")
2025-09-24 07:44:54.629 DEBUG com.kms.katalon.core.util.KeywordUtil    - ✓ Passed
2025-09-24 07:44:56.633 INFO  c.k.k.c.c.internal.VideoRecorderService  - Video recording for test case 'Test Cases/2000_tresult/Return Passed' .
2025-09-24 07:44:56.633 INFO  c.k.katalon.core.main.TestCaseExecutor   - END Test Cases/2000_tresult/Return Passed
2025-09-24 07:44:56.636 INFO  c.k.katalon.core.main.TestCaseExecutor   - --------------------
2025-09-24 07:44:56.636 INFO  c.k.katalon.core.main.TestCaseExecutor   - START Test Cases/2000_tresult/Return Passed
2025-09-24 07:44:56.643 DEBUG testcase.Return Passed                   - 1: markPassed("Passed")
2025-09-24 07:44:56.643 DEBUG com.kms.katalon.core.util.KeywordUtil    - ✓ Passed
2025-09-24 07:44:58.646 INFO  c.k.k.c.c.internal.VideoRecorderService  - Video recording for test case 'Test Cases/2000_tresult/Return Passed' .
2025-09-24 07:44:58.647 INFO  c.k.katalon.core.main.TestCaseExecutor   - END Test Cases/2000_tresult/Return Passed
2025-09-24 07:44:58.650 INFO  c.k.katalon.core.main.TestCaseExecutor   - --------------------
2025-09-24 07:44:58.650 INFO  c.k.katalon.core.main.TestCaseExecutor   - START Test Cases/2000_tresult/Return Passed
2025-09-24 07:44:58.654 DEBUG testcase.Return Passed                   - 1: markPassed("Passed")
2025-09-24 07:44:58.654 DEBUG com.kms.katalon.core.util.KeywordUtil    - ✓ Passed
2025-09-24 07:45:00.658 INFO  c.k.k.c.c.internal.VideoRecorderService  - Video recording for test case 'Test Cases/2000_tresult/Return Passed' .
2025-09-24 07:45:00.659 INFO  c.k.katalon.core.main.TestCaseExecutor   - END Test Cases/2000_tresult/Return Passed
2025-09-24 07:45:00.662 INFO  c.k.katalon.core.main.TestCaseExecutor   - --------------------
2025-09-24 07:45:00.662 INFO  c.k.katalon.core.main.TestCaseExecutor   - START Test Cases/2000_tresult/Return Passed
2025-09-24 07:45:00.667 DEBUG testcase.Return Passed                   - 1: markPassed("Passed")
2025-09-24 07:45:00.667 DEBUG com.kms.katalon.core.util.KeywordUtil    - ✓ Passed
2025-09-24 07:45:02.671 INFO  c.k.k.c.c.internal.VideoRecorderService  - Video recording for test case 'Test Cases/2000_tresult/Return Passed' .
2025-09-24 07:45:02.671 INFO  c.k.katalon.core.main.TestCaseExecutor   - END Test Cases/2000_tresult/Return Passed
2025-09-24 07:45:02.673 INFO  c.k.katalon.core.main.TestCaseExecutor   - --------------------
2025-09-24 07:45:02.673 INFO  c.k.katalon.core.main.TestCaseExecutor   - START Test Cases/2000_tresult/Return Passed
2025-09-24 07:45:02.677 DEBUG testcase.Return Passed                   - 1: markPassed("Passed")
2025-09-24 07:45:02.677 DEBUG com.kms.katalon.core.util.KeywordUtil    - ✓ Passed
2025-09-24 07:45:04.681 INFO  c.k.k.c.c.internal.VideoRecorderService  - Video recording for test case 'Test Cases/2000_tresult/Return Passed' .
2025-09-24 07:45:04.681 INFO  c.k.katalon.core.main.TestCaseExecutor   - END Test Cases/2000_tresult/Return Passed
2025-09-24 07:45:04.685 INFO  c.k.katalon.core.main.TestCaseExecutor   - --------------------
2025-09-24 07:45:04.685 INFO  c.k.katalon.core.main.TestCaseExecutor   - START Test Cases/2000_tresult/Return Passed
2025-09-24 07:45:04.690 DEBUG testcase.Return Passed                   - 1: markPassed("Passed")
2025-09-24 07:45:04.690 DEBUG com.kms.katalon.core.util.KeywordUtil    - ✓ Passed
2025-09-24 07:45:06.694 INFO  c.k.k.c.c.internal.VideoRecorderService  - Video recording for test case 'Test Cases/2000_tresult/Return Passed' .
2025-09-24 07:45:06.694 INFO  c.k.katalon.core.main.TestCaseExecutor   - END Test Cases/2000_tresult/Return Passed
2025-09-24 07:45:06.696 INFO  c.k.katalon.core.main.TestCaseExecutor   - --------------------
2025-09-24 07:45:06.696 INFO  c.k.katalon.core.main.TestCaseExecutor   - START Test Cases/2000_tresult/Return Passed
2025-09-24 07:45:06.700 DEBUG testcase.Return Passed                   - 1: markPassed("Passed")
2025-09-24 07:45:06.701 DEBUG com.kms.katalon.core.util.KeywordUtil    - ✓ Passed
2025-09-24 07:45:08.704 INFO  c.k.k.c.c.internal.VideoRecorderService  - Video recording for test case 'Test Cases/2000_tresult/Return Passed' .
2025-09-24 07:45:08.705 INFO  c.k.katalon.core.main.TestCaseExecutor   - END Test Cases/2000_tresult/Return Passed
2025-09-24 07:45:08.707 INFO  c.k.katalon.core.main.TestCaseExecutor   - --------------------
2025-09-24 07:45:08.707 INFO  c.k.katalon.core.main.TestCaseExecutor   - START Test Cases/2000_tresult/Return Passed
2025-09-24 07:45:08.711 DEBUG testcase.Return Passed                   - 1: markPassed("Passed")
2025-09-24 07:45:08.711 DEBUG com.kms.katalon.core.util.KeywordUtil    - ✓ Passed
2025-09-24 07:45:10.715 INFO  c.k.k.c.c.internal.VideoRecorderService  - Video recording for test case 'Test Cases/2000_tresult/Return Passed' .
2025-09-24 07:45:10.715 INFO  c.k.katalon.core.main.TestCaseExecutor   - END Test Cases/2000_tresult/Return Passed
2025-09-24 07:45:10.719 INFO  c.k.katalon.core.main.TestCaseExecutor   - --------------------
2025-09-24 07:45:10.719 INFO  c.k.katalon.core.main.TestCaseExecutor   - START Test Cases/2000_tresult/Return Passed
2025-09-24 07:45:10.723 DEBUG testcase.Return Passed                   - 1: markPassed("Passed")
2025-09-24 07:45:10.723 DEBUG com.kms.katalon.core.util.KeywordUtil    - ✓ Passed
2025-09-24 07:45:12.727 INFO  c.k.k.c.c.internal.VideoRecorderService  - Video recording for test case 'Test Cases/2000_tresult/Return Passed' .
2025-09-24 07:45:12.728 INFO  c.k.katalon.core.main.TestCaseExecutor   - END Test Cases/2000_tresult/Return Passed
2025-09-24 07:45:12.730 INFO  c.k.katalon.core.main.TestCaseExecutor   - --------------------
2025-09-24 07:45:12.730 INFO  c.k.katalon.core.main.TestCaseExecutor   - START Test Cases/2000_tresult/Return Passed
2025-09-24 07:45:12.734 DEBUG testcase.Return Passed                   - 1: markPassed("Passed")
2025-09-24 07:45:12.734 DEBUG com.kms.katalon.core.util.KeywordUtil    - ✓ Passed
2025-09-24 07:45:14.738 INFO  c.k.k.c.c.internal.VideoRecorderService  - Video recording for test case 'Test Cases/2000_tresult/Return Passed' .
2025-09-24 07:45:14.738 INFO  c.k.katalon.core.main.TestCaseExecutor   - END Test Cases/2000_tresult/Return Passed
2025-09-24 07:45:14.745 INFO  c.k.katalon.core.main.TestCaseExecutor   - --------------------
2025-09-24 07:45:14.745 INFO  c.k.katalon.core.main.TestCaseExecutor   - START Test Cases/2000_tresult/Return Passed
2025-09-24 07:45:14.749 DEBUG testcase.Return Passed                   - 1: markPassed("Passed")
2025-09-24 07:45:14.750 DEBUG com.kms.katalon.core.util.KeywordUtil    - ✓ Passed
2025-09-24 07:45:16.753 INFO  c.k.k.c.c.internal.VideoRecorderService  - Video recording for test case 'Test Cases/2000_tresult/Return Passed' .
2025-09-24 07:45:16.754 INFO  c.k.katalon.core.main.TestCaseExecutor   - END Test Cases/2000_tresult/Return Passed
2025-09-24 07:45:16.757 INFO  c.k.katalon.core.main.TestCaseExecutor   - --------------------
2025-09-24 07:45:16.757 INFO  c.k.katalon.core.main.TestCaseExecutor   - START Test Cases/2000_tresult/Return Passed
2025-09-24 07:45:16.761 DEBUG testcase.Return Passed                   - 1: markPassed("Passed")
2025-09-24 07:45:16.761 DEBUG com.kms.katalon.core.util.KeywordUtil    - ✓ Passed
2025-09-24 07:45:18.765 INFO  c.k.k.c.c.internal.VideoRecorderService  - Video recording for test case 'Test Cases/2000_tresult/Return Passed' .
2025-09-24 07:45:18.766 INFO  c.k.katalon.core.main.TestCaseExecutor   - END Test Cases/2000_tresult/Return Passed
2025-09-24 07:45:18.768 INFO  c.k.katalon.core.main.TestCaseExecutor   - --------------------
2025-09-24 07:45:18.768 INFO  c.k.katalon.core.main.TestCaseExecutor   - START Test Cases/2000_tresult/Return Passed
2025-09-24 07:45:18.773 DEBUG testcase.Return Passed                   - 1: markPassed("Passed")
2025-09-24 07:45:18.773 DEBUG com.kms.katalon.core.util.KeywordUtil    - ✓ Passed
2025-09-24 07:45:20.776 INFO  c.k.k.c.c.internal.VideoRecorderService  - Video recording for test case 'Test Cases/2000_tresult/Return Passed' .
2025-09-24 07:45:20.777 INFO  c.k.katalon.core.main.TestCaseExecutor   - END Test Cases/2000_tresult/Return Passed
2025-09-24 07:45:20.780 INFO  c.k.katalon.core.main.TestCaseExecutor   - --------------------
2025-09-24 07:45:20.780 INFO  c.k.katalon.core.main.TestCaseExecutor   - START Test Cases/2000_tresult/Return Passed
2025-09-24 07:45:20.784 DEBUG testcase.Return Passed                   - 1: markPassed("Passed")
2025-09-24 07:45:20.784 DEBUG com.kms.katalon.core.util.KeywordUtil    - ✓ Passed
2025-09-24 07:45:22.787 INFO  c.k.k.c.c.internal.VideoRecorderService  - Video recording for test case 'Test Cases/2000_tresult/Return Passed' .
2025-09-24 07:45:22.788 INFO  c.k.katalon.core.main.TestCaseExecutor   - END Test Cases/2000_tresult/Return Passed
2025-09-24 07:45:22.791 INFO  c.k.katalon.core.main.TestCaseExecutor   - --------------------
2025-09-24 07:45:22.791 INFO  c.k.katalon.core.main.TestCaseExecutor   - START Test Cases/2000_tresult/Return Passed
2025-09-24 07:45:22.795 DEBUG testcase.Return Passed                   - 1: markPassed("Passed")
2025-09-24 07:45:22.796 DEBUG com.kms.katalon.core.util.KeywordUtil    - ✓ Passed
2025-09-24 07:45:24.801 INFO  c.k.k.c.c.internal.VideoRecorderService  - Video recording for test case 'Test Cases/2000_tresult/Return Passed' .
2025-09-24 07:45:24.802 INFO  c.k.katalon.core.main.TestCaseExecutor   - END Test Cases/2000_tresult/Return Passed
2025-09-24 07:45:24.804 INFO  c.k.katalon.core.main.TestCaseExecutor   - --------------------
2025-09-24 07:45:24.804 INFO  c.k.katalon.core.main.TestCaseExecutor   - START Test Cases/2000_tresult/Return Passed
2025-09-24 07:45:24.821 DEBUG testcase.Return Passed                   - 1: markPassed("Passed")
2025-09-24 07:45:24.821 DEBUG com.kms.katalon.core.util.KeywordUtil    - ✓ Passed
2025-09-24 07:45:26.824 INFO  c.k.k.c.c.internal.VideoRecorderService  - Video recording for test case 'Test Cases/2000_tresult/Return Passed' .
2025-09-24 07:45:26.825 INFO  c.k.katalon.core.main.TestCaseExecutor   - END Test Cases/2000_tresult/Return Passed
2025-09-24 07:45:26.827 INFO  c.k.katalon.core.main.TestCaseExecutor   - --------------------
2025-09-24 07:45:26.827 INFO  c.k.katalon.core.main.TestCaseExecutor   - START Test Cases/2000_tresult/Return Passed
2025-09-24 07:45:26.831 DEBUG testcase.Return Passed                   - 1: markPassed("Passed")
2025-09-24 07:45:26.832 DEBUG com.kms.katalon.core.util.KeywordUtil    - ✓ Passed
2025-09-24 07:45:28.835 INFO  c.k.k.c.c.internal.VideoRecorderService  - Video recording for test case 'Test Cases/2000_tresult/Return Passed' .
2025-09-24 07:45:28.835 INFO  c.k.katalon.core.main.TestCaseExecutor   - END Test Cases/2000_tresult/Return Passed
2025-09-24 07:45:28.837 INFO  c.k.katalon.core.main.TestCaseExecutor   - --------------------
2025-09-24 07:45:28.837 INFO  c.k.katalon.core.main.TestCaseExecutor   - START Test Cases/2000_tresult/Return Passed
2025-09-24 07:45:28.841 DEBUG testcase.Return Passed                   - 1: markPassed("Passed")
2025-09-24 07:45:28.842 DEBUG com.kms.katalon.core.util.KeywordUtil    - ✓ Passed
2025-09-24 07:45:30.845 INFO  c.k.k.c.c.internal.VideoRecorderService  - Video recording for test case 'Test Cases/2000_tresult/Return Passed' .
2025-09-24 07:45:30.845 INFO  c.k.katalon.core.main.TestCaseExecutor   - END Test Cases/2000_tresult/Return Passed
2025-09-24 07:45:30.847 INFO  c.k.katalon.core.main.TestCaseExecutor   - --------------------
2025-09-24 07:45:30.847 INFO  c.k.katalon.core.main.TestCaseExecutor   - START Test Cases/2000_tresult/Return Passed
2025-09-24 07:45:30.851 DEBUG testcase.Return Passed                   - 1: markPassed("Passed")
2025-09-24 07:45:30.851 DEBUG com.kms.katalon.core.util.KeywordUtil    - ✓ Passed
2025-09-24 07:45:32.854 INFO  c.k.k.c.c.internal.VideoRecorderService  - Video recording for test case 'Test Cases/2000_tresult/Return Passed' .
2025-09-24 07:45:32.855 INFO  c.k.katalon.core.main.TestCaseExecutor   - END Test Cases/2000_tresult/Return Passed
2025-09-24 07:45:32.856 INFO  c.k.katalon.core.main.TestCaseExecutor   - --------------------
2025-09-24 07:45:32.856 INFO  c.k.katalon.core.main.TestCaseExecutor   - START Test Cases/2000_tresult/Return Passed
2025-09-24 07:45:32.860 DEBUG testcase.Return Passed                   - 1: markPassed("Passed")
2025-09-24 07:45:32.860 DEBUG com.kms.katalon.core.util.KeywordUtil    - ✓ Passed
2025-09-24 07:45:34.863 INFO  c.k.k.c.c.internal.VideoRecorderService  - Video recording for test case 'Test Cases/2000_tresult/Return Passed' .
2025-09-24 07:45:34.864 INFO  c.k.katalon.core.main.TestCaseExecutor   - END Test Cases/2000_tresult/Return Passed
2025-09-24 07:45:34.866 INFO  c.k.katalon.core.main.TestCaseExecutor   - --------------------
2025-09-24 07:45:34.866 INFO  c.k.katalon.core.main.TestCaseExecutor   - START Test Cases/2000_tresult/Return Passed
2025-09-24 07:45:34.869 DEBUG testcase.Return Passed                   - 1: markPassed("Passed")
2025-09-24 07:45:34.870 DEBUG com.kms.katalon.core.util.KeywordUtil    - ✓ Passed
2025-09-24 07:45:36.873 INFO  c.k.k.c.c.internal.VideoRecorderService  - Video recording for test case 'Test Cases/2000_tresult/Return Passed' .
2025-09-24 07:45:36.873 INFO  c.k.katalon.core.main.TestCaseExecutor   - END Test Cases/2000_tresult/Return Passed
2025-09-24 07:45:36.877 INFO  c.k.katalon.core.main.TestCaseExecutor   - --------------------
2025-09-24 07:45:36.877 INFO  c.k.katalon.core.main.TestCaseExecutor   - START Test Cases/2000_tresult/Return Passed
2025-09-24 07:45:36.881 DEBUG testcase.Return Passed                   - 1: markPassed("Passed")
2025-09-24 07:45:36.882 DEBUG com.kms.katalon.core.util.KeywordUtil    - ✓ Passed
2025-09-24 07:45:38.885 INFO  c.k.k.c.c.internal.VideoRecorderService  - Video recording for test case 'Test Cases/2000_tresult/Return Passed' .
2025-09-24 07:45:38.886 INFO  c.k.katalon.core.main.TestCaseExecutor   - END Test Cases/2000_tresult/Return Passed
2025-09-24 07:45:38.890 INFO  c.k.katalon.core.main.TestCaseExecutor   - --------------------
2025-09-24 07:45:38.890 INFO  c.k.katalon.core.main.TestCaseExecutor   - START Test Cases/2000_tresult/Return Passed
2025-09-24 07:45:38.894 DEBUG testcase.Return Passed                   - 1: markPassed("Passed")
2025-09-24 07:45:38.895 DEBUG com.kms.katalon.core.util.KeywordUtil    - ✓ Passed
2025-09-24 07:45:40.898 INFO  c.k.k.c.c.internal.VideoRecorderService  - Video recording for test case 'Test Cases/2000_tresult/Return Passed' .
2025-09-24 07:45:40.899 INFO  c.k.katalon.core.main.TestCaseExecutor   - END Test Cases/2000_tresult/Return Passed
2025-09-24 07:45:40.900 INFO  c.k.katalon.core.main.TestCaseExecutor   - --------------------
2025-09-24 07:45:40.901 INFO  c.k.katalon.core.main.TestCaseExecutor   - START Test Cases/2000_tresult/Return Passed
2025-09-24 07:45:40.907 DEBUG testcase.Return Passed                   - 1: markPassed("Passed")
2025-09-24 07:45:40.908 DEBUG com.kms.katalon.core.util.KeywordUtil    - ✓ Passed
2025-09-24 07:45:42.911 INFO  c.k.k.c.c.internal.VideoRecorderService  - Video recording for test case 'Test Cases/2000_tresult/Return Passed' .
2025-09-24 07:45:42.911 INFO  c.k.katalon.core.main.TestCaseExecutor   - END Test Cases/2000_tresult/Return Passed
2025-09-24 07:45:42.913 INFO  c.k.katalon.core.main.TestCaseExecutor   - --------------------
2025-09-24 07:45:42.913 INFO  c.k.katalon.core.main.TestCaseExecutor   - START Test Cases/2000_tresult/Return Passed
2025-09-24 07:45:42.924 DEBUG testcase.Return Passed                   - 1: markPassed("Passed")
2025-09-24 07:45:42.924 DEBUG com.kms.katalon.core.util.KeywordUtil    - ✓ Passed
2025-09-24 07:45:44.927 INFO  c.k.k.c.c.internal.VideoRecorderService  - Video recording for test case 'Test Cases/2000_tresult/Return Passed' .
2025-09-24 07:45:44.928 INFO  c.k.katalon.core.main.TestCaseExecutor   - END Test Cases/2000_tresult/Return Passed
2025-09-24 07:45:44.929 INFO  c.k.katalon.core.main.TestCaseExecutor   - --------------------
2025-09-24 07:45:44.930 INFO  c.k.katalon.core.main.TestCaseExecutor   - START Test Cases/2000_tresult/Return Passed
2025-09-24 07:45:44.935 DEBUG testcase.Return Passed                   - 1: markPassed("Passed")
2025-09-24 07:45:44.935 DEBUG com.kms.katalon.core.util.KeywordUtil    - ✓ Passed
2025-09-24 07:45:46.938 INFO  c.k.k.c.c.internal.VideoRecorderService  - Video recording for test case 'Test Cases/2000_tresult/Return Passed' .
2025-09-24 07:45:46.939 INFO  c.k.katalon.core.main.TestCaseExecutor   - END Test Cases/2000_tresult/Return Passed
2025-09-24 07:45:46.940 INFO  c.k.katalon.core.main.TestCaseExecutor   - --------------------
2025-09-24 07:45:46.940 INFO  c.k.katalon.core.main.TestCaseExecutor   - START Test Cases/2000_tresult/Return Passed
2025-09-24 07:45:46.944 DEBUG testcase.Return Passed                   - 1: markPassed("Passed")
2025-09-24 07:45:46.945 DEBUG com.kms.katalon.core.util.KeywordUtil    - ✓ Passed
2025-09-24 07:45:48.948 INFO  c.k.k.c.c.internal.VideoRecorderService  - Video recording for test case 'Test Cases/2000_tresult/Return Passed' .
2025-09-24 07:45:48.948 INFO  c.k.katalon.core.main.TestCaseExecutor   - END Test Cases/2000_tresult/Return Passed
2025-09-24 07:45:48.951 INFO  c.k.katalon.core.main.TestCaseExecutor   - --------------------
2025-09-24 07:45:48.951 INFO  c.k.katalon.core.main.TestCaseExecutor   - START Test Cases/2000_tresult/Return Passed
2025-09-24 07:45:48.956 DEBUG testcase.Return Passed                   - 1: markPassed("Passed")
2025-09-24 07:45:48.956 DEBUG com.kms.katalon.core.util.KeywordUtil    - ✓ Passed
2025-09-24 07:45:50.959 INFO  c.k.k.c.c.internal.VideoRecorderService  - Video recording for test case 'Test Cases/2000_tresult/Return Passed' .
2025-09-24 07:45:50.960 INFO  c.k.katalon.core.main.TestCaseExecutor   - END Test Cases/2000_tresult/Return Passed
2025-09-24 07:45:50.963 INFO  c.k.katalon.core.main.TestCaseExecutor   - --------------------
2025-09-24 07:45:50.963 INFO  c.k.katalon.core.main.TestCaseExecutor   - START Test Cases/2000_tresult/Return Passed
2025-09-24 07:45:50.967 DEBUG testcase.Return Passed                   - 1: markPassed("Passed")
2025-09-24 07:45:50.967 DEBUG com.kms.katalon.core.util.KeywordUtil    - ✓ Passed
2025-09-24 07:45:52.970 INFO  c.k.k.c.c.internal.VideoRecorderService  - Video recording for test case 'Test Cases/2000_tresult/Return Passed' .
2025-09-24 07:45:52.971 INFO  c.k.katalon.core.main.TestCaseExecutor   - END Test Cases/2000_tresult/Return Passed
2025-09-24 07:45:52.973 INFO  c.k.katalon.core.main.TestCaseExecutor   - --------------------
2025-09-24 07:45:52.973 INFO  c.k.katalon.core.main.TestCaseExecutor   - START Test Cases/2000_tresult/Return Passed
2025-09-24 07:45:52.977 DEBUG testcase.Return Passed                   - 1: markPassed("Passed")
2025-09-24 07:45:52.977 DEBUG com.kms.katalon.core.util.KeywordUtil    - ✓ Passed
2025-09-24 07:45:54.980 INFO  c.k.k.c.c.internal.VideoRecorderService  - Video recording for test case 'Test Cases/2000_tresult/Return Passed' .
2025-09-24 07:45:54.981 INFO  c.k.katalon.core.main.TestCaseExecutor   - END Test Cases/2000_tresult/Return Passed
2025-09-24 07:45:54.983 INFO  c.k.katalon.core.main.TestCaseExecutor   - --------------------
2025-09-24 07:45:54.983 INFO  c.k.katalon.core.main.TestCaseExecutor   - START Test Cases/2000_tresult/Return Passed
2025-09-24 07:45:54.986 DEBUG testcase.Return Passed                   - 1: markPassed("Passed")
2025-09-24 07:45:54.987 DEBUG com.kms.katalon.core.util.KeywordUtil    - ✓ Passed
2025-09-24 07:45:56.990 INFO  c.k.k.c.c.internal.VideoRecorderService  - Video recording for test case 'Test Cases/2000_tresult/Return Passed' .
2025-09-24 07:45:56.990 INFO  c.k.katalon.core.main.TestCaseExecutor   - END Test Cases/2000_tresult/Return Passed
2025-09-24 07:45:56.992 INFO  c.k.katalon.core.main.TestCaseExecutor   - --------------------
2025-09-24 07:45:56.992 INFO  c.k.katalon.core.main.TestCaseExecutor   - START Test Cases/2000_tresult/Return Passed
2025-09-24 07:45:56.996 DEBUG testcase.Return Passed                   - 1: markPassed("Passed")
2025-09-24 07:45:56.996 DEBUG com.kms.katalon.core.util.KeywordUtil    - ✓ Passed
2025-09-24 07:45:59.000 INFO  c.k.k.c.c.internal.VideoRecorderService  - Video recording for test case 'Test Cases/2000_tresult/Return Passed' .
2025-09-24 07:45:59.000 INFO  c.k.katalon.core.main.TestCaseExecutor   - END Test Cases/2000_tresult/Return Passed
2025-09-24 07:45:59.002 INFO  c.k.katalon.core.main.TestCaseExecutor   - --------------------
2025-09-24 07:45:59.002 INFO  c.k.katalon.core.main.TestCaseExecutor   - START Test Cases/2000_tresult/Return Passed
2025-09-24 07:45:59.005 DEBUG testcase.Return Passed                   - 1: markPassed("Passed")
2025-09-24 07:45:59.006 DEBUG com.kms.katalon.core.util.KeywordUtil    - ✓ Passed
2025-09-24 07:46:01.009 INFO  c.k.k.c.c.internal.VideoRecorderService  - Video recording for test case 'Test Cases/2000_tresult/Return Passed' .
2025-09-24 07:46:01.009 INFO  c.k.katalon.core.main.TestCaseExecutor   - END Test Cases/2000_tresult/Return Passed
2025-09-24 07:46:01.011 INFO  c.k.katalon.core.main.TestCaseExecutor   - --------------------
2025-09-24 07:46:01.011 INFO  c.k.katalon.core.main.TestCaseExecutor   - START Test Cases/2000_tresult/Return Passed
2025-09-24 07:46:01.015 DEBUG testcase.Return Passed                   - 1: markPassed("Passed")
2025-09-24 07:46:01.015 DEBUG com.kms.katalon.core.util.KeywordUtil    - ✓ Passed
2025-09-24 07:46:03.018 INFO  c.k.k.c.c.internal.VideoRecorderService  - Video recording for test case 'Test Cases/2000_tresult/Return Passed' .
2025-09-24 07:46:03.019 INFO  c.k.katalon.core.main.TestCaseExecutor   - END Test Cases/2000_tresult/Return Passed
2025-09-24 07:46:03.021 INFO  c.k.katalon.core.main.TestCaseExecutor   - --------------------
2025-09-24 07:46:03.021 INFO  c.k.katalon.core.main.TestCaseExecutor   - START Test Cases/2000_tresult/Return Passed
2025-09-24 07:46:03.024 DEBUG testcase.Return Passed                   - 1: markPassed("Passed")
2025-09-24 07:46:03.025 DEBUG com.kms.katalon.core.util.KeywordUtil    - ✓ Passed
2025-09-24 07:46:05.028 INFO  c.k.k.c.c.internal.VideoRecorderService  - Video recording for test case 'Test Cases/2000_tresult/Return Passed' .
2025-09-24 07:46:05.028 INFO  c.k.katalon.core.main.TestCaseExecutor   - END Test Cases/2000_tresult/Return Passed
2025-09-24 07:46:05.031 INFO  c.k.katalon.core.main.TestCaseExecutor   - --------------------
2025-09-24 07:46:05.031 INFO  c.k.katalon.core.main.TestCaseExecutor   - START Test Cases/2000_tresult/Return Passed
2025-09-24 07:46:05.034 DEBUG testcase.Return Passed                   - 1: markPassed("Passed")
2025-09-24 07:46:05.035 DEBUG com.kms.katalon.core.util.KeywordUtil    - ✓ Passed
2025-09-24 07:46:07.038 INFO  c.k.k.c.c.internal.VideoRecorderService  - Video recording for test case 'Test Cases/2000_tresult/Return Passed' .
2025-09-24 07:46:07.038 INFO  c.k.katalon.core.main.TestCaseExecutor   - END Test Cases/2000_tresult/Return Passed
2025-09-24 07:46:07.040 INFO  c.k.katalon.core.main.TestCaseExecutor   - --------------------
2025-09-24 07:46:07.040 INFO  c.k.katalon.core.main.TestCaseExecutor   - START Test Cases/2000_tresult/Return Passed
2025-09-24 07:46:07.048 DEBUG testcase.Return Passed                   - 1: markPassed("Passed")
2025-09-24 07:46:07.048 DEBUG com.kms.katalon.core.util.KeywordUtil    - ✓ Passed
2025-09-24 07:46:09.052 INFO  c.k.k.c.c.internal.VideoRecorderService  - Video recording for test case 'Test Cases/2000_tresult/Return Passed' .
2025-09-24 07:46:09.052 INFO  c.k.katalon.core.main.TestCaseExecutor   - END Test Cases/2000_tresult/Return Passed
2025-09-24 07:46:09.054 INFO  c.k.katalon.core.main.TestCaseExecutor   - --------------------
2025-09-24 07:46:09.054 INFO  c.k.katalon.core.main.TestCaseExecutor   - START Test Cases/2000_tresult/Return Passed
2025-09-24 07:46:09.058 DEBUG testcase.Return Passed                   - 1: markPassed("Passed")
2025-09-24 07:46:09.058 DEBUG com.kms.katalon.core.util.KeywordUtil    - ✓ Passed
2025-09-24 07:46:11.062 INFO  c.k.k.c.c.internal.VideoRecorderService  - Video recording for test case 'Test Cases/2000_tresult/Return Passed' .
2025-09-24 07:46:11.062 INFO  c.k.katalon.core.main.TestCaseExecutor   - END Test Cases/2000_tresult/Return Passed
2025-09-24 07:46:11.065 INFO  c.k.katalon.core.main.TestCaseExecutor   - --------------------
2025-09-24 07:46:11.066 INFO  c.k.katalon.core.main.TestCaseExecutor   - START Test Cases/2000_tresult/Return Passed
2025-09-24 07:46:11.069 DEBUG testcase.Return Passed                   - 1: markPassed("Passed")
2025-09-24 07:46:11.070 DEBUG com.kms.katalon.core.util.KeywordUtil    - ✓ Passed
2025-09-24 07:46:13.073 INFO  c.k.k.c.c.internal.VideoRecorderService  - Video recording for test case 'Test Cases/2000_tresult/Return Passed' .
2025-09-24 07:46:13.073 INFO  c.k.katalon.core.main.TestCaseExecutor   - END Test Cases/2000_tresult/Return Passed
2025-09-24 07:46:13.077 INFO  c.k.katalon.core.main.TestCaseExecutor   - --------------------
2025-09-24 07:46:13.077 INFO  c.k.katalon.core.main.TestCaseExecutor   - START Test Cases/2000_tresult/Return Passed
2025-09-24 07:46:13.081 DEBUG testcase.Return Passed                   - 1: markPassed("Passed")
2025-09-24 07:46:13.082 DEBUG com.kms.katalon.core.util.KeywordUtil    - ✓ Passed
2025-09-24 07:46:15.085 INFO  c.k.k.c.c.internal.VideoRecorderService  - Video recording for test case 'Test Cases/2000_tresult/Return Passed' .
2025-09-24 07:46:15.085 INFO  c.k.katalon.core.main.TestCaseExecutor   - END Test Cases/2000_tresult/Return Passed
2025-09-24 07:46:15.087 INFO  c.k.katalon.core.main.TestCaseExecutor   - --------------------
2025-09-24 07:46:15.087 INFO  c.k.katalon.core.main.TestCaseExecutor   - START Test Cases/2000_tresult/Return Passed
2025-09-24 07:46:15.092 DEBUG testcase.Return Passed                   - 1: markPassed("Passed")
2025-09-24 07:46:15.092 DEBUG com.kms.katalon.core.util.KeywordUtil    - ✓ Passed
2025-09-24 07:46:17.095 INFO  c.k.k.c.c.internal.VideoRecorderService  - Video recording for test case 'Test Cases/2000_tresult/Return Passed' .
2025-09-24 07:46:17.096 INFO  c.k.katalon.core.main.TestCaseExecutor   - END Test Cases/2000_tresult/Return Passed
2025-09-24 07:46:17.097 INFO  c.k.katalon.core.main.TestCaseExecutor   - --------------------
2025-09-24 07:46:17.097 INFO  c.k.katalon.core.main.TestCaseExecutor   - START Test Cases/2000_tresult/Return Passed
2025-09-24 07:46:17.102 DEBUG testcase.Return Passed                   - 1: markPassed("Passed")
2025-09-24 07:46:17.103 DEBUG com.kms.katalon.core.util.KeywordUtil    - ✓ Passed
2025-09-24 07:46:19.106 INFO  c.k.k.c.c.internal.VideoRecorderService  - Video recording for test case 'Test Cases/2000_tresult/Return Passed' .
2025-09-24 07:46:19.107 INFO  c.k.katalon.core.main.TestCaseExecutor   - END Test Cases/2000_tresult/Return Passed
2025-09-24 07:46:19.110 INFO  c.k.katalon.core.main.TestCaseExecutor   - --------------------
2025-09-24 07:46:19.110 INFO  c.k.katalon.core.main.TestCaseExecutor   - START Test Cases/2000_tresult/Return Passed
2025-09-24 07:46:19.115 DEBUG testcase.Return Passed                   - 1: markPassed("Passed")
2025-09-24 07:46:19.115 DEBUG com.kms.katalon.core.util.KeywordUtil    - ✓ Passed
2025-09-24 07:46:21.118 INFO  c.k.k.c.c.internal.VideoRecorderService  - Video recording for test case 'Test Cases/2000_tresult/Return Passed' .
2025-09-24 07:46:21.118 INFO  c.k.katalon.core.main.TestCaseExecutor   - END Test Cases/2000_tresult/Return Passed
2025-09-24 07:46:21.120 INFO  c.k.katalon.core.main.TestCaseExecutor   - --------------------
2025-09-24 07:46:21.120 INFO  c.k.katalon.core.main.TestCaseExecutor   - START Test Cases/2000_tresult/Return Passed
2025-09-24 07:46:21.125 DEBUG testcase.Return Passed                   - 1: markPassed("Passed")
2025-09-24 07:46:21.125 DEBUG com.kms.katalon.core.util.KeywordUtil    - ✓ Passed
2025-09-24 07:46:23.128 INFO  c.k.k.c.c.internal.VideoRecorderService  - Video recording for test case 'Test Cases/2000_tresult/Return Passed' .
2025-09-24 07:46:23.128 INFO  c.k.katalon.core.main.TestCaseExecutor   - END Test Cases/2000_tresult/Return Passed
2025-09-24 07:46:23.130 INFO  c.k.katalon.core.main.TestCaseExecutor   - --------------------
2025-09-24 07:46:23.130 INFO  c.k.katalon.core.main.TestCaseExecutor   - START Test Cases/2000_tresult/Return Passed
2025-09-24 07:46:23.134 DEBUG testcase.Return Passed                   - 1: markPassed("Passed")
2025-09-24 07:46:23.134 DEBUG com.kms.katalon.core.util.KeywordUtil    - ✓ Passed
2025-09-24 07:46:25.137 INFO  c.k.k.c.c.internal.VideoRecorderService  - Video recording for test case 'Test Cases/2000_tresult/Return Passed' .
2025-09-24 07:46:25.138 INFO  c.k.katalon.core.main.TestCaseExecutor   - END Test Cases/2000_tresult/Return Passed
2025-09-24 07:46:25.139 INFO  c.k.katalon.core.main.TestCaseExecutor   - --------------------
2025-09-24 07:46:25.139 INFO  c.k.katalon.core.main.TestCaseExecutor   - START Test Cases/2000_tresult/Return Passed
2025-09-24 07:46:25.143 DEBUG testcase.Return Passed                   - 1: markPassed("Passed")
2025-09-24 07:46:25.144 DEBUG com.kms.katalon.core.util.KeywordUtil    - ✓ Passed
2025-09-24 07:46:27.147 INFO  c.k.k.c.c.internal.VideoRecorderService  - Video recording for test case 'Test Cases/2000_tresult/Return Passed' .
2025-09-24 07:46:27.147 INFO  c.k.katalon.core.main.TestCaseExecutor   - END Test Cases/2000_tresult/Return Passed
2025-09-24 07:46:27.149 INFO  c.k.katalon.core.main.TestCaseExecutor   - --------------------
2025-09-24 07:46:27.149 INFO  c.k.katalon.core.main.TestCaseExecutor   - START Test Cases/2000_tresult/Return Passed
2025-09-24 07:46:27.154 DEBUG testcase.Return Passed                   - 1: markPassed("Passed")
2025-09-24 07:46:27.154 DEBUG com.kms.katalon.core.util.KeywordUtil    - ✓ Passed
2025-09-24 07:46:29.157 INFO  c.k.k.c.c.internal.VideoRecorderService  - Video recording for test case 'Test Cases/2000_tresult/Return Passed' .
2025-09-24 07:46:29.158 INFO  c.k.katalon.core.main.TestCaseExecutor   - END Test Cases/2000_tresult/Return Passed
2025-09-24 07:46:29.159 INFO  c.k.katalon.core.main.TestCaseExecutor   - --------------------
2025-09-24 07:46:29.159 INFO  c.k.katalon.core.main.TestCaseExecutor   - START Test Cases/2000_tresult/Return Passed
2025-09-24 07:46:29.163 DEBUG testcase.Return Passed                   - 1: markPassed("Passed")
2025-09-24 07:46:29.163 DEBUG com.kms.katalon.core.util.KeywordUtil    - ✓ Passed
2025-09-24 07:46:31.166 INFO  c.k.k.c.c.internal.VideoRecorderService  - Video recording for test case 'Test Cases/2000_tresult/Return Passed' .
2025-09-24 07:46:31.167 INFO  c.k.katalon.core.main.TestCaseExecutor   - END Test Cases/2000_tresult/Return Passed
2025-09-24 07:46:31.169 INFO  c.k.katalon.core.main.TestCaseExecutor   - --------------------
2025-09-24 07:46:31.169 INFO  c.k.katalon.core.main.TestCaseExecutor   - START Test Cases/2000_tresult/Return Passed
2025-09-24 07:46:31.173 DEBUG testcase.Return Passed                   - 1: markPassed("Passed")
2025-09-24 07:46:31.173 DEBUG com.kms.katalon.core.util.KeywordUtil    - ✓ Passed
2025-09-24 07:46:33.176 INFO  c.k.k.c.c.internal.VideoRecorderService  - Video recording for test case 'Test Cases/2000_tresult/Return Passed' .
2025-09-24 07:46:33.177 INFO  c.k.katalon.core.main.TestCaseExecutor   - END Test Cases/2000_tresult/Return Passed
2025-09-24 07:46:33.179 INFO  c.k.katalon.core.main.TestCaseExecutor   - --------------------
2025-09-24 07:46:33.179 INFO  c.k.katalon.core.main.TestCaseExecutor   - START Test Cases/2000_tresult/Return Passed
2025-09-24 07:46:33.184 DEBUG testcase.Return Passed                   - 1: markPassed("Passed")
2025-09-24 07:46:33.184 DEBUG com.kms.katalon.core.util.KeywordUtil    - ✓ Passed
2025-09-24 07:46:35.187 INFO  c.k.k.c.c.internal.VideoRecorderService  - Video recording for test case 'Test Cases/2000_tresult/Return Passed' .
2025-09-24 07:46:35.188 INFO  c.k.katalon.core.main.TestCaseExecutor   - END Test Cases/2000_tresult/Return Passed
2025-09-24 07:46:35.189 INFO  c.k.katalon.core.main.TestCaseExecutor   - --------------------
2025-09-24 07:46:35.190 INFO  c.k.katalon.core.main.TestCaseExecutor   - START Test Cases/2000_tresult/Return Passed
2025-09-24 07:46:35.194 DEBUG testcase.Return Passed                   - 1: markPassed("Passed")
2025-09-24 07:46:35.194 DEBUG com.kms.katalon.core.util.KeywordUtil    - ✓ Passed
2025-09-24 07:46:37.197 INFO  c.k.k.c.c.internal.VideoRecorderService  - Video recording for test case 'Test Cases/2000_tresult/Return Passed' .
2025-09-24 07:46:37.198 INFO  c.k.katalon.core.main.TestCaseExecutor   - END Test Cases/2000_tresult/Return Passed
2025-09-24 07:46:37.200 INFO  c.k.katalon.core.main.TestCaseExecutor   - --------------------
2025-09-24 07:46:37.200 INFO  c.k.katalon.core.main.TestCaseExecutor   - START Test Cases/2000_tresult/Return Passed
2025-09-24 07:46:37.204 DEBUG testcase.Return Passed                   - 1: markPassed("Passed")
2025-09-24 07:46:37.204 DEBUG com.kms.katalon.core.util.KeywordUtil    - ✓ Passed
2025-09-24 07:46:39.207 INFO  c.k.k.c.c.internal.VideoRecorderService  - Video recording for test case 'Test Cases/2000_tresult/Return Passed' .
2025-09-24 07:46:39.208 INFO  c.k.katalon.core.main.TestCaseExecutor   - END Test Cases/2000_tresult/Return Passed
2025-09-24 07:46:39.209 INFO  c.k.katalon.core.main.TestCaseExecutor   - --------------------
2025-09-24 07:46:39.210 INFO  c.k.katalon.core.main.TestCaseExecutor   - START Test Cases/2000_tresult/Return Passed
2025-09-24 07:46:39.213 DEBUG testcase.Return Passed                   - 1: markPassed("Passed")
2025-09-24 07:46:39.213 DEBUG com.kms.katalon.core.util.KeywordUtil    - ✓ Passed
2025-09-24 07:46:41.217 INFO  c.k.k.c.c.internal.VideoRecorderService  - Video recording for test case 'Test Cases/2000_tresult/Return Passed' .
2025-09-24 07:46:41.217 INFO  c.k.katalon.core.main.TestCaseExecutor   - END Test Cases/2000_tresult/Return Passed
2025-09-24 07:46:41.218 INFO  c.k.katalon.core.main.TestCaseExecutor   - --------------------
2025-09-24 07:46:41.219 INFO  c.k.katalon.core.main.TestCaseExecutor   - START Test Cases/2000_tresult/Return Passed
2025-09-24 07:46:41.222 DEBUG testcase.Return Passed                   - 1: markPassed("Passed")
2025-09-24 07:46:41.223 DEBUG com.kms.katalon.core.util.KeywordUtil    - ✓ Passed
2025-09-24 07:46:43.226 INFO  c.k.k.c.c.internal.VideoRecorderService  - Video recording for test case 'Test Cases/2000_tresult/Return Passed' .
2025-09-24 07:46:43.226 INFO  c.k.katalon.core.main.TestCaseExecutor   - END Test Cases/2000_tresult/Return Passed
2025-09-24 07:46:43.228 INFO  c.k.katalon.core.main.TestCaseExecutor   - --------------------
2025-09-24 07:46:43.228 INFO  c.k.katalon.core.main.TestCaseExecutor   - START Test Cases/2000_tresult/Return Passed
2025-09-24 07:46:43.231 DEBUG testcase.Return Passed                   - 1: markPassed("Passed")
2025-09-24 07:46:43.232 DEBUG com.kms.katalon.core.util.KeywordUtil    - ✓ Passed
2025-09-24 07:46:45.235 INFO  c.k.k.c.c.internal.VideoRecorderService  - Video recording for test case 'Test Cases/2000_tresult/Return Passed' .
2025-09-24 07:46:45.235 INFO  c.k.katalon.core.main.TestCaseExecutor   - END Test Cases/2000_tresult/Return Passed
2025-09-24 07:46:45.237 INFO  c.k.katalon.core.main.TestCaseExecutor   - --------------------
2025-09-24 07:46:45.237 INFO  c.k.katalon.core.main.TestCaseExecutor   - START Test Cases/2000_tresult/Return Passed
2025-09-24 07:46:45.240 DEBUG testcase.Return Passed                   - 1: markPassed("Passed")
2025-09-24 07:46:45.241 DEBUG com.kms.katalon.core.util.KeywordUtil    - ✓ Passed
2025-09-24 07:46:47.244 INFO  c.k.k.c.c.internal.VideoRecorderService  - Video recording for test case 'Test Cases/2000_tresult/Return Passed' .
2025-09-24 07:46:47.244 INFO  c.k.katalon.core.main.TestCaseExecutor   - END Test Cases/2000_tresult/Return Passed
2025-09-24 07:46:47.245 INFO  c.k.katalon.core.main.TestCaseExecutor   - --------------------
2025-09-24 07:46:47.246 INFO  c.k.katalon.core.main.TestCaseExecutor   - START Test Cases/2000_tresult/Return Passed
2025-09-24 07:46:47.249 DEBUG testcase.Return Passed                   - 1: markPassed("Passed")
2025-09-24 07:46:47.249 DEBUG com.kms.katalon.core.util.KeywordUtil    - ✓ Passed
2025-09-24 07:46:49.252 INFO  c.k.k.c.c.internal.VideoRecorderService  - Video recording for test case 'Test Cases/2000_tresult/Return Passed' .
2025-09-24 07:46:49.252 INFO  c.k.katalon.core.main.TestCaseExecutor   - END Test Cases/2000_tresult/Return Passed
2025-09-24 07:46:49.254 INFO  c.k.katalon.core.main.TestCaseExecutor   - --------------------
2025-09-24 07:46:49.254 INFO  c.k.katalon.core.main.TestCaseExecutor   - START Test Cases/2000_tresult/Return Passed
2025-09-24 07:46:49.257 DEBUG testcase.Return Passed                   - 1: markPassed("Passed")
2025-09-24 07:46:49.258 DEBUG com.kms.katalon.core.util.KeywordUtil    - ✓ Passed
2025-09-24 07:46:51.261 INFO  c.k.k.c.c.internal.VideoRecorderService  - Video recording for test case 'Test Cases/2000_tresult/Return Passed' .
2025-09-24 07:46:51.261 INFO  c.k.katalon.core.main.TestCaseExecutor   - END Test Cases/2000_tresult/Return Passed
2025-09-24 07:46:51.263 INFO  c.k.katalon.core.main.TestCaseExecutor   - --------------------
2025-09-24 07:46:51.263 INFO  c.k.katalon.core.main.TestCaseExecutor   - START Test Cases/2000_tresult/Return Passed
2025-09-24 07:46:51.266 DEBUG testcase.Return Passed                   - 1: markPassed("Passed")
2025-09-24 07:46:51.266 DEBUG com.kms.katalon.core.util.KeywordUtil    - ✓ Passed
2025-09-24 07:46:53.270 INFO  c.k.k.c.c.internal.VideoRecorderService  - Video recording for test case 'Test Cases/2000_tresult/Return Passed' .
2025-09-24 07:46:53.271 INFO  c.k.katalon.core.main.TestCaseExecutor   - END Test Cases/2000_tresult/Return Passed
2025-09-24 07:46:53.272 INFO  c.k.katalon.core.main.TestCaseExecutor   - --------------------
2025-09-24 07:46:53.272 INFO  c.k.katalon.core.main.TestCaseExecutor   - START Test Cases/2000_tresult/Return Passed
2025-09-24 07:46:53.275 DEBUG testcase.Return Passed                   - 1: markPassed("Passed")
2025-09-24 07:46:53.276 DEBUG com.kms.katalon.core.util.KeywordUtil    - ✓ Passed
2025-09-24 07:46:55.279 INFO  c.k.k.c.c.internal.VideoRecorderService  - Video recording for test case 'Test Cases/2000_tresult/Return Passed' .
2025-09-24 07:46:55.279 INFO  c.k.katalon.core.main.TestCaseExecutor   - END Test Cases/2000_tresult/Return Passed
2025-09-24 07:46:55.281 INFO  c.k.katalon.core.main.TestCaseExecutor   - --------------------
2025-09-24 07:46:55.281 INFO  c.k.katalon.core.main.TestCaseExecutor   - START Test Cases/2000_tresult/Return Passed
2025-09-24 07:46:55.284 DEBUG testcase.Return Passed                   - 1: markPassed("Passed")
2025-09-24 07:46:55.284 DEBUG com.kms.katalon.core.util.KeywordUtil    - ✓ Passed
2025-09-24 07:46:57.287 INFO  c.k.k.c.c.internal.VideoRecorderService  - Video recording for test case 'Test Cases/2000_tresult/Return Passed' .
2025-09-24 07:46:57.288 INFO  c.k.katalon.core.main.TestCaseExecutor   - END Test Cases/2000_tresult/Return Passed
2025-09-24 07:46:57.289 INFO  c.k.katalon.core.main.TestCaseExecutor   - --------------------
2025-09-24 07:46:57.289 INFO  c.k.katalon.core.main.TestCaseExecutor   - START Test Cases/2000_tresult/Return Passed
2025-09-24 07:46:57.293 DEBUG testcase.Return Passed                   - 1: markPassed("Passed")
2025-09-24 07:46:57.293 DEBUG com.kms.katalon.core.util.KeywordUtil    - ✓ Passed
2025-09-24 07:46:59.296 INFO  c.k.k.c.c.internal.VideoRecorderService  - Video recording for test case 'Test Cases/2000_tresult/Return Passed' .
2025-09-24 07:46:59.296 INFO  c.k.katalon.core.main.TestCaseExecutor   - END Test Cases/2000_tresult/Return Passed
2025-09-24 07:46:59.298 INFO  c.k.katalon.core.main.TestCaseExecutor   - --------------------
2025-09-24 07:46:59.298 INFO  c.k.katalon.core.main.TestCaseExecutor   - START Test Cases/2000_tresult/Return Passed
2025-09-24 07:46:59.302 DEBUG testcase.Return Passed                   - 1: markPassed("Passed")
2025-09-24 07:46:59.302 DEBUG com.kms.katalon.core.util.KeywordUtil    - ✓ Passed
2025-09-24 07:47:01.305 INFO  c.k.k.c.c.internal.VideoRecorderService  - Video recording for test case 'Test Cases/2000_tresult/Return Passed' .
2025-09-24 07:47:01.306 INFO  c.k.katalon.core.main.TestCaseExecutor   - END Test Cases/2000_tresult/Return Passed
2025-09-24 07:47:01.308 INFO  c.k.katalon.core.main.TestCaseExecutor   - --------------------
2025-09-24 07:47:01.308 INFO  c.k.katalon.core.main.TestCaseExecutor   - START Test Cases/2000_tresult/Return Passed
2025-09-24 07:47:01.312 DEBUG testcase.Return Passed                   - 1: markPassed("Passed")
2025-09-24 07:47:01.312 DEBUG com.kms.katalon.core.util.KeywordUtil    - ✓ Passed
2025-09-24 07:47:03.315 INFO  c.k.k.c.c.internal.VideoRecorderService  - Video recording for test case 'Test Cases/2000_tresult/Return Passed' .
2025-09-24 07:47:03.315 INFO  c.k.katalon.core.main.TestCaseExecutor   - END Test Cases/2000_tresult/Return Passed
2025-09-24 07:47:03.317 INFO  c.k.katalon.core.main.TestCaseExecutor   - --------------------
2025-09-24 07:47:03.317 INFO  c.k.katalon.core.main.TestCaseExecutor   - START Test Cases/2000_tresult/Return Passed
2025-09-24 07:47:03.322 DEBUG testcase.Return Passed                   - 1: markPassed("Passed")
2025-09-24 07:47:03.322 DEBUG com.kms.katalon.core.util.KeywordUtil    - ✓ Passed
2025-09-24 07:47:05.326 INFO  c.k.k.c.c.internal.VideoRecorderService  - Video recording for test case 'Test Cases/2000_tresult/Return Passed' .
2025-09-24 07:47:05.326 INFO  c.k.katalon.core.main.TestCaseExecutor   - END Test Cases/2000_tresult/Return Passed
2025-09-24 07:47:05.328 INFO  c.k.katalon.core.main.TestCaseExecutor   - --------------------
2025-09-24 07:47:05.328 INFO  c.k.katalon.core.main.TestCaseExecutor   - START Test Cases/2000_tresult/Return Passed
2025-09-24 07:47:05.331 DEBUG testcase.Return Passed                   - 1: markPassed("Passed")
2025-09-24 07:47:05.331 DEBUG com.kms.katalon.core.util.KeywordUtil    - ✓ Passed
2025-09-24 07:47:07.334 INFO  c.k.k.c.c.internal.VideoRecorderService  - Video recording for test case 'Test Cases/2000_tresult/Return Passed' .
2025-09-24 07:47:07.335 INFO  c.k.katalon.core.main.TestCaseExecutor   - END Test Cases/2000_tresult/Return Passed
2025-09-24 07:47:07.353 INFO  c.k.katalon.core.main.TestSuiteExecutor  - --------------------
2025-09-24 07:47:07.353 INFO  c.k.katalon.core.main.TestSuiteExecutor  - END Test Suites/100_tc
2025-09-24 07:47:07.353 INFO  c.k.katalon.core.main.TestSuiteExecutor  - ====================
