2025-09-24 04:51:07.785 INFO  c.k.katalon.core.main.TestSuiteExecutor  - START Test Suites/100_tc
2025-09-24 04:51:07.834 INFO  c.k.katalon.core.main.TestSuiteExecutor  - userFullName = Man Hua
2025-09-24 04:51:07.835 INFO  c.k.katalon.core.main.TestSuiteExecutor  - projectName = Demo-Bulk-Operation
2025-09-24 04:51:07.836 INFO  c.k.katalon.core.main.TestSuiteExecutor  - hostName = agent - 14475linalllatest-778570-katalon-agent-qkjpz
2025-09-24 04:51:07.841 INFO  c.k.katalon.core.main.TestSuiteExecutor  - os = Linux 64bit
2025-09-24 04:51:07.843 INFO  c.k.katalon.core.main.TestSuiteExecutor  - hostAddress = 10.10.9.66
2025-09-24 04:51:07.851 INFO  c.k.katalon.core.main.TestSuiteExecutor  - katalonVersion = 10.3.1.0
2025-09-24 04:51:08.288 INFO  c.k.katalon.core.main.TestCaseExecutor   - --------------------
2025-09-24 04:51:08.289 INFO  c.k.katalon.core.main.TestCaseExecutor   - START Test Cases/2000_tresult/Return Passed
2025-09-24 04:51:08.474 DEBUG testcase.Return Passed                   - 1: markPassed("Passed")
2025-09-24 04:51:08.481 DEBUG com.kms.katalon.core.util.KeywordUtil    - ✓ Passed
2025-09-24 04:51:10.503 INFO  c.k.k.c.c.internal.VideoRecorderService  - Video recording for test case 'Test Cases/2000_tresult/Return Passed' .
2025-09-24 04:51:10.504 INFO  c.k.katalon.core.main.TestCaseExecutor   - END Test Cases/2000_tresult/Return Passed
2025-09-24 04:51:10.508 INFO  c.k.katalon.core.main.TestCaseExecutor   - --------------------
2025-09-24 04:51:10.508 INFO  c.k.katalon.core.main.TestCaseExecutor   - START Test Cases/2000_tresult/Return Passed
2025-09-24 04:51:10.518 DEBUG testcase.Return Passed                   - 1: markPassed("Passed")
2025-09-24 04:51:10.519 DEBUG com.kms.katalon.core.util.KeywordUtil    - ✓ Passed
2025-09-24 04:51:12.524 INFO  c.k.k.c.c.internal.VideoRecorderService  - Video recording for test case 'Test Cases/2000_tresult/Return Passed' .
2025-09-24 04:51:12.526 INFO  c.k.katalon.core.main.TestCaseExecutor   - END Test Cases/2000_tresult/Return Passed
2025-09-24 04:51:12.529 INFO  c.k.katalon.core.main.TestCaseExecutor   - --------------------
2025-09-24 04:51:12.529 INFO  c.k.katalon.core.main.TestCaseExecutor   - START Test Cases/2000_tresult/Return Passed
2025-09-24 04:51:12.541 DEBUG testcase.Return Passed                   - 1: markPassed("Passed")
2025-09-24 04:51:12.542 DEBUG com.kms.katalon.core.util.KeywordUtil    - ✓ Passed
2025-09-24 04:51:14.547 INFO  c.k.k.c.c.internal.VideoRecorderService  - Video recording for test case 'Test Cases/2000_tresult/Return Passed' .
2025-09-24 04:51:14.549 INFO  c.k.katalon.core.main.TestCaseExecutor   - END Test Cases/2000_tresult/Return Passed
2025-09-24 04:51:14.551 INFO  c.k.katalon.core.main.TestCaseExecutor   - --------------------
2025-09-24 04:51:14.551 INFO  c.k.katalon.core.main.TestCaseExecutor   - START Test Cases/2000_tresult/Return Passed
2025-09-24 04:51:14.558 DEBUG testcase.Return Passed                   - 1: markPassed("Passed")
2025-09-24 04:51:14.558 DEBUG com.kms.katalon.core.util.KeywordUtil    - ✓ Passed
2025-09-24 04:51:16.564 INFO  c.k.k.c.c.internal.VideoRecorderService  - Video recording for test case 'Test Cases/2000_tresult/Return Passed' .
2025-09-24 04:51:16.566 INFO  c.k.katalon.core.main.TestCaseExecutor   - END Test Cases/2000_tresult/Return Passed
2025-09-24 04:51:16.568 INFO  c.k.katalon.core.main.TestCaseExecutor   - --------------------
2025-09-24 04:51:16.569 INFO  c.k.katalon.core.main.TestCaseExecutor   - START Test Cases/2000_tresult/Return Passed
2025-09-24 04:51:16.577 DEBUG testcase.Return Passed                   - 1: markPassed("Passed")
2025-09-24 04:51:16.577 DEBUG com.kms.katalon.core.util.KeywordUtil    - ✓ Passed
2025-09-24 04:51:18.582 INFO  c.k.k.c.c.internal.VideoRecorderService  - Video recording for test case 'Test Cases/2000_tresult/Return Passed' .
2025-09-24 04:51:18.583 INFO  c.k.katalon.core.main.TestCaseExecutor   - END Test Cases/2000_tresult/Return Passed
2025-09-24 04:51:18.585 INFO  c.k.katalon.core.main.TestCaseExecutor   - --------------------
2025-09-24 04:51:18.585 INFO  c.k.katalon.core.main.TestCaseExecutor   - START Test Cases/2000_tresult/Return Passed
2025-09-24 04:51:18.592 DEBUG testcase.Return Passed                   - 1: markPassed("Passed")
2025-09-24 04:51:18.593 DEBUG com.kms.katalon.core.util.KeywordUtil    - ✓ Passed
2025-09-24 04:51:20.597 INFO  c.k.k.c.c.internal.VideoRecorderService  - Video recording for test case 'Test Cases/2000_tresult/Return Passed' .
2025-09-24 04:51:20.598 INFO  c.k.katalon.core.main.TestCaseExecutor   - END Test Cases/2000_tresult/Return Passed
2025-09-24 04:51:20.601 INFO  c.k.katalon.core.main.TestCaseExecutor   - --------------------
2025-09-24 04:51:20.602 INFO  c.k.katalon.core.main.TestCaseExecutor   - START Test Cases/2000_tresult/Return Passed
2025-09-24 04:51:20.608 DEBUG testcase.Return Passed                   - 1: markPassed("Passed")
2025-09-24 04:51:20.608 DEBUG com.kms.katalon.core.util.KeywordUtil    - ✓ Passed
2025-09-24 04:51:22.613 INFO  c.k.k.c.c.internal.VideoRecorderService  - Video recording for test case 'Test Cases/2000_tresult/Return Passed' .
2025-09-24 04:51:22.614 INFO  c.k.katalon.core.main.TestCaseExecutor   - END Test Cases/2000_tresult/Return Passed
2025-09-24 04:51:22.617 INFO  c.k.katalon.core.main.TestCaseExecutor   - --------------------
2025-09-24 04:51:22.618 INFO  c.k.katalon.core.main.TestCaseExecutor   - START Test Cases/2000_tresult/Return Passed
2025-09-24 04:51:22.623 DEBUG testcase.Return Passed                   - 1: markPassed("Passed")
2025-09-24 04:51:22.624 DEBUG com.kms.katalon.core.util.KeywordUtil    - ✓ Passed
2025-09-24 04:51:24.628 INFO  c.k.k.c.c.internal.VideoRecorderService  - Video recording for test case 'Test Cases/2000_tresult/Return Passed' .
2025-09-24 04:51:24.629 INFO  c.k.katalon.core.main.TestCaseExecutor   - END Test Cases/2000_tresult/Return Passed
2025-09-24 04:51:24.632 INFO  c.k.katalon.core.main.TestCaseExecutor   - --------------------
2025-09-24 04:51:24.632 INFO  c.k.katalon.core.main.TestCaseExecutor   - START Test Cases/2000_tresult/Return Passed
2025-09-24 04:51:24.651 DEBUG testcase.Return Passed                   - 1: markPassed("Passed")
2025-09-24 04:51:24.652 DEBUG com.kms.katalon.core.util.KeywordUtil    - ✓ Passed
2025-09-24 04:51:26.656 INFO  c.k.k.c.c.internal.VideoRecorderService  - Video recording for test case 'Test Cases/2000_tresult/Return Passed' .
2025-09-24 04:51:26.657 INFO  c.k.katalon.core.main.TestCaseExecutor   - END Test Cases/2000_tresult/Return Passed
2025-09-24 04:51:26.660 INFO  c.k.katalon.core.main.TestCaseExecutor   - --------------------
2025-09-24 04:51:26.660 INFO  c.k.katalon.core.main.TestCaseExecutor   - START Test Cases/2000_tresult/Return Passed
2025-09-24 04:51:26.667 DEBUG testcase.Return Passed                   - 1: markPassed("Passed")
2025-09-24 04:51:26.668 DEBUG com.kms.katalon.core.util.KeywordUtil    - ✓ Passed
2025-09-24 04:51:28.675 INFO  c.k.k.c.c.internal.VideoRecorderService  - Video recording for test case 'Test Cases/2000_tresult/Return Passed' .
2025-09-24 04:51:28.676 INFO  c.k.katalon.core.main.TestCaseExecutor   - END Test Cases/2000_tresult/Return Passed
2025-09-24 04:51:28.679 INFO  c.k.katalon.core.main.TestCaseExecutor   - --------------------
2025-09-24 04:51:28.679 INFO  c.k.katalon.core.main.TestCaseExecutor   - START Test Cases/2000_tresult/Return Passed
2025-09-24 04:51:28.690 DEBUG testcase.Return Passed                   - 1: markPassed("Passed")
2025-09-24 04:51:28.691 DEBUG com.kms.katalon.core.util.KeywordUtil    - ✓ Passed
2025-09-24 04:51:30.695 INFO  c.k.k.c.c.internal.VideoRecorderService  - Video recording for test case 'Test Cases/2000_tresult/Return Passed' .
2025-09-24 04:51:30.695 INFO  c.k.katalon.core.main.TestCaseExecutor   - END Test Cases/2000_tresult/Return Passed
2025-09-24 04:51:30.697 INFO  c.k.katalon.core.main.TestCaseExecutor   - --------------------
2025-09-24 04:51:30.698 INFO  c.k.katalon.core.main.TestCaseExecutor   - START Test Cases/2000_tresult/Return Passed
2025-09-24 04:51:30.704 DEBUG testcase.Return Passed                   - 1: markPassed("Passed")
2025-09-24 04:51:30.705 DEBUG com.kms.katalon.core.util.KeywordUtil    - ✓ Passed
2025-09-24 04:51:32.709 INFO  c.k.k.c.c.internal.VideoRecorderService  - Video recording for test case 'Test Cases/2000_tresult/Return Passed' .
2025-09-24 04:51:32.709 INFO  c.k.katalon.core.main.TestCaseExecutor   - END Test Cases/2000_tresult/Return Passed
2025-09-24 04:51:32.712 INFO  c.k.katalon.core.main.TestCaseExecutor   - --------------------
2025-09-24 04:51:32.712 INFO  c.k.katalon.core.main.TestCaseExecutor   - START Test Cases/2000_tresult/Return Passed
2025-09-24 04:51:32.718 DEBUG testcase.Return Passed                   - 1: markPassed("Passed")
2025-09-24 04:51:32.719 DEBUG com.kms.katalon.core.util.KeywordUtil    - ✓ Passed
2025-09-24 04:51:34.723 INFO  c.k.k.c.c.internal.VideoRecorderService  - Video recording for test case 'Test Cases/2000_tresult/Return Passed' .
2025-09-24 04:51:34.724 INFO  c.k.katalon.core.main.TestCaseExecutor   - END Test Cases/2000_tresult/Return Passed
2025-09-24 04:51:34.731 INFO  c.k.katalon.core.main.TestCaseExecutor   - --------------------
2025-09-24 04:51:34.731 INFO  c.k.katalon.core.main.TestCaseExecutor   - START Test Cases/2000_tresult/Return Passed
2025-09-24 04:51:34.739 DEBUG testcase.Return Passed                   - 1: markPassed("Passed")
2025-09-24 04:51:34.739 DEBUG com.kms.katalon.core.util.KeywordUtil    - ✓ Passed
2025-09-24 04:51:36.743 INFO  c.k.k.c.c.internal.VideoRecorderService  - Video recording for test case 'Test Cases/2000_tresult/Return Passed' .
2025-09-24 04:51:36.744 INFO  c.k.katalon.core.main.TestCaseExecutor   - END Test Cases/2000_tresult/Return Passed
2025-09-24 04:51:36.747 INFO  c.k.katalon.core.main.TestCaseExecutor   - --------------------
2025-09-24 04:51:36.747 INFO  c.k.katalon.core.main.TestCaseExecutor   - START Test Cases/2000_tresult/Return Passed
2025-09-24 04:51:36.753 DEBUG testcase.Return Passed                   - 1: markPassed("Passed")
2025-09-24 04:51:36.753 DEBUG com.kms.katalon.core.util.KeywordUtil    - ✓ Passed
2025-09-24 04:51:38.758 INFO  c.k.k.c.c.internal.VideoRecorderService  - Video recording for test case 'Test Cases/2000_tresult/Return Passed' .
2025-09-24 04:51:38.759 INFO  c.k.katalon.core.main.TestCaseExecutor   - END Test Cases/2000_tresult/Return Passed
2025-09-24 04:51:38.762 INFO  c.k.katalon.core.main.TestCaseExecutor   - --------------------
2025-09-24 04:51:38.762 INFO  c.k.katalon.core.main.TestCaseExecutor   - START Test Cases/2000_tresult/Return Passed
2025-09-24 04:51:38.768 DEBUG testcase.Return Passed                   - 1: markPassed("Passed")
2025-09-24 04:51:38.768 DEBUG com.kms.katalon.core.util.KeywordUtil    - ✓ Passed
2025-09-24 04:51:40.772 INFO  c.k.k.c.c.internal.VideoRecorderService  - Video recording for test case 'Test Cases/2000_tresult/Return Passed' .
2025-09-24 04:51:40.773 INFO  c.k.katalon.core.main.TestCaseExecutor   - END Test Cases/2000_tresult/Return Passed
2025-09-24 04:51:40.776 INFO  c.k.katalon.core.main.TestCaseExecutor   - --------------------
2025-09-24 04:51:40.776 INFO  c.k.katalon.core.main.TestCaseExecutor   - START Test Cases/2000_tresult/Return Passed
2025-09-24 04:51:40.781 DEBUG testcase.Return Passed                   - 1: markPassed("Passed")
2025-09-24 04:51:40.782 DEBUG com.kms.katalon.core.util.KeywordUtil    - ✓ Passed
2025-09-24 04:51:42.786 INFO  c.k.k.c.c.internal.VideoRecorderService  - Video recording for test case 'Test Cases/2000_tresult/Return Passed' .
2025-09-24 04:51:42.787 INFO  c.k.katalon.core.main.TestCaseExecutor   - END Test Cases/2000_tresult/Return Passed
2025-09-24 04:51:42.789 INFO  c.k.katalon.core.main.TestCaseExecutor   - --------------------
2025-09-24 04:51:42.789 INFO  c.k.katalon.core.main.TestCaseExecutor   - START Test Cases/2000_tresult/Return Passed
2025-09-24 04:51:42.794 DEBUG testcase.Return Passed                   - 1: markPassed("Passed")
2025-09-24 04:51:42.794 DEBUG com.kms.katalon.core.util.KeywordUtil    - ✓ Passed
2025-09-24 04:51:44.798 INFO  c.k.k.c.c.internal.VideoRecorderService  - Video recording for test case 'Test Cases/2000_tresult/Return Passed' .
2025-09-24 04:51:44.799 INFO  c.k.katalon.core.main.TestCaseExecutor   - END Test Cases/2000_tresult/Return Passed
2025-09-24 04:51:44.801 INFO  c.k.katalon.core.main.TestCaseExecutor   - --------------------
2025-09-24 04:51:44.801 INFO  c.k.katalon.core.main.TestCaseExecutor   - START Test Cases/2000_tresult/Return Passed
2025-09-24 04:51:44.806 DEBUG testcase.Return Passed                   - 1: markPassed("Passed")
2025-09-24 04:51:44.806 DEBUG com.kms.katalon.core.util.KeywordUtil    - ✓ Passed
2025-09-24 04:51:46.810 INFO  c.k.k.c.c.internal.VideoRecorderService  - Video recording for test case 'Test Cases/2000_tresult/Return Passed' .
2025-09-24 04:51:46.811 INFO  c.k.katalon.core.main.TestCaseExecutor   - END Test Cases/2000_tresult/Return Passed
2025-09-24 04:51:46.820 INFO  c.k.katalon.core.main.TestCaseExecutor   - --------------------
2025-09-24 04:51:46.821 INFO  c.k.katalon.core.main.TestCaseExecutor   - START Test Cases/2000_tresult/Return Passed
2025-09-24 04:51:46.829 DEBUG testcase.Return Passed                   - 1: markPassed("Passed")
2025-09-24 04:51:46.829 DEBUG com.kms.katalon.core.util.KeywordUtil    - ✓ Passed
2025-09-24 04:51:48.833 INFO  c.k.k.c.c.internal.VideoRecorderService  - Video recording for test case 'Test Cases/2000_tresult/Return Passed' .
2025-09-24 04:51:48.834 INFO  c.k.katalon.core.main.TestCaseExecutor   - END Test Cases/2000_tresult/Return Passed
2025-09-24 04:51:48.836 INFO  c.k.katalon.core.main.TestCaseExecutor   - --------------------
2025-09-24 04:51:48.836 INFO  c.k.katalon.core.main.TestCaseExecutor   - START Test Cases/2000_tresult/Return Passed
2025-09-24 04:51:48.843 DEBUG testcase.Return Passed                   - 1: markPassed("Passed")
2025-09-24 04:51:48.844 DEBUG com.kms.katalon.core.util.KeywordUtil    - ✓ Passed
2025-09-24 04:51:50.848 INFO  c.k.k.c.c.internal.VideoRecorderService  - Video recording for test case 'Test Cases/2000_tresult/Return Passed' .
2025-09-24 04:51:50.849 INFO  c.k.katalon.core.main.TestCaseExecutor   - END Test Cases/2000_tresult/Return Passed
2025-09-24 04:51:50.851 INFO  c.k.katalon.core.main.TestCaseExecutor   - --------------------
2025-09-24 04:51:50.852 INFO  c.k.katalon.core.main.TestCaseExecutor   - START Test Cases/2000_tresult/Return Passed
2025-09-24 04:51:50.857 DEBUG testcase.Return Passed                   - 1: markPassed("Passed")
2025-09-24 04:51:50.857 DEBUG com.kms.katalon.core.util.KeywordUtil    - ✓ Passed
2025-09-24 04:51:52.861 INFO  c.k.k.c.c.internal.VideoRecorderService  - Video recording for test case 'Test Cases/2000_tresult/Return Passed' .
2025-09-24 04:51:52.862 INFO  c.k.katalon.core.main.TestCaseExecutor   - END Test Cases/2000_tresult/Return Passed
2025-09-24 04:51:52.864 INFO  c.k.katalon.core.main.TestCaseExecutor   - --------------------
2025-09-24 04:51:52.864 INFO  c.k.katalon.core.main.TestCaseExecutor   - START Test Cases/2000_tresult/Return Passed
2025-09-24 04:51:52.870 DEBUG testcase.Return Passed                   - 1: markPassed("Passed")
2025-09-24 04:51:52.871 DEBUG com.kms.katalon.core.util.KeywordUtil    - ✓ Passed
2025-09-24 04:51:54.875 INFO  c.k.k.c.c.internal.VideoRecorderService  - Video recording for test case 'Test Cases/2000_tresult/Return Passed' .
2025-09-24 04:51:54.875 INFO  c.k.katalon.core.main.TestCaseExecutor   - END Test Cases/2000_tresult/Return Passed
2025-09-24 04:51:54.882 INFO  c.k.katalon.core.main.TestCaseExecutor   - --------------------
2025-09-24 04:51:54.882 INFO  c.k.katalon.core.main.TestCaseExecutor   - START Test Cases/2000_tresult/Return Passed
2025-09-24 04:51:54.893 DEBUG testcase.Return Passed                   - 1: markPassed("Passed")
2025-09-24 04:51:54.894 DEBUG com.kms.katalon.core.util.KeywordUtil    - ✓ Passed
2025-09-24 04:51:56.897 INFO  c.k.k.c.c.internal.VideoRecorderService  - Video recording for test case 'Test Cases/2000_tresult/Return Passed' .
2025-09-24 04:51:56.898 INFO  c.k.katalon.core.main.TestCaseExecutor   - END Test Cases/2000_tresult/Return Passed
2025-09-24 04:51:56.900 INFO  c.k.katalon.core.main.TestCaseExecutor   - --------------------
2025-09-24 04:51:56.900 INFO  c.k.katalon.core.main.TestCaseExecutor   - START Test Cases/2000_tresult/Return Passed
2025-09-24 04:51:56.906 DEBUG testcase.Return Passed                   - 1: markPassed("Passed")
2025-09-24 04:51:56.907 DEBUG com.kms.katalon.core.util.KeywordUtil    - ✓ Passed
2025-09-24 04:51:58.912 INFO  c.k.k.c.c.internal.VideoRecorderService  - Video recording for test case 'Test Cases/2000_tresult/Return Passed' .
2025-09-24 04:51:58.912 INFO  c.k.katalon.core.main.TestCaseExecutor   - END Test Cases/2000_tresult/Return Passed
2025-09-24 04:51:58.915 INFO  c.k.katalon.core.main.TestCaseExecutor   - --------------------
2025-09-24 04:51:58.915 INFO  c.k.katalon.core.main.TestCaseExecutor   - START Test Cases/2000_tresult/Return Passed
2025-09-24 04:51:58.923 DEBUG testcase.Return Passed                   - 1: markPassed("Passed")
2025-09-24 04:51:58.924 DEBUG com.kms.katalon.core.util.KeywordUtil    - ✓ Passed
2025-09-24 04:52:00.928 INFO  c.k.k.c.c.internal.VideoRecorderService  - Video recording for test case 'Test Cases/2000_tresult/Return Passed' .
2025-09-24 04:52:00.929 INFO  c.k.katalon.core.main.TestCaseExecutor   - END Test Cases/2000_tresult/Return Passed
2025-09-24 04:52:00.931 INFO  c.k.katalon.core.main.TestCaseExecutor   - --------------------
2025-09-24 04:52:00.931 INFO  c.k.katalon.core.main.TestCaseExecutor   - START Test Cases/2000_tresult/Return Passed
2025-09-24 04:52:00.936 DEBUG testcase.Return Passed                   - 1: markPassed("Passed")
2025-09-24 04:52:00.937 DEBUG com.kms.katalon.core.util.KeywordUtil    - ✓ Passed
2025-09-24 04:52:02.941 INFO  c.k.k.c.c.internal.VideoRecorderService  - Video recording for test case 'Test Cases/2000_tresult/Return Passed' .
2025-09-24 04:52:02.941 INFO  c.k.katalon.core.main.TestCaseExecutor   - END Test Cases/2000_tresult/Return Passed
2025-09-24 04:52:02.943 INFO  c.k.katalon.core.main.TestCaseExecutor   - --------------------
2025-09-24 04:52:02.943 INFO  c.k.katalon.core.main.TestCaseExecutor   - START Test Cases/2000_tresult/Return Passed
2025-09-24 04:52:02.951 DEBUG testcase.Return Passed                   - 1: markPassed("Passed")
2025-09-24 04:52:02.952 DEBUG com.kms.katalon.core.util.KeywordUtil    - ✓ Passed
2025-09-24 04:52:04.956 INFO  c.k.k.c.c.internal.VideoRecorderService  - Video recording for test case 'Test Cases/2000_tresult/Return Passed' .
2025-09-24 04:52:04.957 INFO  c.k.katalon.core.main.TestCaseExecutor   - END Test Cases/2000_tresult/Return Passed
2025-09-24 04:52:04.959 INFO  c.k.katalon.core.main.TestCaseExecutor   - --------------------
2025-09-24 04:52:04.959 INFO  c.k.katalon.core.main.TestCaseExecutor   - START Test Cases/2000_tresult/Return Passed
2025-09-24 04:52:04.964 DEBUG testcase.Return Passed                   - 1: markPassed("Passed")
2025-09-24 04:52:04.965 DEBUG com.kms.katalon.core.util.KeywordUtil    - ✓ Passed
2025-09-24 04:52:06.969 INFO  c.k.k.c.c.internal.VideoRecorderService  - Video recording for test case 'Test Cases/2000_tresult/Return Passed' .
2025-09-24 04:52:06.969 INFO  c.k.katalon.core.main.TestCaseExecutor   - END Test Cases/2000_tresult/Return Passed
2025-09-24 04:52:06.971 INFO  c.k.katalon.core.main.TestCaseExecutor   - --------------------
2025-09-24 04:52:06.971 INFO  c.k.katalon.core.main.TestCaseExecutor   - START Test Cases/2000_tresult/Return Passed
2025-09-24 04:52:06.977 DEBUG testcase.Return Passed                   - 1: markPassed("Passed")
2025-09-24 04:52:06.977 DEBUG com.kms.katalon.core.util.KeywordUtil    - ✓ Passed
2025-09-24 04:52:08.981 INFO  c.k.k.c.c.internal.VideoRecorderService  - Video recording for test case 'Test Cases/2000_tresult/Return Passed' .
2025-09-24 04:52:08.982 INFO  c.k.katalon.core.main.TestCaseExecutor   - END Test Cases/2000_tresult/Return Passed
2025-09-24 04:52:08.986 INFO  c.k.katalon.core.main.TestCaseExecutor   - --------------------
2025-09-24 04:52:08.986 INFO  c.k.katalon.core.main.TestCaseExecutor   - START Test Cases/2000_tresult/Return Passed
2025-09-24 04:52:08.997 DEBUG testcase.Return Passed                   - 1: markPassed("Passed")
2025-09-24 04:52:08.997 DEBUG com.kms.katalon.core.util.KeywordUtil    - ✓ Passed
2025-09-24 04:52:11.001 INFO  c.k.k.c.c.internal.VideoRecorderService  - Video recording for test case 'Test Cases/2000_tresult/Return Passed' .
2025-09-24 04:52:11.002 INFO  c.k.katalon.core.main.TestCaseExecutor   - END Test Cases/2000_tresult/Return Passed
2025-09-24 04:52:11.004 INFO  c.k.katalon.core.main.TestCaseExecutor   - --------------------
2025-09-24 04:52:11.005 INFO  c.k.katalon.core.main.TestCaseExecutor   - START Test Cases/2000_tresult/Return Passed
2025-09-24 04:52:11.009 DEBUG testcase.Return Passed                   - 1: markPassed("Passed")
2025-09-24 04:52:11.012 DEBUG com.kms.katalon.core.util.KeywordUtil    - ✓ Passed
2025-09-24 04:52:13.017 INFO  c.k.k.c.c.internal.VideoRecorderService  - Video recording for test case 'Test Cases/2000_tresult/Return Passed' .
2025-09-24 04:52:13.018 INFO  c.k.katalon.core.main.TestCaseExecutor   - END Test Cases/2000_tresult/Return Passed
2025-09-24 04:52:13.020 INFO  c.k.katalon.core.main.TestCaseExecutor   - --------------------
2025-09-24 04:52:13.020 INFO  c.k.katalon.core.main.TestCaseExecutor   - START Test Cases/2000_tresult/Return Passed
2025-09-24 04:52:13.025 DEBUG testcase.Return Passed                   - 1: markPassed("Passed")
2025-09-24 04:52:13.025 DEBUG com.kms.katalon.core.util.KeywordUtil    - ✓ Passed
2025-09-24 04:52:15.029 INFO  c.k.k.c.c.internal.VideoRecorderService  - Video recording for test case 'Test Cases/2000_tresult/Return Passed' .
2025-09-24 04:52:15.029 INFO  c.k.katalon.core.main.TestCaseExecutor   - END Test Cases/2000_tresult/Return Passed
2025-09-24 04:52:15.031 INFO  c.k.katalon.core.main.TestCaseExecutor   - --------------------
2025-09-24 04:52:15.031 INFO  c.k.katalon.core.main.TestCaseExecutor   - START Test Cases/2000_tresult/Return Passed
2025-09-24 04:52:15.036 DEBUG testcase.Return Passed                   - 1: markPassed("Passed")
2025-09-24 04:52:15.037 DEBUG com.kms.katalon.core.util.KeywordUtil    - ✓ Passed
2025-09-24 04:52:17.040 INFO  c.k.k.c.c.internal.VideoRecorderService  - Video recording for test case 'Test Cases/2000_tresult/Return Passed' .
2025-09-24 04:52:17.041 INFO  c.k.katalon.core.main.TestCaseExecutor   - END Test Cases/2000_tresult/Return Passed
2025-09-24 04:52:17.043 INFO  c.k.katalon.core.main.TestCaseExecutor   - --------------------
2025-09-24 04:52:17.043 INFO  c.k.katalon.core.main.TestCaseExecutor   - START Test Cases/2000_tresult/Return Passed
2025-09-24 04:52:17.051 DEBUG testcase.Return Passed                   - 1: markPassed("Passed")
2025-09-24 04:52:17.051 DEBUG com.kms.katalon.core.util.KeywordUtil    - ✓ Passed
2025-09-24 04:52:19.055 INFO  c.k.k.c.c.internal.VideoRecorderService  - Video recording for test case 'Test Cases/2000_tresult/Return Passed' .
2025-09-24 04:52:19.056 INFO  c.k.katalon.core.main.TestCaseExecutor   - END Test Cases/2000_tresult/Return Passed
2025-09-24 04:52:19.058 INFO  c.k.katalon.core.main.TestCaseExecutor   - --------------------
2025-09-24 04:52:19.058 INFO  c.k.katalon.core.main.TestCaseExecutor   - START Test Cases/2000_tresult/Return Passed
2025-09-24 04:52:19.064 DEBUG testcase.Return Passed                   - 1: markPassed("Passed")
2025-09-24 04:52:19.065 DEBUG com.kms.katalon.core.util.KeywordUtil    - ✓ Passed
2025-09-24 04:52:21.068 INFO  c.k.k.c.c.internal.VideoRecorderService  - Video recording for test case 'Test Cases/2000_tresult/Return Passed' .
2025-09-24 04:52:21.070 INFO  c.k.katalon.core.main.TestCaseExecutor   - END Test Cases/2000_tresult/Return Passed
2025-09-24 04:52:21.072 INFO  c.k.katalon.core.main.TestCaseExecutor   - --------------------
2025-09-24 04:52:21.072 INFO  c.k.katalon.core.main.TestCaseExecutor   - START Test Cases/2000_tresult/Return Passed
2025-09-24 04:52:21.079 DEBUG testcase.Return Passed                   - 1: markPassed("Passed")
2025-09-24 04:52:21.079 DEBUG com.kms.katalon.core.util.KeywordUtil    - ✓ Passed
2025-09-24 04:52:23.086 INFO  c.k.k.c.c.internal.VideoRecorderService  - Video recording for test case 'Test Cases/2000_tresult/Return Passed' .
2025-09-24 04:52:23.086 INFO  c.k.katalon.core.main.TestCaseExecutor   - END Test Cases/2000_tresult/Return Passed
2025-09-24 04:52:23.088 INFO  c.k.katalon.core.main.TestCaseExecutor   - --------------------
2025-09-24 04:52:23.088 INFO  c.k.katalon.core.main.TestCaseExecutor   - START Test Cases/2000_tresult/Return Passed
2025-09-24 04:52:23.095 DEBUG testcase.Return Passed                   - 1: markPassed("Passed")
2025-09-24 04:52:23.095 DEBUG com.kms.katalon.core.util.KeywordUtil    - ✓ Passed
2025-09-24 04:52:25.099 INFO  c.k.k.c.c.internal.VideoRecorderService  - Video recording for test case 'Test Cases/2000_tresult/Return Passed' .
2025-09-24 04:52:25.099 INFO  c.k.katalon.core.main.TestCaseExecutor   - END Test Cases/2000_tresult/Return Passed
2025-09-24 04:52:25.101 INFO  c.k.katalon.core.main.TestCaseExecutor   - --------------------
2025-09-24 04:52:25.101 INFO  c.k.katalon.core.main.TestCaseExecutor   - START Test Cases/2000_tresult/Return Passed
2025-09-24 04:52:25.110 DEBUG testcase.Return Passed                   - 1: markPassed("Passed")
2025-09-24 04:52:25.110 DEBUG com.kms.katalon.core.util.KeywordUtil    - ✓ Passed
2025-09-24 04:52:27.114 INFO  c.k.k.c.c.internal.VideoRecorderService  - Video recording for test case 'Test Cases/2000_tresult/Return Passed' .
2025-09-24 04:52:27.114 INFO  c.k.katalon.core.main.TestCaseExecutor   - END Test Cases/2000_tresult/Return Passed
2025-09-24 04:52:27.116 INFO  c.k.katalon.core.main.TestCaseExecutor   - --------------------
2025-09-24 04:52:27.116 INFO  c.k.katalon.core.main.TestCaseExecutor   - START Test Cases/2000_tresult/Return Passed
2025-09-24 04:52:27.121 DEBUG testcase.Return Passed                   - 1: markPassed("Passed")
2025-09-24 04:52:27.121 DEBUG com.kms.katalon.core.util.KeywordUtil    - ✓ Passed
2025-09-24 04:52:29.125 INFO  c.k.k.c.c.internal.VideoRecorderService  - Video recording for test case 'Test Cases/2000_tresult/Return Passed' .
2025-09-24 04:52:29.126 INFO  c.k.katalon.core.main.TestCaseExecutor   - END Test Cases/2000_tresult/Return Passed
2025-09-24 04:52:29.127 INFO  c.k.katalon.core.main.TestCaseExecutor   - --------------------
2025-09-24 04:52:29.127 INFO  c.k.katalon.core.main.TestCaseExecutor   - START Test Cases/2000_tresult/Return Passed
2025-09-24 04:52:29.137 DEBUG testcase.Return Passed                   - 1: markPassed("Passed")
2025-09-24 04:52:29.137 DEBUG com.kms.katalon.core.util.KeywordUtil    - ✓ Passed
2025-09-24 04:52:31.141 INFO  c.k.k.c.c.internal.VideoRecorderService  - Video recording for test case 'Test Cases/2000_tresult/Return Passed' .
2025-09-24 04:52:31.141 INFO  c.k.katalon.core.main.TestCaseExecutor   - END Test Cases/2000_tresult/Return Passed
2025-09-24 04:52:31.144 INFO  c.k.katalon.core.main.TestCaseExecutor   - --------------------
2025-09-24 04:52:31.144 INFO  c.k.katalon.core.main.TestCaseExecutor   - START Test Cases/2000_tresult/Return Passed
2025-09-24 04:52:31.152 DEBUG testcase.Return Passed                   - 1: markPassed("Passed")
2025-09-24 04:52:31.152 DEBUG com.kms.katalon.core.util.KeywordUtil    - ✓ Passed
2025-09-24 04:52:33.156 INFO  c.k.k.c.c.internal.VideoRecorderService  - Video recording for test case 'Test Cases/2000_tresult/Return Passed' .
2025-09-24 04:52:33.157 INFO  c.k.katalon.core.main.TestCaseExecutor   - END Test Cases/2000_tresult/Return Passed
2025-09-24 04:52:33.159 INFO  c.k.katalon.core.main.TestCaseExecutor   - --------------------
2025-09-24 04:52:33.159 INFO  c.k.katalon.core.main.TestCaseExecutor   - START Test Cases/2000_tresult/Return Passed
2025-09-24 04:52:33.165 DEBUG testcase.Return Passed                   - 1: markPassed("Passed")
2025-09-24 04:52:33.165 DEBUG com.kms.katalon.core.util.KeywordUtil    - ✓ Passed
2025-09-24 04:52:35.168 INFO  c.k.k.c.c.internal.VideoRecorderService  - Video recording for test case 'Test Cases/2000_tresult/Return Passed' .
2025-09-24 04:52:35.169 INFO  c.k.katalon.core.main.TestCaseExecutor   - END Test Cases/2000_tresult/Return Passed
2025-09-24 04:52:35.171 INFO  c.k.katalon.core.main.TestCaseExecutor   - --------------------
2025-09-24 04:52:35.171 INFO  c.k.katalon.core.main.TestCaseExecutor   - START Test Cases/2000_tresult/Return Passed
2025-09-24 04:52:35.176 DEBUG testcase.Return Passed                   - 1: markPassed("Passed")
2025-09-24 04:52:35.176 DEBUG com.kms.katalon.core.util.KeywordUtil    - ✓ Passed
2025-09-24 04:52:37.179 INFO  c.k.k.c.c.internal.VideoRecorderService  - Video recording for test case 'Test Cases/2000_tresult/Return Passed' .
2025-09-24 04:52:37.180 INFO  c.k.katalon.core.main.TestCaseExecutor   - END Test Cases/2000_tresult/Return Passed
2025-09-24 04:52:37.189 INFO  c.k.katalon.core.main.TestCaseExecutor   - --------------------
2025-09-24 04:52:37.190 INFO  c.k.katalon.core.main.TestCaseExecutor   - START Test Cases/2000_tresult/Return Passed
2025-09-24 04:52:37.198 DEBUG testcase.Return Passed                   - 1: markPassed("Passed")
2025-09-24 04:52:37.199 DEBUG com.kms.katalon.core.util.KeywordUtil    - ✓ Passed
2025-09-24 04:52:39.203 INFO  c.k.k.c.c.internal.VideoRecorderService  - Video recording for test case 'Test Cases/2000_tresult/Return Passed' .
2025-09-24 04:52:39.203 INFO  c.k.katalon.core.main.TestCaseExecutor   - END Test Cases/2000_tresult/Return Passed
2025-09-24 04:52:39.205 INFO  c.k.katalon.core.main.TestCaseExecutor   - --------------------
2025-09-24 04:52:39.205 INFO  c.k.katalon.core.main.TestCaseExecutor   - START Test Cases/2000_tresult/Return Passed
2025-09-24 04:52:39.211 DEBUG testcase.Return Passed                   - 1: markPassed("Passed")
2025-09-24 04:52:39.211 DEBUG com.kms.katalon.core.util.KeywordUtil    - ✓ Passed
2025-09-24 04:52:41.215 INFO  c.k.k.c.c.internal.VideoRecorderService  - Video recording for test case 'Test Cases/2000_tresult/Return Passed' .
2025-09-24 04:52:41.215 INFO  c.k.katalon.core.main.TestCaseExecutor   - END Test Cases/2000_tresult/Return Passed
2025-09-24 04:52:41.218 INFO  c.k.katalon.core.main.TestCaseExecutor   - --------------------
2025-09-24 04:52:41.218 INFO  c.k.katalon.core.main.TestCaseExecutor   - START Test Cases/2000_tresult/Return Passed
2025-09-24 04:52:41.222 DEBUG testcase.Return Passed                   - 1: markPassed("Passed")
2025-09-24 04:52:41.223 DEBUG com.kms.katalon.core.util.KeywordUtil    - ✓ Passed
2025-09-24 04:52:43.227 INFO  c.k.k.c.c.internal.VideoRecorderService  - Video recording for test case 'Test Cases/2000_tresult/Return Passed' .
2025-09-24 04:52:43.228 INFO  c.k.katalon.core.main.TestCaseExecutor   - END Test Cases/2000_tresult/Return Passed
2025-09-24 04:52:43.230 INFO  c.k.katalon.core.main.TestCaseExecutor   - --------------------
2025-09-24 04:52:43.230 INFO  c.k.katalon.core.main.TestCaseExecutor   - START Test Cases/2000_tresult/Return Passed
2025-09-24 04:52:43.236 DEBUG testcase.Return Passed                   - 1: markPassed("Passed")
2025-09-24 04:52:43.236 DEBUG com.kms.katalon.core.util.KeywordUtil    - ✓ Passed
2025-09-24 04:52:45.240 INFO  c.k.k.c.c.internal.VideoRecorderService  - Video recording for test case 'Test Cases/2000_tresult/Return Passed' .
2025-09-24 04:52:45.240 INFO  c.k.katalon.core.main.TestCaseExecutor   - END Test Cases/2000_tresult/Return Passed
2025-09-24 04:52:45.242 INFO  c.k.katalon.core.main.TestCaseExecutor   - --------------------
2025-09-24 04:52:45.242 INFO  c.k.katalon.core.main.TestCaseExecutor   - START Test Cases/2000_tresult/Return Passed
2025-09-24 04:52:45.247 DEBUG testcase.Return Passed                   - 1: markPassed("Passed")
2025-09-24 04:52:45.247 DEBUG com.kms.katalon.core.util.KeywordUtil    - ✓ Passed
2025-09-24 04:52:47.251 INFO  c.k.k.c.c.internal.VideoRecorderService  - Video recording for test case 'Test Cases/2000_tresult/Return Passed' .
2025-09-24 04:52:47.251 INFO  c.k.katalon.core.main.TestCaseExecutor   - END Test Cases/2000_tresult/Return Passed
2025-09-24 04:52:47.253 INFO  c.k.katalon.core.main.TestCaseExecutor   - --------------------
2025-09-24 04:52:47.253 INFO  c.k.katalon.core.main.TestCaseExecutor   - START Test Cases/2000_tresult/Return Passed
2025-09-24 04:52:47.259 DEBUG testcase.Return Passed                   - 1: markPassed("Passed")
2025-09-24 04:52:47.259 DEBUG com.kms.katalon.core.util.KeywordUtil    - ✓ Passed
2025-09-24 04:52:49.262 INFO  c.k.k.c.c.internal.VideoRecorderService  - Video recording for test case 'Test Cases/2000_tresult/Return Passed' .
2025-09-24 04:52:49.263 INFO  c.k.katalon.core.main.TestCaseExecutor   - END Test Cases/2000_tresult/Return Passed
2025-09-24 04:52:49.266 INFO  c.k.katalon.core.main.TestCaseExecutor   - --------------------
2025-09-24 04:52:49.266 INFO  c.k.katalon.core.main.TestCaseExecutor   - START Test Cases/2000_tresult/Return Passed
2025-09-24 04:52:49.271 DEBUG testcase.Return Passed                   - 1: markPassed("Passed")
2025-09-24 04:52:49.271 DEBUG com.kms.katalon.core.util.KeywordUtil    - ✓ Passed
2025-09-24 04:52:51.275 INFO  c.k.k.c.c.internal.VideoRecorderService  - Video recording for test case 'Test Cases/2000_tresult/Return Passed' .
2025-09-24 04:52:51.275 INFO  c.k.katalon.core.main.TestCaseExecutor   - END Test Cases/2000_tresult/Return Passed
2025-09-24 04:52:51.277 INFO  c.k.katalon.core.main.TestCaseExecutor   - --------------------
2025-09-24 04:52:51.277 INFO  c.k.katalon.core.main.TestCaseExecutor   - START Test Cases/2000_tresult/Return Passed
2025-09-24 04:52:51.283 DEBUG testcase.Return Passed                   - 1: markPassed("Passed")
2025-09-24 04:52:51.284 DEBUG com.kms.katalon.core.util.KeywordUtil    - ✓ Passed
2025-09-24 04:52:53.287 INFO  c.k.k.c.c.internal.VideoRecorderService  - Video recording for test case 'Test Cases/2000_tresult/Return Passed' .
2025-09-24 04:52:53.288 INFO  c.k.katalon.core.main.TestCaseExecutor   - END Test Cases/2000_tresult/Return Passed
2025-09-24 04:52:53.289 INFO  c.k.katalon.core.main.TestCaseExecutor   - --------------------
2025-09-24 04:52:53.294 INFO  c.k.katalon.core.main.TestCaseExecutor   - START Test Cases/2000_tresult/Return Passed
2025-09-24 04:52:53.299 DEBUG testcase.Return Passed                   - 1: markPassed("Passed")
2025-09-24 04:52:53.299 DEBUG com.kms.katalon.core.util.KeywordUtil    - ✓ Passed
2025-09-24 04:52:55.303 INFO  c.k.k.c.c.internal.VideoRecorderService  - Video recording for test case 'Test Cases/2000_tresult/Return Passed' .
2025-09-24 04:52:55.303 INFO  c.k.katalon.core.main.TestCaseExecutor   - END Test Cases/2000_tresult/Return Passed
2025-09-24 04:52:55.306 INFO  c.k.katalon.core.main.TestCaseExecutor   - --------------------
2025-09-24 04:52:55.306 INFO  c.k.katalon.core.main.TestCaseExecutor   - START Test Cases/2000_tresult/Return Passed
2025-09-24 04:52:55.311 DEBUG testcase.Return Passed                   - 1: markPassed("Passed")
2025-09-24 04:52:55.311 DEBUG com.kms.katalon.core.util.KeywordUtil    - ✓ Passed
2025-09-24 04:52:57.315 INFO  c.k.k.c.c.internal.VideoRecorderService  - Video recording for test case 'Test Cases/2000_tresult/Return Passed' .
2025-09-24 04:52:57.315 INFO  c.k.katalon.core.main.TestCaseExecutor   - END Test Cases/2000_tresult/Return Passed
2025-09-24 04:52:57.317 INFO  c.k.katalon.core.main.TestCaseExecutor   - --------------------
2025-09-24 04:52:57.317 INFO  c.k.katalon.core.main.TestCaseExecutor   - START Test Cases/2000_tresult/Return Passed
2025-09-24 04:52:57.322 DEBUG testcase.Return Passed                   - 1: markPassed("Passed")
2025-09-24 04:52:57.322 DEBUG com.kms.katalon.core.util.KeywordUtil    - ✓ Passed
2025-09-24 04:52:59.325 INFO  c.k.k.c.c.internal.VideoRecorderService  - Video recording for test case 'Test Cases/2000_tresult/Return Passed' .
2025-09-24 04:52:59.326 INFO  c.k.katalon.core.main.TestCaseExecutor   - END Test Cases/2000_tresult/Return Passed
2025-09-24 04:52:59.328 INFO  c.k.katalon.core.main.TestCaseExecutor   - --------------------
2025-09-24 04:52:59.328 INFO  c.k.katalon.core.main.TestCaseExecutor   - START Test Cases/2000_tresult/Return Passed
2025-09-24 04:52:59.332 DEBUG testcase.Return Passed                   - 1: markPassed("Passed")
2025-09-24 04:52:59.332 DEBUG com.kms.katalon.core.util.KeywordUtil    - ✓ Passed
2025-09-24 04:53:01.336 INFO  c.k.k.c.c.internal.VideoRecorderService  - Video recording for test case 'Test Cases/2000_tresult/Return Passed' .
2025-09-24 04:53:01.336 INFO  c.k.katalon.core.main.TestCaseExecutor   - END Test Cases/2000_tresult/Return Passed
2025-09-24 04:53:01.338 INFO  c.k.katalon.core.main.TestCaseExecutor   - --------------------
2025-09-24 04:53:01.338 INFO  c.k.katalon.core.main.TestCaseExecutor   - START Test Cases/2000_tresult/Return Passed
2025-09-24 04:53:01.342 DEBUG testcase.Return Passed                   - 1: markPassed("Passed")
2025-09-24 04:53:01.343 DEBUG com.kms.katalon.core.util.KeywordUtil    - ✓ Passed
2025-09-24 04:53:03.348 INFO  c.k.k.c.c.internal.VideoRecorderService  - Video recording for test case 'Test Cases/2000_tresult/Return Passed' .
2025-09-24 04:53:03.348 INFO  c.k.katalon.core.main.TestCaseExecutor   - END Test Cases/2000_tresult/Return Passed
2025-09-24 04:53:03.350 INFO  c.k.katalon.core.main.TestCaseExecutor   - --------------------
2025-09-24 04:53:03.350 INFO  c.k.katalon.core.main.TestCaseExecutor   - START Test Cases/2000_tresult/Return Passed
2025-09-24 04:53:03.356 DEBUG testcase.Return Passed                   - 1: markPassed("Passed")
2025-09-24 04:53:03.356 DEBUG com.kms.katalon.core.util.KeywordUtil    - ✓ Passed
2025-09-24 04:53:05.359 INFO  c.k.k.c.c.internal.VideoRecorderService  - Video recording for test case 'Test Cases/2000_tresult/Return Passed' .
2025-09-24 04:53:05.360 INFO  c.k.katalon.core.main.TestCaseExecutor   - END Test Cases/2000_tresult/Return Passed
2025-09-24 04:53:05.362 INFO  c.k.katalon.core.main.TestCaseExecutor   - --------------------
2025-09-24 04:53:05.362 INFO  c.k.katalon.core.main.TestCaseExecutor   - START Test Cases/2000_tresult/Return Passed
2025-09-24 04:53:05.374 DEBUG testcase.Return Passed                   - 1: markPassed("Passed")
2025-09-24 04:53:05.375 DEBUG com.kms.katalon.core.util.KeywordUtil    - ✓ Passed
2025-09-24 04:53:07.378 INFO  c.k.k.c.c.internal.VideoRecorderService  - Video recording for test case 'Test Cases/2000_tresult/Return Passed' .
2025-09-24 04:53:07.379 INFO  c.k.katalon.core.main.TestCaseExecutor   - END Test Cases/2000_tresult/Return Passed
2025-09-24 04:53:07.380 INFO  c.k.katalon.core.main.TestCaseExecutor   - --------------------
2025-09-24 04:53:07.380 INFO  c.k.katalon.core.main.TestCaseExecutor   - START Test Cases/2000_tresult/Return Passed
2025-09-24 04:53:07.385 DEBUG testcase.Return Passed                   - 1: markPassed("Passed")
2025-09-24 04:53:07.385 DEBUG com.kms.katalon.core.util.KeywordUtil    - ✓ Passed
2025-09-24 04:53:09.388 INFO  c.k.k.c.c.internal.VideoRecorderService  - Video recording for test case 'Test Cases/2000_tresult/Return Passed' .
2025-09-24 04:53:09.389 INFO  c.k.katalon.core.main.TestCaseExecutor   - END Test Cases/2000_tresult/Return Passed
2025-09-24 04:53:09.391 INFO  c.k.katalon.core.main.TestCaseExecutor   - --------------------
2025-09-24 04:53:09.391 INFO  c.k.katalon.core.main.TestCaseExecutor   - START Test Cases/2000_tresult/Return Passed
2025-09-24 04:53:09.397 DEBUG testcase.Return Passed                   - 1: markPassed("Passed")
2025-09-24 04:53:09.397 DEBUG com.kms.katalon.core.util.KeywordUtil    - ✓ Passed
2025-09-24 04:53:11.401 INFO  c.k.k.c.c.internal.VideoRecorderService  - Video recording for test case 'Test Cases/2000_tresult/Return Passed' .
2025-09-24 04:53:11.401 INFO  c.k.katalon.core.main.TestCaseExecutor   - END Test Cases/2000_tresult/Return Passed
2025-09-24 04:53:11.403 INFO  c.k.katalon.core.main.TestCaseExecutor   - --------------------
2025-09-24 04:53:11.404 INFO  c.k.katalon.core.main.TestCaseExecutor   - START Test Cases/2000_tresult/Return Passed
2025-09-24 04:53:11.409 DEBUG testcase.Return Passed                   - 1: markPassed("Passed")
2025-09-24 04:53:11.409 DEBUG com.kms.katalon.core.util.KeywordUtil    - ✓ Passed
2025-09-24 04:53:13.412 INFO  c.k.k.c.c.internal.VideoRecorderService  - Video recording for test case 'Test Cases/2000_tresult/Return Passed' .
2025-09-24 04:53:13.413 INFO  c.k.katalon.core.main.TestCaseExecutor   - END Test Cases/2000_tresult/Return Passed
2025-09-24 04:53:13.415 INFO  c.k.katalon.core.main.TestCaseExecutor   - --------------------
2025-09-24 04:53:13.415 INFO  c.k.katalon.core.main.TestCaseExecutor   - START Test Cases/2000_tresult/Return Passed
2025-09-24 04:53:13.426 DEBUG testcase.Return Passed                   - 1: markPassed("Passed")
2025-09-24 04:53:13.426 DEBUG com.kms.katalon.core.util.KeywordUtil    - ✓ Passed
2025-09-24 04:53:15.430 INFO  c.k.k.c.c.internal.VideoRecorderService  - Video recording for test case 'Test Cases/2000_tresult/Return Passed' .
2025-09-24 04:53:15.430 INFO  c.k.katalon.core.main.TestCaseExecutor   - END Test Cases/2000_tresult/Return Passed
2025-09-24 04:53:15.433 INFO  c.k.katalon.core.main.TestCaseExecutor   - --------------------
2025-09-24 04:53:15.433 INFO  c.k.katalon.core.main.TestCaseExecutor   - START Test Cases/2000_tresult/Return Passed
2025-09-24 04:53:15.437 DEBUG testcase.Return Passed                   - 1: markPassed("Passed")
2025-09-24 04:53:15.437 DEBUG com.kms.katalon.core.util.KeywordUtil    - ✓ Passed
2025-09-24 04:53:17.441 INFO  c.k.k.c.c.internal.VideoRecorderService  - Video recording for test case 'Test Cases/2000_tresult/Return Passed' .
2025-09-24 04:53:17.442 INFO  c.k.katalon.core.main.TestCaseExecutor   - END Test Cases/2000_tresult/Return Passed
2025-09-24 04:53:17.443 INFO  c.k.katalon.core.main.TestCaseExecutor   - --------------------
2025-09-24 04:53:17.443 INFO  c.k.katalon.core.main.TestCaseExecutor   - START Test Cases/2000_tresult/Return Passed
2025-09-24 04:53:17.447 DEBUG testcase.Return Passed                   - 1: markPassed("Passed")
2025-09-24 04:53:17.448 DEBUG com.kms.katalon.core.util.KeywordUtil    - ✓ Passed
2025-09-24 04:53:19.451 INFO  c.k.k.c.c.internal.VideoRecorderService  - Video recording for test case 'Test Cases/2000_tresult/Return Passed' .
2025-09-24 04:53:19.452 INFO  c.k.katalon.core.main.TestCaseExecutor   - END Test Cases/2000_tresult/Return Passed
2025-09-24 04:53:19.454 INFO  c.k.katalon.core.main.TestCaseExecutor   - --------------------
2025-09-24 04:53:19.454 INFO  c.k.katalon.core.main.TestCaseExecutor   - START Test Cases/2000_tresult/Return Passed
2025-09-24 04:53:19.458 DEBUG testcase.Return Passed                   - 1: markPassed("Passed")
2025-09-24 04:53:19.458 DEBUG com.kms.katalon.core.util.KeywordUtil    - ✓ Passed
2025-09-24 04:53:21.462 INFO  c.k.k.c.c.internal.VideoRecorderService  - Video recording for test case 'Test Cases/2000_tresult/Return Passed' .
2025-09-24 04:53:21.462 INFO  c.k.katalon.core.main.TestCaseExecutor   - END Test Cases/2000_tresult/Return Passed
2025-09-24 04:53:21.464 INFO  c.k.katalon.core.main.TestCaseExecutor   - --------------------
2025-09-24 04:53:21.464 INFO  c.k.katalon.core.main.TestCaseExecutor   - START Test Cases/2000_tresult/Return Passed
2025-09-24 04:53:21.470 DEBUG testcase.Return Passed                   - 1: markPassed("Passed")
2025-09-24 04:53:21.470 DEBUG com.kms.katalon.core.util.KeywordUtil    - ✓ Passed
2025-09-24 04:53:23.473 INFO  c.k.k.c.c.internal.VideoRecorderService  - Video recording for test case 'Test Cases/2000_tresult/Return Passed' .
2025-09-24 04:53:23.474 INFO  c.k.katalon.core.main.TestCaseExecutor   - END Test Cases/2000_tresult/Return Passed
2025-09-24 04:53:23.476 INFO  c.k.katalon.core.main.TestCaseExecutor   - --------------------
2025-09-24 04:53:23.476 INFO  c.k.katalon.core.main.TestCaseExecutor   - START Test Cases/2000_tresult/Return Passed
2025-09-24 04:53:23.480 DEBUG testcase.Return Passed                   - 1: markPassed("Passed")
2025-09-24 04:53:23.480 DEBUG com.kms.katalon.core.util.KeywordUtil    - ✓ Passed
2025-09-24 04:53:25.483 INFO  c.k.k.c.c.internal.VideoRecorderService  - Video recording for test case 'Test Cases/2000_tresult/Return Passed' .
2025-09-24 04:53:25.484 INFO  c.k.katalon.core.main.TestCaseExecutor   - END Test Cases/2000_tresult/Return Passed
2025-09-24 04:53:25.489 INFO  c.k.katalon.core.main.TestCaseExecutor   - --------------------
2025-09-24 04:53:25.489 INFO  c.k.katalon.core.main.TestCaseExecutor   - START Test Cases/2000_tresult/Return Passed
2025-09-24 04:53:25.493 DEBUG testcase.Return Passed                   - 1: markPassed("Passed")
2025-09-24 04:53:25.493 DEBUG com.kms.katalon.core.util.KeywordUtil    - ✓ Passed
2025-09-24 04:53:27.497 INFO  c.k.k.c.c.internal.VideoRecorderService  - Video recording for test case 'Test Cases/2000_tresult/Return Passed' .
2025-09-24 04:53:27.497 INFO  c.k.katalon.core.main.TestCaseExecutor   - END Test Cases/2000_tresult/Return Passed
2025-09-24 04:53:27.500 INFO  c.k.katalon.core.main.TestCaseExecutor   - --------------------
2025-09-24 04:53:27.500 INFO  c.k.katalon.core.main.TestCaseExecutor   - START Test Cases/2000_tresult/Return Passed
2025-09-24 04:53:27.504 DEBUG testcase.Return Passed                   - 1: markPassed("Passed")
2025-09-24 04:53:27.504 DEBUG com.kms.katalon.core.util.KeywordUtil    - ✓ Passed
2025-09-24 04:53:29.507 INFO  c.k.k.c.c.internal.VideoRecorderService  - Video recording for test case 'Test Cases/2000_tresult/Return Passed' .
2025-09-24 04:53:29.508 INFO  c.k.katalon.core.main.TestCaseExecutor   - END Test Cases/2000_tresult/Return Passed
2025-09-24 04:53:29.510 INFO  c.k.katalon.core.main.TestCaseExecutor   - --------------------
2025-09-24 04:53:29.510 INFO  c.k.katalon.core.main.TestCaseExecutor   - START Test Cases/2000_tresult/Return Passed
2025-09-24 04:53:29.517 DEBUG testcase.Return Passed                   - 1: markPassed("Passed")
2025-09-24 04:53:29.518 DEBUG com.kms.katalon.core.util.KeywordUtil    - ✓ Passed
2025-09-24 04:53:31.521 INFO  c.k.k.c.c.internal.VideoRecorderService  - Video recording for test case 'Test Cases/2000_tresult/Return Passed' .
2025-09-24 04:53:31.522 INFO  c.k.katalon.core.main.TestCaseExecutor   - END Test Cases/2000_tresult/Return Passed
2025-09-24 04:53:31.523 INFO  c.k.katalon.core.main.TestCaseExecutor   - --------------------
2025-09-24 04:53:31.523 INFO  c.k.katalon.core.main.TestCaseExecutor   - START Test Cases/2000_tresult/Return Passed
2025-09-24 04:53:31.527 DEBUG testcase.Return Passed                   - 1: markPassed("Passed")
2025-09-24 04:53:31.527 DEBUG com.kms.katalon.core.util.KeywordUtil    - ✓ Passed
2025-09-24 04:53:33.531 INFO  c.k.k.c.c.internal.VideoRecorderService  - Video recording for test case 'Test Cases/2000_tresult/Return Passed' .
2025-09-24 04:53:33.531 INFO  c.k.katalon.core.main.TestCaseExecutor   - END Test Cases/2000_tresult/Return Passed
2025-09-24 04:53:33.533 INFO  c.k.katalon.core.main.TestCaseExecutor   - --------------------
2025-09-24 04:53:33.533 INFO  c.k.katalon.core.main.TestCaseExecutor   - START Test Cases/2000_tresult/Return Passed
2025-09-24 04:53:33.538 DEBUG testcase.Return Passed                   - 1: markPassed("Passed")
2025-09-24 04:53:33.538 DEBUG com.kms.katalon.core.util.KeywordUtil    - ✓ Passed
2025-09-24 04:53:35.541 INFO  c.k.k.c.c.internal.VideoRecorderService  - Video recording for test case 'Test Cases/2000_tresult/Return Passed' .
2025-09-24 04:53:35.542 INFO  c.k.katalon.core.main.TestCaseExecutor   - END Test Cases/2000_tresult/Return Passed
2025-09-24 04:53:35.544 INFO  c.k.katalon.core.main.TestCaseExecutor   - --------------------
2025-09-24 04:53:35.544 INFO  c.k.katalon.core.main.TestCaseExecutor   - START Test Cases/2000_tresult/Return Passed
2025-09-24 04:53:35.547 DEBUG testcase.Return Passed                   - 1: markPassed("Passed")
2025-09-24 04:53:35.547 DEBUG com.kms.katalon.core.util.KeywordUtil    - ✓ Passed
2025-09-24 04:53:37.551 INFO  c.k.k.c.c.internal.VideoRecorderService  - Video recording for test case 'Test Cases/2000_tresult/Return Passed' .
2025-09-24 04:53:37.551 INFO  c.k.katalon.core.main.TestCaseExecutor   - END Test Cases/2000_tresult/Return Passed
2025-09-24 04:53:37.554 INFO  c.k.katalon.core.main.TestCaseExecutor   - --------------------
2025-09-24 04:53:37.554 INFO  c.k.katalon.core.main.TestCaseExecutor   - START Test Cases/2000_tresult/Return Passed
2025-09-24 04:53:37.558 DEBUG testcase.Return Passed                   - 1: markPassed("Passed")
2025-09-24 04:53:37.558 DEBUG com.kms.katalon.core.util.KeywordUtil    - ✓ Passed
2025-09-24 04:53:39.562 INFO  c.k.k.c.c.internal.VideoRecorderService  - Video recording for test case 'Test Cases/2000_tresult/Return Passed' .
2025-09-24 04:53:39.562 INFO  c.k.katalon.core.main.TestCaseExecutor   - END Test Cases/2000_tresult/Return Passed
2025-09-24 04:53:39.564 INFO  c.k.katalon.core.main.TestCaseExecutor   - --------------------
2025-09-24 04:53:39.564 INFO  c.k.katalon.core.main.TestCaseExecutor   - START Test Cases/2000_tresult/Return Passed
2025-09-24 04:53:39.568 DEBUG testcase.Return Passed                   - 1: markPassed("Passed")
2025-09-24 04:53:39.568 DEBUG com.kms.katalon.core.util.KeywordUtil    - ✓ Passed
2025-09-24 04:53:41.571 INFO  c.k.k.c.c.internal.VideoRecorderService  - Video recording for test case 'Test Cases/2000_tresult/Return Passed' .
2025-09-24 04:53:41.572 INFO  c.k.katalon.core.main.TestCaseExecutor   - END Test Cases/2000_tresult/Return Passed
2025-09-24 04:53:41.575 INFO  c.k.katalon.core.main.TestCaseExecutor   - --------------------
2025-09-24 04:53:41.575 INFO  c.k.katalon.core.main.TestCaseExecutor   - START Test Cases/2000_tresult/Return Passed
2025-09-24 04:53:41.579 DEBUG testcase.Return Passed                   - 1: markPassed("Passed")
2025-09-24 04:53:41.580 DEBUG com.kms.katalon.core.util.KeywordUtil    - ✓ Passed
2025-09-24 04:53:43.583 INFO  c.k.k.c.c.internal.VideoRecorderService  - Video recording for test case 'Test Cases/2000_tresult/Return Passed' .
2025-09-24 04:53:43.583 INFO  c.k.katalon.core.main.TestCaseExecutor   - END Test Cases/2000_tresult/Return Passed
2025-09-24 04:53:43.585 INFO  c.k.katalon.core.main.TestCaseExecutor   - --------------------
2025-09-24 04:53:43.585 INFO  c.k.katalon.core.main.TestCaseExecutor   - START Test Cases/2000_tresult/Return Passed
2025-09-24 04:53:43.589 DEBUG testcase.Return Passed                   - 1: markPassed("Passed")
2025-09-24 04:53:43.589 DEBUG com.kms.katalon.core.util.KeywordUtil    - ✓ Passed
2025-09-24 04:53:45.593 INFO  c.k.k.c.c.internal.VideoRecorderService  - Video recording for test case 'Test Cases/2000_tresult/Return Passed' .
2025-09-24 04:53:45.593 INFO  c.k.katalon.core.main.TestCaseExecutor   - END Test Cases/2000_tresult/Return Passed
2025-09-24 04:53:45.595 INFO  c.k.katalon.core.main.TestCaseExecutor   - --------------------
2025-09-24 04:53:45.595 INFO  c.k.katalon.core.main.TestCaseExecutor   - START Test Cases/2000_tresult/Return Passed
2025-09-24 04:53:45.600 DEBUG testcase.Return Passed                   - 1: markPassed("Passed")
2025-09-24 04:53:45.601 DEBUG com.kms.katalon.core.util.KeywordUtil    - ✓ Passed
2025-09-24 04:53:47.605 INFO  c.k.k.c.c.internal.VideoRecorderService  - Video recording for test case 'Test Cases/2000_tresult/Return Passed' .
2025-09-24 04:53:47.605 INFO  c.k.katalon.core.main.TestCaseExecutor   - END Test Cases/2000_tresult/Return Passed
2025-09-24 04:53:47.607 INFO  c.k.katalon.core.main.TestCaseExecutor   - --------------------
2025-09-24 04:53:47.607 INFO  c.k.katalon.core.main.TestCaseExecutor   - START Test Cases/2000_tresult/Return Passed
2025-09-24 04:53:47.612 DEBUG testcase.Return Passed                   - 1: markPassed("Passed")
2025-09-24 04:53:47.612 DEBUG com.kms.katalon.core.util.KeywordUtil    - ✓ Passed
2025-09-24 04:53:49.616 INFO  c.k.k.c.c.internal.VideoRecorderService  - Video recording for test case 'Test Cases/2000_tresult/Return Passed' .
2025-09-24 04:53:49.616 INFO  c.k.katalon.core.main.TestCaseExecutor   - END Test Cases/2000_tresult/Return Passed
2025-09-24 04:53:49.618 INFO  c.k.katalon.core.main.TestCaseExecutor   - --------------------
2025-09-24 04:53:49.618 INFO  c.k.katalon.core.main.TestCaseExecutor   - START Test Cases/2000_tresult/Return Passed
2025-09-24 04:53:49.623 DEBUG testcase.Return Passed                   - 1: markPassed("Passed")
2025-09-24 04:53:49.624 DEBUG com.kms.katalon.core.util.KeywordUtil    - ✓ Passed
2025-09-24 04:53:51.627 INFO  c.k.k.c.c.internal.VideoRecorderService  - Video recording for test case 'Test Cases/2000_tresult/Return Passed' .
2025-09-24 04:53:51.628 INFO  c.k.katalon.core.main.TestCaseExecutor   - END Test Cases/2000_tresult/Return Passed
2025-09-24 04:53:51.629 INFO  c.k.katalon.core.main.TestCaseExecutor   - --------------------
2025-09-24 04:53:51.629 INFO  c.k.katalon.core.main.TestCaseExecutor   - START Test Cases/2000_tresult/Return Passed
2025-09-24 04:53:51.633 DEBUG testcase.Return Passed                   - 1: markPassed("Passed")
2025-09-24 04:53:51.634 DEBUG com.kms.katalon.core.util.KeywordUtil    - ✓ Passed
2025-09-24 04:53:53.637 INFO  c.k.k.c.c.internal.VideoRecorderService  - Video recording for test case 'Test Cases/2000_tresult/Return Passed' .
2025-09-24 04:53:53.637 INFO  c.k.katalon.core.main.TestCaseExecutor   - END Test Cases/2000_tresult/Return Passed
2025-09-24 04:53:53.639 INFO  c.k.katalon.core.main.TestCaseExecutor   - --------------------
2025-09-24 04:53:53.639 INFO  c.k.katalon.core.main.TestCaseExecutor   - START Test Cases/2000_tresult/Return Passed
2025-09-24 04:53:53.644 DEBUG testcase.Return Passed                   - 1: markPassed("Passed")
2025-09-24 04:53:53.644 DEBUG com.kms.katalon.core.util.KeywordUtil    - ✓ Passed
2025-09-24 04:53:55.647 INFO  c.k.k.c.c.internal.VideoRecorderService  - Video recording for test case 'Test Cases/2000_tresult/Return Passed' .
2025-09-24 04:53:55.648 INFO  c.k.katalon.core.main.TestCaseExecutor   - END Test Cases/2000_tresult/Return Passed
2025-09-24 04:53:55.649 INFO  c.k.katalon.core.main.TestCaseExecutor   - --------------------
2025-09-24 04:53:55.649 INFO  c.k.katalon.core.main.TestCaseExecutor   - START Test Cases/2000_tresult/Return Passed
2025-09-24 04:53:55.654 DEBUG testcase.Return Passed                   - 1: markPassed("Passed")
2025-09-24 04:53:55.654 DEBUG com.kms.katalon.core.util.KeywordUtil    - ✓ Passed
2025-09-24 04:53:57.657 INFO  c.k.k.c.c.internal.VideoRecorderService  - Video recording for test case 'Test Cases/2000_tresult/Return Passed' .
2025-09-24 04:53:57.658 INFO  c.k.katalon.core.main.TestCaseExecutor   - END Test Cases/2000_tresult/Return Passed
2025-09-24 04:53:57.659 INFO  c.k.katalon.core.main.TestCaseExecutor   - --------------------
2025-09-24 04:53:57.659 INFO  c.k.katalon.core.main.TestCaseExecutor   - START Test Cases/2000_tresult/Return Passed
2025-09-24 04:53:57.663 DEBUG testcase.Return Passed                   - 1: markPassed("Passed")
2025-09-24 04:53:57.664 DEBUG com.kms.katalon.core.util.KeywordUtil    - ✓ Passed
2025-09-24 04:53:59.667 INFO  c.k.k.c.c.internal.VideoRecorderService  - Video recording for test case 'Test Cases/2000_tresult/Return Passed' .
2025-09-24 04:53:59.668 INFO  c.k.katalon.core.main.TestCaseExecutor   - END Test Cases/2000_tresult/Return Passed
2025-09-24 04:53:59.669 INFO  c.k.katalon.core.main.TestCaseExecutor   - --------------------
2025-09-24 04:53:59.669 INFO  c.k.katalon.core.main.TestCaseExecutor   - START Test Cases/2000_tresult/Return Passed
2025-09-24 04:53:59.673 DEBUG testcase.Return Passed                   - 1: markPassed("Passed")
2025-09-24 04:53:59.673 DEBUG com.kms.katalon.core.util.KeywordUtil    - ✓ Passed
2025-09-24 04:54:01.677 INFO  c.k.k.c.c.internal.VideoRecorderService  - Video recording for test case 'Test Cases/2000_tresult/Return Passed' .
2025-09-24 04:54:01.677 INFO  c.k.katalon.core.main.TestCaseExecutor   - END Test Cases/2000_tresult/Return Passed
2025-09-24 04:54:01.679 INFO  c.k.katalon.core.main.TestCaseExecutor   - --------------------
2025-09-24 04:54:01.679 INFO  c.k.katalon.core.main.TestCaseExecutor   - START Test Cases/2000_tresult/Return Passed
2025-09-24 04:54:01.683 DEBUG testcase.Return Passed                   - 1: markPassed("Passed")
2025-09-24 04:54:01.684 DEBUG com.kms.katalon.core.util.KeywordUtil    - ✓ Passed
2025-09-24 04:54:03.687 INFO  c.k.k.c.c.internal.VideoRecorderService  - Video recording for test case 'Test Cases/2000_tresult/Return Passed' .
2025-09-24 04:54:03.687 INFO  c.k.katalon.core.main.TestCaseExecutor   - END Test Cases/2000_tresult/Return Passed
2025-09-24 04:54:03.689 INFO  c.k.katalon.core.main.TestCaseExecutor   - --------------------
2025-09-24 04:54:03.689 INFO  c.k.katalon.core.main.TestCaseExecutor   - START Test Cases/2000_tresult/Return Passed
2025-09-24 04:54:03.693 DEBUG testcase.Return Passed                   - 1: markPassed("Passed")
2025-09-24 04:54:03.693 DEBUG com.kms.katalon.core.util.KeywordUtil    - ✓ Passed
2025-09-24 04:54:05.697 INFO  c.k.k.c.c.internal.VideoRecorderService  - Video recording for test case 'Test Cases/2000_tresult/Return Passed' .
2025-09-24 04:54:05.697 INFO  c.k.katalon.core.main.TestCaseExecutor   - END Test Cases/2000_tresult/Return Passed
2025-09-24 04:54:05.700 INFO  c.k.katalon.core.main.TestCaseExecutor   - --------------------
2025-09-24 04:54:05.700 INFO  c.k.katalon.core.main.TestCaseExecutor   - START Test Cases/2000_tresult/Return Passed
2025-09-24 04:54:05.704 DEBUG testcase.Return Passed                   - 1: markPassed("Passed")
2025-09-24 04:54:05.705 DEBUG com.kms.katalon.core.util.KeywordUtil    - ✓ Passed
2025-09-24 04:54:07.708 INFO  c.k.k.c.c.internal.VideoRecorderService  - Video recording for test case 'Test Cases/2000_tresult/Return Passed' .
2025-09-24 04:54:07.708 INFO  c.k.katalon.core.main.TestCaseExecutor   - END Test Cases/2000_tresult/Return Passed
2025-09-24 04:54:07.710 INFO  c.k.katalon.core.main.TestCaseExecutor   - --------------------
2025-09-24 04:54:07.710 INFO  c.k.katalon.core.main.TestCaseExecutor   - START Test Cases/2000_tresult/Return Passed
2025-09-24 04:54:07.715 DEBUG testcase.Return Passed                   - 1: markPassed("Passed")
2025-09-24 04:54:07.715 DEBUG com.kms.katalon.core.util.KeywordUtil    - ✓ Passed
2025-09-24 04:54:09.718 INFO  c.k.k.c.c.internal.VideoRecorderService  - Video recording for test case 'Test Cases/2000_tresult/Return Passed' .
2025-09-24 04:54:09.719 INFO  c.k.katalon.core.main.TestCaseExecutor   - END Test Cases/2000_tresult/Return Passed
2025-09-24 04:54:09.720 INFO  c.k.katalon.core.main.TestCaseExecutor   - --------------------
2025-09-24 04:54:09.720 INFO  c.k.katalon.core.main.TestCaseExecutor   - START Test Cases/2000_tresult/Return Passed
2025-09-24 04:54:09.724 DEBUG testcase.Return Passed                   - 1: markPassed("Passed")
2025-09-24 04:54:09.725 DEBUG com.kms.katalon.core.util.KeywordUtil    - ✓ Passed
2025-09-24 04:54:11.728 INFO  c.k.k.c.c.internal.VideoRecorderService  - Video recording for test case 'Test Cases/2000_tresult/Return Passed' .
2025-09-24 04:54:11.728 INFO  c.k.katalon.core.main.TestCaseExecutor   - END Test Cases/2000_tresult/Return Passed
2025-09-24 04:54:11.731 INFO  c.k.katalon.core.main.TestCaseExecutor   - --------------------
2025-09-24 04:54:11.731 INFO  c.k.katalon.core.main.TestCaseExecutor   - START Test Cases/2000_tresult/Return Passed
2025-09-24 04:54:11.737 DEBUG testcase.Return Passed                   - 1: markPassed("Passed")
2025-09-24 04:54:11.737 DEBUG com.kms.katalon.core.util.KeywordUtil    - ✓ Passed
2025-09-24 04:54:13.741 INFO  c.k.k.c.c.internal.VideoRecorderService  - Video recording for test case 'Test Cases/2000_tresult/Return Passed' .
2025-09-24 04:54:13.741 INFO  c.k.katalon.core.main.TestCaseExecutor   - END Test Cases/2000_tresult/Return Passed
2025-09-24 04:54:13.743 INFO  c.k.katalon.core.main.TestCaseExecutor   - --------------------
2025-09-24 04:54:13.743 INFO  c.k.katalon.core.main.TestCaseExecutor   - START Test Cases/2000_tresult/Return Passed
2025-09-24 04:54:13.747 DEBUG testcase.Return Passed                   - 1: markPassed("Passed")
2025-09-24 04:54:13.748 DEBUG com.kms.katalon.core.util.KeywordUtil    - ✓ Passed
2025-09-24 04:54:15.751 INFO  c.k.k.c.c.internal.VideoRecorderService  - Video recording for test case 'Test Cases/2000_tresult/Return Passed' .
2025-09-24 04:54:15.751 INFO  c.k.katalon.core.main.TestCaseExecutor   - END Test Cases/2000_tresult/Return Passed
2025-09-24 04:54:15.753 INFO  c.k.katalon.core.main.TestCaseExecutor   - --------------------
2025-09-24 04:54:15.753 INFO  c.k.katalon.core.main.TestCaseExecutor   - START Test Cases/2000_tresult/Return Passed
2025-09-24 04:54:15.757 DEBUG testcase.Return Passed                   - 1: markPassed("Passed")
2025-09-24 04:54:15.758 DEBUG com.kms.katalon.core.util.KeywordUtil    - ✓ Passed
2025-09-24 04:54:17.761 INFO  c.k.k.c.c.internal.VideoRecorderService  - Video recording for test case 'Test Cases/2000_tresult/Return Passed' .
2025-09-24 04:54:17.761 INFO  c.k.katalon.core.main.TestCaseExecutor   - END Test Cases/2000_tresult/Return Passed
2025-09-24 04:54:17.763 INFO  c.k.katalon.core.main.TestCaseExecutor   - --------------------
2025-09-24 04:54:17.763 INFO  c.k.katalon.core.main.TestCaseExecutor   - START Test Cases/2000_tresult/Return Passed
2025-09-24 04:54:17.768 DEBUG testcase.Return Passed                   - 1: markPassed("Passed")
2025-09-24 04:54:17.769 DEBUG com.kms.katalon.core.util.KeywordUtil    - ✓ Passed
2025-09-24 04:54:19.772 INFO  c.k.k.c.c.internal.VideoRecorderService  - Video recording for test case 'Test Cases/2000_tresult/Return Passed' .
2025-09-24 04:54:19.773 INFO  c.k.katalon.core.main.TestCaseExecutor   - END Test Cases/2000_tresult/Return Passed
2025-09-24 04:54:19.775 INFO  c.k.katalon.core.main.TestCaseExecutor   - --------------------
2025-09-24 04:54:19.775 INFO  c.k.katalon.core.main.TestCaseExecutor   - START Test Cases/2000_tresult/Return Passed
2025-09-24 04:54:19.781 DEBUG testcase.Return Passed                   - 1: markPassed("Passed")
2025-09-24 04:54:19.781 DEBUG com.kms.katalon.core.util.KeywordUtil    - ✓ Passed
2025-09-24 04:54:21.785 INFO  c.k.k.c.c.internal.VideoRecorderService  - Video recording for test case 'Test Cases/2000_tresult/Return Passed' .
2025-09-24 04:54:21.785 INFO  c.k.katalon.core.main.TestCaseExecutor   - END Test Cases/2000_tresult/Return Passed
2025-09-24 04:54:21.787 INFO  c.k.katalon.core.main.TestCaseExecutor   - --------------------
2025-09-24 04:54:21.787 INFO  c.k.katalon.core.main.TestCaseExecutor   - START Test Cases/2000_tresult/Return Passed
2025-09-24 04:54:21.791 DEBUG testcase.Return Passed                   - 1: markPassed("Passed")
2025-09-24 04:54:21.791 DEBUG com.kms.katalon.core.util.KeywordUtil    - ✓ Passed
2025-09-24 04:54:23.794 INFO  c.k.k.c.c.internal.VideoRecorderService  - Video recording for test case 'Test Cases/2000_tresult/Return Passed' .
2025-09-24 04:54:23.795 INFO  c.k.katalon.core.main.TestCaseExecutor   - END Test Cases/2000_tresult/Return Passed
2025-09-24 04:54:23.796 INFO  c.k.katalon.core.main.TestCaseExecutor   - --------------------
2025-09-24 04:54:23.796 INFO  c.k.katalon.core.main.TestCaseExecutor   - START Test Cases/2000_tresult/Return Passed
2025-09-24 04:54:23.800 DEBUG testcase.Return Passed                   - 1: markPassed("Passed")
2025-09-24 04:54:23.801 DEBUG com.kms.katalon.core.util.KeywordUtil    - ✓ Passed
2025-09-24 04:54:25.804 INFO  c.k.k.c.c.internal.VideoRecorderService  - Video recording for test case 'Test Cases/2000_tresult/Return Passed' .
2025-09-24 04:54:25.804 INFO  c.k.katalon.core.main.TestCaseExecutor   - END Test Cases/2000_tresult/Return Passed
2025-09-24 04:54:25.807 INFO  c.k.katalon.core.main.TestCaseExecutor   - --------------------
2025-09-24 04:54:25.807 INFO  c.k.katalon.core.main.TestCaseExecutor   - START Test Cases/2000_tresult/Return Passed
2025-09-24 04:54:25.814 DEBUG testcase.Return Passed                   - 1: markPassed("Passed")
2025-09-24 04:54:25.814 DEBUG com.kms.katalon.core.util.KeywordUtil    - ✓ Passed
2025-09-24 04:54:27.818 INFO  c.k.k.c.c.internal.VideoRecorderService  - Video recording for test case 'Test Cases/2000_tresult/Return Passed' .
2025-09-24 04:54:27.818 INFO  c.k.katalon.core.main.TestCaseExecutor   - END Test Cases/2000_tresult/Return Passed
2025-09-24 04:54:27.820 INFO  c.k.katalon.core.main.TestCaseExecutor   - --------------------
2025-09-24 04:54:27.820 INFO  c.k.katalon.core.main.TestCaseExecutor   - START Test Cases/2000_tresult/Return Passed
2025-09-24 04:54:27.824 DEBUG testcase.Return Passed                   - 1: markPassed("Passed")
2025-09-24 04:54:27.825 DEBUG com.kms.katalon.core.util.KeywordUtil    - ✓ Passed
2025-09-24 04:54:29.828 INFO  c.k.k.c.c.internal.VideoRecorderService  - Video recording for test case 'Test Cases/2000_tresult/Return Passed' .
2025-09-24 04:54:29.828 INFO  c.k.katalon.core.main.TestCaseExecutor   - END Test Cases/2000_tresult/Return Passed
2025-09-24 04:54:29.848 INFO  c.k.katalon.core.main.TestSuiteExecutor  - --------------------
2025-09-24 04:54:29.848 INFO  c.k.katalon.core.main.TestSuiteExecutor  - END Test Suites/100_tc
2025-09-24 04:54:29.848 INFO  c.k.katalon.core.main.TestSuiteExecutor  - ====================
