2025-09-24 07:42:13.430 INFO  c.k.katalon.core.main.TestSuiteExecutor  - START Test Suites/100_tc
2025-09-24 07:42:13.537 INFO  c.k.katalon.core.main.TestSuiteExecutor  - userFullName = Man Hua
2025-09-24 07:42:13.538 INFO  c.k.katalon.core.main.TestSuiteExecutor  - projectName = Demo-Bulk-Operation
2025-09-24 07:42:13.540 INFO  c.k.katalon.core.main.TestSuiteExecutor  - hostName = agent - 14475linalllatest-778642-katalon-agent-fz29f
2025-09-24 07:42:13.541 INFO  c.k.katalon.core.main.TestSuiteExecutor  - os = Linux 64bit
2025-09-24 07:42:13.541 INFO  c.k.katalon.core.main.TestSuiteExecutor  - hostAddress = 10.10.7.200
2025-09-24 07:42:13.542 INFO  c.k.katalon.core.main.TestSuiteExecutor  - katalonVersion = 10.3.1.0
2025-09-24 07:42:14.138 INFO  c.k.katalon.core.main.TestCaseExecutor   - --------------------
2025-09-24 07:42:14.143 INFO  c.k.katalon.core.main.TestCaseExecutor   - START Test Cases/2000_tresult/Return Passed
2025-09-24 07:42:14.693 DEBUG testcase.Return Passed                   - 1: markPassed("Passed")
2025-09-24 07:42:14.698 DEBUG com.kms.katalon.core.util.KeywordUtil    - ✓ Passed
2025-09-24 07:42:16.741 INFO  c.k.k.c.c.internal.VideoRecorderService  - Video recording for test case 'Test Cases/2000_tresult/Return Passed' .
2025-09-24 07:42:16.742 INFO  c.k.katalon.core.main.TestCaseExecutor   - END Test Cases/2000_tresult/Return Passed
2025-09-24 07:42:16.760 INFO  c.k.katalon.core.main.TestCaseExecutor   - --------------------
2025-09-24 07:42:16.761 INFO  c.k.katalon.core.main.TestCaseExecutor   - START Test Cases/2000_tresult/Return Passed
2025-09-24 07:42:16.824 DEBUG testcase.Return Passed                   - 1: markPassed("Passed")
2025-09-24 07:42:16.825 DEBUG com.kms.katalon.core.util.KeywordUtil    - ✓ Passed
2025-09-24 07:42:18.831 INFO  c.k.k.c.c.internal.VideoRecorderService  - Video recording for test case 'Test Cases/2000_tresult/Return Passed' .
2025-09-24 07:42:18.841 INFO  c.k.katalon.core.main.TestCaseExecutor   - END Test Cases/2000_tresult/Return Passed
2025-09-24 07:42:18.847 INFO  c.k.katalon.core.main.TestCaseExecutor   - --------------------
2025-09-24 07:42:18.848 INFO  c.k.katalon.core.main.TestCaseExecutor   - START Test Cases/2000_tresult/Return Passed
2025-09-24 07:42:18.860 DEBUG testcase.Return Passed                   - 1: markPassed("Passed")
2025-09-24 07:42:18.861 DEBUG com.kms.katalon.core.util.KeywordUtil    - ✓ Passed
2025-09-24 07:42:20.867 INFO  c.k.k.c.c.internal.VideoRecorderService  - Video recording for test case 'Test Cases/2000_tresult/Return Passed' .
2025-09-24 07:42:20.867 INFO  c.k.katalon.core.main.TestCaseExecutor   - END Test Cases/2000_tresult/Return Passed
2025-09-24 07:42:20.870 INFO  c.k.katalon.core.main.TestCaseExecutor   - --------------------
2025-09-24 07:42:20.870 INFO  c.k.katalon.core.main.TestCaseExecutor   - START Test Cases/2000_tresult/Return Passed
2025-09-24 07:42:20.926 DEBUG testcase.Return Passed                   - 1: markPassed("Passed")
2025-09-24 07:42:20.926 DEBUG com.kms.katalon.core.util.KeywordUtil    - ✓ Passed
2025-09-24 07:42:22.931 INFO  c.k.k.c.c.internal.VideoRecorderService  - Video recording for test case 'Test Cases/2000_tresult/Return Passed' .
2025-09-24 07:42:22.932 INFO  c.k.katalon.core.main.TestCaseExecutor   - END Test Cases/2000_tresult/Return Passed
2025-09-24 07:42:22.934 INFO  c.k.katalon.core.main.TestCaseExecutor   - --------------------
2025-09-24 07:42:22.935 INFO  c.k.katalon.core.main.TestCaseExecutor   - START Test Cases/2000_tresult/Return Passed
2025-09-24 07:42:22.945 DEBUG testcase.Return Passed                   - 1: markPassed("Passed")
2025-09-24 07:42:22.945 DEBUG com.kms.katalon.core.util.KeywordUtil    - ✓ Passed
2025-09-24 07:42:24.949 INFO  c.k.k.c.c.internal.VideoRecorderService  - Video recording for test case 'Test Cases/2000_tresult/Return Passed' .
2025-09-24 07:42:24.950 INFO  c.k.katalon.core.main.TestCaseExecutor   - END Test Cases/2000_tresult/Return Passed
2025-09-24 07:42:24.952 INFO  c.k.katalon.core.main.TestCaseExecutor   - --------------------
2025-09-24 07:42:24.953 INFO  c.k.katalon.core.main.TestCaseExecutor   - START Test Cases/2000_tresult/Return Passed
2025-09-24 07:42:24.961 DEBUG testcase.Return Passed                   - 1: markPassed("Passed")
2025-09-24 07:42:24.962 DEBUG com.kms.katalon.core.util.KeywordUtil    - ✓ Passed
2025-09-24 07:42:26.967 INFO  c.k.k.c.c.internal.VideoRecorderService  - Video recording for test case 'Test Cases/2000_tresult/Return Passed' .
2025-09-24 07:42:26.968 INFO  c.k.katalon.core.main.TestCaseExecutor   - END Test Cases/2000_tresult/Return Passed
2025-09-24 07:42:26.971 INFO  c.k.katalon.core.main.TestCaseExecutor   - --------------------
2025-09-24 07:42:26.971 INFO  c.k.katalon.core.main.TestCaseExecutor   - START Test Cases/2000_tresult/Return Passed
2025-09-24 07:42:26.976 DEBUG testcase.Return Passed                   - 1: markPassed("Passed")
2025-09-24 07:42:26.977 DEBUG com.kms.katalon.core.util.KeywordUtil    - ✓ Passed
2025-09-24 07:42:28.981 INFO  c.k.k.c.c.internal.VideoRecorderService  - Video recording for test case 'Test Cases/2000_tresult/Return Passed' .
2025-09-24 07:42:28.982 INFO  c.k.katalon.core.main.TestCaseExecutor   - END Test Cases/2000_tresult/Return Passed
2025-09-24 07:42:28.991 INFO  c.k.katalon.core.main.TestCaseExecutor   - --------------------
2025-09-24 07:42:28.992 INFO  c.k.katalon.core.main.TestCaseExecutor   - START Test Cases/2000_tresult/Return Passed
2025-09-24 07:42:28.997 DEBUG testcase.Return Passed                   - 1: markPassed("Passed")
2025-09-24 07:42:28.998 DEBUG com.kms.katalon.core.util.KeywordUtil    - ✓ Passed
2025-09-24 07:42:31.002 INFO  c.k.k.c.c.internal.VideoRecorderService  - Video recording for test case 'Test Cases/2000_tresult/Return Passed' .
2025-09-24 07:42:31.003 INFO  c.k.katalon.core.main.TestCaseExecutor   - END Test Cases/2000_tresult/Return Passed
2025-09-24 07:42:31.006 INFO  c.k.katalon.core.main.TestCaseExecutor   - --------------------
2025-09-24 07:42:31.006 INFO  c.k.katalon.core.main.TestCaseExecutor   - START Test Cases/2000_tresult/Return Passed
2025-09-24 07:42:31.012 DEBUG testcase.Return Passed                   - 1: markPassed("Passed")
2025-09-24 07:42:31.013 DEBUG com.kms.katalon.core.util.KeywordUtil    - ✓ Passed
2025-09-24 07:42:33.017 INFO  c.k.k.c.c.internal.VideoRecorderService  - Video recording for test case 'Test Cases/2000_tresult/Return Passed' .
2025-09-24 07:42:33.018 INFO  c.k.katalon.core.main.TestCaseExecutor   - END Test Cases/2000_tresult/Return Passed
2025-09-24 07:42:33.024 INFO  c.k.katalon.core.main.TestCaseExecutor   - --------------------
2025-09-24 07:42:33.025 INFO  c.k.katalon.core.main.TestCaseExecutor   - START Test Cases/2000_tresult/Return Passed
2025-09-24 07:42:33.030 DEBUG testcase.Return Passed                   - 1: markPassed("Passed")
2025-09-24 07:42:33.031 DEBUG com.kms.katalon.core.util.KeywordUtil    - ✓ Passed
2025-09-24 07:42:35.035 INFO  c.k.k.c.c.internal.VideoRecorderService  - Video recording for test case 'Test Cases/2000_tresult/Return Passed' .
2025-09-24 07:42:35.036 INFO  c.k.katalon.core.main.TestCaseExecutor   - END Test Cases/2000_tresult/Return Passed
2025-09-24 07:42:35.040 INFO  c.k.katalon.core.main.TestCaseExecutor   - --------------------
2025-09-24 07:42:35.040 INFO  c.k.katalon.core.main.TestCaseExecutor   - START Test Cases/2000_tresult/Return Passed
2025-09-24 07:42:35.048 DEBUG testcase.Return Passed                   - 1: markPassed("Passed")
2025-09-24 07:42:35.048 DEBUG com.kms.katalon.core.util.KeywordUtil    - ✓ Passed
2025-09-24 07:42:37.052 INFO  c.k.k.c.c.internal.VideoRecorderService  - Video recording for test case 'Test Cases/2000_tresult/Return Passed' .
2025-09-24 07:42:37.053 INFO  c.k.katalon.core.main.TestCaseExecutor   - END Test Cases/2000_tresult/Return Passed
2025-09-24 07:42:37.055 INFO  c.k.katalon.core.main.TestCaseExecutor   - --------------------
2025-09-24 07:42:37.055 INFO  c.k.katalon.core.main.TestCaseExecutor   - START Test Cases/2000_tresult/Return Passed
2025-09-24 07:42:37.061 DEBUG testcase.Return Passed                   - 1: markPassed("Passed")
2025-09-24 07:42:37.061 DEBUG com.kms.katalon.core.util.KeywordUtil    - ✓ Passed
2025-09-24 07:42:39.065 INFO  c.k.k.c.c.internal.VideoRecorderService  - Video recording for test case 'Test Cases/2000_tresult/Return Passed' .
2025-09-24 07:42:39.066 INFO  c.k.katalon.core.main.TestCaseExecutor   - END Test Cases/2000_tresult/Return Passed
2025-09-24 07:42:39.070 INFO  c.k.katalon.core.main.TestCaseExecutor   - --------------------
2025-09-24 07:42:39.070 INFO  c.k.katalon.core.main.TestCaseExecutor   - START Test Cases/2000_tresult/Return Passed
2025-09-24 07:42:39.076 DEBUG testcase.Return Passed                   - 1: markPassed("Passed")
2025-09-24 07:42:39.077 DEBUG com.kms.katalon.core.util.KeywordUtil    - ✓ Passed
2025-09-24 07:42:41.081 INFO  c.k.k.c.c.internal.VideoRecorderService  - Video recording for test case 'Test Cases/2000_tresult/Return Passed' .
2025-09-24 07:42:41.082 INFO  c.k.katalon.core.main.TestCaseExecutor   - END Test Cases/2000_tresult/Return Passed
2025-09-24 07:42:41.086 INFO  c.k.katalon.core.main.TestCaseExecutor   - --------------------
2025-09-24 07:42:41.086 INFO  c.k.katalon.core.main.TestCaseExecutor   - START Test Cases/2000_tresult/Return Passed
2025-09-24 07:42:41.091 DEBUG testcase.Return Passed                   - 1: markPassed("Passed")
2025-09-24 07:42:41.092 DEBUG com.kms.katalon.core.util.KeywordUtil    - ✓ Passed
2025-09-24 07:42:43.095 INFO  c.k.k.c.c.internal.VideoRecorderService  - Video recording for test case 'Test Cases/2000_tresult/Return Passed' .
2025-09-24 07:42:43.097 INFO  c.k.katalon.core.main.TestCaseExecutor   - END Test Cases/2000_tresult/Return Passed
2025-09-24 07:42:43.099 INFO  c.k.katalon.core.main.TestCaseExecutor   - --------------------
2025-09-24 07:42:43.100 INFO  c.k.katalon.core.main.TestCaseExecutor   - START Test Cases/2000_tresult/Return Passed
2025-09-24 07:42:43.105 DEBUG testcase.Return Passed                   - 1: markPassed("Passed")
2025-09-24 07:42:43.106 DEBUG com.kms.katalon.core.util.KeywordUtil    - ✓ Passed
2025-09-24 07:42:45.109 INFO  c.k.k.c.c.internal.VideoRecorderService  - Video recording for test case 'Test Cases/2000_tresult/Return Passed' .
2025-09-24 07:42:45.111 INFO  c.k.katalon.core.main.TestCaseExecutor   - END Test Cases/2000_tresult/Return Passed
2025-09-24 07:42:45.114 INFO  c.k.katalon.core.main.TestCaseExecutor   - --------------------
2025-09-24 07:42:45.114 INFO  c.k.katalon.core.main.TestCaseExecutor   - START Test Cases/2000_tresult/Return Passed
2025-09-24 07:42:45.123 DEBUG testcase.Return Passed                   - 1: markPassed("Passed")
2025-09-24 07:42:45.124 DEBUG com.kms.katalon.core.util.KeywordUtil    - ✓ Passed
2025-09-24 07:42:47.128 INFO  c.k.k.c.c.internal.VideoRecorderService  - Video recording for test case 'Test Cases/2000_tresult/Return Passed' .
2025-09-24 07:42:47.129 INFO  c.k.katalon.core.main.TestCaseExecutor   - END Test Cases/2000_tresult/Return Passed
2025-09-24 07:42:47.131 INFO  c.k.katalon.core.main.TestCaseExecutor   - --------------------
2025-09-24 07:42:47.131 INFO  c.k.katalon.core.main.TestCaseExecutor   - START Test Cases/2000_tresult/Return Passed
2025-09-24 07:42:47.136 DEBUG testcase.Return Passed                   - 1: markPassed("Passed")
2025-09-24 07:42:47.136 DEBUG com.kms.katalon.core.util.KeywordUtil    - ✓ Passed
2025-09-24 07:42:49.140 INFO  c.k.k.c.c.internal.VideoRecorderService  - Video recording for test case 'Test Cases/2000_tresult/Return Passed' .
2025-09-24 07:42:49.141 INFO  c.k.katalon.core.main.TestCaseExecutor   - END Test Cases/2000_tresult/Return Passed
2025-09-24 07:42:49.143 INFO  c.k.katalon.core.main.TestCaseExecutor   - --------------------
2025-09-24 07:42:49.143 INFO  c.k.katalon.core.main.TestCaseExecutor   - START Test Cases/2000_tresult/Return Passed
2025-09-24 07:42:49.150 DEBUG testcase.Return Passed                   - 1: markPassed("Passed")
2025-09-24 07:42:49.151 DEBUG com.kms.katalon.core.util.KeywordUtil    - ✓ Passed
2025-09-24 07:42:51.155 INFO  c.k.k.c.c.internal.VideoRecorderService  - Video recording for test case 'Test Cases/2000_tresult/Return Passed' .
2025-09-24 07:42:51.156 INFO  c.k.katalon.core.main.TestCaseExecutor   - END Test Cases/2000_tresult/Return Passed
2025-09-24 07:42:51.158 INFO  c.k.katalon.core.main.TestCaseExecutor   - --------------------
2025-09-24 07:42:51.158 INFO  c.k.katalon.core.main.TestCaseExecutor   - START Test Cases/2000_tresult/Return Passed
2025-09-24 07:42:51.166 DEBUG testcase.Return Passed                   - 1: markPassed("Passed")
2025-09-24 07:42:51.166 DEBUG com.kms.katalon.core.util.KeywordUtil    - ✓ Passed
2025-09-24 07:42:53.170 INFO  c.k.k.c.c.internal.VideoRecorderService  - Video recording for test case 'Test Cases/2000_tresult/Return Passed' .
2025-09-24 07:42:53.171 INFO  c.k.katalon.core.main.TestCaseExecutor   - END Test Cases/2000_tresult/Return Passed
2025-09-24 07:42:53.177 INFO  c.k.katalon.core.main.TestCaseExecutor   - --------------------
2025-09-24 07:42:53.177 INFO  c.k.katalon.core.main.TestCaseExecutor   - START Test Cases/2000_tresult/Return Passed
2025-09-24 07:42:53.182 DEBUG testcase.Return Passed                   - 1: markPassed("Passed")
2025-09-24 07:42:53.182 DEBUG com.kms.katalon.core.util.KeywordUtil    - ✓ Passed
2025-09-24 07:42:55.186 INFO  c.k.k.c.c.internal.VideoRecorderService  - Video recording for test case 'Test Cases/2000_tresult/Return Passed' .
2025-09-24 07:42:55.187 INFO  c.k.katalon.core.main.TestCaseExecutor   - END Test Cases/2000_tresult/Return Passed
2025-09-24 07:42:55.189 INFO  c.k.katalon.core.main.TestCaseExecutor   - --------------------
2025-09-24 07:42:55.189 INFO  c.k.katalon.core.main.TestCaseExecutor   - START Test Cases/2000_tresult/Return Passed
2025-09-24 07:42:55.194 DEBUG testcase.Return Passed                   - 1: markPassed("Passed")
2025-09-24 07:42:55.195 DEBUG com.kms.katalon.core.util.KeywordUtil    - ✓ Passed
2025-09-24 07:42:57.198 INFO  c.k.k.c.c.internal.VideoRecorderService  - Video recording for test case 'Test Cases/2000_tresult/Return Passed' .
2025-09-24 07:42:57.199 INFO  c.k.katalon.core.main.TestCaseExecutor   - END Test Cases/2000_tresult/Return Passed
2025-09-24 07:42:57.206 INFO  c.k.katalon.core.main.TestCaseExecutor   - --------------------
2025-09-24 07:42:57.206 INFO  c.k.katalon.core.main.TestCaseExecutor   - START Test Cases/2000_tresult/Return Passed
2025-09-24 07:42:57.211 DEBUG testcase.Return Passed                   - 1: markPassed("Passed")
2025-09-24 07:42:57.211 DEBUG com.kms.katalon.core.util.KeywordUtil    - ✓ Passed
2025-09-24 07:42:59.215 INFO  c.k.k.c.c.internal.VideoRecorderService  - Video recording for test case 'Test Cases/2000_tresult/Return Passed' .
2025-09-24 07:42:59.215 INFO  c.k.katalon.core.main.TestCaseExecutor   - END Test Cases/2000_tresult/Return Passed
2025-09-24 07:42:59.220 INFO  c.k.katalon.core.main.TestCaseExecutor   - --------------------
2025-09-24 07:42:59.220 INFO  c.k.katalon.core.main.TestCaseExecutor   - START Test Cases/2000_tresult/Return Passed
2025-09-24 07:42:59.224 DEBUG testcase.Return Passed                   - 1: markPassed("Passed")
2025-09-24 07:42:59.224 DEBUG com.kms.katalon.core.util.KeywordUtil    - ✓ Passed
2025-09-24 07:43:01.228 INFO  c.k.k.c.c.internal.VideoRecorderService  - Video recording for test case 'Test Cases/2000_tresult/Return Passed' .
2025-09-24 07:43:01.229 INFO  c.k.katalon.core.main.TestCaseExecutor   - END Test Cases/2000_tresult/Return Passed
2025-09-24 07:43:01.234 INFO  c.k.katalon.core.main.TestCaseExecutor   - --------------------
2025-09-24 07:43:01.234 INFO  c.k.katalon.core.main.TestCaseExecutor   - START Test Cases/2000_tresult/Return Passed
2025-09-24 07:43:01.238 DEBUG testcase.Return Passed                   - 1: markPassed("Passed")
2025-09-24 07:43:01.238 DEBUG com.kms.katalon.core.util.KeywordUtil    - ✓ Passed
2025-09-24 07:43:03.242 INFO  c.k.k.c.c.internal.VideoRecorderService  - Video recording for test case 'Test Cases/2000_tresult/Return Passed' .
2025-09-24 07:43:03.243 INFO  c.k.katalon.core.main.TestCaseExecutor   - END Test Cases/2000_tresult/Return Passed
2025-09-24 07:43:03.245 INFO  c.k.katalon.core.main.TestCaseExecutor   - --------------------
2025-09-24 07:43:03.245 INFO  c.k.katalon.core.main.TestCaseExecutor   - START Test Cases/2000_tresult/Return Passed
2025-09-24 07:43:03.249 DEBUG testcase.Return Passed                   - 1: markPassed("Passed")
2025-09-24 07:43:03.250 DEBUG com.kms.katalon.core.util.KeywordUtil    - ✓ Passed
2025-09-24 07:43:05.253 INFO  c.k.k.c.c.internal.VideoRecorderService  - Video recording for test case 'Test Cases/2000_tresult/Return Passed' .
2025-09-24 07:43:05.254 INFO  c.k.katalon.core.main.TestCaseExecutor   - END Test Cases/2000_tresult/Return Passed
2025-09-24 07:43:05.257 INFO  c.k.katalon.core.main.TestCaseExecutor   - --------------------
2025-09-24 07:43:05.257 INFO  c.k.katalon.core.main.TestCaseExecutor   - START Test Cases/2000_tresult/Return Passed
2025-09-24 07:43:05.262 DEBUG testcase.Return Passed                   - 1: markPassed("Passed")
2025-09-24 07:43:05.262 DEBUG com.kms.katalon.core.util.KeywordUtil    - ✓ Passed
2025-09-24 07:43:07.266 INFO  c.k.k.c.c.internal.VideoRecorderService  - Video recording for test case 'Test Cases/2000_tresult/Return Passed' .
2025-09-24 07:43:07.267 INFO  c.k.katalon.core.main.TestCaseExecutor   - END Test Cases/2000_tresult/Return Passed
2025-09-24 07:43:07.269 INFO  c.k.katalon.core.main.TestCaseExecutor   - --------------------
2025-09-24 07:43:07.269 INFO  c.k.katalon.core.main.TestCaseExecutor   - START Test Cases/2000_tresult/Return Passed
2025-09-24 07:43:07.274 DEBUG testcase.Return Passed                   - 1: markPassed("Passed")
2025-09-24 07:43:07.274 DEBUG com.kms.katalon.core.util.KeywordUtil    - ✓ Passed
2025-09-24 07:43:09.278 INFO  c.k.k.c.c.internal.VideoRecorderService  - Video recording for test case 'Test Cases/2000_tresult/Return Passed' .
2025-09-24 07:43:09.278 INFO  c.k.katalon.core.main.TestCaseExecutor   - END Test Cases/2000_tresult/Return Passed
2025-09-24 07:43:09.280 INFO  c.k.katalon.core.main.TestCaseExecutor   - --------------------
2025-09-24 07:43:09.280 INFO  c.k.katalon.core.main.TestCaseExecutor   - START Test Cases/2000_tresult/Return Passed
2025-09-24 07:43:09.285 DEBUG testcase.Return Passed                   - 1: markPassed("Passed")
2025-09-24 07:43:09.286 DEBUG com.kms.katalon.core.util.KeywordUtil    - ✓ Passed
2025-09-24 07:43:11.289 INFO  c.k.k.c.c.internal.VideoRecorderService  - Video recording for test case 'Test Cases/2000_tresult/Return Passed' .
2025-09-24 07:43:11.291 INFO  c.k.katalon.core.main.TestCaseExecutor   - END Test Cases/2000_tresult/Return Passed
2025-09-24 07:43:11.296 INFO  c.k.katalon.core.main.TestCaseExecutor   - --------------------
2025-09-24 07:43:11.296 INFO  c.k.katalon.core.main.TestCaseExecutor   - START Test Cases/2000_tresult/Return Passed
2025-09-24 07:43:11.301 DEBUG testcase.Return Passed                   - 1: markPassed("Passed")
2025-09-24 07:43:11.301 DEBUG com.kms.katalon.core.util.KeywordUtil    - ✓ Passed
2025-09-24 07:43:13.304 INFO  c.k.k.c.c.internal.VideoRecorderService  - Video recording for test case 'Test Cases/2000_tresult/Return Passed' .
2025-09-24 07:43:13.305 INFO  c.k.katalon.core.main.TestCaseExecutor   - END Test Cases/2000_tresult/Return Passed
2025-09-24 07:43:13.307 INFO  c.k.katalon.core.main.TestCaseExecutor   - --------------------
2025-09-24 07:43:13.307 INFO  c.k.katalon.core.main.TestCaseExecutor   - START Test Cases/2000_tresult/Return Passed
2025-09-24 07:43:13.311 DEBUG testcase.Return Passed                   - 1: markPassed("Passed")
2025-09-24 07:43:13.312 DEBUG com.kms.katalon.core.util.KeywordUtil    - ✓ Passed
2025-09-24 07:43:15.316 INFO  c.k.k.c.c.internal.VideoRecorderService  - Video recording for test case 'Test Cases/2000_tresult/Return Passed' .
2025-09-24 07:43:15.317 INFO  c.k.katalon.core.main.TestCaseExecutor   - END Test Cases/2000_tresult/Return Passed
2025-09-24 07:43:15.319 INFO  c.k.katalon.core.main.TestCaseExecutor   - --------------------
2025-09-24 07:43:15.319 INFO  c.k.katalon.core.main.TestCaseExecutor   - START Test Cases/2000_tresult/Return Passed
2025-09-24 07:43:15.324 DEBUG testcase.Return Passed                   - 1: markPassed("Passed")
2025-09-24 07:43:15.324 DEBUG com.kms.katalon.core.util.KeywordUtil    - ✓ Passed
2025-09-24 07:43:17.328 INFO  c.k.k.c.c.internal.VideoRecorderService  - Video recording for test case 'Test Cases/2000_tresult/Return Passed' .
2025-09-24 07:43:17.328 INFO  c.k.katalon.core.main.TestCaseExecutor   - END Test Cases/2000_tresult/Return Passed
2025-09-24 07:43:17.330 INFO  c.k.katalon.core.main.TestCaseExecutor   - --------------------
2025-09-24 07:43:17.330 INFO  c.k.katalon.core.main.TestCaseExecutor   - START Test Cases/2000_tresult/Return Passed
2025-09-24 07:43:17.335 DEBUG testcase.Return Passed                   - 1: markPassed("Passed")
2025-09-24 07:43:17.335 DEBUG com.kms.katalon.core.util.KeywordUtil    - ✓ Passed
2025-09-24 07:43:19.340 INFO  c.k.k.c.c.internal.VideoRecorderService  - Video recording for test case 'Test Cases/2000_tresult/Return Passed' .
2025-09-24 07:43:19.340 INFO  c.k.katalon.core.main.TestCaseExecutor   - END Test Cases/2000_tresult/Return Passed
2025-09-24 07:43:19.345 INFO  c.k.katalon.core.main.TestCaseExecutor   - --------------------
2025-09-24 07:43:19.345 INFO  c.k.katalon.core.main.TestCaseExecutor   - START Test Cases/2000_tresult/Return Passed
2025-09-24 07:43:19.351 DEBUG testcase.Return Passed                   - 1: markPassed("Passed")
2025-09-24 07:43:19.351 DEBUG com.kms.katalon.core.util.KeywordUtil    - ✓ Passed
2025-09-24 07:43:21.355 INFO  c.k.k.c.c.internal.VideoRecorderService  - Video recording for test case 'Test Cases/2000_tresult/Return Passed' .
2025-09-24 07:43:21.356 INFO  c.k.katalon.core.main.TestCaseExecutor   - END Test Cases/2000_tresult/Return Passed
2025-09-24 07:43:21.360 INFO  c.k.katalon.core.main.TestCaseExecutor   - --------------------
2025-09-24 07:43:21.360 INFO  c.k.katalon.core.main.TestCaseExecutor   - START Test Cases/2000_tresult/Return Passed
2025-09-24 07:43:21.364 DEBUG testcase.Return Passed                   - 1: markPassed("Passed")
2025-09-24 07:43:21.365 DEBUG com.kms.katalon.core.util.KeywordUtil    - ✓ Passed
2025-09-24 07:43:23.368 INFO  c.k.k.c.c.internal.VideoRecorderService  - Video recording for test case 'Test Cases/2000_tresult/Return Passed' .
2025-09-24 07:43:23.369 INFO  c.k.katalon.core.main.TestCaseExecutor   - END Test Cases/2000_tresult/Return Passed
2025-09-24 07:43:23.371 INFO  c.k.katalon.core.main.TestCaseExecutor   - --------------------
2025-09-24 07:43:23.371 INFO  c.k.katalon.core.main.TestCaseExecutor   - START Test Cases/2000_tresult/Return Passed
2025-09-24 07:43:23.375 DEBUG testcase.Return Passed                   - 1: markPassed("Passed")
2025-09-24 07:43:23.375 DEBUG com.kms.katalon.core.util.KeywordUtil    - ✓ Passed
2025-09-24 07:43:25.379 INFO  c.k.k.c.c.internal.VideoRecorderService  - Video recording for test case 'Test Cases/2000_tresult/Return Passed' .
2025-09-24 07:43:25.380 INFO  c.k.katalon.core.main.TestCaseExecutor   - END Test Cases/2000_tresult/Return Passed
2025-09-24 07:43:25.384 INFO  c.k.katalon.core.main.TestCaseExecutor   - --------------------
2025-09-24 07:43:25.384 INFO  c.k.katalon.core.main.TestCaseExecutor   - START Test Cases/2000_tresult/Return Passed
2025-09-24 07:43:25.388 DEBUG testcase.Return Passed                   - 1: markPassed("Passed")
2025-09-24 07:43:25.388 DEBUG com.kms.katalon.core.util.KeywordUtil    - ✓ Passed
2025-09-24 07:43:27.392 INFO  c.k.k.c.c.internal.VideoRecorderService  - Video recording for test case 'Test Cases/2000_tresult/Return Passed' .
2025-09-24 07:43:27.392 INFO  c.k.katalon.core.main.TestCaseExecutor   - END Test Cases/2000_tresult/Return Passed
2025-09-24 07:43:27.397 INFO  c.k.katalon.core.main.TestCaseExecutor   - --------------------
2025-09-24 07:43:27.397 INFO  c.k.katalon.core.main.TestCaseExecutor   - START Test Cases/2000_tresult/Return Passed
2025-09-24 07:43:27.402 DEBUG testcase.Return Passed                   - 1: markPassed("Passed")
2025-09-24 07:43:27.402 DEBUG com.kms.katalon.core.util.KeywordUtil    - ✓ Passed
2025-09-24 07:43:29.405 INFO  c.k.k.c.c.internal.VideoRecorderService  - Video recording for test case 'Test Cases/2000_tresult/Return Passed' .
2025-09-24 07:43:29.406 INFO  c.k.katalon.core.main.TestCaseExecutor   - END Test Cases/2000_tresult/Return Passed
2025-09-24 07:43:29.409 INFO  c.k.katalon.core.main.TestCaseExecutor   - --------------------
2025-09-24 07:43:29.409 INFO  c.k.katalon.core.main.TestCaseExecutor   - START Test Cases/2000_tresult/Return Passed
2025-09-24 07:43:29.414 DEBUG testcase.Return Passed                   - 1: markPassed("Passed")
2025-09-24 07:43:29.414 DEBUG com.kms.katalon.core.util.KeywordUtil    - ✓ Passed
2025-09-24 07:43:31.417 INFO  c.k.k.c.c.internal.VideoRecorderService  - Video recording for test case 'Test Cases/2000_tresult/Return Passed' .
2025-09-24 07:43:31.418 INFO  c.k.katalon.core.main.TestCaseExecutor   - END Test Cases/2000_tresult/Return Passed
2025-09-24 07:43:31.420 INFO  c.k.katalon.core.main.TestCaseExecutor   - --------------------
2025-09-24 07:43:31.420 INFO  c.k.katalon.core.main.TestCaseExecutor   - START Test Cases/2000_tresult/Return Passed
2025-09-24 07:43:31.425 DEBUG testcase.Return Passed                   - 1: markPassed("Passed")
2025-09-24 07:43:31.425 DEBUG com.kms.katalon.core.util.KeywordUtil    - ✓ Passed
2025-09-24 07:43:33.429 INFO  c.k.k.c.c.internal.VideoRecorderService  - Video recording for test case 'Test Cases/2000_tresult/Return Passed' .
2025-09-24 07:43:33.429 INFO  c.k.katalon.core.main.TestCaseExecutor   - END Test Cases/2000_tresult/Return Passed
2025-09-24 07:43:33.432 INFO  c.k.katalon.core.main.TestCaseExecutor   - --------------------
2025-09-24 07:43:33.432 INFO  c.k.katalon.core.main.TestCaseExecutor   - START Test Cases/2000_tresult/Return Passed
2025-09-24 07:43:33.437 DEBUG testcase.Return Passed                   - 1: markPassed("Passed")
2025-09-24 07:43:33.438 DEBUG com.kms.katalon.core.util.KeywordUtil    - ✓ Passed
2025-09-24 07:43:35.442 INFO  c.k.k.c.c.internal.VideoRecorderService  - Video recording for test case 'Test Cases/2000_tresult/Return Passed' .
2025-09-24 07:43:35.442 INFO  c.k.katalon.core.main.TestCaseExecutor   - END Test Cases/2000_tresult/Return Passed
2025-09-24 07:43:35.444 INFO  c.k.katalon.core.main.TestCaseExecutor   - --------------------
2025-09-24 07:43:35.445 INFO  c.k.katalon.core.main.TestCaseExecutor   - START Test Cases/2000_tresult/Return Passed
2025-09-24 07:43:35.450 DEBUG testcase.Return Passed                   - 1: markPassed("Passed")
2025-09-24 07:43:35.450 DEBUG com.kms.katalon.core.util.KeywordUtil    - ✓ Passed
2025-09-24 07:43:37.454 INFO  c.k.k.c.c.internal.VideoRecorderService  - Video recording for test case 'Test Cases/2000_tresult/Return Passed' .
2025-09-24 07:43:37.454 INFO  c.k.katalon.core.main.TestCaseExecutor   - END Test Cases/2000_tresult/Return Passed
2025-09-24 07:43:37.458 INFO  c.k.katalon.core.main.TestCaseExecutor   - --------------------
2025-09-24 07:43:37.458 INFO  c.k.katalon.core.main.TestCaseExecutor   - START Test Cases/2000_tresult/Return Passed
2025-09-24 07:43:37.466 DEBUG testcase.Return Passed                   - 1: markPassed("Passed")
2025-09-24 07:43:37.466 DEBUG com.kms.katalon.core.util.KeywordUtil    - ✓ Passed
2025-09-24 07:43:39.471 INFO  c.k.k.c.c.internal.VideoRecorderService  - Video recording for test case 'Test Cases/2000_tresult/Return Passed' .
2025-09-24 07:43:39.471 INFO  c.k.katalon.core.main.TestCaseExecutor   - END Test Cases/2000_tresult/Return Passed
2025-09-24 07:43:39.473 INFO  c.k.katalon.core.main.TestCaseExecutor   - --------------------
2025-09-24 07:43:39.473 INFO  c.k.katalon.core.main.TestCaseExecutor   - START Test Cases/2000_tresult/Return Passed
2025-09-24 07:43:39.477 DEBUG testcase.Return Passed                   - 1: markPassed("Passed")
2025-09-24 07:43:39.478 DEBUG com.kms.katalon.core.util.KeywordUtil    - ✓ Passed
2025-09-24 07:43:41.481 INFO  c.k.k.c.c.internal.VideoRecorderService  - Video recording for test case 'Test Cases/2000_tresult/Return Passed' .
2025-09-24 07:43:41.482 INFO  c.k.katalon.core.main.TestCaseExecutor   - END Test Cases/2000_tresult/Return Passed
2025-09-24 07:43:41.483 INFO  c.k.katalon.core.main.TestCaseExecutor   - --------------------
2025-09-24 07:43:41.483 INFO  c.k.katalon.core.main.TestCaseExecutor   - START Test Cases/2000_tresult/Return Passed
2025-09-24 07:43:41.487 DEBUG testcase.Return Passed                   - 1: markPassed("Passed")
2025-09-24 07:43:41.488 DEBUG com.kms.katalon.core.util.KeywordUtil    - ✓ Passed
2025-09-24 07:43:43.491 INFO  c.k.k.c.c.internal.VideoRecorderService  - Video recording for test case 'Test Cases/2000_tresult/Return Passed' .
2025-09-24 07:43:43.492 INFO  c.k.katalon.core.main.TestCaseExecutor   - END Test Cases/2000_tresult/Return Passed
2025-09-24 07:43:43.494 INFO  c.k.katalon.core.main.TestCaseExecutor   - --------------------
2025-09-24 07:43:43.494 INFO  c.k.katalon.core.main.TestCaseExecutor   - START Test Cases/2000_tresult/Return Passed
2025-09-24 07:43:43.499 DEBUG testcase.Return Passed                   - 1: markPassed("Passed")
2025-09-24 07:43:43.499 DEBUG com.kms.katalon.core.util.KeywordUtil    - ✓ Passed
2025-09-24 07:43:45.502 INFO  c.k.k.c.c.internal.VideoRecorderService  - Video recording for test case 'Test Cases/2000_tresult/Return Passed' .
2025-09-24 07:43:45.503 INFO  c.k.katalon.core.main.TestCaseExecutor   - END Test Cases/2000_tresult/Return Passed
2025-09-24 07:43:45.505 INFO  c.k.katalon.core.main.TestCaseExecutor   - --------------------
2025-09-24 07:43:45.505 INFO  c.k.katalon.core.main.TestCaseExecutor   - START Test Cases/2000_tresult/Return Passed
2025-09-24 07:43:45.509 DEBUG testcase.Return Passed                   - 1: markPassed("Passed")
2025-09-24 07:43:45.510 DEBUG com.kms.katalon.core.util.KeywordUtil    - ✓ Passed
2025-09-24 07:43:47.513 INFO  c.k.k.c.c.internal.VideoRecorderService  - Video recording for test case 'Test Cases/2000_tresult/Return Passed' .
2025-09-24 07:43:47.514 INFO  c.k.katalon.core.main.TestCaseExecutor   - END Test Cases/2000_tresult/Return Passed
2025-09-24 07:43:47.517 INFO  c.k.katalon.core.main.TestCaseExecutor   - --------------------
2025-09-24 07:43:47.517 INFO  c.k.katalon.core.main.TestCaseExecutor   - START Test Cases/2000_tresult/Return Passed
2025-09-24 07:43:47.523 DEBUG testcase.Return Passed                   - 1: markPassed("Passed")
2025-09-24 07:43:47.523 DEBUG com.kms.katalon.core.util.KeywordUtil    - ✓ Passed
2025-09-24 07:43:49.527 INFO  c.k.k.c.c.internal.VideoRecorderService  - Video recording for test case 'Test Cases/2000_tresult/Return Passed' .
2025-09-24 07:43:49.527 INFO  c.k.katalon.core.main.TestCaseExecutor   - END Test Cases/2000_tresult/Return Passed
2025-09-24 07:43:49.530 INFO  c.k.katalon.core.main.TestCaseExecutor   - --------------------
2025-09-24 07:43:49.530 INFO  c.k.katalon.core.main.TestCaseExecutor   - START Test Cases/2000_tresult/Return Passed
2025-09-24 07:43:49.536 DEBUG testcase.Return Passed                   - 1: markPassed("Passed")
2025-09-24 07:43:49.536 DEBUG com.kms.katalon.core.util.KeywordUtil    - ✓ Passed
2025-09-24 07:43:51.539 INFO  c.k.k.c.c.internal.VideoRecorderService  - Video recording for test case 'Test Cases/2000_tresult/Return Passed' .
2025-09-24 07:43:51.540 INFO  c.k.katalon.core.main.TestCaseExecutor   - END Test Cases/2000_tresult/Return Passed
2025-09-24 07:43:51.544 INFO  c.k.katalon.core.main.TestCaseExecutor   - --------------------
2025-09-24 07:43:51.545 INFO  c.k.katalon.core.main.TestCaseExecutor   - START Test Cases/2000_tresult/Return Passed
2025-09-24 07:43:51.549 DEBUG testcase.Return Passed                   - 1: markPassed("Passed")
2025-09-24 07:43:51.549 DEBUG com.kms.katalon.core.util.KeywordUtil    - ✓ Passed
2025-09-24 07:43:53.553 INFO  c.k.k.c.c.internal.VideoRecorderService  - Video recording for test case 'Test Cases/2000_tresult/Return Passed' .
2025-09-24 07:43:53.553 INFO  c.k.katalon.core.main.TestCaseExecutor   - END Test Cases/2000_tresult/Return Passed
2025-09-24 07:43:53.555 INFO  c.k.katalon.core.main.TestCaseExecutor   - --------------------
2025-09-24 07:43:53.555 INFO  c.k.katalon.core.main.TestCaseExecutor   - START Test Cases/2000_tresult/Return Passed
2025-09-24 07:43:53.559 DEBUG testcase.Return Passed                   - 1: markPassed("Passed")
2025-09-24 07:43:53.560 DEBUG com.kms.katalon.core.util.KeywordUtil    - ✓ Passed
2025-09-24 07:43:55.563 INFO  c.k.k.c.c.internal.VideoRecorderService  - Video recording for test case 'Test Cases/2000_tresult/Return Passed' .
2025-09-24 07:43:55.564 INFO  c.k.katalon.core.main.TestCaseExecutor   - END Test Cases/2000_tresult/Return Passed
2025-09-24 07:43:55.566 INFO  c.k.katalon.core.main.TestCaseExecutor   - --------------------
2025-09-24 07:43:55.566 INFO  c.k.katalon.core.main.TestCaseExecutor   - START Test Cases/2000_tresult/Return Passed
2025-09-24 07:43:55.572 DEBUG testcase.Return Passed                   - 1: markPassed("Passed")
2025-09-24 07:43:55.572 DEBUG com.kms.katalon.core.util.KeywordUtil    - ✓ Passed
2025-09-24 07:43:57.575 INFO  c.k.k.c.c.internal.VideoRecorderService  - Video recording for test case 'Test Cases/2000_tresult/Return Passed' .
2025-09-24 07:43:57.576 INFO  c.k.katalon.core.main.TestCaseExecutor   - END Test Cases/2000_tresult/Return Passed
2025-09-24 07:43:57.578 INFO  c.k.katalon.core.main.TestCaseExecutor   - --------------------
2025-09-24 07:43:57.578 INFO  c.k.katalon.core.main.TestCaseExecutor   - START Test Cases/2000_tresult/Return Passed
2025-09-24 07:43:57.582 DEBUG testcase.Return Passed                   - 1: markPassed("Passed")
2025-09-24 07:43:57.583 DEBUG com.kms.katalon.core.util.KeywordUtil    - ✓ Passed
2025-09-24 07:43:59.586 INFO  c.k.k.c.c.internal.VideoRecorderService  - Video recording for test case 'Test Cases/2000_tresult/Return Passed' .
2025-09-24 07:43:59.587 INFO  c.k.katalon.core.main.TestCaseExecutor   - END Test Cases/2000_tresult/Return Passed
2025-09-24 07:43:59.595 INFO  c.k.katalon.core.main.TestCaseExecutor   - --------------------
2025-09-24 07:43:59.595 INFO  c.k.katalon.core.main.TestCaseExecutor   - START Test Cases/2000_tresult/Return Passed
2025-09-24 07:43:59.603 DEBUG testcase.Return Passed                   - 1: markPassed("Passed")
2025-09-24 07:43:59.603 DEBUG com.kms.katalon.core.util.KeywordUtil    - ✓ Passed
2025-09-24 07:44:01.606 INFO  c.k.k.c.c.internal.VideoRecorderService  - Video recording for test case 'Test Cases/2000_tresult/Return Passed' .
2025-09-24 07:44:01.607 INFO  c.k.katalon.core.main.TestCaseExecutor   - END Test Cases/2000_tresult/Return Passed
2025-09-24 07:44:01.609 INFO  c.k.katalon.core.main.TestCaseExecutor   - --------------------
2025-09-24 07:44:01.609 INFO  c.k.katalon.core.main.TestCaseExecutor   - START Test Cases/2000_tresult/Return Passed
2025-09-24 07:44:01.613 DEBUG testcase.Return Passed                   - 1: markPassed("Passed")
2025-09-24 07:44:01.614 DEBUG com.kms.katalon.core.util.KeywordUtil    - ✓ Passed
2025-09-24 07:44:03.617 INFO  c.k.k.c.c.internal.VideoRecorderService  - Video recording for test case 'Test Cases/2000_tresult/Return Passed' .
2025-09-24 07:44:03.618 INFO  c.k.katalon.core.main.TestCaseExecutor   - END Test Cases/2000_tresult/Return Passed
2025-09-24 07:44:03.619 INFO  c.k.katalon.core.main.TestCaseExecutor   - --------------------
2025-09-24 07:44:03.619 INFO  c.k.katalon.core.main.TestCaseExecutor   - START Test Cases/2000_tresult/Return Passed
2025-09-24 07:44:03.623 DEBUG testcase.Return Passed                   - 1: markPassed("Passed")
2025-09-24 07:44:03.623 DEBUG com.kms.katalon.core.util.KeywordUtil    - ✓ Passed
2025-09-24 07:44:05.627 INFO  c.k.k.c.c.internal.VideoRecorderService  - Video recording for test case 'Test Cases/2000_tresult/Return Passed' .
2025-09-24 07:44:05.627 INFO  c.k.katalon.core.main.TestCaseExecutor   - END Test Cases/2000_tresult/Return Passed
2025-09-24 07:44:05.629 INFO  c.k.katalon.core.main.TestCaseExecutor   - --------------------
2025-09-24 07:44:05.629 INFO  c.k.katalon.core.main.TestCaseExecutor   - START Test Cases/2000_tresult/Return Passed
2025-09-24 07:44:05.635 DEBUG testcase.Return Passed                   - 1: markPassed("Passed")
2025-09-24 07:44:05.635 DEBUG com.kms.katalon.core.util.KeywordUtil    - ✓ Passed
2025-09-24 07:44:07.638 INFO  c.k.k.c.c.internal.VideoRecorderService  - Video recording for test case 'Test Cases/2000_tresult/Return Passed' .
2025-09-24 07:44:07.639 INFO  c.k.katalon.core.main.TestCaseExecutor   - END Test Cases/2000_tresult/Return Passed
2025-09-24 07:44:07.641 INFO  c.k.katalon.core.main.TestCaseExecutor   - --------------------
2025-09-24 07:44:07.641 INFO  c.k.katalon.core.main.TestCaseExecutor   - START Test Cases/2000_tresult/Return Passed
2025-09-24 07:44:07.645 DEBUG testcase.Return Passed                   - 1: markPassed("Passed")
2025-09-24 07:44:07.645 DEBUG com.kms.katalon.core.util.KeywordUtil    - ✓ Passed
2025-09-24 07:44:09.648 INFO  c.k.k.c.c.internal.VideoRecorderService  - Video recording for test case 'Test Cases/2000_tresult/Return Passed' .
2025-09-24 07:44:09.649 INFO  c.k.katalon.core.main.TestCaseExecutor   - END Test Cases/2000_tresult/Return Passed
2025-09-24 07:44:09.651 INFO  c.k.katalon.core.main.TestCaseExecutor   - --------------------
2025-09-24 07:44:09.651 INFO  c.k.katalon.core.main.TestCaseExecutor   - START Test Cases/2000_tresult/Return Passed
2025-09-24 07:44:09.655 DEBUG testcase.Return Passed                   - 1: markPassed("Passed")
2025-09-24 07:44:09.656 DEBUG com.kms.katalon.core.util.KeywordUtil    - ✓ Passed
2025-09-24 07:44:11.660 INFO  c.k.k.c.c.internal.VideoRecorderService  - Video recording for test case 'Test Cases/2000_tresult/Return Passed' .
2025-09-24 07:44:11.660 INFO  c.k.katalon.core.main.TestCaseExecutor   - END Test Cases/2000_tresult/Return Passed
2025-09-24 07:44:11.662 INFO  c.k.katalon.core.main.TestCaseExecutor   - --------------------
2025-09-24 07:44:11.662 INFO  c.k.katalon.core.main.TestCaseExecutor   - START Test Cases/2000_tresult/Return Passed
2025-09-24 07:44:11.675 DEBUG testcase.Return Passed                   - 1: markPassed("Passed")
2025-09-24 07:44:11.675 DEBUG com.kms.katalon.core.util.KeywordUtil    - ✓ Passed
2025-09-24 07:44:13.679 INFO  c.k.k.c.c.internal.VideoRecorderService  - Video recording for test case 'Test Cases/2000_tresult/Return Passed' .
2025-09-24 07:44:13.679 INFO  c.k.katalon.core.main.TestCaseExecutor   - END Test Cases/2000_tresult/Return Passed
2025-09-24 07:44:13.681 INFO  c.k.katalon.core.main.TestCaseExecutor   - --------------------
2025-09-24 07:44:13.681 INFO  c.k.katalon.core.main.TestCaseExecutor   - START Test Cases/2000_tresult/Return Passed
2025-09-24 07:44:13.685 DEBUG testcase.Return Passed                   - 1: markPassed("Passed")
2025-09-24 07:44:13.685 DEBUG com.kms.katalon.core.util.KeywordUtil    - ✓ Passed
2025-09-24 07:44:15.688 INFO  c.k.k.c.c.internal.VideoRecorderService  - Video recording for test case 'Test Cases/2000_tresult/Return Passed' .
2025-09-24 07:44:15.689 INFO  c.k.katalon.core.main.TestCaseExecutor   - END Test Cases/2000_tresult/Return Passed
2025-09-24 07:44:15.691 INFO  c.k.katalon.core.main.TestCaseExecutor   - --------------------
2025-09-24 07:44:15.691 INFO  c.k.katalon.core.main.TestCaseExecutor   - START Test Cases/2000_tresult/Return Passed
2025-09-24 07:44:15.695 DEBUG testcase.Return Passed                   - 1: markPassed("Passed")
2025-09-24 07:44:15.695 DEBUG com.kms.katalon.core.util.KeywordUtil    - ✓ Passed
2025-09-24 07:44:17.699 INFO  c.k.k.c.c.internal.VideoRecorderService  - Video recording for test case 'Test Cases/2000_tresult/Return Passed' .
2025-09-24 07:44:17.699 INFO  c.k.katalon.core.main.TestCaseExecutor   - END Test Cases/2000_tresult/Return Passed
2025-09-24 07:44:17.701 INFO  c.k.katalon.core.main.TestCaseExecutor   - --------------------
2025-09-24 07:44:17.701 INFO  c.k.katalon.core.main.TestCaseExecutor   - START Test Cases/2000_tresult/Return Passed
2025-09-24 07:44:17.705 DEBUG testcase.Return Passed                   - 1: markPassed("Passed")
2025-09-24 07:44:17.705 DEBUG com.kms.katalon.core.util.KeywordUtil    - ✓ Passed
2025-09-24 07:44:19.709 INFO  c.k.k.c.c.internal.VideoRecorderService  - Video recording for test case 'Test Cases/2000_tresult/Return Passed' .
2025-09-24 07:44:19.709 INFO  c.k.katalon.core.main.TestCaseExecutor   - END Test Cases/2000_tresult/Return Passed
2025-09-24 07:44:19.713 INFO  c.k.katalon.core.main.TestCaseExecutor   - --------------------
2025-09-24 07:44:19.713 INFO  c.k.katalon.core.main.TestCaseExecutor   - START Test Cases/2000_tresult/Return Passed
2025-09-24 07:44:19.722 DEBUG testcase.Return Passed                   - 1: markPassed("Passed")
2025-09-24 07:44:19.723 DEBUG com.kms.katalon.core.util.KeywordUtil    - ✓ Passed
2025-09-24 07:44:21.726 INFO  c.k.k.c.c.internal.VideoRecorderService  - Video recording for test case 'Test Cases/2000_tresult/Return Passed' .
2025-09-24 07:44:21.727 INFO  c.k.katalon.core.main.TestCaseExecutor   - END Test Cases/2000_tresult/Return Passed
2025-09-24 07:44:21.729 INFO  c.k.katalon.core.main.TestCaseExecutor   - --------------------
2025-09-24 07:44:21.729 INFO  c.k.katalon.core.main.TestCaseExecutor   - START Test Cases/2000_tresult/Return Passed
2025-09-24 07:44:21.734 DEBUG testcase.Return Passed                   - 1: markPassed("Passed")
2025-09-24 07:44:21.734 DEBUG com.kms.katalon.core.util.KeywordUtil    - ✓ Passed
2025-09-24 07:44:23.737 INFO  c.k.k.c.c.internal.VideoRecorderService  - Video recording for test case 'Test Cases/2000_tresult/Return Passed' .
2025-09-24 07:44:23.738 INFO  c.k.katalon.core.main.TestCaseExecutor   - END Test Cases/2000_tresult/Return Passed
2025-09-24 07:44:23.740 INFO  c.k.katalon.core.main.TestCaseExecutor   - --------------------
2025-09-24 07:44:23.740 INFO  c.k.katalon.core.main.TestCaseExecutor   - START Test Cases/2000_tresult/Return Passed
2025-09-24 07:44:23.744 DEBUG testcase.Return Passed                   - 1: markPassed("Passed")
2025-09-24 07:44:23.744 DEBUG com.kms.katalon.core.util.KeywordUtil    - ✓ Passed
2025-09-24 07:44:25.748 INFO  c.k.k.c.c.internal.VideoRecorderService  - Video recording for test case 'Test Cases/2000_tresult/Return Passed' .
2025-09-24 07:44:25.748 INFO  c.k.katalon.core.main.TestCaseExecutor   - END Test Cases/2000_tresult/Return Passed
2025-09-24 07:44:25.751 INFO  c.k.katalon.core.main.TestCaseExecutor   - --------------------
2025-09-24 07:44:25.751 INFO  c.k.katalon.core.main.TestCaseExecutor   - START Test Cases/2000_tresult/Return Passed
2025-09-24 07:44:25.758 DEBUG testcase.Return Passed                   - 1: markPassed("Passed")
2025-09-24 07:44:25.758 DEBUG com.kms.katalon.core.util.KeywordUtil    - ✓ Passed
2025-09-24 07:44:27.762 INFO  c.k.k.c.c.internal.VideoRecorderService  - Video recording for test case 'Test Cases/2000_tresult/Return Passed' .
2025-09-24 07:44:27.763 INFO  c.k.katalon.core.main.TestCaseExecutor   - END Test Cases/2000_tresult/Return Passed
2025-09-24 07:44:27.764 INFO  c.k.katalon.core.main.TestCaseExecutor   - --------------------
2025-09-24 07:44:27.764 INFO  c.k.katalon.core.main.TestCaseExecutor   - START Test Cases/2000_tresult/Return Passed
2025-09-24 07:44:27.770 DEBUG testcase.Return Passed                   - 1: markPassed("Passed")
2025-09-24 07:44:27.770 DEBUG com.kms.katalon.core.util.KeywordUtil    - ✓ Passed
2025-09-24 07:44:29.774 INFO  c.k.k.c.c.internal.VideoRecorderService  - Video recording for test case 'Test Cases/2000_tresult/Return Passed' .
2025-09-24 07:44:29.775 INFO  c.k.katalon.core.main.TestCaseExecutor   - END Test Cases/2000_tresult/Return Passed
2025-09-24 07:44:29.779 INFO  c.k.katalon.core.main.TestCaseExecutor   - --------------------
2025-09-24 07:44:29.779 INFO  c.k.katalon.core.main.TestCaseExecutor   - START Test Cases/2000_tresult/Return Passed
2025-09-24 07:44:29.784 DEBUG testcase.Return Passed                   - 1: markPassed("Passed")
2025-09-24 07:44:29.784 DEBUG com.kms.katalon.core.util.KeywordUtil    - ✓ Passed
2025-09-24 07:44:31.787 INFO  c.k.k.c.c.internal.VideoRecorderService  - Video recording for test case 'Test Cases/2000_tresult/Return Passed' .
2025-09-24 07:44:31.788 INFO  c.k.katalon.core.main.TestCaseExecutor   - END Test Cases/2000_tresult/Return Passed
2025-09-24 07:44:31.789 INFO  c.k.katalon.core.main.TestCaseExecutor   - --------------------
2025-09-24 07:44:31.789 INFO  c.k.katalon.core.main.TestCaseExecutor   - START Test Cases/2000_tresult/Return Passed
2025-09-24 07:44:31.793 DEBUG testcase.Return Passed                   - 1: markPassed("Passed")
2025-09-24 07:44:31.793 DEBUG com.kms.katalon.core.util.KeywordUtil    - ✓ Passed
2025-09-24 07:44:33.797 INFO  c.k.k.c.c.internal.VideoRecorderService  - Video recording for test case 'Test Cases/2000_tresult/Return Passed' .
2025-09-24 07:44:33.797 INFO  c.k.katalon.core.main.TestCaseExecutor   - END Test Cases/2000_tresult/Return Passed
2025-09-24 07:44:33.800 INFO  c.k.katalon.core.main.TestCaseExecutor   - --------------------
2025-09-24 07:44:33.800 INFO  c.k.katalon.core.main.TestCaseExecutor   - START Test Cases/2000_tresult/Return Passed
2025-09-24 07:44:33.804 DEBUG testcase.Return Passed                   - 1: markPassed("Passed")
2025-09-24 07:44:33.804 DEBUG com.kms.katalon.core.util.KeywordUtil    - ✓ Passed
2025-09-24 07:44:35.808 INFO  c.k.k.c.c.internal.VideoRecorderService  - Video recording for test case 'Test Cases/2000_tresult/Return Passed' .
2025-09-24 07:44:35.808 INFO  c.k.katalon.core.main.TestCaseExecutor   - END Test Cases/2000_tresult/Return Passed
2025-09-24 07:44:35.810 INFO  c.k.katalon.core.main.TestCaseExecutor   - --------------------
2025-09-24 07:44:35.810 INFO  c.k.katalon.core.main.TestCaseExecutor   - START Test Cases/2000_tresult/Return Passed
2025-09-24 07:44:35.814 DEBUG testcase.Return Passed                   - 1: markPassed("Passed")
2025-09-24 07:44:35.815 DEBUG com.kms.katalon.core.util.KeywordUtil    - ✓ Passed
2025-09-24 07:44:37.818 INFO  c.k.k.c.c.internal.VideoRecorderService  - Video recording for test case 'Test Cases/2000_tresult/Return Passed' .
2025-09-24 07:44:37.818 INFO  c.k.katalon.core.main.TestCaseExecutor   - END Test Cases/2000_tresult/Return Passed
2025-09-24 07:44:37.820 INFO  c.k.katalon.core.main.TestCaseExecutor   - --------------------
2025-09-24 07:44:37.820 INFO  c.k.katalon.core.main.TestCaseExecutor   - START Test Cases/2000_tresult/Return Passed
2025-09-24 07:44:37.825 DEBUG testcase.Return Passed                   - 1: markPassed("Passed")
2025-09-24 07:44:37.825 DEBUG com.kms.katalon.core.util.KeywordUtil    - ✓ Passed
2025-09-24 07:44:39.828 INFO  c.k.k.c.c.internal.VideoRecorderService  - Video recording for test case 'Test Cases/2000_tresult/Return Passed' .
2025-09-24 07:44:39.829 INFO  c.k.katalon.core.main.TestCaseExecutor   - END Test Cases/2000_tresult/Return Passed
2025-09-24 07:44:39.831 INFO  c.k.katalon.core.main.TestCaseExecutor   - --------------------
2025-09-24 07:44:39.831 INFO  c.k.katalon.core.main.TestCaseExecutor   - START Test Cases/2000_tresult/Return Passed
2025-09-24 07:44:39.835 DEBUG testcase.Return Passed                   - 1: markPassed("Passed")
2025-09-24 07:44:39.835 DEBUG com.kms.katalon.core.util.KeywordUtil    - ✓ Passed
2025-09-24 07:44:41.838 INFO  c.k.k.c.c.internal.VideoRecorderService  - Video recording for test case 'Test Cases/2000_tresult/Return Passed' .
2025-09-24 07:44:41.839 INFO  c.k.katalon.core.main.TestCaseExecutor   - END Test Cases/2000_tresult/Return Passed
2025-09-24 07:44:41.841 INFO  c.k.katalon.core.main.TestCaseExecutor   - --------------------
2025-09-24 07:44:41.841 INFO  c.k.katalon.core.main.TestCaseExecutor   - START Test Cases/2000_tresult/Return Passed
2025-09-24 07:44:41.845 DEBUG testcase.Return Passed                   - 1: markPassed("Passed")
2025-09-24 07:44:41.845 DEBUG com.kms.katalon.core.util.KeywordUtil    - ✓ Passed
2025-09-24 07:44:43.848 INFO  c.k.k.c.c.internal.VideoRecorderService  - Video recording for test case 'Test Cases/2000_tresult/Return Passed' .
2025-09-24 07:44:43.849 INFO  c.k.katalon.core.main.TestCaseExecutor   - END Test Cases/2000_tresult/Return Passed
2025-09-24 07:44:43.851 INFO  c.k.katalon.core.main.TestCaseExecutor   - --------------------
2025-09-24 07:44:43.851 INFO  c.k.katalon.core.main.TestCaseExecutor   - START Test Cases/2000_tresult/Return Passed
2025-09-24 07:44:43.856 DEBUG testcase.Return Passed                   - 1: markPassed("Passed")
2025-09-24 07:44:43.856 DEBUG com.kms.katalon.core.util.KeywordUtil    - ✓ Passed
2025-09-24 07:44:45.860 INFO  c.k.k.c.c.internal.VideoRecorderService  - Video recording for test case 'Test Cases/2000_tresult/Return Passed' .
2025-09-24 07:44:45.860 INFO  c.k.katalon.core.main.TestCaseExecutor   - END Test Cases/2000_tresult/Return Passed
2025-09-24 07:44:45.863 INFO  c.k.katalon.core.main.TestCaseExecutor   - --------------------
2025-09-24 07:44:45.863 INFO  c.k.katalon.core.main.TestCaseExecutor   - START Test Cases/2000_tresult/Return Passed
2025-09-24 07:44:45.867 DEBUG testcase.Return Passed                   - 1: markPassed("Passed")
2025-09-24 07:44:45.867 DEBUG com.kms.katalon.core.util.KeywordUtil    - ✓ Passed
2025-09-24 07:44:47.870 INFO  c.k.k.c.c.internal.VideoRecorderService  - Video recording for test case 'Test Cases/2000_tresult/Return Passed' .
2025-09-24 07:44:47.871 INFO  c.k.katalon.core.main.TestCaseExecutor   - END Test Cases/2000_tresult/Return Passed
2025-09-24 07:44:47.873 INFO  c.k.katalon.core.main.TestCaseExecutor   - --------------------
2025-09-24 07:44:47.873 INFO  c.k.katalon.core.main.TestCaseExecutor   - START Test Cases/2000_tresult/Return Passed
2025-09-24 07:44:47.877 DEBUG testcase.Return Passed                   - 1: markPassed("Passed")
2025-09-24 07:44:47.878 DEBUG com.kms.katalon.core.util.KeywordUtil    - ✓ Passed
2025-09-24 07:44:49.881 INFO  c.k.k.c.c.internal.VideoRecorderService  - Video recording for test case 'Test Cases/2000_tresult/Return Passed' .
2025-09-24 07:44:49.881 INFO  c.k.katalon.core.main.TestCaseExecutor   - END Test Cases/2000_tresult/Return Passed
2025-09-24 07:44:49.883 INFO  c.k.katalon.core.main.TestCaseExecutor   - --------------------
2025-09-24 07:44:49.883 INFO  c.k.katalon.core.main.TestCaseExecutor   - START Test Cases/2000_tresult/Return Passed
2025-09-24 07:44:49.889 DEBUG testcase.Return Passed                   - 1: markPassed("Passed")
2025-09-24 07:44:49.889 DEBUG com.kms.katalon.core.util.KeywordUtil    - ✓ Passed
2025-09-24 07:44:51.892 INFO  c.k.k.c.c.internal.VideoRecorderService  - Video recording for test case 'Test Cases/2000_tresult/Return Passed' .
2025-09-24 07:44:51.893 INFO  c.k.katalon.core.main.TestCaseExecutor   - END Test Cases/2000_tresult/Return Passed
2025-09-24 07:44:51.895 INFO  c.k.katalon.core.main.TestCaseExecutor   - --------------------
2025-09-24 07:44:51.895 INFO  c.k.katalon.core.main.TestCaseExecutor   - START Test Cases/2000_tresult/Return Passed
2025-09-24 07:44:51.899 DEBUG testcase.Return Passed                   - 1: markPassed("Passed")
2025-09-24 07:44:51.900 DEBUG com.kms.katalon.core.util.KeywordUtil    - ✓ Passed
2025-09-24 07:44:53.903 INFO  c.k.k.c.c.internal.VideoRecorderService  - Video recording for test case 'Test Cases/2000_tresult/Return Passed' .
2025-09-24 07:44:53.904 INFO  c.k.katalon.core.main.TestCaseExecutor   - END Test Cases/2000_tresult/Return Passed
2025-09-24 07:44:53.905 INFO  c.k.katalon.core.main.TestCaseExecutor   - --------------------
2025-09-24 07:44:53.905 INFO  c.k.katalon.core.main.TestCaseExecutor   - START Test Cases/2000_tresult/Return Passed
2025-09-24 07:44:53.910 DEBUG testcase.Return Passed                   - 1: markPassed("Passed")
2025-09-24 07:44:53.910 DEBUG com.kms.katalon.core.util.KeywordUtil    - ✓ Passed
2025-09-24 07:44:55.914 INFO  c.k.k.c.c.internal.VideoRecorderService  - Video recording for test case 'Test Cases/2000_tresult/Return Passed' .
2025-09-24 07:44:55.914 INFO  c.k.katalon.core.main.TestCaseExecutor   - END Test Cases/2000_tresult/Return Passed
2025-09-24 07:44:55.916 INFO  c.k.katalon.core.main.TestCaseExecutor   - --------------------
2025-09-24 07:44:55.916 INFO  c.k.katalon.core.main.TestCaseExecutor   - START Test Cases/2000_tresult/Return Passed
2025-09-24 07:44:55.920 DEBUG testcase.Return Passed                   - 1: markPassed("Passed")
2025-09-24 07:44:55.921 DEBUG com.kms.katalon.core.util.KeywordUtil    - ✓ Passed
2025-09-24 07:44:57.924 INFO  c.k.k.c.c.internal.VideoRecorderService  - Video recording for test case 'Test Cases/2000_tresult/Return Passed' .
2025-09-24 07:44:57.924 INFO  c.k.katalon.core.main.TestCaseExecutor   - END Test Cases/2000_tresult/Return Passed
2025-09-24 07:44:57.926 INFO  c.k.katalon.core.main.TestCaseExecutor   - --------------------
2025-09-24 07:44:57.926 INFO  c.k.katalon.core.main.TestCaseExecutor   - START Test Cases/2000_tresult/Return Passed
2025-09-24 07:44:57.930 DEBUG testcase.Return Passed                   - 1: markPassed("Passed")
2025-09-24 07:44:57.930 DEBUG com.kms.katalon.core.util.KeywordUtil    - ✓ Passed
2025-09-24 07:44:59.933 INFO  c.k.k.c.c.internal.VideoRecorderService  - Video recording for test case 'Test Cases/2000_tresult/Return Passed' .
2025-09-24 07:44:59.934 INFO  c.k.katalon.core.main.TestCaseExecutor   - END Test Cases/2000_tresult/Return Passed
2025-09-24 07:44:59.935 INFO  c.k.katalon.core.main.TestCaseExecutor   - --------------------
2025-09-24 07:44:59.935 INFO  c.k.katalon.core.main.TestCaseExecutor   - START Test Cases/2000_tresult/Return Passed
2025-09-24 07:44:59.941 DEBUG testcase.Return Passed                   - 1: markPassed("Passed")
2025-09-24 07:44:59.941 DEBUG com.kms.katalon.core.util.KeywordUtil    - ✓ Passed
2025-09-24 07:45:01.944 INFO  c.k.k.c.c.internal.VideoRecorderService  - Video recording for test case 'Test Cases/2000_tresult/Return Passed' .
2025-09-24 07:45:01.945 INFO  c.k.katalon.core.main.TestCaseExecutor   - END Test Cases/2000_tresult/Return Passed
2025-09-24 07:45:01.947 INFO  c.k.katalon.core.main.TestCaseExecutor   - --------------------
2025-09-24 07:45:01.947 INFO  c.k.katalon.core.main.TestCaseExecutor   - START Test Cases/2000_tresult/Return Passed
2025-09-24 07:45:01.952 DEBUG testcase.Return Passed                   - 1: markPassed("Passed")
2025-09-24 07:45:01.953 DEBUG com.kms.katalon.core.util.KeywordUtil    - ✓ Passed
2025-09-24 07:45:03.956 INFO  c.k.k.c.c.internal.VideoRecorderService  - Video recording for test case 'Test Cases/2000_tresult/Return Passed' .
2025-09-24 07:45:03.956 INFO  c.k.katalon.core.main.TestCaseExecutor   - END Test Cases/2000_tresult/Return Passed
2025-09-24 07:45:03.962 INFO  c.k.katalon.core.main.TestCaseExecutor   - --------------------
2025-09-24 07:45:03.963 INFO  c.k.katalon.core.main.TestCaseExecutor   - START Test Cases/2000_tresult/Return Passed
2025-09-24 07:45:03.967 DEBUG testcase.Return Passed                   - 1: markPassed("Passed")
2025-09-24 07:45:03.968 DEBUG com.kms.katalon.core.util.KeywordUtil    - ✓ Passed
2025-09-24 07:45:05.971 INFO  c.k.k.c.c.internal.VideoRecorderService  - Video recording for test case 'Test Cases/2000_tresult/Return Passed' .
2025-09-24 07:45:05.972 INFO  c.k.katalon.core.main.TestCaseExecutor   - END Test Cases/2000_tresult/Return Passed
2025-09-24 07:45:05.974 INFO  c.k.katalon.core.main.TestCaseExecutor   - --------------------
2025-09-24 07:45:05.974 INFO  c.k.katalon.core.main.TestCaseExecutor   - START Test Cases/2000_tresult/Return Passed
2025-09-24 07:45:05.982 DEBUG testcase.Return Passed                   - 1: markPassed("Passed")
2025-09-24 07:45:05.982 DEBUG com.kms.katalon.core.util.KeywordUtil    - ✓ Passed
2025-09-24 07:45:07.986 INFO  c.k.k.c.c.internal.VideoRecorderService  - Video recording for test case 'Test Cases/2000_tresult/Return Passed' .
2025-09-24 07:45:07.986 INFO  c.k.katalon.core.main.TestCaseExecutor   - END Test Cases/2000_tresult/Return Passed
2025-09-24 07:45:07.988 INFO  c.k.katalon.core.main.TestCaseExecutor   - --------------------
2025-09-24 07:45:07.988 INFO  c.k.katalon.core.main.TestCaseExecutor   - START Test Cases/2000_tresult/Return Passed
2025-09-24 07:45:07.992 DEBUG testcase.Return Passed                   - 1: markPassed("Passed")
2025-09-24 07:45:07.992 DEBUG com.kms.katalon.core.util.KeywordUtil    - ✓ Passed
2025-09-24 07:45:09.995 INFO  c.k.k.c.c.internal.VideoRecorderService  - Video recording for test case 'Test Cases/2000_tresult/Return Passed' .
2025-09-24 07:45:09.995 INFO  c.k.katalon.core.main.TestCaseExecutor   - END Test Cases/2000_tresult/Return Passed
2025-09-24 07:45:10.000 INFO  c.k.katalon.core.main.TestCaseExecutor   - --------------------
2025-09-24 07:45:10.000 INFO  c.k.katalon.core.main.TestCaseExecutor   - START Test Cases/2000_tresult/Return Passed
2025-09-24 07:45:10.006 DEBUG testcase.Return Passed                   - 1: markPassed("Passed")
2025-09-24 07:45:10.006 DEBUG com.kms.katalon.core.util.KeywordUtil    - ✓ Passed
2025-09-24 07:45:12.009 INFO  c.k.k.c.c.internal.VideoRecorderService  - Video recording for test case 'Test Cases/2000_tresult/Return Passed' .
2025-09-24 07:45:12.010 INFO  c.k.katalon.core.main.TestCaseExecutor   - END Test Cases/2000_tresult/Return Passed
2025-09-24 07:45:12.012 INFO  c.k.katalon.core.main.TestCaseExecutor   - --------------------
2025-09-24 07:45:12.012 INFO  c.k.katalon.core.main.TestCaseExecutor   - START Test Cases/2000_tresult/Return Passed
2025-09-24 07:45:12.015 DEBUG testcase.Return Passed                   - 1: markPassed("Passed")
2025-09-24 07:45:12.015 DEBUG com.kms.katalon.core.util.KeywordUtil    - ✓ Passed
2025-09-24 07:45:14.019 INFO  c.k.k.c.c.internal.VideoRecorderService  - Video recording for test case 'Test Cases/2000_tresult/Return Passed' .
2025-09-24 07:45:14.019 INFO  c.k.katalon.core.main.TestCaseExecutor   - END Test Cases/2000_tresult/Return Passed
2025-09-24 07:45:14.022 INFO  c.k.katalon.core.main.TestCaseExecutor   - --------------------
2025-09-24 07:45:14.022 INFO  c.k.katalon.core.main.TestCaseExecutor   - START Test Cases/2000_tresult/Return Passed
2025-09-24 07:45:14.028 DEBUG testcase.Return Passed                   - 1: markPassed("Passed")
2025-09-24 07:45:14.028 DEBUG com.kms.katalon.core.util.KeywordUtil    - ✓ Passed
2025-09-24 07:45:16.031 INFO  c.k.k.c.c.internal.VideoRecorderService  - Video recording for test case 'Test Cases/2000_tresult/Return Passed' .
2025-09-24 07:45:16.032 INFO  c.k.katalon.core.main.TestCaseExecutor   - END Test Cases/2000_tresult/Return Passed
2025-09-24 07:45:16.033 INFO  c.k.katalon.core.main.TestCaseExecutor   - --------------------
2025-09-24 07:45:16.033 INFO  c.k.katalon.core.main.TestCaseExecutor   - START Test Cases/2000_tresult/Return Passed
2025-09-24 07:45:16.038 DEBUG testcase.Return Passed                   - 1: markPassed("Passed")
2025-09-24 07:45:16.038 DEBUG com.kms.katalon.core.util.KeywordUtil    - ✓ Passed
2025-09-24 07:45:18.042 INFO  c.k.k.c.c.internal.VideoRecorderService  - Video recording for test case 'Test Cases/2000_tresult/Return Passed' .
2025-09-24 07:45:18.043 INFO  c.k.katalon.core.main.TestCaseExecutor   - END Test Cases/2000_tresult/Return Passed
2025-09-24 07:45:18.045 INFO  c.k.katalon.core.main.TestCaseExecutor   - --------------------
2025-09-24 07:45:18.045 INFO  c.k.katalon.core.main.TestCaseExecutor   - START Test Cases/2000_tresult/Return Passed
2025-09-24 07:45:18.049 DEBUG testcase.Return Passed                   - 1: markPassed("Passed")
2025-09-24 07:45:18.049 DEBUG com.kms.katalon.core.util.KeywordUtil    - ✓ Passed
2025-09-24 07:45:20.052 INFO  c.k.k.c.c.internal.VideoRecorderService  - Video recording for test case 'Test Cases/2000_tresult/Return Passed' .
2025-09-24 07:45:20.053 INFO  c.k.katalon.core.main.TestCaseExecutor   - END Test Cases/2000_tresult/Return Passed
2025-09-24 07:45:20.056 INFO  c.k.katalon.core.main.TestCaseExecutor   - --------------------
2025-09-24 07:45:20.056 INFO  c.k.katalon.core.main.TestCaseExecutor   - START Test Cases/2000_tresult/Return Passed
2025-09-24 07:45:20.060 DEBUG testcase.Return Passed                   - 1: markPassed("Passed")
2025-09-24 07:45:20.060 DEBUG com.kms.katalon.core.util.KeywordUtil    - ✓ Passed
2025-09-24 07:45:22.064 INFO  c.k.k.c.c.internal.VideoRecorderService  - Video recording for test case 'Test Cases/2000_tresult/Return Passed' .
2025-09-24 07:45:22.064 INFO  c.k.katalon.core.main.TestCaseExecutor   - END Test Cases/2000_tresult/Return Passed
2025-09-24 07:45:22.066 INFO  c.k.katalon.core.main.TestCaseExecutor   - --------------------
2025-09-24 07:45:22.066 INFO  c.k.katalon.core.main.TestCaseExecutor   - START Test Cases/2000_tresult/Return Passed
2025-09-24 07:45:22.070 DEBUG testcase.Return Passed                   - 1: markPassed("Passed")
2025-09-24 07:45:22.070 DEBUG com.kms.katalon.core.util.KeywordUtil    - ✓ Passed
2025-09-24 07:45:24.076 INFO  c.k.k.c.c.internal.VideoRecorderService  - Video recording for test case 'Test Cases/2000_tresult/Return Passed' .
2025-09-24 07:45:24.076 INFO  c.k.katalon.core.main.TestCaseExecutor   - END Test Cases/2000_tresult/Return Passed
2025-09-24 07:45:24.079 INFO  c.k.katalon.core.main.TestCaseExecutor   - --------------------
2025-09-24 07:45:24.079 INFO  c.k.katalon.core.main.TestCaseExecutor   - START Test Cases/2000_tresult/Return Passed
2025-09-24 07:45:24.084 DEBUG testcase.Return Passed                   - 1: markPassed("Passed")
2025-09-24 07:45:24.084 DEBUG com.kms.katalon.core.util.KeywordUtil    - ✓ Passed
2025-09-24 07:45:26.087 INFO  c.k.k.c.c.internal.VideoRecorderService  - Video recording for test case 'Test Cases/2000_tresult/Return Passed' .
2025-09-24 07:45:26.088 INFO  c.k.katalon.core.main.TestCaseExecutor   - END Test Cases/2000_tresult/Return Passed
2025-09-24 07:45:26.090 INFO  c.k.katalon.core.main.TestCaseExecutor   - --------------------
2025-09-24 07:45:26.090 INFO  c.k.katalon.core.main.TestCaseExecutor   - START Test Cases/2000_tresult/Return Passed
2025-09-24 07:45:26.097 DEBUG testcase.Return Passed                   - 1: markPassed("Passed")
2025-09-24 07:45:26.097 DEBUG com.kms.katalon.core.util.KeywordUtil    - ✓ Passed
2025-09-24 07:45:28.100 INFO  c.k.k.c.c.internal.VideoRecorderService  - Video recording for test case 'Test Cases/2000_tresult/Return Passed' .
2025-09-24 07:45:28.101 INFO  c.k.katalon.core.main.TestCaseExecutor   - END Test Cases/2000_tresult/Return Passed
2025-09-24 07:45:28.102 INFO  c.k.katalon.core.main.TestCaseExecutor   - --------------------
2025-09-24 07:45:28.103 INFO  c.k.katalon.core.main.TestCaseExecutor   - START Test Cases/2000_tresult/Return Passed
2025-09-24 07:45:28.106 DEBUG testcase.Return Passed                   - 1: markPassed("Passed")
2025-09-24 07:45:28.106 DEBUG com.kms.katalon.core.util.KeywordUtil    - ✓ Passed
2025-09-24 07:45:30.109 INFO  c.k.k.c.c.internal.VideoRecorderService  - Video recording for test case 'Test Cases/2000_tresult/Return Passed' .
2025-09-24 07:45:30.110 INFO  c.k.katalon.core.main.TestCaseExecutor   - END Test Cases/2000_tresult/Return Passed
2025-09-24 07:45:30.111 INFO  c.k.katalon.core.main.TestCaseExecutor   - --------------------
2025-09-24 07:45:30.111 INFO  c.k.katalon.core.main.TestCaseExecutor   - START Test Cases/2000_tresult/Return Passed
2025-09-24 07:45:30.115 DEBUG testcase.Return Passed                   - 1: markPassed("Passed")
2025-09-24 07:45:30.115 DEBUG com.kms.katalon.core.util.KeywordUtil    - ✓ Passed
2025-09-24 07:45:32.119 INFO  c.k.k.c.c.internal.VideoRecorderService  - Video recording for test case 'Test Cases/2000_tresult/Return Passed' .
2025-09-24 07:45:32.119 INFO  c.k.katalon.core.main.TestCaseExecutor   - END Test Cases/2000_tresult/Return Passed
2025-09-24 07:45:32.121 INFO  c.k.katalon.core.main.TestCaseExecutor   - --------------------
2025-09-24 07:45:32.121 INFO  c.k.katalon.core.main.TestCaseExecutor   - START Test Cases/2000_tresult/Return Passed
2025-09-24 07:45:32.124 DEBUG testcase.Return Passed                   - 1: markPassed("Passed")
2025-09-24 07:45:32.125 DEBUG com.kms.katalon.core.util.KeywordUtil    - ✓ Passed
2025-09-24 07:45:34.128 INFO  c.k.k.c.c.internal.VideoRecorderService  - Video recording for test case 'Test Cases/2000_tresult/Return Passed' .
2025-09-24 07:45:34.129 INFO  c.k.katalon.core.main.TestCaseExecutor   - END Test Cases/2000_tresult/Return Passed
2025-09-24 07:45:34.130 INFO  c.k.katalon.core.main.TestCaseExecutor   - --------------------
2025-09-24 07:45:34.130 INFO  c.k.katalon.core.main.TestCaseExecutor   - START Test Cases/2000_tresult/Return Passed
2025-09-24 07:45:34.134 DEBUG testcase.Return Passed                   - 1: markPassed("Passed")
2025-09-24 07:45:34.134 DEBUG com.kms.katalon.core.util.KeywordUtil    - ✓ Passed
2025-09-24 07:45:36.137 INFO  c.k.k.c.c.internal.VideoRecorderService  - Video recording for test case 'Test Cases/2000_tresult/Return Passed' .
2025-09-24 07:45:36.138 INFO  c.k.katalon.core.main.TestCaseExecutor   - END Test Cases/2000_tresult/Return Passed
2025-09-24 07:45:36.157 INFO  c.k.katalon.core.main.TestSuiteExecutor  - --------------------
2025-09-24 07:45:36.157 INFO  c.k.katalon.core.main.TestSuiteExecutor  - END Test Suites/100_tc
2025-09-24 07:45:36.157 INFO  c.k.katalon.core.main.TestSuiteExecutor  - ====================
