2025-09-24 04:51:09.051 INFO  c.k.katalon.core.main.TestSuiteExecutor  - START Test Suites/100_tc
2025-09-24 04:51:09.114 INFO  c.k.katalon.core.main.TestSuiteExecutor  - userFullName = Man Hua
2025-09-24 04:51:09.116 INFO  c.k.katalon.core.main.TestSuiteExecutor  - projectName = Demo-Bulk-Operation
2025-09-24 04:51:09.116 INFO  c.k.katalon.core.main.TestSuiteExecutor  - hostName = agent - 14475linalllatest-778572-katalon-agent-9rhf2
2025-09-24 04:51:09.117 INFO  c.k.katalon.core.main.TestSuiteExecutor  - os = Linux 64bit
2025-09-24 04:51:09.117 INFO  c.k.katalon.core.main.TestSuiteExecutor  - hostAddress = 10.10.9.68
2025-09-24 04:51:09.121 INFO  c.k.katalon.core.main.TestSuiteExecutor  - katalonVersion = 10.3.1.0
2025-09-24 04:51:09.439 INFO  c.k.katalon.core.main.TestCaseExecutor   - --------------------
2025-09-24 04:51:09.440 INFO  c.k.katalon.core.main.TestCaseExecutor   - START Test Cases/2000_tresult/Return Passed
2025-09-24 04:51:09.564 DEBUG testcase.Return Passed                   - 1: markPassed("Passed")
2025-09-24 04:51:09.567 DEBUG com.kms.katalon.core.util.KeywordUtil    - ✓ Passed
2025-09-24 04:51:11.582 INFO  c.k.k.c.c.internal.VideoRecorderService  - Video recording for test case 'Test Cases/2000_tresult/Return Passed' .
2025-09-24 04:51:11.583 INFO  c.k.katalon.core.main.TestCaseExecutor   - END Test Cases/2000_tresult/Return Passed
2025-09-24 04:51:11.587 INFO  c.k.katalon.core.main.TestCaseExecutor   - --------------------
2025-09-24 04:51:11.587 INFO  c.k.katalon.core.main.TestCaseExecutor   - START Test Cases/2000_tresult/Return Passed
2025-09-24 04:51:11.596 DEBUG testcase.Return Passed                   - 1: markPassed("Passed")
2025-09-24 04:51:11.597 DEBUG com.kms.katalon.core.util.KeywordUtil    - ✓ Passed
2025-09-24 04:51:13.602 INFO  c.k.k.c.c.internal.VideoRecorderService  - Video recording for test case 'Test Cases/2000_tresult/Return Passed' .
2025-09-24 04:51:13.603 INFO  c.k.katalon.core.main.TestCaseExecutor   - END Test Cases/2000_tresult/Return Passed
2025-09-24 04:51:13.609 INFO  c.k.katalon.core.main.TestCaseExecutor   - --------------------
2025-09-24 04:51:13.609 INFO  c.k.katalon.core.main.TestCaseExecutor   - START Test Cases/2000_tresult/Return Passed
2025-09-24 04:51:13.617 DEBUG testcase.Return Passed                   - 1: markPassed("Passed")
2025-09-24 04:51:13.618 DEBUG com.kms.katalon.core.util.KeywordUtil    - ✓ Passed
2025-09-24 04:51:15.623 INFO  c.k.k.c.c.internal.VideoRecorderService  - Video recording for test case 'Test Cases/2000_tresult/Return Passed' .
2025-09-24 04:51:15.624 INFO  c.k.katalon.core.main.TestCaseExecutor   - END Test Cases/2000_tresult/Return Passed
2025-09-24 04:51:15.627 INFO  c.k.katalon.core.main.TestCaseExecutor   - --------------------
2025-09-24 04:51:15.627 INFO  c.k.katalon.core.main.TestCaseExecutor   - START Test Cases/2000_tresult/Return Passed
2025-09-24 04:51:15.633 DEBUG testcase.Return Passed                   - 1: markPassed("Passed")
2025-09-24 04:51:15.633 DEBUG com.kms.katalon.core.util.KeywordUtil    - ✓ Passed
2025-09-24 04:51:17.638 INFO  c.k.k.c.c.internal.VideoRecorderService  - Video recording for test case 'Test Cases/2000_tresult/Return Passed' .
2025-09-24 04:51:17.639 INFO  c.k.katalon.core.main.TestCaseExecutor   - END Test Cases/2000_tresult/Return Passed
2025-09-24 04:51:17.641 INFO  c.k.katalon.core.main.TestCaseExecutor   - --------------------
2025-09-24 04:51:17.641 INFO  c.k.katalon.core.main.TestCaseExecutor   - START Test Cases/2000_tresult/Return Passed
2025-09-24 04:51:17.647 DEBUG testcase.Return Passed                   - 1: markPassed("Passed")
2025-09-24 04:51:17.647 DEBUG com.kms.katalon.core.util.KeywordUtil    - ✓ Passed
2025-09-24 04:51:19.652 INFO  c.k.k.c.c.internal.VideoRecorderService  - Video recording for test case 'Test Cases/2000_tresult/Return Passed' .
2025-09-24 04:51:19.653 INFO  c.k.katalon.core.main.TestCaseExecutor   - END Test Cases/2000_tresult/Return Passed
2025-09-24 04:51:19.655 INFO  c.k.katalon.core.main.TestCaseExecutor   - --------------------
2025-09-24 04:51:19.655 INFO  c.k.katalon.core.main.TestCaseExecutor   - START Test Cases/2000_tresult/Return Passed
2025-09-24 04:51:19.662 DEBUG testcase.Return Passed                   - 1: markPassed("Passed")
2025-09-24 04:51:19.663 DEBUG com.kms.katalon.core.util.KeywordUtil    - ✓ Passed
2025-09-24 04:51:21.667 INFO  c.k.k.c.c.internal.VideoRecorderService  - Video recording for test case 'Test Cases/2000_tresult/Return Passed' .
2025-09-24 04:51:21.668 INFO  c.k.katalon.core.main.TestCaseExecutor   - END Test Cases/2000_tresult/Return Passed
2025-09-24 04:51:21.671 INFO  c.k.katalon.core.main.TestCaseExecutor   - --------------------
2025-09-24 04:51:21.671 INFO  c.k.katalon.core.main.TestCaseExecutor   - START Test Cases/2000_tresult/Return Passed
2025-09-24 04:51:21.677 DEBUG testcase.Return Passed                   - 1: markPassed("Passed")
2025-09-24 04:51:21.678 DEBUG com.kms.katalon.core.util.KeywordUtil    - ✓ Passed
2025-09-24 04:51:23.686 INFO  c.k.k.c.c.internal.VideoRecorderService  - Video recording for test case 'Test Cases/2000_tresult/Return Passed' .
2025-09-24 04:51:23.686 INFO  c.k.katalon.core.main.TestCaseExecutor   - END Test Cases/2000_tresult/Return Passed
2025-09-24 04:51:23.689 INFO  c.k.katalon.core.main.TestCaseExecutor   - --------------------
2025-09-24 04:51:23.690 INFO  c.k.katalon.core.main.TestCaseExecutor   - START Test Cases/2000_tresult/Return Passed
2025-09-24 04:51:23.697 DEBUG testcase.Return Passed                   - 1: markPassed("Passed")
2025-09-24 04:51:23.698 DEBUG com.kms.katalon.core.util.KeywordUtil    - ✓ Passed
2025-09-24 04:51:25.703 INFO  c.k.k.c.c.internal.VideoRecorderService  - Video recording for test case 'Test Cases/2000_tresult/Return Passed' .
2025-09-24 04:51:25.704 INFO  c.k.katalon.core.main.TestCaseExecutor   - END Test Cases/2000_tresult/Return Passed
2025-09-24 04:51:25.706 INFO  c.k.katalon.core.main.TestCaseExecutor   - --------------------
2025-09-24 04:51:25.706 INFO  c.k.katalon.core.main.TestCaseExecutor   - START Test Cases/2000_tresult/Return Passed
2025-09-24 04:51:25.714 DEBUG testcase.Return Passed                   - 1: markPassed("Passed")
2025-09-24 04:51:25.715 DEBUG com.kms.katalon.core.util.KeywordUtil    - ✓ Passed
2025-09-24 04:51:27.721 INFO  c.k.k.c.c.internal.VideoRecorderService  - Video recording for test case 'Test Cases/2000_tresult/Return Passed' .
2025-09-24 04:51:27.722 INFO  c.k.katalon.core.main.TestCaseExecutor   - END Test Cases/2000_tresult/Return Passed
2025-09-24 04:51:27.726 INFO  c.k.katalon.core.main.TestCaseExecutor   - --------------------
2025-09-24 04:51:27.726 INFO  c.k.katalon.core.main.TestCaseExecutor   - START Test Cases/2000_tresult/Return Passed
2025-09-24 04:51:27.739 DEBUG testcase.Return Passed                   - 1: markPassed("Passed")
2025-09-24 04:51:27.740 DEBUG com.kms.katalon.core.util.KeywordUtil    - ✓ Passed
2025-09-24 04:51:29.746 INFO  c.k.k.c.c.internal.VideoRecorderService  - Video recording for test case 'Test Cases/2000_tresult/Return Passed' .
2025-09-24 04:51:29.747 INFO  c.k.katalon.core.main.TestCaseExecutor   - END Test Cases/2000_tresult/Return Passed
2025-09-24 04:51:29.749 INFO  c.k.katalon.core.main.TestCaseExecutor   - --------------------
2025-09-24 04:51:29.749 INFO  c.k.katalon.core.main.TestCaseExecutor   - START Test Cases/2000_tresult/Return Passed
2025-09-24 04:51:29.756 DEBUG testcase.Return Passed                   - 1: markPassed("Passed")
2025-09-24 04:51:29.756 DEBUG com.kms.katalon.core.util.KeywordUtil    - ✓ Passed
2025-09-24 04:51:31.761 INFO  c.k.k.c.c.internal.VideoRecorderService  - Video recording for test case 'Test Cases/2000_tresult/Return Passed' .
2025-09-24 04:51:31.762 INFO  c.k.katalon.core.main.TestCaseExecutor   - END Test Cases/2000_tresult/Return Passed
2025-09-24 04:51:31.764 INFO  c.k.katalon.core.main.TestCaseExecutor   - --------------------
2025-09-24 04:51:31.764 INFO  c.k.katalon.core.main.TestCaseExecutor   - START Test Cases/2000_tresult/Return Passed
2025-09-24 04:51:31.771 DEBUG testcase.Return Passed                   - 1: markPassed("Passed")
2025-09-24 04:51:31.771 DEBUG com.kms.katalon.core.util.KeywordUtil    - ✓ Passed
2025-09-24 04:51:33.776 INFO  c.k.k.c.c.internal.VideoRecorderService  - Video recording for test case 'Test Cases/2000_tresult/Return Passed' .
2025-09-24 04:51:33.777 INFO  c.k.katalon.core.main.TestCaseExecutor   - END Test Cases/2000_tresult/Return Passed
2025-09-24 04:51:33.780 INFO  c.k.katalon.core.main.TestCaseExecutor   - --------------------
2025-09-24 04:51:33.780 INFO  c.k.katalon.core.main.TestCaseExecutor   - START Test Cases/2000_tresult/Return Passed
2025-09-24 04:51:33.789 DEBUG testcase.Return Passed                   - 1: markPassed("Passed")
2025-09-24 04:51:33.790 DEBUG com.kms.katalon.core.util.KeywordUtil    - ✓ Passed
2025-09-24 04:51:35.795 INFO  c.k.k.c.c.internal.VideoRecorderService  - Video recording for test case 'Test Cases/2000_tresult/Return Passed' .
2025-09-24 04:51:35.796 INFO  c.k.katalon.core.main.TestCaseExecutor   - END Test Cases/2000_tresult/Return Passed
2025-09-24 04:51:35.798 INFO  c.k.katalon.core.main.TestCaseExecutor   - --------------------
2025-09-24 04:51:35.798 INFO  c.k.katalon.core.main.TestCaseExecutor   - START Test Cases/2000_tresult/Return Passed
2025-09-24 04:51:35.806 DEBUG testcase.Return Passed                   - 1: markPassed("Passed")
2025-09-24 04:51:35.806 DEBUG com.kms.katalon.core.util.KeywordUtil    - ✓ Passed
2025-09-24 04:51:37.810 INFO  c.k.k.c.c.internal.VideoRecorderService  - Video recording for test case 'Test Cases/2000_tresult/Return Passed' .
2025-09-24 04:51:37.811 INFO  c.k.katalon.core.main.TestCaseExecutor   - END Test Cases/2000_tresult/Return Passed
2025-09-24 04:51:37.814 INFO  c.k.katalon.core.main.TestCaseExecutor   - --------------------
2025-09-24 04:51:37.814 INFO  c.k.katalon.core.main.TestCaseExecutor   - START Test Cases/2000_tresult/Return Passed
2025-09-24 04:51:37.820 DEBUG testcase.Return Passed                   - 1: markPassed("Passed")
2025-09-24 04:51:37.820 DEBUG com.kms.katalon.core.util.KeywordUtil    - ✓ Passed
2025-09-24 04:51:39.824 INFO  c.k.k.c.c.internal.VideoRecorderService  - Video recording for test case 'Test Cases/2000_tresult/Return Passed' .
2025-09-24 04:51:39.826 INFO  c.k.katalon.core.main.TestCaseExecutor   - END Test Cases/2000_tresult/Return Passed
2025-09-24 04:51:39.828 INFO  c.k.katalon.core.main.TestCaseExecutor   - --------------------
2025-09-24 04:51:39.828 INFO  c.k.katalon.core.main.TestCaseExecutor   - START Test Cases/2000_tresult/Return Passed
2025-09-24 04:51:39.836 DEBUG testcase.Return Passed                   - 1: markPassed("Passed")
2025-09-24 04:51:39.836 DEBUG com.kms.katalon.core.util.KeywordUtil    - ✓ Passed
2025-09-24 04:51:41.844 INFO  c.k.k.c.c.internal.VideoRecorderService  - Video recording for test case 'Test Cases/2000_tresult/Return Passed' .
2025-09-24 04:51:41.845 INFO  c.k.katalon.core.main.TestCaseExecutor   - END Test Cases/2000_tresult/Return Passed
2025-09-24 04:51:41.848 INFO  c.k.katalon.core.main.TestCaseExecutor   - --------------------
2025-09-24 04:51:41.848 INFO  c.k.katalon.core.main.TestCaseExecutor   - START Test Cases/2000_tresult/Return Passed
2025-09-24 04:51:41.855 DEBUG testcase.Return Passed                   - 1: markPassed("Passed")
2025-09-24 04:51:41.856 DEBUG com.kms.katalon.core.util.KeywordUtil    - ✓ Passed
2025-09-24 04:51:43.861 INFO  c.k.k.c.c.internal.VideoRecorderService  - Video recording for test case 'Test Cases/2000_tresult/Return Passed' .
2025-09-24 04:51:43.862 INFO  c.k.katalon.core.main.TestCaseExecutor   - END Test Cases/2000_tresult/Return Passed
2025-09-24 04:51:43.865 INFO  c.k.katalon.core.main.TestCaseExecutor   - --------------------
2025-09-24 04:51:43.865 INFO  c.k.katalon.core.main.TestCaseExecutor   - START Test Cases/2000_tresult/Return Passed
2025-09-24 04:51:43.871 DEBUG testcase.Return Passed                   - 1: markPassed("Passed")
2025-09-24 04:51:43.872 DEBUG com.kms.katalon.core.util.KeywordUtil    - ✓ Passed
2025-09-24 04:51:45.876 INFO  c.k.k.c.c.internal.VideoRecorderService  - Video recording for test case 'Test Cases/2000_tresult/Return Passed' .
2025-09-24 04:51:45.876 INFO  c.k.katalon.core.main.TestCaseExecutor   - END Test Cases/2000_tresult/Return Passed
2025-09-24 04:51:45.878 INFO  c.k.katalon.core.main.TestCaseExecutor   - --------------------
2025-09-24 04:51:45.878 INFO  c.k.katalon.core.main.TestCaseExecutor   - START Test Cases/2000_tresult/Return Passed
2025-09-24 04:51:45.887 DEBUG testcase.Return Passed                   - 1: markPassed("Passed")
2025-09-24 04:51:45.887 DEBUG com.kms.katalon.core.util.KeywordUtil    - ✓ Passed
2025-09-24 04:51:47.891 INFO  c.k.k.c.c.internal.VideoRecorderService  - Video recording for test case 'Test Cases/2000_tresult/Return Passed' .
2025-09-24 04:51:47.892 INFO  c.k.katalon.core.main.TestCaseExecutor   - END Test Cases/2000_tresult/Return Passed
2025-09-24 04:51:47.896 INFO  c.k.katalon.core.main.TestCaseExecutor   - --------------------
2025-09-24 04:51:47.896 INFO  c.k.katalon.core.main.TestCaseExecutor   - START Test Cases/2000_tresult/Return Passed
2025-09-24 04:51:47.910 DEBUG testcase.Return Passed                   - 1: markPassed("Passed")
2025-09-24 04:51:47.910 DEBUG com.kms.katalon.core.util.KeywordUtil    - ✓ Passed
2025-09-24 04:51:49.914 INFO  c.k.k.c.c.internal.VideoRecorderService  - Video recording for test case 'Test Cases/2000_tresult/Return Passed' .
2025-09-24 04:51:49.916 INFO  c.k.katalon.core.main.TestCaseExecutor   - END Test Cases/2000_tresult/Return Passed
2025-09-24 04:51:49.918 INFO  c.k.katalon.core.main.TestCaseExecutor   - --------------------
2025-09-24 04:51:49.918 INFO  c.k.katalon.core.main.TestCaseExecutor   - START Test Cases/2000_tresult/Return Passed
2025-09-24 04:51:49.924 DEBUG testcase.Return Passed                   - 1: markPassed("Passed")
2025-09-24 04:51:49.924 DEBUG com.kms.katalon.core.util.KeywordUtil    - ✓ Passed
2025-09-24 04:51:51.928 INFO  c.k.k.c.c.internal.VideoRecorderService  - Video recording for test case 'Test Cases/2000_tresult/Return Passed' .
2025-09-24 04:51:51.930 INFO  c.k.katalon.core.main.TestCaseExecutor   - END Test Cases/2000_tresult/Return Passed
2025-09-24 04:51:51.933 INFO  c.k.katalon.core.main.TestCaseExecutor   - --------------------
2025-09-24 04:51:51.933 INFO  c.k.katalon.core.main.TestCaseExecutor   - START Test Cases/2000_tresult/Return Passed
2025-09-24 04:51:51.941 DEBUG testcase.Return Passed                   - 1: markPassed("Passed")
2025-09-24 04:51:51.942 DEBUG com.kms.katalon.core.util.KeywordUtil    - ✓ Passed
2025-09-24 04:51:53.946 INFO  c.k.k.c.c.internal.VideoRecorderService  - Video recording for test case 'Test Cases/2000_tresult/Return Passed' .
2025-09-24 04:51:53.946 INFO  c.k.katalon.core.main.TestCaseExecutor   - END Test Cases/2000_tresult/Return Passed
2025-09-24 04:51:53.949 INFO  c.k.katalon.core.main.TestCaseExecutor   - --------------------
2025-09-24 04:51:53.949 INFO  c.k.katalon.core.main.TestCaseExecutor   - START Test Cases/2000_tresult/Return Passed
2025-09-24 04:51:53.954 DEBUG testcase.Return Passed                   - 1: markPassed("Passed")
2025-09-24 04:51:53.954 DEBUG com.kms.katalon.core.util.KeywordUtil    - ✓ Passed
2025-09-24 04:51:55.958 INFO  c.k.k.c.c.internal.VideoRecorderService  - Video recording for test case 'Test Cases/2000_tresult/Return Passed' .
2025-09-24 04:51:55.958 INFO  c.k.katalon.core.main.TestCaseExecutor   - END Test Cases/2000_tresult/Return Passed
2025-09-24 04:51:55.961 INFO  c.k.katalon.core.main.TestCaseExecutor   - --------------------
2025-09-24 04:51:55.961 INFO  c.k.katalon.core.main.TestCaseExecutor   - START Test Cases/2000_tresult/Return Passed
2025-09-24 04:51:55.970 DEBUG testcase.Return Passed                   - 1: markPassed("Passed")
2025-09-24 04:51:55.971 DEBUG com.kms.katalon.core.util.KeywordUtil    - ✓ Passed
2025-09-24 04:51:57.975 INFO  c.k.k.c.c.internal.VideoRecorderService  - Video recording for test case 'Test Cases/2000_tresult/Return Passed' .
2025-09-24 04:51:57.975 INFO  c.k.katalon.core.main.TestCaseExecutor   - END Test Cases/2000_tresult/Return Passed
2025-09-24 04:51:57.977 INFO  c.k.katalon.core.main.TestCaseExecutor   - --------------------
2025-09-24 04:51:57.977 INFO  c.k.katalon.core.main.TestCaseExecutor   - START Test Cases/2000_tresult/Return Passed
2025-09-24 04:51:57.982 DEBUG testcase.Return Passed                   - 1: markPassed("Passed")
2025-09-24 04:51:57.983 DEBUG com.kms.katalon.core.util.KeywordUtil    - ✓ Passed
2025-09-24 04:51:59.987 INFO  c.k.k.c.c.internal.VideoRecorderService  - Video recording for test case 'Test Cases/2000_tresult/Return Passed' .
2025-09-24 04:51:59.988 INFO  c.k.katalon.core.main.TestCaseExecutor   - END Test Cases/2000_tresult/Return Passed
2025-09-24 04:51:59.990 INFO  c.k.katalon.core.main.TestCaseExecutor   - --------------------
2025-09-24 04:51:59.990 INFO  c.k.katalon.core.main.TestCaseExecutor   - START Test Cases/2000_tresult/Return Passed
2025-09-24 04:51:59.997 DEBUG testcase.Return Passed                   - 1: markPassed("Passed")
2025-09-24 04:51:59.997 DEBUG com.kms.katalon.core.util.KeywordUtil    - ✓ Passed
2025-09-24 04:52:02.003 INFO  c.k.k.c.c.internal.VideoRecorderService  - Video recording for test case 'Test Cases/2000_tresult/Return Passed' .
2025-09-24 04:52:02.003 INFO  c.k.katalon.core.main.TestCaseExecutor   - END Test Cases/2000_tresult/Return Passed
2025-09-24 04:52:02.006 INFO  c.k.katalon.core.main.TestCaseExecutor   - --------------------
2025-09-24 04:52:02.006 INFO  c.k.katalon.core.main.TestCaseExecutor   - START Test Cases/2000_tresult/Return Passed
2025-09-24 04:52:02.012 DEBUG testcase.Return Passed                   - 1: markPassed("Passed")
2025-09-24 04:52:02.012 DEBUG com.kms.katalon.core.util.KeywordUtil    - ✓ Passed
2025-09-24 04:52:04.016 INFO  c.k.k.c.c.internal.VideoRecorderService  - Video recording for test case 'Test Cases/2000_tresult/Return Passed' .
2025-09-24 04:52:04.017 INFO  c.k.katalon.core.main.TestCaseExecutor   - END Test Cases/2000_tresult/Return Passed
2025-09-24 04:52:04.018 INFO  c.k.katalon.core.main.TestCaseExecutor   - --------------------
2025-09-24 04:52:04.019 INFO  c.k.katalon.core.main.TestCaseExecutor   - START Test Cases/2000_tresult/Return Passed
2025-09-24 04:52:04.023 DEBUG testcase.Return Passed                   - 1: markPassed("Passed")
2025-09-24 04:52:04.024 DEBUG com.kms.katalon.core.util.KeywordUtil    - ✓ Passed
2025-09-24 04:52:06.028 INFO  c.k.k.c.c.internal.VideoRecorderService  - Video recording for test case 'Test Cases/2000_tresult/Return Passed' .
2025-09-24 04:52:06.029 INFO  c.k.katalon.core.main.TestCaseExecutor   - END Test Cases/2000_tresult/Return Passed
2025-09-24 04:52:06.032 INFO  c.k.katalon.core.main.TestCaseExecutor   - --------------------
2025-09-24 04:52:06.032 INFO  c.k.katalon.core.main.TestCaseExecutor   - START Test Cases/2000_tresult/Return Passed
2025-09-24 04:52:06.038 DEBUG testcase.Return Passed                   - 1: markPassed("Passed")
2025-09-24 04:52:06.038 DEBUG com.kms.katalon.core.util.KeywordUtil    - ✓ Passed
2025-09-24 04:52:08.042 INFO  c.k.k.c.c.internal.VideoRecorderService  - Video recording for test case 'Test Cases/2000_tresult/Return Passed' .
2025-09-24 04:52:08.043 INFO  c.k.katalon.core.main.TestCaseExecutor   - END Test Cases/2000_tresult/Return Passed
2025-09-24 04:52:08.045 INFO  c.k.katalon.core.main.TestCaseExecutor   - --------------------
2025-09-24 04:52:08.045 INFO  c.k.katalon.core.main.TestCaseExecutor   - START Test Cases/2000_tresult/Return Passed
2025-09-24 04:52:08.051 DEBUG testcase.Return Passed                   - 1: markPassed("Passed")
2025-09-24 04:52:08.051 DEBUG com.kms.katalon.core.util.KeywordUtil    - ✓ Passed
2025-09-24 04:52:10.055 INFO  c.k.k.c.c.internal.VideoRecorderService  - Video recording for test case 'Test Cases/2000_tresult/Return Passed' .
2025-09-24 04:52:10.056 INFO  c.k.katalon.core.main.TestCaseExecutor   - END Test Cases/2000_tresult/Return Passed
2025-09-24 04:52:10.058 INFO  c.k.katalon.core.main.TestCaseExecutor   - --------------------
2025-09-24 04:52:10.058 INFO  c.k.katalon.core.main.TestCaseExecutor   - START Test Cases/2000_tresult/Return Passed
2025-09-24 04:52:10.064 DEBUG testcase.Return Passed                   - 1: markPassed("Passed")
2025-09-24 04:52:10.065 DEBUG com.kms.katalon.core.util.KeywordUtil    - ✓ Passed
2025-09-24 04:52:12.071 INFO  c.k.k.c.c.internal.VideoRecorderService  - Video recording for test case 'Test Cases/2000_tresult/Return Passed' .
2025-09-24 04:52:12.072 INFO  c.k.katalon.core.main.TestCaseExecutor   - END Test Cases/2000_tresult/Return Passed
2025-09-24 04:52:12.076 INFO  c.k.katalon.core.main.TestCaseExecutor   - --------------------
2025-09-24 04:52:12.076 INFO  c.k.katalon.core.main.TestCaseExecutor   - START Test Cases/2000_tresult/Return Passed
2025-09-24 04:52:12.082 DEBUG testcase.Return Passed                   - 1: markPassed("Passed")
2025-09-24 04:52:12.082 DEBUG com.kms.katalon.core.util.KeywordUtil    - ✓ Passed
2025-09-24 04:52:14.086 INFO  c.k.k.c.c.internal.VideoRecorderService  - Video recording for test case 'Test Cases/2000_tresult/Return Passed' .
2025-09-24 04:52:14.087 INFO  c.k.katalon.core.main.TestCaseExecutor   - END Test Cases/2000_tresult/Return Passed
2025-09-24 04:52:14.089 INFO  c.k.katalon.core.main.TestCaseExecutor   - --------------------
2025-09-24 04:52:14.089 INFO  c.k.katalon.core.main.TestCaseExecutor   - START Test Cases/2000_tresult/Return Passed
2025-09-24 04:52:14.096 DEBUG testcase.Return Passed                   - 1: markPassed("Passed")
2025-09-24 04:52:14.096 DEBUG com.kms.katalon.core.util.KeywordUtil    - ✓ Passed
2025-09-24 04:52:16.100 INFO  c.k.k.c.c.internal.VideoRecorderService  - Video recording for test case 'Test Cases/2000_tresult/Return Passed' .
2025-09-24 04:52:16.101 INFO  c.k.katalon.core.main.TestCaseExecutor   - END Test Cases/2000_tresult/Return Passed
2025-09-24 04:52:16.110 INFO  c.k.katalon.core.main.TestCaseExecutor   - --------------------
2025-09-24 04:52:16.110 INFO  c.k.katalon.core.main.TestCaseExecutor   - START Test Cases/2000_tresult/Return Passed
2025-09-24 04:52:16.117 DEBUG testcase.Return Passed                   - 1: markPassed("Passed")
2025-09-24 04:52:16.117 DEBUG com.kms.katalon.core.util.KeywordUtil    - ✓ Passed
2025-09-24 04:52:18.121 INFO  c.k.k.c.c.internal.VideoRecorderService  - Video recording for test case 'Test Cases/2000_tresult/Return Passed' .
2025-09-24 04:52:18.122 INFO  c.k.katalon.core.main.TestCaseExecutor   - END Test Cases/2000_tresult/Return Passed
2025-09-24 04:52:18.123 INFO  c.k.katalon.core.main.TestCaseExecutor   - --------------------
2025-09-24 04:52:18.124 INFO  c.k.katalon.core.main.TestCaseExecutor   - START Test Cases/2000_tresult/Return Passed
2025-09-24 04:52:18.128 DEBUG testcase.Return Passed                   - 1: markPassed("Passed")
2025-09-24 04:52:18.129 DEBUG com.kms.katalon.core.util.KeywordUtil    - ✓ Passed
2025-09-24 04:52:20.133 INFO  c.k.k.c.c.internal.VideoRecorderService  - Video recording for test case 'Test Cases/2000_tresult/Return Passed' .
2025-09-24 04:52:20.134 INFO  c.k.katalon.core.main.TestCaseExecutor   - END Test Cases/2000_tresult/Return Passed
2025-09-24 04:52:20.136 INFO  c.k.katalon.core.main.TestCaseExecutor   - --------------------
2025-09-24 04:52:20.136 INFO  c.k.katalon.core.main.TestCaseExecutor   - START Test Cases/2000_tresult/Return Passed
2025-09-24 04:52:20.141 DEBUG testcase.Return Passed                   - 1: markPassed("Passed")
2025-09-24 04:52:20.141 DEBUG com.kms.katalon.core.util.KeywordUtil    - ✓ Passed
2025-09-24 04:52:22.146 INFO  c.k.k.c.c.internal.VideoRecorderService  - Video recording for test case 'Test Cases/2000_tresult/Return Passed' .
2025-09-24 04:52:22.148 INFO  c.k.katalon.core.main.TestCaseExecutor   - END Test Cases/2000_tresult/Return Passed
2025-09-24 04:52:22.152 INFO  c.k.katalon.core.main.TestCaseExecutor   - --------------------
2025-09-24 04:52:22.152 INFO  c.k.katalon.core.main.TestCaseExecutor   - START Test Cases/2000_tresult/Return Passed
2025-09-24 04:52:22.158 DEBUG testcase.Return Passed                   - 1: markPassed("Passed")
2025-09-24 04:52:22.158 DEBUG com.kms.katalon.core.util.KeywordUtil    - ✓ Passed
2025-09-24 04:52:24.162 INFO  c.k.k.c.c.internal.VideoRecorderService  - Video recording for test case 'Test Cases/2000_tresult/Return Passed' .
2025-09-24 04:52:24.163 INFO  c.k.katalon.core.main.TestCaseExecutor   - END Test Cases/2000_tresult/Return Passed
2025-09-24 04:52:24.164 INFO  c.k.katalon.core.main.TestCaseExecutor   - --------------------
2025-09-24 04:52:24.164 INFO  c.k.katalon.core.main.TestCaseExecutor   - START Test Cases/2000_tresult/Return Passed
2025-09-24 04:52:24.169 DEBUG testcase.Return Passed                   - 1: markPassed("Passed")
2025-09-24 04:52:24.169 DEBUG com.kms.katalon.core.util.KeywordUtil    - ✓ Passed
2025-09-24 04:52:26.173 INFO  c.k.k.c.c.internal.VideoRecorderService  - Video recording for test case 'Test Cases/2000_tresult/Return Passed' .
2025-09-24 04:52:26.174 INFO  c.k.katalon.core.main.TestCaseExecutor   - END Test Cases/2000_tresult/Return Passed
2025-09-24 04:52:26.176 INFO  c.k.katalon.core.main.TestCaseExecutor   - --------------------
2025-09-24 04:52:26.176 INFO  c.k.katalon.core.main.TestCaseExecutor   - START Test Cases/2000_tresult/Return Passed
2025-09-24 04:52:26.181 DEBUG testcase.Return Passed                   - 1: markPassed("Passed")
2025-09-24 04:52:26.181 DEBUG com.kms.katalon.core.util.KeywordUtil    - ✓ Passed
2025-09-24 04:52:28.185 INFO  c.k.k.c.c.internal.VideoRecorderService  - Video recording for test case 'Test Cases/2000_tresult/Return Passed' .
2025-09-24 04:52:28.185 INFO  c.k.katalon.core.main.TestCaseExecutor   - END Test Cases/2000_tresult/Return Passed
2025-09-24 04:52:28.187 INFO  c.k.katalon.core.main.TestCaseExecutor   - --------------------
2025-09-24 04:52:28.187 INFO  c.k.katalon.core.main.TestCaseExecutor   - START Test Cases/2000_tresult/Return Passed
2025-09-24 04:52:28.201 DEBUG testcase.Return Passed                   - 1: markPassed("Passed")
2025-09-24 04:52:28.202 DEBUG com.kms.katalon.core.util.KeywordUtil    - ✓ Passed
2025-09-24 04:52:30.206 INFO  c.k.k.c.c.internal.VideoRecorderService  - Video recording for test case 'Test Cases/2000_tresult/Return Passed' .
2025-09-24 04:52:30.206 INFO  c.k.katalon.core.main.TestCaseExecutor   - END Test Cases/2000_tresult/Return Passed
2025-09-24 04:52:30.209 INFO  c.k.katalon.core.main.TestCaseExecutor   - --------------------
2025-09-24 04:52:30.209 INFO  c.k.katalon.core.main.TestCaseExecutor   - START Test Cases/2000_tresult/Return Passed
2025-09-24 04:52:30.215 DEBUG testcase.Return Passed                   - 1: markPassed("Passed")
2025-09-24 04:52:30.215 DEBUG com.kms.katalon.core.util.KeywordUtil    - ✓ Passed
2025-09-24 04:52:32.219 INFO  c.k.k.c.c.internal.VideoRecorderService  - Video recording for test case 'Test Cases/2000_tresult/Return Passed' .
2025-09-24 04:52:32.219 INFO  c.k.katalon.core.main.TestCaseExecutor   - END Test Cases/2000_tresult/Return Passed
2025-09-24 04:52:32.221 INFO  c.k.katalon.core.main.TestCaseExecutor   - --------------------
2025-09-24 04:52:32.221 INFO  c.k.katalon.core.main.TestCaseExecutor   - START Test Cases/2000_tresult/Return Passed
2025-09-24 04:52:32.229 DEBUG testcase.Return Passed                   - 1: markPassed("Passed")
2025-09-24 04:52:32.229 DEBUG com.kms.katalon.core.util.KeywordUtil    - ✓ Passed
2025-09-24 04:52:34.233 INFO  c.k.k.c.c.internal.VideoRecorderService  - Video recording for test case 'Test Cases/2000_tresult/Return Passed' .
2025-09-24 04:52:34.233 INFO  c.k.katalon.core.main.TestCaseExecutor   - END Test Cases/2000_tresult/Return Passed
2025-09-24 04:52:34.236 INFO  c.k.katalon.core.main.TestCaseExecutor   - --------------------
2025-09-24 04:52:34.236 INFO  c.k.katalon.core.main.TestCaseExecutor   - START Test Cases/2000_tresult/Return Passed
2025-09-24 04:52:34.242 DEBUG testcase.Return Passed                   - 1: markPassed("Passed")
2025-09-24 04:52:34.242 DEBUG com.kms.katalon.core.util.KeywordUtil    - ✓ Passed
2025-09-24 04:52:36.246 INFO  c.k.k.c.c.internal.VideoRecorderService  - Video recording for test case 'Test Cases/2000_tresult/Return Passed' .
2025-09-24 04:52:36.247 INFO  c.k.katalon.core.main.TestCaseExecutor   - END Test Cases/2000_tresult/Return Passed
2025-09-24 04:52:36.252 INFO  c.k.katalon.core.main.TestCaseExecutor   - --------------------
2025-09-24 04:52:36.252 INFO  c.k.katalon.core.main.TestCaseExecutor   - START Test Cases/2000_tresult/Return Passed
2025-09-24 04:52:36.257 DEBUG testcase.Return Passed                   - 1: markPassed("Passed")
2025-09-24 04:52:36.258 DEBUG com.kms.katalon.core.util.KeywordUtil    - ✓ Passed
2025-09-24 04:52:38.261 INFO  c.k.k.c.c.internal.VideoRecorderService  - Video recording for test case 'Test Cases/2000_tresult/Return Passed' .
2025-09-24 04:52:38.262 INFO  c.k.katalon.core.main.TestCaseExecutor   - END Test Cases/2000_tresult/Return Passed
2025-09-24 04:52:38.264 INFO  c.k.katalon.core.main.TestCaseExecutor   - --------------------
2025-09-24 04:52:38.264 INFO  c.k.katalon.core.main.TestCaseExecutor   - START Test Cases/2000_tresult/Return Passed
2025-09-24 04:52:38.270 DEBUG testcase.Return Passed                   - 1: markPassed("Passed")
2025-09-24 04:52:38.270 DEBUG com.kms.katalon.core.util.KeywordUtil    - ✓ Passed
2025-09-24 04:52:40.274 INFO  c.k.k.c.c.internal.VideoRecorderService  - Video recording for test case 'Test Cases/2000_tresult/Return Passed' .
2025-09-24 04:52:40.274 INFO  c.k.katalon.core.main.TestCaseExecutor   - END Test Cases/2000_tresult/Return Passed
2025-09-24 04:52:40.277 INFO  c.k.katalon.core.main.TestCaseExecutor   - --------------------
2025-09-24 04:52:40.277 INFO  c.k.katalon.core.main.TestCaseExecutor   - START Test Cases/2000_tresult/Return Passed
2025-09-24 04:52:40.283 DEBUG testcase.Return Passed                   - 1: markPassed("Passed")
2025-09-24 04:52:40.283 DEBUG com.kms.katalon.core.util.KeywordUtil    - ✓ Passed
2025-09-24 04:52:42.287 INFO  c.k.k.c.c.internal.VideoRecorderService  - Video recording for test case 'Test Cases/2000_tresult/Return Passed' .
2025-09-24 04:52:42.287 INFO  c.k.katalon.core.main.TestCaseExecutor   - END Test Cases/2000_tresult/Return Passed
2025-09-24 04:52:42.289 INFO  c.k.katalon.core.main.TestCaseExecutor   - --------------------
2025-09-24 04:52:42.289 INFO  c.k.katalon.core.main.TestCaseExecutor   - START Test Cases/2000_tresult/Return Passed
2025-09-24 04:52:42.294 DEBUG testcase.Return Passed                   - 1: markPassed("Passed")
2025-09-24 04:52:42.294 DEBUG com.kms.katalon.core.util.KeywordUtil    - ✓ Passed
2025-09-24 04:52:44.298 INFO  c.k.k.c.c.internal.VideoRecorderService  - Video recording for test case 'Test Cases/2000_tresult/Return Passed' .
2025-09-24 04:52:44.298 INFO  c.k.katalon.core.main.TestCaseExecutor   - END Test Cases/2000_tresult/Return Passed
2025-09-24 04:52:44.300 INFO  c.k.katalon.core.main.TestCaseExecutor   - --------------------
2025-09-24 04:52:44.300 INFO  c.k.katalon.core.main.TestCaseExecutor   - START Test Cases/2000_tresult/Return Passed
2025-09-24 04:52:44.307 DEBUG testcase.Return Passed                   - 1: markPassed("Passed")
2025-09-24 04:52:44.308 DEBUG com.kms.katalon.core.util.KeywordUtil    - ✓ Passed
2025-09-24 04:52:46.311 INFO  c.k.k.c.c.internal.VideoRecorderService  - Video recording for test case 'Test Cases/2000_tresult/Return Passed' .
2025-09-24 04:52:46.312 INFO  c.k.katalon.core.main.TestCaseExecutor   - END Test Cases/2000_tresult/Return Passed
2025-09-24 04:52:46.315 INFO  c.k.katalon.core.main.TestCaseExecutor   - --------------------
2025-09-24 04:52:46.315 INFO  c.k.katalon.core.main.TestCaseExecutor   - START Test Cases/2000_tresult/Return Passed
2025-09-24 04:52:46.321 DEBUG testcase.Return Passed                   - 1: markPassed("Passed")
2025-09-24 04:52:46.322 DEBUG com.kms.katalon.core.util.KeywordUtil    - ✓ Passed
2025-09-24 04:52:48.326 INFO  c.k.k.c.c.internal.VideoRecorderService  - Video recording for test case 'Test Cases/2000_tresult/Return Passed' .
2025-09-24 04:52:48.327 INFO  c.k.katalon.core.main.TestCaseExecutor   - END Test Cases/2000_tresult/Return Passed
2025-09-24 04:52:48.328 INFO  c.k.katalon.core.main.TestCaseExecutor   - --------------------
2025-09-24 04:52:48.328 INFO  c.k.katalon.core.main.TestCaseExecutor   - START Test Cases/2000_tresult/Return Passed
2025-09-24 04:52:48.335 DEBUG testcase.Return Passed                   - 1: markPassed("Passed")
2025-09-24 04:52:48.335 DEBUG com.kms.katalon.core.util.KeywordUtil    - ✓ Passed
2025-09-24 04:52:50.339 INFO  c.k.k.c.c.internal.VideoRecorderService  - Video recording for test case 'Test Cases/2000_tresult/Return Passed' .
2025-09-24 04:52:50.339 INFO  c.k.katalon.core.main.TestCaseExecutor   - END Test Cases/2000_tresult/Return Passed
2025-09-24 04:52:50.341 INFO  c.k.katalon.core.main.TestCaseExecutor   - --------------------
2025-09-24 04:52:50.341 INFO  c.k.katalon.core.main.TestCaseExecutor   - START Test Cases/2000_tresult/Return Passed
2025-09-24 04:52:50.346 DEBUG testcase.Return Passed                   - 1: markPassed("Passed")
2025-09-24 04:52:50.346 DEBUG com.kms.katalon.core.util.KeywordUtil    - ✓ Passed
2025-09-24 04:52:52.349 INFO  c.k.k.c.c.internal.VideoRecorderService  - Video recording for test case 'Test Cases/2000_tresult/Return Passed' .
2025-09-24 04:52:52.350 INFO  c.k.katalon.core.main.TestCaseExecutor   - END Test Cases/2000_tresult/Return Passed
2025-09-24 04:52:52.354 INFO  c.k.katalon.core.main.TestCaseExecutor   - --------------------
2025-09-24 04:52:52.354 INFO  c.k.katalon.core.main.TestCaseExecutor   - START Test Cases/2000_tresult/Return Passed
2025-09-24 04:52:52.358 DEBUG testcase.Return Passed                   - 1: markPassed("Passed")
2025-09-24 04:52:52.358 DEBUG com.kms.katalon.core.util.KeywordUtil    - ✓ Passed
2025-09-24 04:52:54.362 INFO  c.k.k.c.c.internal.VideoRecorderService  - Video recording for test case 'Test Cases/2000_tresult/Return Passed' .
2025-09-24 04:52:54.363 INFO  c.k.katalon.core.main.TestCaseExecutor   - END Test Cases/2000_tresult/Return Passed
2025-09-24 04:52:54.367 INFO  c.k.katalon.core.main.TestCaseExecutor   - --------------------
2025-09-24 04:52:54.367 INFO  c.k.katalon.core.main.TestCaseExecutor   - START Test Cases/2000_tresult/Return Passed
2025-09-24 04:52:54.374 DEBUG testcase.Return Passed                   - 1: markPassed("Passed")
2025-09-24 04:52:54.374 DEBUG com.kms.katalon.core.util.KeywordUtil    - ✓ Passed
2025-09-24 04:52:56.378 INFO  c.k.k.c.c.internal.VideoRecorderService  - Video recording for test case 'Test Cases/2000_tresult/Return Passed' .
2025-09-24 04:52:56.379 INFO  c.k.katalon.core.main.TestCaseExecutor   - END Test Cases/2000_tresult/Return Passed
2025-09-24 04:52:56.381 INFO  c.k.katalon.core.main.TestCaseExecutor   - --------------------
2025-09-24 04:52:56.381 INFO  c.k.katalon.core.main.TestCaseExecutor   - START Test Cases/2000_tresult/Return Passed
2025-09-24 04:52:56.385 DEBUG testcase.Return Passed                   - 1: markPassed("Passed")
2025-09-24 04:52:56.386 DEBUG com.kms.katalon.core.util.KeywordUtil    - ✓ Passed
2025-09-24 04:52:58.389 INFO  c.k.k.c.c.internal.VideoRecorderService  - Video recording for test case 'Test Cases/2000_tresult/Return Passed' .
2025-09-24 04:52:58.390 INFO  c.k.katalon.core.main.TestCaseExecutor   - END Test Cases/2000_tresult/Return Passed
2025-09-24 04:52:58.393 INFO  c.k.katalon.core.main.TestCaseExecutor   - --------------------
2025-09-24 04:52:58.393 INFO  c.k.katalon.core.main.TestCaseExecutor   - START Test Cases/2000_tresult/Return Passed
2025-09-24 04:52:58.398 DEBUG testcase.Return Passed                   - 1: markPassed("Passed")
2025-09-24 04:52:58.398 DEBUG com.kms.katalon.core.util.KeywordUtil    - ✓ Passed
2025-09-24 04:53:00.402 INFO  c.k.k.c.c.internal.VideoRecorderService  - Video recording for test case 'Test Cases/2000_tresult/Return Passed' .
2025-09-24 04:53:00.402 INFO  c.k.katalon.core.main.TestCaseExecutor   - END Test Cases/2000_tresult/Return Passed
2025-09-24 04:53:00.404 INFO  c.k.katalon.core.main.TestCaseExecutor   - --------------------
2025-09-24 04:53:00.404 INFO  c.k.katalon.core.main.TestCaseExecutor   - START Test Cases/2000_tresult/Return Passed
2025-09-24 04:53:00.408 DEBUG testcase.Return Passed                   - 1: markPassed("Passed")
2025-09-24 04:53:00.408 DEBUG com.kms.katalon.core.util.KeywordUtil    - ✓ Passed
2025-09-24 04:53:02.412 INFO  c.k.k.c.c.internal.VideoRecorderService  - Video recording for test case 'Test Cases/2000_tresult/Return Passed' .
2025-09-24 04:53:02.412 INFO  c.k.katalon.core.main.TestCaseExecutor   - END Test Cases/2000_tresult/Return Passed
2025-09-24 04:53:02.414 INFO  c.k.katalon.core.main.TestCaseExecutor   - --------------------
2025-09-24 04:53:02.414 INFO  c.k.katalon.core.main.TestCaseExecutor   - START Test Cases/2000_tresult/Return Passed
2025-09-24 04:53:02.420 DEBUG testcase.Return Passed                   - 1: markPassed("Passed")
2025-09-24 04:53:02.420 DEBUG com.kms.katalon.core.util.KeywordUtil    - ✓ Passed
2025-09-24 04:53:04.423 INFO  c.k.k.c.c.internal.VideoRecorderService  - Video recording for test case 'Test Cases/2000_tresult/Return Passed' .
2025-09-24 04:53:04.424 INFO  c.k.katalon.core.main.TestCaseExecutor   - END Test Cases/2000_tresult/Return Passed
2025-09-24 04:53:04.426 INFO  c.k.katalon.core.main.TestCaseExecutor   - --------------------
2025-09-24 04:53:04.426 INFO  c.k.katalon.core.main.TestCaseExecutor   - START Test Cases/2000_tresult/Return Passed
2025-09-24 04:53:04.431 DEBUG testcase.Return Passed                   - 1: markPassed("Passed")
2025-09-24 04:53:04.432 DEBUG com.kms.katalon.core.util.KeywordUtil    - ✓ Passed
2025-09-24 04:53:06.435 INFO  c.k.k.c.c.internal.VideoRecorderService  - Video recording for test case 'Test Cases/2000_tresult/Return Passed' .
2025-09-24 04:53:06.435 INFO  c.k.katalon.core.main.TestCaseExecutor   - END Test Cases/2000_tresult/Return Passed
2025-09-24 04:53:06.437 INFO  c.k.katalon.core.main.TestCaseExecutor   - --------------------
2025-09-24 04:53:06.437 INFO  c.k.katalon.core.main.TestCaseExecutor   - START Test Cases/2000_tresult/Return Passed
2025-09-24 04:53:06.456 DEBUG testcase.Return Passed                   - 1: markPassed("Passed")
2025-09-24 04:53:06.457 DEBUG com.kms.katalon.core.util.KeywordUtil    - ✓ Passed
2025-09-24 04:53:08.460 INFO  c.k.k.c.c.internal.VideoRecorderService  - Video recording for test case 'Test Cases/2000_tresult/Return Passed' .
2025-09-24 04:53:08.461 INFO  c.k.katalon.core.main.TestCaseExecutor   - END Test Cases/2000_tresult/Return Passed
2025-09-24 04:53:08.462 INFO  c.k.katalon.core.main.TestCaseExecutor   - --------------------
2025-09-24 04:53:08.462 INFO  c.k.katalon.core.main.TestCaseExecutor   - START Test Cases/2000_tresult/Return Passed
2025-09-24 04:53:08.467 DEBUG testcase.Return Passed                   - 1: markPassed("Passed")
2025-09-24 04:53:08.467 DEBUG com.kms.katalon.core.util.KeywordUtil    - ✓ Passed
2025-09-24 04:53:10.470 INFO  c.k.k.c.c.internal.VideoRecorderService  - Video recording for test case 'Test Cases/2000_tresult/Return Passed' .
2025-09-24 04:53:10.471 INFO  c.k.katalon.core.main.TestCaseExecutor   - END Test Cases/2000_tresult/Return Passed
2025-09-24 04:53:10.473 INFO  c.k.katalon.core.main.TestCaseExecutor   - --------------------
2025-09-24 04:53:10.474 INFO  c.k.katalon.core.main.TestCaseExecutor   - START Test Cases/2000_tresult/Return Passed
2025-09-24 04:53:10.478 DEBUG testcase.Return Passed                   - 1: markPassed("Passed")
2025-09-24 04:53:10.479 DEBUG com.kms.katalon.core.util.KeywordUtil    - ✓ Passed
2025-09-24 04:53:12.482 INFO  c.k.k.c.c.internal.VideoRecorderService  - Video recording for test case 'Test Cases/2000_tresult/Return Passed' .
2025-09-24 04:53:12.483 INFO  c.k.katalon.core.main.TestCaseExecutor   - END Test Cases/2000_tresult/Return Passed
2025-09-24 04:53:12.485 INFO  c.k.katalon.core.main.TestCaseExecutor   - --------------------
2025-09-24 04:53:12.485 INFO  c.k.katalon.core.main.TestCaseExecutor   - START Test Cases/2000_tresult/Return Passed
2025-09-24 04:53:12.490 DEBUG testcase.Return Passed                   - 1: markPassed("Passed")
2025-09-24 04:53:12.490 DEBUG com.kms.katalon.core.util.KeywordUtil    - ✓ Passed
2025-09-24 04:53:14.493 INFO  c.k.k.c.c.internal.VideoRecorderService  - Video recording for test case 'Test Cases/2000_tresult/Return Passed' .
2025-09-24 04:53:14.495 INFO  c.k.katalon.core.main.TestCaseExecutor   - END Test Cases/2000_tresult/Return Passed
2025-09-24 04:53:14.496 INFO  c.k.katalon.core.main.TestCaseExecutor   - --------------------
2025-09-24 04:53:14.496 INFO  c.k.katalon.core.main.TestCaseExecutor   - START Test Cases/2000_tresult/Return Passed
2025-09-24 04:53:14.501 DEBUG testcase.Return Passed                   - 1: markPassed("Passed")
2025-09-24 04:53:14.501 DEBUG com.kms.katalon.core.util.KeywordUtil    - ✓ Passed
2025-09-24 04:53:16.505 INFO  c.k.k.c.c.internal.VideoRecorderService  - Video recording for test case 'Test Cases/2000_tresult/Return Passed' .
2025-09-24 04:53:16.505 INFO  c.k.katalon.core.main.TestCaseExecutor   - END Test Cases/2000_tresult/Return Passed
2025-09-24 04:53:16.507 INFO  c.k.katalon.core.main.TestCaseExecutor   - --------------------
2025-09-24 04:53:16.507 INFO  c.k.katalon.core.main.TestCaseExecutor   - START Test Cases/2000_tresult/Return Passed
2025-09-24 04:53:16.512 DEBUG testcase.Return Passed                   - 1: markPassed("Passed")
2025-09-24 04:53:16.512 DEBUG com.kms.katalon.core.util.KeywordUtil    - ✓ Passed
2025-09-24 04:53:18.516 INFO  c.k.k.c.c.internal.VideoRecorderService  - Video recording for test case 'Test Cases/2000_tresult/Return Passed' .
2025-09-24 04:53:18.516 INFO  c.k.katalon.core.main.TestCaseExecutor   - END Test Cases/2000_tresult/Return Passed
2025-09-24 04:53:18.519 INFO  c.k.katalon.core.main.TestCaseExecutor   - --------------------
2025-09-24 04:53:18.519 INFO  c.k.katalon.core.main.TestCaseExecutor   - START Test Cases/2000_tresult/Return Passed
2025-09-24 04:53:18.523 DEBUG testcase.Return Passed                   - 1: markPassed("Passed")
2025-09-24 04:53:18.524 DEBUG com.kms.katalon.core.util.KeywordUtil    - ✓ Passed
2025-09-24 04:53:20.527 INFO  c.k.k.c.c.internal.VideoRecorderService  - Video recording for test case 'Test Cases/2000_tresult/Return Passed' .
2025-09-24 04:53:20.528 INFO  c.k.katalon.core.main.TestCaseExecutor   - END Test Cases/2000_tresult/Return Passed
2025-09-24 04:53:20.529 INFO  c.k.katalon.core.main.TestCaseExecutor   - --------------------
2025-09-24 04:53:20.529 INFO  c.k.katalon.core.main.TestCaseExecutor   - START Test Cases/2000_tresult/Return Passed
2025-09-24 04:53:20.533 DEBUG testcase.Return Passed                   - 1: markPassed("Passed")
2025-09-24 04:53:20.534 DEBUG com.kms.katalon.core.util.KeywordUtil    - ✓ Passed
2025-09-24 04:53:22.537 INFO  c.k.k.c.c.internal.VideoRecorderService  - Video recording for test case 'Test Cases/2000_tresult/Return Passed' .
2025-09-24 04:53:22.538 INFO  c.k.katalon.core.main.TestCaseExecutor   - END Test Cases/2000_tresult/Return Passed
2025-09-24 04:53:22.539 INFO  c.k.katalon.core.main.TestCaseExecutor   - --------------------
2025-09-24 04:53:22.540 INFO  c.k.katalon.core.main.TestCaseExecutor   - START Test Cases/2000_tresult/Return Passed
2025-09-24 04:53:22.544 DEBUG testcase.Return Passed                   - 1: markPassed("Passed")
2025-09-24 04:53:22.544 DEBUG com.kms.katalon.core.util.KeywordUtil    - ✓ Passed
2025-09-24 04:53:24.547 INFO  c.k.k.c.c.internal.VideoRecorderService  - Video recording for test case 'Test Cases/2000_tresult/Return Passed' .
2025-09-24 04:53:24.548 INFO  c.k.katalon.core.main.TestCaseExecutor   - END Test Cases/2000_tresult/Return Passed
2025-09-24 04:53:24.550 INFO  c.k.katalon.core.main.TestCaseExecutor   - --------------------
2025-09-24 04:53:24.550 INFO  c.k.katalon.core.main.TestCaseExecutor   - START Test Cases/2000_tresult/Return Passed
2025-09-24 04:53:24.556 DEBUG testcase.Return Passed                   - 1: markPassed("Passed")
2025-09-24 04:53:24.557 DEBUG com.kms.katalon.core.util.KeywordUtil    - ✓ Passed
2025-09-24 04:53:26.560 INFO  c.k.k.c.c.internal.VideoRecorderService  - Video recording for test case 'Test Cases/2000_tresult/Return Passed' .
2025-09-24 04:53:26.561 INFO  c.k.katalon.core.main.TestCaseExecutor   - END Test Cases/2000_tresult/Return Passed
2025-09-24 04:53:26.565 INFO  c.k.katalon.core.main.TestCaseExecutor   - --------------------
2025-09-24 04:53:26.566 INFO  c.k.katalon.core.main.TestCaseExecutor   - START Test Cases/2000_tresult/Return Passed
2025-09-24 04:53:26.571 DEBUG testcase.Return Passed                   - 1: markPassed("Passed")
2025-09-24 04:53:26.571 DEBUG com.kms.katalon.core.util.KeywordUtil    - ✓ Passed
2025-09-24 04:53:28.575 INFO  c.k.k.c.c.internal.VideoRecorderService  - Video recording for test case 'Test Cases/2000_tresult/Return Passed' .
2025-09-24 04:53:28.575 INFO  c.k.katalon.core.main.TestCaseExecutor   - END Test Cases/2000_tresult/Return Passed
2025-09-24 04:53:28.577 INFO  c.k.katalon.core.main.TestCaseExecutor   - --------------------
2025-09-24 04:53:28.577 INFO  c.k.katalon.core.main.TestCaseExecutor   - START Test Cases/2000_tresult/Return Passed
2025-09-24 04:53:28.581 DEBUG testcase.Return Passed                   - 1: markPassed("Passed")
2025-09-24 04:53:28.582 DEBUG com.kms.katalon.core.util.KeywordUtil    - ✓ Passed
2025-09-24 04:53:30.586 INFO  c.k.k.c.c.internal.VideoRecorderService  - Video recording for test case 'Test Cases/2000_tresult/Return Passed' .
2025-09-24 04:53:30.586 INFO  c.k.katalon.core.main.TestCaseExecutor   - END Test Cases/2000_tresult/Return Passed
2025-09-24 04:53:30.588 INFO  c.k.katalon.core.main.TestCaseExecutor   - --------------------
2025-09-24 04:53:30.588 INFO  c.k.katalon.core.main.TestCaseExecutor   - START Test Cases/2000_tresult/Return Passed
2025-09-24 04:53:30.595 DEBUG testcase.Return Passed                   - 1: markPassed("Passed")
2025-09-24 04:53:30.596 DEBUG com.kms.katalon.core.util.KeywordUtil    - ✓ Passed
2025-09-24 04:53:32.599 INFO  c.k.k.c.c.internal.VideoRecorderService  - Video recording for test case 'Test Cases/2000_tresult/Return Passed' .
2025-09-24 04:53:32.599 INFO  c.k.katalon.core.main.TestCaseExecutor   - END Test Cases/2000_tresult/Return Passed
2025-09-24 04:53:32.601 INFO  c.k.katalon.core.main.TestCaseExecutor   - --------------------
2025-09-24 04:53:32.601 INFO  c.k.katalon.core.main.TestCaseExecutor   - START Test Cases/2000_tresult/Return Passed
2025-09-24 04:53:32.605 DEBUG testcase.Return Passed                   - 1: markPassed("Passed")
2025-09-24 04:53:32.605 DEBUG com.kms.katalon.core.util.KeywordUtil    - ✓ Passed
2025-09-24 04:53:34.609 INFO  c.k.k.c.c.internal.VideoRecorderService  - Video recording for test case 'Test Cases/2000_tresult/Return Passed' .
2025-09-24 04:53:34.609 INFO  c.k.katalon.core.main.TestCaseExecutor   - END Test Cases/2000_tresult/Return Passed
2025-09-24 04:53:34.611 INFO  c.k.katalon.core.main.TestCaseExecutor   - --------------------
2025-09-24 04:53:34.611 INFO  c.k.katalon.core.main.TestCaseExecutor   - START Test Cases/2000_tresult/Return Passed
2025-09-24 04:53:34.615 DEBUG testcase.Return Passed                   - 1: markPassed("Passed")
2025-09-24 04:53:34.615 DEBUG com.kms.katalon.core.util.KeywordUtil    - ✓ Passed
2025-09-24 04:53:36.618 INFO  c.k.k.c.c.internal.VideoRecorderService  - Video recording for test case 'Test Cases/2000_tresult/Return Passed' .
2025-09-24 04:53:36.619 INFO  c.k.katalon.core.main.TestCaseExecutor   - END Test Cases/2000_tresult/Return Passed
2025-09-24 04:53:36.622 INFO  c.k.katalon.core.main.TestCaseExecutor   - --------------------
2025-09-24 04:53:36.622 INFO  c.k.katalon.core.main.TestCaseExecutor   - START Test Cases/2000_tresult/Return Passed
2025-09-24 04:53:36.627 DEBUG testcase.Return Passed                   - 1: markPassed("Passed")
2025-09-24 04:53:36.627 DEBUG com.kms.katalon.core.util.KeywordUtil    - ✓ Passed
2025-09-24 04:53:38.631 INFO  c.k.k.c.c.internal.VideoRecorderService  - Video recording for test case 'Test Cases/2000_tresult/Return Passed' .
2025-09-24 04:53:38.631 INFO  c.k.katalon.core.main.TestCaseExecutor   - END Test Cases/2000_tresult/Return Passed
2025-09-24 04:53:38.633 INFO  c.k.katalon.core.main.TestCaseExecutor   - --------------------
2025-09-24 04:53:38.633 INFO  c.k.katalon.core.main.TestCaseExecutor   - START Test Cases/2000_tresult/Return Passed
2025-09-24 04:53:38.637 DEBUG testcase.Return Passed                   - 1: markPassed("Passed")
2025-09-24 04:53:38.637 DEBUG com.kms.katalon.core.util.KeywordUtil    - ✓ Passed
2025-09-24 04:53:40.641 INFO  c.k.k.c.c.internal.VideoRecorderService  - Video recording for test case 'Test Cases/2000_tresult/Return Passed' .
2025-09-24 04:53:40.641 INFO  c.k.katalon.core.main.TestCaseExecutor   - END Test Cases/2000_tresult/Return Passed
2025-09-24 04:53:40.643 INFO  c.k.katalon.core.main.TestCaseExecutor   - --------------------
2025-09-24 04:53:40.643 INFO  c.k.katalon.core.main.TestCaseExecutor   - START Test Cases/2000_tresult/Return Passed
2025-09-24 04:53:40.647 DEBUG testcase.Return Passed                   - 1: markPassed("Passed")
2025-09-24 04:53:40.647 DEBUG com.kms.katalon.core.util.KeywordUtil    - ✓ Passed
2025-09-24 04:53:42.651 INFO  c.k.k.c.c.internal.VideoRecorderService  - Video recording for test case 'Test Cases/2000_tresult/Return Passed' .
2025-09-24 04:53:42.651 INFO  c.k.katalon.core.main.TestCaseExecutor   - END Test Cases/2000_tresult/Return Passed
2025-09-24 04:53:42.653 INFO  c.k.katalon.core.main.TestCaseExecutor   - --------------------
2025-09-24 04:53:42.653 INFO  c.k.katalon.core.main.TestCaseExecutor   - START Test Cases/2000_tresult/Return Passed
2025-09-24 04:53:42.657 DEBUG testcase.Return Passed                   - 1: markPassed("Passed")
2025-09-24 04:53:42.657 DEBUG com.kms.katalon.core.util.KeywordUtil    - ✓ Passed
2025-09-24 04:53:44.661 INFO  c.k.k.c.c.internal.VideoRecorderService  - Video recording for test case 'Test Cases/2000_tresult/Return Passed' .
2025-09-24 04:53:44.662 INFO  c.k.katalon.core.main.TestCaseExecutor   - END Test Cases/2000_tresult/Return Passed
2025-09-24 04:53:44.664 INFO  c.k.katalon.core.main.TestCaseExecutor   - --------------------
2025-09-24 04:53:44.664 INFO  c.k.katalon.core.main.TestCaseExecutor   - START Test Cases/2000_tresult/Return Passed
2025-09-24 04:53:44.669 DEBUG testcase.Return Passed                   - 1: markPassed("Passed")
2025-09-24 04:53:44.670 DEBUG com.kms.katalon.core.util.KeywordUtil    - ✓ Passed
2025-09-24 04:53:46.673 INFO  c.k.k.c.c.internal.VideoRecorderService  - Video recording for test case 'Test Cases/2000_tresult/Return Passed' .
2025-09-24 04:53:46.673 INFO  c.k.katalon.core.main.TestCaseExecutor   - END Test Cases/2000_tresult/Return Passed
2025-09-24 04:53:46.675 INFO  c.k.katalon.core.main.TestCaseExecutor   - --------------------
2025-09-24 04:53:46.675 INFO  c.k.katalon.core.main.TestCaseExecutor   - START Test Cases/2000_tresult/Return Passed
2025-09-24 04:53:46.679 DEBUG testcase.Return Passed                   - 1: markPassed("Passed")
2025-09-24 04:53:46.679 DEBUG com.kms.katalon.core.util.KeywordUtil    - ✓ Passed
2025-09-24 04:53:48.683 INFO  c.k.k.c.c.internal.VideoRecorderService  - Video recording for test case 'Test Cases/2000_tresult/Return Passed' .
2025-09-24 04:53:48.683 INFO  c.k.katalon.core.main.TestCaseExecutor   - END Test Cases/2000_tresult/Return Passed
2025-09-24 04:53:48.685 INFO  c.k.katalon.core.main.TestCaseExecutor   - --------------------
2025-09-24 04:53:48.685 INFO  c.k.katalon.core.main.TestCaseExecutor   - START Test Cases/2000_tresult/Return Passed
2025-09-24 04:53:48.689 DEBUG testcase.Return Passed                   - 1: markPassed("Passed")
2025-09-24 04:53:48.689 DEBUG com.kms.katalon.core.util.KeywordUtil    - ✓ Passed
2025-09-24 04:53:50.693 INFO  c.k.k.c.c.internal.VideoRecorderService  - Video recording for test case 'Test Cases/2000_tresult/Return Passed' .
2025-09-24 04:53:50.694 INFO  c.k.katalon.core.main.TestCaseExecutor   - END Test Cases/2000_tresult/Return Passed
2025-09-24 04:53:50.695 INFO  c.k.katalon.core.main.TestCaseExecutor   - --------------------
2025-09-24 04:53:50.695 INFO  c.k.katalon.core.main.TestCaseExecutor   - START Test Cases/2000_tresult/Return Passed
2025-09-24 04:53:50.701 DEBUG testcase.Return Passed                   - 1: markPassed("Passed")
2025-09-24 04:53:50.701 DEBUG com.kms.katalon.core.util.KeywordUtil    - ✓ Passed
2025-09-24 04:53:52.705 INFO  c.k.k.c.c.internal.VideoRecorderService  - Video recording for test case 'Test Cases/2000_tresult/Return Passed' .
2025-09-24 04:53:52.705 INFO  c.k.katalon.core.main.TestCaseExecutor   - END Test Cases/2000_tresult/Return Passed
2025-09-24 04:53:52.707 INFO  c.k.katalon.core.main.TestCaseExecutor   - --------------------
2025-09-24 04:53:52.707 INFO  c.k.katalon.core.main.TestCaseExecutor   - START Test Cases/2000_tresult/Return Passed
2025-09-24 04:53:52.711 DEBUG testcase.Return Passed                   - 1: markPassed("Passed")
2025-09-24 04:53:52.711 DEBUG com.kms.katalon.core.util.KeywordUtil    - ✓ Passed
2025-09-24 04:53:54.715 INFO  c.k.k.c.c.internal.VideoRecorderService  - Video recording for test case 'Test Cases/2000_tresult/Return Passed' .
2025-09-24 04:53:54.715 INFO  c.k.katalon.core.main.TestCaseExecutor   - END Test Cases/2000_tresult/Return Passed
2025-09-24 04:53:54.717 INFO  c.k.katalon.core.main.TestCaseExecutor   - --------------------
2025-09-24 04:53:54.717 INFO  c.k.katalon.core.main.TestCaseExecutor   - START Test Cases/2000_tresult/Return Passed
2025-09-24 04:53:54.722 DEBUG testcase.Return Passed                   - 1: markPassed("Passed")
2025-09-24 04:53:54.723 DEBUG com.kms.katalon.core.util.KeywordUtil    - ✓ Passed
2025-09-24 04:53:56.726 INFO  c.k.k.c.c.internal.VideoRecorderService  - Video recording for test case 'Test Cases/2000_tresult/Return Passed' .
2025-09-24 04:53:56.727 INFO  c.k.katalon.core.main.TestCaseExecutor   - END Test Cases/2000_tresult/Return Passed
2025-09-24 04:53:56.728 INFO  c.k.katalon.core.main.TestCaseExecutor   - --------------------
2025-09-24 04:53:56.728 INFO  c.k.katalon.core.main.TestCaseExecutor   - START Test Cases/2000_tresult/Return Passed
2025-09-24 04:53:56.733 DEBUG testcase.Return Passed                   - 1: markPassed("Passed")
2025-09-24 04:53:56.733 DEBUG com.kms.katalon.core.util.KeywordUtil    - ✓ Passed
2025-09-24 04:53:58.736 INFO  c.k.k.c.c.internal.VideoRecorderService  - Video recording for test case 'Test Cases/2000_tresult/Return Passed' .
2025-09-24 04:53:58.737 INFO  c.k.katalon.core.main.TestCaseExecutor   - END Test Cases/2000_tresult/Return Passed
2025-09-24 04:53:58.740 INFO  c.k.katalon.core.main.TestCaseExecutor   - --------------------
2025-09-24 04:53:58.740 INFO  c.k.katalon.core.main.TestCaseExecutor   - START Test Cases/2000_tresult/Return Passed
2025-09-24 04:53:58.744 DEBUG testcase.Return Passed                   - 1: markPassed("Passed")
2025-09-24 04:53:58.744 DEBUG com.kms.katalon.core.util.KeywordUtil    - ✓ Passed
2025-09-24 04:54:00.747 INFO  c.k.k.c.c.internal.VideoRecorderService  - Video recording for test case 'Test Cases/2000_tresult/Return Passed' .
2025-09-24 04:54:00.748 INFO  c.k.katalon.core.main.TestCaseExecutor   - END Test Cases/2000_tresult/Return Passed
2025-09-24 04:54:00.749 INFO  c.k.katalon.core.main.TestCaseExecutor   - --------------------
2025-09-24 04:54:00.750 INFO  c.k.katalon.core.main.TestCaseExecutor   - START Test Cases/2000_tresult/Return Passed
2025-09-24 04:54:00.760 DEBUG testcase.Return Passed                   - 1: markPassed("Passed")
2025-09-24 04:54:00.761 DEBUG com.kms.katalon.core.util.KeywordUtil    - ✓ Passed
2025-09-24 04:54:02.764 INFO  c.k.k.c.c.internal.VideoRecorderService  - Video recording for test case 'Test Cases/2000_tresult/Return Passed' .
2025-09-24 04:54:02.764 INFO  c.k.katalon.core.main.TestCaseExecutor   - END Test Cases/2000_tresult/Return Passed
2025-09-24 04:54:02.766 INFO  c.k.katalon.core.main.TestCaseExecutor   - --------------------
2025-09-24 04:54:02.766 INFO  c.k.katalon.core.main.TestCaseExecutor   - START Test Cases/2000_tresult/Return Passed
2025-09-24 04:54:02.770 DEBUG testcase.Return Passed                   - 1: markPassed("Passed")
2025-09-24 04:54:02.770 DEBUG com.kms.katalon.core.util.KeywordUtil    - ✓ Passed
2025-09-24 04:54:04.773 INFO  c.k.k.c.c.internal.VideoRecorderService  - Video recording for test case 'Test Cases/2000_tresult/Return Passed' .
2025-09-24 04:54:04.774 INFO  c.k.katalon.core.main.TestCaseExecutor   - END Test Cases/2000_tresult/Return Passed
2025-09-24 04:54:04.776 INFO  c.k.katalon.core.main.TestCaseExecutor   - --------------------
2025-09-24 04:54:04.776 INFO  c.k.katalon.core.main.TestCaseExecutor   - START Test Cases/2000_tresult/Return Passed
2025-09-24 04:54:04.781 DEBUG testcase.Return Passed                   - 1: markPassed("Passed")
2025-09-24 04:54:04.781 DEBUG com.kms.katalon.core.util.KeywordUtil    - ✓ Passed
2025-09-24 04:54:06.784 INFO  c.k.k.c.c.internal.VideoRecorderService  - Video recording for test case 'Test Cases/2000_tresult/Return Passed' .
2025-09-24 04:54:06.785 INFO  c.k.katalon.core.main.TestCaseExecutor   - END Test Cases/2000_tresult/Return Passed
2025-09-24 04:54:06.786 INFO  c.k.katalon.core.main.TestCaseExecutor   - --------------------
2025-09-24 04:54:06.786 INFO  c.k.katalon.core.main.TestCaseExecutor   - START Test Cases/2000_tresult/Return Passed
2025-09-24 04:54:06.790 DEBUG testcase.Return Passed                   - 1: markPassed("Passed")
2025-09-24 04:54:06.790 DEBUG com.kms.katalon.core.util.KeywordUtil    - ✓ Passed
2025-09-24 04:54:08.793 INFO  c.k.k.c.c.internal.VideoRecorderService  - Video recording for test case 'Test Cases/2000_tresult/Return Passed' .
2025-09-24 04:54:08.794 INFO  c.k.katalon.core.main.TestCaseExecutor   - END Test Cases/2000_tresult/Return Passed
2025-09-24 04:54:08.795 INFO  c.k.katalon.core.main.TestCaseExecutor   - --------------------
2025-09-24 04:54:08.795 INFO  c.k.katalon.core.main.TestCaseExecutor   - START Test Cases/2000_tresult/Return Passed
2025-09-24 04:54:08.801 DEBUG testcase.Return Passed                   - 1: markPassed("Passed")
2025-09-24 04:54:08.801 DEBUG com.kms.katalon.core.util.KeywordUtil    - ✓ Passed
2025-09-24 04:54:10.804 INFO  c.k.k.c.c.internal.VideoRecorderService  - Video recording for test case 'Test Cases/2000_tresult/Return Passed' .
2025-09-24 04:54:10.805 INFO  c.k.katalon.core.main.TestCaseExecutor   - END Test Cases/2000_tresult/Return Passed
2025-09-24 04:54:10.806 INFO  c.k.katalon.core.main.TestCaseExecutor   - --------------------
2025-09-24 04:54:10.806 INFO  c.k.katalon.core.main.TestCaseExecutor   - START Test Cases/2000_tresult/Return Passed
2025-09-24 04:54:10.811 DEBUG testcase.Return Passed                   - 1: markPassed("Passed")
2025-09-24 04:54:10.811 DEBUG com.kms.katalon.core.util.KeywordUtil    - ✓ Passed
2025-09-24 04:54:12.814 INFO  c.k.k.c.c.internal.VideoRecorderService  - Video recording for test case 'Test Cases/2000_tresult/Return Passed' .
2025-09-24 04:54:12.814 INFO  c.k.katalon.core.main.TestCaseExecutor   - END Test Cases/2000_tresult/Return Passed
2025-09-24 04:54:12.816 INFO  c.k.katalon.core.main.TestCaseExecutor   - --------------------
2025-09-24 04:54:12.816 INFO  c.k.katalon.core.main.TestCaseExecutor   - START Test Cases/2000_tresult/Return Passed
2025-09-24 04:54:12.820 DEBUG testcase.Return Passed                   - 1: markPassed("Passed")
2025-09-24 04:54:12.821 DEBUG com.kms.katalon.core.util.KeywordUtil    - ✓ Passed
2025-09-24 04:54:14.824 INFO  c.k.k.c.c.internal.VideoRecorderService  - Video recording for test case 'Test Cases/2000_tresult/Return Passed' .
2025-09-24 04:54:14.824 INFO  c.k.katalon.core.main.TestCaseExecutor   - END Test Cases/2000_tresult/Return Passed
2025-09-24 04:54:14.826 INFO  c.k.katalon.core.main.TestCaseExecutor   - --------------------
2025-09-24 04:54:14.826 INFO  c.k.katalon.core.main.TestCaseExecutor   - START Test Cases/2000_tresult/Return Passed
2025-09-24 04:54:14.830 DEBUG testcase.Return Passed                   - 1: markPassed("Passed")
2025-09-24 04:54:14.830 DEBUG com.kms.katalon.core.util.KeywordUtil    - ✓ Passed
2025-09-24 04:54:16.833 INFO  c.k.k.c.c.internal.VideoRecorderService  - Video recording for test case 'Test Cases/2000_tresult/Return Passed' .
2025-09-24 04:54:16.834 INFO  c.k.katalon.core.main.TestCaseExecutor   - END Test Cases/2000_tresult/Return Passed
2025-09-24 04:54:16.835 INFO  c.k.katalon.core.main.TestCaseExecutor   - --------------------
2025-09-24 04:54:16.835 INFO  c.k.katalon.core.main.TestCaseExecutor   - START Test Cases/2000_tresult/Return Passed
2025-09-24 04:54:16.839 DEBUG testcase.Return Passed                   - 1: markPassed("Passed")
2025-09-24 04:54:16.839 DEBUG com.kms.katalon.core.util.KeywordUtil    - ✓ Passed
2025-09-24 04:54:18.842 INFO  c.k.k.c.c.internal.VideoRecorderService  - Video recording for test case 'Test Cases/2000_tresult/Return Passed' .
2025-09-24 04:54:18.843 INFO  c.k.katalon.core.main.TestCaseExecutor   - END Test Cases/2000_tresult/Return Passed
2025-09-24 04:54:18.845 INFO  c.k.katalon.core.main.TestCaseExecutor   - --------------------
2025-09-24 04:54:18.845 INFO  c.k.katalon.core.main.TestCaseExecutor   - START Test Cases/2000_tresult/Return Passed
2025-09-24 04:54:18.848 DEBUG testcase.Return Passed                   - 1: markPassed("Passed")
2025-09-24 04:54:18.848 DEBUG com.kms.katalon.core.util.KeywordUtil    - ✓ Passed
2025-09-24 04:54:20.852 INFO  c.k.k.c.c.internal.VideoRecorderService  - Video recording for test case 'Test Cases/2000_tresult/Return Passed' .
2025-09-24 04:54:20.852 INFO  c.k.katalon.core.main.TestCaseExecutor   - END Test Cases/2000_tresult/Return Passed
2025-09-24 04:54:20.854 INFO  c.k.katalon.core.main.TestCaseExecutor   - --------------------
2025-09-24 04:54:20.854 INFO  c.k.katalon.core.main.TestCaseExecutor   - START Test Cases/2000_tresult/Return Passed
2025-09-24 04:54:20.859 DEBUG testcase.Return Passed                   - 1: markPassed("Passed")
2025-09-24 04:54:20.859 DEBUG com.kms.katalon.core.util.KeywordUtil    - ✓ Passed
2025-09-24 04:54:22.862 INFO  c.k.k.c.c.internal.VideoRecorderService  - Video recording for test case 'Test Cases/2000_tresult/Return Passed' .
2025-09-24 04:54:22.863 INFO  c.k.katalon.core.main.TestCaseExecutor   - END Test Cases/2000_tresult/Return Passed
2025-09-24 04:54:22.865 INFO  c.k.katalon.core.main.TestCaseExecutor   - --------------------
2025-09-24 04:54:22.865 INFO  c.k.katalon.core.main.TestCaseExecutor   - START Test Cases/2000_tresult/Return Passed
2025-09-24 04:54:22.869 DEBUG testcase.Return Passed                   - 1: markPassed("Passed")
2025-09-24 04:54:22.869 DEBUG com.kms.katalon.core.util.KeywordUtil    - ✓ Passed
2025-09-24 04:54:24.873 INFO  c.k.k.c.c.internal.VideoRecorderService  - Video recording for test case 'Test Cases/2000_tresult/Return Passed' .
2025-09-24 04:54:24.873 INFO  c.k.katalon.core.main.TestCaseExecutor   - END Test Cases/2000_tresult/Return Passed
2025-09-24 04:54:24.875 INFO  c.k.katalon.core.main.TestCaseExecutor   - --------------------
2025-09-24 04:54:24.875 INFO  c.k.katalon.core.main.TestCaseExecutor   - START Test Cases/2000_tresult/Return Passed
2025-09-24 04:54:24.879 DEBUG testcase.Return Passed                   - 1: markPassed("Passed")
2025-09-24 04:54:24.879 DEBUG com.kms.katalon.core.util.KeywordUtil    - ✓ Passed
2025-09-24 04:54:26.882 INFO  c.k.k.c.c.internal.VideoRecorderService  - Video recording for test case 'Test Cases/2000_tresult/Return Passed' .
2025-09-24 04:54:26.882 INFO  c.k.katalon.core.main.TestCaseExecutor   - END Test Cases/2000_tresult/Return Passed
2025-09-24 04:54:26.884 INFO  c.k.katalon.core.main.TestCaseExecutor   - --------------------
2025-09-24 04:54:26.884 INFO  c.k.katalon.core.main.TestCaseExecutor   - START Test Cases/2000_tresult/Return Passed
2025-09-24 04:54:26.888 DEBUG testcase.Return Passed                   - 1: markPassed("Passed")
2025-09-24 04:54:26.889 DEBUG com.kms.katalon.core.util.KeywordUtil    - ✓ Passed
2025-09-24 04:54:28.892 INFO  c.k.k.c.c.internal.VideoRecorderService  - Video recording for test case 'Test Cases/2000_tresult/Return Passed' .
2025-09-24 04:54:28.892 INFO  c.k.katalon.core.main.TestCaseExecutor   - END Test Cases/2000_tresult/Return Passed
2025-09-24 04:54:28.894 INFO  c.k.katalon.core.main.TestCaseExecutor   - --------------------
2025-09-24 04:54:28.894 INFO  c.k.katalon.core.main.TestCaseExecutor   - START Test Cases/2000_tresult/Return Passed
2025-09-24 04:54:28.899 DEBUG testcase.Return Passed                   - 1: markPassed("Passed")
2025-09-24 04:54:28.899 DEBUG com.kms.katalon.core.util.KeywordUtil    - ✓ Passed
2025-09-24 04:54:30.913 INFO  c.k.k.c.c.internal.VideoRecorderService  - Video recording for test case 'Test Cases/2000_tresult/Return Passed' .
2025-09-24 04:54:30.913 INFO  c.k.katalon.core.main.TestCaseExecutor   - END Test Cases/2000_tresult/Return Passed
2025-09-24 04:54:30.939 INFO  c.k.katalon.core.main.TestSuiteExecutor  - --------------------
2025-09-24 04:54:30.939 INFO  c.k.katalon.core.main.TestSuiteExecutor  - END Test Suites/100_tc
2025-09-24 04:54:30.939 INFO  c.k.katalon.core.main.TestSuiteExecutor  - ====================
