2025-09-24 04:50:50.337 INFO  c.k.katalon.core.main.TestSuiteExecutor  - START Test Suites/100_tc
2025-09-24 04:50:50.422 INFO  c.k.katalon.core.main.TestSuiteExecutor  - userFullName = Man Hua
2025-09-24 04:50:50.423 INFO  c.k.katalon.core.main.TestSuiteExecutor  - projectName = Demo-Bulk-Operation
2025-09-24 04:50:50.424 INFO  c.k.katalon.core.main.TestSuiteExecutor  - hostName = agent - 14475linalllatest-778569-katalon-agent-24z9x
2025-09-24 04:50:50.425 INFO  c.k.katalon.core.main.TestSuiteExecutor  - os = Linux 64bit
2025-09-24 04:50:50.425 INFO  c.k.katalon.core.main.TestSuiteExecutor  - hostAddress = 10.10.11.52
2025-09-24 04:50:50.427 INFO  c.k.katalon.core.main.TestSuiteExecutor  - katalonVersion = 10.3.1.0
2025-09-24 04:50:50.796 INFO  c.k.katalon.core.main.TestCaseExecutor   - --------------------
2025-09-24 04:50:50.796 INFO  c.k.katalon.core.main.TestCaseExecutor   - START Test Cases/2000_tresult/Return Passed
2025-09-24 04:50:50.929 DEBUG testcase.Return Passed                   - 1: markPassed("Passed")
2025-09-24 04:50:50.934 DEBUG com.kms.katalon.core.util.KeywordUtil    - ✓ Passed
2025-09-24 04:50:52.962 INFO  c.k.k.c.c.internal.VideoRecorderService  - Video recording for test case 'Test Cases/2000_tresult/Return Passed' .
2025-09-24 04:50:52.963 INFO  c.k.katalon.core.main.TestCaseExecutor   - END Test Cases/2000_tresult/Return Passed
2025-09-24 04:50:52.966 INFO  c.k.katalon.core.main.TestCaseExecutor   - --------------------
2025-09-24 04:50:52.967 INFO  c.k.katalon.core.main.TestCaseExecutor   - START Test Cases/2000_tresult/Return Passed
2025-09-24 04:50:52.976 DEBUG testcase.Return Passed                   - 1: markPassed("Passed")
2025-09-24 04:50:52.977 DEBUG com.kms.katalon.core.util.KeywordUtil    - ✓ Passed
2025-09-24 04:50:54.982 INFO  c.k.k.c.c.internal.VideoRecorderService  - Video recording for test case 'Test Cases/2000_tresult/Return Passed' .
2025-09-24 04:50:54.984 INFO  c.k.katalon.core.main.TestCaseExecutor   - END Test Cases/2000_tresult/Return Passed
2025-09-24 04:50:54.986 INFO  c.k.katalon.core.main.TestCaseExecutor   - --------------------
2025-09-24 04:50:54.986 INFO  c.k.katalon.core.main.TestCaseExecutor   - START Test Cases/2000_tresult/Return Passed
2025-09-24 04:50:54.992 DEBUG testcase.Return Passed                   - 1: markPassed("Passed")
2025-09-24 04:50:54.992 DEBUG com.kms.katalon.core.util.KeywordUtil    - ✓ Passed
2025-09-24 04:50:56.997 INFO  c.k.k.c.c.internal.VideoRecorderService  - Video recording for test case 'Test Cases/2000_tresult/Return Passed' .
2025-09-24 04:50:56.998 INFO  c.k.katalon.core.main.TestCaseExecutor   - END Test Cases/2000_tresult/Return Passed
2025-09-24 04:50:57.000 INFO  c.k.katalon.core.main.TestCaseExecutor   - --------------------
2025-09-24 04:50:57.000 INFO  c.k.katalon.core.main.TestCaseExecutor   - START Test Cases/2000_tresult/Return Passed
2025-09-24 04:50:57.006 DEBUG testcase.Return Passed                   - 1: markPassed("Passed")
2025-09-24 04:50:57.007 DEBUG com.kms.katalon.core.util.KeywordUtil    - ✓ Passed
2025-09-24 04:50:59.012 INFO  c.k.k.c.c.internal.VideoRecorderService  - Video recording for test case 'Test Cases/2000_tresult/Return Passed' .
2025-09-24 04:50:59.013 INFO  c.k.katalon.core.main.TestCaseExecutor   - END Test Cases/2000_tresult/Return Passed
2025-09-24 04:50:59.017 INFO  c.k.katalon.core.main.TestCaseExecutor   - --------------------
2025-09-24 04:50:59.018 INFO  c.k.katalon.core.main.TestCaseExecutor   - START Test Cases/2000_tresult/Return Passed
2025-09-24 04:50:59.033 DEBUG testcase.Return Passed                   - 1: markPassed("Passed")
2025-09-24 04:50:59.034 DEBUG com.kms.katalon.core.util.KeywordUtil    - ✓ Passed
2025-09-24 04:51:01.040 INFO  c.k.k.c.c.internal.VideoRecorderService  - Video recording for test case 'Test Cases/2000_tresult/Return Passed' .
2025-09-24 04:51:01.041 INFO  c.k.katalon.core.main.TestCaseExecutor   - END Test Cases/2000_tresult/Return Passed
2025-09-24 04:51:01.043 INFO  c.k.katalon.core.main.TestCaseExecutor   - --------------------
2025-09-24 04:51:01.043 INFO  c.k.katalon.core.main.TestCaseExecutor   - START Test Cases/2000_tresult/Return Passed
2025-09-24 04:51:01.051 DEBUG testcase.Return Passed                   - 1: markPassed("Passed")
2025-09-24 04:51:01.052 DEBUG com.kms.katalon.core.util.KeywordUtil    - ✓ Passed
2025-09-24 04:51:03.056 INFO  c.k.k.c.c.internal.VideoRecorderService  - Video recording for test case 'Test Cases/2000_tresult/Return Passed' .
2025-09-24 04:51:03.057 INFO  c.k.katalon.core.main.TestCaseExecutor   - END Test Cases/2000_tresult/Return Passed
2025-09-24 04:51:03.059 INFO  c.k.katalon.core.main.TestCaseExecutor   - --------------------
2025-09-24 04:51:03.060 INFO  c.k.katalon.core.main.TestCaseExecutor   - START Test Cases/2000_tresult/Return Passed
2025-09-24 04:51:03.064 DEBUG testcase.Return Passed                   - 1: markPassed("Passed")
2025-09-24 04:51:03.065 DEBUG com.kms.katalon.core.util.KeywordUtil    - ✓ Passed
2025-09-24 04:51:05.068 INFO  c.k.k.c.c.internal.VideoRecorderService  - Video recording for test case 'Test Cases/2000_tresult/Return Passed' .
2025-09-24 04:51:05.069 INFO  c.k.katalon.core.main.TestCaseExecutor   - END Test Cases/2000_tresult/Return Passed
2025-09-24 04:51:05.072 INFO  c.k.katalon.core.main.TestCaseExecutor   - --------------------
2025-09-24 04:51:05.072 INFO  c.k.katalon.core.main.TestCaseExecutor   - START Test Cases/2000_tresult/Return Passed
2025-09-24 04:51:05.077 DEBUG testcase.Return Passed                   - 1: markPassed("Passed")
2025-09-24 04:51:05.077 DEBUG com.kms.katalon.core.util.KeywordUtil    - ✓ Passed
2025-09-24 04:51:07.081 INFO  c.k.k.c.c.internal.VideoRecorderService  - Video recording for test case 'Test Cases/2000_tresult/Return Passed' .
2025-09-24 04:51:07.082 INFO  c.k.katalon.core.main.TestCaseExecutor   - END Test Cases/2000_tresult/Return Passed
2025-09-24 04:51:07.086 INFO  c.k.katalon.core.main.TestCaseExecutor   - --------------------
2025-09-24 04:51:07.086 INFO  c.k.katalon.core.main.TestCaseExecutor   - START Test Cases/2000_tresult/Return Passed
2025-09-24 04:51:07.091 DEBUG testcase.Return Passed                   - 1: markPassed("Passed")
2025-09-24 04:51:07.091 DEBUG com.kms.katalon.core.util.KeywordUtil    - ✓ Passed
2025-09-24 04:51:09.095 INFO  c.k.k.c.c.internal.VideoRecorderService  - Video recording for test case 'Test Cases/2000_tresult/Return Passed' .
2025-09-24 04:51:09.096 INFO  c.k.katalon.core.main.TestCaseExecutor   - END Test Cases/2000_tresult/Return Passed
2025-09-24 04:51:09.099 INFO  c.k.katalon.core.main.TestCaseExecutor   - --------------------
2025-09-24 04:51:09.099 INFO  c.k.katalon.core.main.TestCaseExecutor   - START Test Cases/2000_tresult/Return Passed
2025-09-24 04:51:09.104 DEBUG testcase.Return Passed                   - 1: markPassed("Passed")
2025-09-24 04:51:09.105 DEBUG com.kms.katalon.core.util.KeywordUtil    - ✓ Passed
2025-09-24 04:51:11.108 INFO  c.k.k.c.c.internal.VideoRecorderService  - Video recording for test case 'Test Cases/2000_tresult/Return Passed' .
2025-09-24 04:51:11.109 INFO  c.k.katalon.core.main.TestCaseExecutor   - END Test Cases/2000_tresult/Return Passed
2025-09-24 04:51:11.111 INFO  c.k.katalon.core.main.TestCaseExecutor   - --------------------
2025-09-24 04:51:11.111 INFO  c.k.katalon.core.main.TestCaseExecutor   - START Test Cases/2000_tresult/Return Passed
2025-09-24 04:51:11.117 DEBUG testcase.Return Passed                   - 1: markPassed("Passed")
2025-09-24 04:51:11.117 DEBUG com.kms.katalon.core.util.KeywordUtil    - ✓ Passed
2025-09-24 04:51:13.121 INFO  c.k.k.c.c.internal.VideoRecorderService  - Video recording for test case 'Test Cases/2000_tresult/Return Passed' .
2025-09-24 04:51:13.121 INFO  c.k.katalon.core.main.TestCaseExecutor   - END Test Cases/2000_tresult/Return Passed
2025-09-24 04:51:13.124 INFO  c.k.katalon.core.main.TestCaseExecutor   - --------------------
2025-09-24 04:51:13.124 INFO  c.k.katalon.core.main.TestCaseExecutor   - START Test Cases/2000_tresult/Return Passed
2025-09-24 04:51:13.132 DEBUG testcase.Return Passed                   - 1: markPassed("Passed")
2025-09-24 04:51:13.132 DEBUG com.kms.katalon.core.util.KeywordUtil    - ✓ Passed
2025-09-24 04:51:15.136 INFO  c.k.k.c.c.internal.VideoRecorderService  - Video recording for test case 'Test Cases/2000_tresult/Return Passed' .
2025-09-24 04:51:15.137 INFO  c.k.katalon.core.main.TestCaseExecutor   - END Test Cases/2000_tresult/Return Passed
2025-09-24 04:51:15.139 INFO  c.k.katalon.core.main.TestCaseExecutor   - --------------------
2025-09-24 04:51:15.140 INFO  c.k.katalon.core.main.TestCaseExecutor   - START Test Cases/2000_tresult/Return Passed
2025-09-24 04:51:15.147 DEBUG testcase.Return Passed                   - 1: markPassed("Passed")
2025-09-24 04:51:15.147 DEBUG com.kms.katalon.core.util.KeywordUtil    - ✓ Passed
2025-09-24 04:51:17.151 INFO  c.k.k.c.c.internal.VideoRecorderService  - Video recording for test case 'Test Cases/2000_tresult/Return Passed' .
2025-09-24 04:51:17.152 INFO  c.k.katalon.core.main.TestCaseExecutor   - END Test Cases/2000_tresult/Return Passed
2025-09-24 04:51:17.154 INFO  c.k.katalon.core.main.TestCaseExecutor   - --------------------
2025-09-24 04:51:17.154 INFO  c.k.katalon.core.main.TestCaseExecutor   - START Test Cases/2000_tresult/Return Passed
2025-09-24 04:51:17.159 DEBUG testcase.Return Passed                   - 1: markPassed("Passed")
2025-09-24 04:51:17.159 DEBUG com.kms.katalon.core.util.KeywordUtil    - ✓ Passed
2025-09-24 04:51:19.163 INFO  c.k.k.c.c.internal.VideoRecorderService  - Video recording for test case 'Test Cases/2000_tresult/Return Passed' .
2025-09-24 04:51:19.163 INFO  c.k.katalon.core.main.TestCaseExecutor   - END Test Cases/2000_tresult/Return Passed
2025-09-24 04:51:19.166 INFO  c.k.katalon.core.main.TestCaseExecutor   - --------------------
2025-09-24 04:51:19.166 INFO  c.k.katalon.core.main.TestCaseExecutor   - START Test Cases/2000_tresult/Return Passed
2025-09-24 04:51:19.170 DEBUG testcase.Return Passed                   - 1: markPassed("Passed")
2025-09-24 04:51:19.171 DEBUG com.kms.katalon.core.util.KeywordUtil    - ✓ Passed
2025-09-24 04:51:21.175 INFO  c.k.k.c.c.internal.VideoRecorderService  - Video recording for test case 'Test Cases/2000_tresult/Return Passed' .
2025-09-24 04:51:21.175 INFO  c.k.katalon.core.main.TestCaseExecutor   - END Test Cases/2000_tresult/Return Passed
2025-09-24 04:51:21.178 INFO  c.k.katalon.core.main.TestCaseExecutor   - --------------------
2025-09-24 04:51:21.178 INFO  c.k.katalon.core.main.TestCaseExecutor   - START Test Cases/2000_tresult/Return Passed
2025-09-24 04:51:21.183 DEBUG testcase.Return Passed                   - 1: markPassed("Passed")
2025-09-24 04:51:21.183 DEBUG com.kms.katalon.core.util.KeywordUtil    - ✓ Passed
2025-09-24 04:51:23.187 INFO  c.k.k.c.c.internal.VideoRecorderService  - Video recording for test case 'Test Cases/2000_tresult/Return Passed' .
2025-09-24 04:51:23.188 INFO  c.k.katalon.core.main.TestCaseExecutor   - END Test Cases/2000_tresult/Return Passed
2025-09-24 04:51:23.190 INFO  c.k.katalon.core.main.TestCaseExecutor   - --------------------
2025-09-24 04:51:23.190 INFO  c.k.katalon.core.main.TestCaseExecutor   - START Test Cases/2000_tresult/Return Passed
2025-09-24 04:51:23.194 DEBUG testcase.Return Passed                   - 1: markPassed("Passed")
2025-09-24 04:51:23.195 DEBUG com.kms.katalon.core.util.KeywordUtil    - ✓ Passed
2025-09-24 04:51:25.198 INFO  c.k.k.c.c.internal.VideoRecorderService  - Video recording for test case 'Test Cases/2000_tresult/Return Passed' .
2025-09-24 04:51:25.199 INFO  c.k.katalon.core.main.TestCaseExecutor   - END Test Cases/2000_tresult/Return Passed
2025-09-24 04:51:25.201 INFO  c.k.katalon.core.main.TestCaseExecutor   - --------------------
2025-09-24 04:51:25.201 INFO  c.k.katalon.core.main.TestCaseExecutor   - START Test Cases/2000_tresult/Return Passed
2025-09-24 04:51:25.206 DEBUG testcase.Return Passed                   - 1: markPassed("Passed")
2025-09-24 04:51:25.206 DEBUG com.kms.katalon.core.util.KeywordUtil    - ✓ Passed
2025-09-24 04:51:27.210 INFO  c.k.k.c.c.internal.VideoRecorderService  - Video recording for test case 'Test Cases/2000_tresult/Return Passed' .
2025-09-24 04:51:27.211 INFO  c.k.katalon.core.main.TestCaseExecutor   - END Test Cases/2000_tresult/Return Passed
2025-09-24 04:51:27.213 INFO  c.k.katalon.core.main.TestCaseExecutor   - --------------------
2025-09-24 04:51:27.213 INFO  c.k.katalon.core.main.TestCaseExecutor   - START Test Cases/2000_tresult/Return Passed
2025-09-24 04:51:27.218 DEBUG testcase.Return Passed                   - 1: markPassed("Passed")
2025-09-24 04:51:27.218 DEBUG com.kms.katalon.core.util.KeywordUtil    - ✓ Passed
2025-09-24 04:51:29.222 INFO  c.k.k.c.c.internal.VideoRecorderService  - Video recording for test case 'Test Cases/2000_tresult/Return Passed' .
2025-09-24 04:51:29.222 INFO  c.k.katalon.core.main.TestCaseExecutor   - END Test Cases/2000_tresult/Return Passed
2025-09-24 04:51:29.224 INFO  c.k.katalon.core.main.TestCaseExecutor   - --------------------
2025-09-24 04:51:29.224 INFO  c.k.katalon.core.main.TestCaseExecutor   - START Test Cases/2000_tresult/Return Passed
2025-09-24 04:51:29.229 DEBUG testcase.Return Passed                   - 1: markPassed("Passed")
2025-09-24 04:51:29.230 DEBUG com.kms.katalon.core.util.KeywordUtil    - ✓ Passed
2025-09-24 04:51:31.233 INFO  c.k.k.c.c.internal.VideoRecorderService  - Video recording for test case 'Test Cases/2000_tresult/Return Passed' .
2025-09-24 04:51:31.234 INFO  c.k.katalon.core.main.TestCaseExecutor   - END Test Cases/2000_tresult/Return Passed
2025-09-24 04:51:31.237 INFO  c.k.katalon.core.main.TestCaseExecutor   - --------------------
2025-09-24 04:51:31.239 INFO  c.k.katalon.core.main.TestCaseExecutor   - START Test Cases/2000_tresult/Return Passed
2025-09-24 04:51:31.243 DEBUG testcase.Return Passed                   - 1: markPassed("Passed")
2025-09-24 04:51:31.243 DEBUG com.kms.katalon.core.util.KeywordUtil    - ✓ Passed
2025-09-24 04:51:33.247 INFO  c.k.k.c.c.internal.VideoRecorderService  - Video recording for test case 'Test Cases/2000_tresult/Return Passed' .
2025-09-24 04:51:33.248 INFO  c.k.katalon.core.main.TestCaseExecutor   - END Test Cases/2000_tresult/Return Passed
2025-09-24 04:51:33.250 INFO  c.k.katalon.core.main.TestCaseExecutor   - --------------------
2025-09-24 04:51:33.250 INFO  c.k.katalon.core.main.TestCaseExecutor   - START Test Cases/2000_tresult/Return Passed
2025-09-24 04:51:33.254 DEBUG testcase.Return Passed                   - 1: markPassed("Passed")
2025-09-24 04:51:33.254 DEBUG com.kms.katalon.core.util.KeywordUtil    - ✓ Passed
2025-09-24 04:51:35.258 INFO  c.k.k.c.c.internal.VideoRecorderService  - Video recording for test case 'Test Cases/2000_tresult/Return Passed' .
2025-09-24 04:51:35.258 INFO  c.k.katalon.core.main.TestCaseExecutor   - END Test Cases/2000_tresult/Return Passed
2025-09-24 04:51:35.260 INFO  c.k.katalon.core.main.TestCaseExecutor   - --------------------
2025-09-24 04:51:35.260 INFO  c.k.katalon.core.main.TestCaseExecutor   - START Test Cases/2000_tresult/Return Passed
2025-09-24 04:51:35.265 DEBUG testcase.Return Passed                   - 1: markPassed("Passed")
2025-09-24 04:51:35.265 DEBUG com.kms.katalon.core.util.KeywordUtil    - ✓ Passed
2025-09-24 04:51:37.268 INFO  c.k.k.c.c.internal.VideoRecorderService  - Video recording for test case 'Test Cases/2000_tresult/Return Passed' .
2025-09-24 04:51:37.269 INFO  c.k.katalon.core.main.TestCaseExecutor   - END Test Cases/2000_tresult/Return Passed
2025-09-24 04:51:37.271 INFO  c.k.katalon.core.main.TestCaseExecutor   - --------------------
2025-09-24 04:51:37.271 INFO  c.k.katalon.core.main.TestCaseExecutor   - START Test Cases/2000_tresult/Return Passed
2025-09-24 04:51:37.275 DEBUG testcase.Return Passed                   - 1: markPassed("Passed")
2025-09-24 04:51:37.275 DEBUG com.kms.katalon.core.util.KeywordUtil    - ✓ Passed
2025-09-24 04:51:39.279 INFO  c.k.k.c.c.internal.VideoRecorderService  - Video recording for test case 'Test Cases/2000_tresult/Return Passed' .
2025-09-24 04:51:39.280 INFO  c.k.katalon.core.main.TestCaseExecutor   - END Test Cases/2000_tresult/Return Passed
2025-09-24 04:51:39.282 INFO  c.k.katalon.core.main.TestCaseExecutor   - --------------------
2025-09-24 04:51:39.282 INFO  c.k.katalon.core.main.TestCaseExecutor   - START Test Cases/2000_tresult/Return Passed
2025-09-24 04:51:39.286 DEBUG testcase.Return Passed                   - 1: markPassed("Passed")
2025-09-24 04:51:39.286 DEBUG com.kms.katalon.core.util.KeywordUtil    - ✓ Passed
2025-09-24 04:51:41.290 INFO  c.k.k.c.c.internal.VideoRecorderService  - Video recording for test case 'Test Cases/2000_tresult/Return Passed' .
2025-09-24 04:51:41.290 INFO  c.k.katalon.core.main.TestCaseExecutor   - END Test Cases/2000_tresult/Return Passed
2025-09-24 04:51:41.292 INFO  c.k.katalon.core.main.TestCaseExecutor   - --------------------
2025-09-24 04:51:41.292 INFO  c.k.katalon.core.main.TestCaseExecutor   - START Test Cases/2000_tresult/Return Passed
2025-09-24 04:51:41.297 DEBUG testcase.Return Passed                   - 1: markPassed("Passed")
2025-09-24 04:51:41.297 DEBUG com.kms.katalon.core.util.KeywordUtil    - ✓ Passed
2025-09-24 04:51:43.301 INFO  c.k.k.c.c.internal.VideoRecorderService  - Video recording for test case 'Test Cases/2000_tresult/Return Passed' .
2025-09-24 04:51:43.302 INFO  c.k.katalon.core.main.TestCaseExecutor   - END Test Cases/2000_tresult/Return Passed
2025-09-24 04:51:43.303 INFO  c.k.katalon.core.main.TestCaseExecutor   - --------------------
2025-09-24 04:51:43.303 INFO  c.k.katalon.core.main.TestCaseExecutor   - START Test Cases/2000_tresult/Return Passed
2025-09-24 04:51:43.308 DEBUG testcase.Return Passed                   - 1: markPassed("Passed")
2025-09-24 04:51:43.308 DEBUG com.kms.katalon.core.util.KeywordUtil    - ✓ Passed
2025-09-24 04:51:45.312 INFO  c.k.k.c.c.internal.VideoRecorderService  - Video recording for test case 'Test Cases/2000_tresult/Return Passed' .
2025-09-24 04:51:45.312 INFO  c.k.katalon.core.main.TestCaseExecutor   - END Test Cases/2000_tresult/Return Passed
2025-09-24 04:51:45.314 INFO  c.k.katalon.core.main.TestCaseExecutor   - --------------------
2025-09-24 04:51:45.314 INFO  c.k.katalon.core.main.TestCaseExecutor   - START Test Cases/2000_tresult/Return Passed
2025-09-24 04:51:45.318 DEBUG testcase.Return Passed                   - 1: markPassed("Passed")
2025-09-24 04:51:45.319 DEBUG com.kms.katalon.core.util.KeywordUtil    - ✓ Passed
2025-09-24 04:51:47.322 INFO  c.k.k.c.c.internal.VideoRecorderService  - Video recording for test case 'Test Cases/2000_tresult/Return Passed' .
2025-09-24 04:51:47.323 INFO  c.k.katalon.core.main.TestCaseExecutor   - END Test Cases/2000_tresult/Return Passed
2025-09-24 04:51:47.325 INFO  c.k.katalon.core.main.TestCaseExecutor   - --------------------
2025-09-24 04:51:47.325 INFO  c.k.katalon.core.main.TestCaseExecutor   - START Test Cases/2000_tresult/Return Passed
2025-09-24 04:51:47.329 DEBUG testcase.Return Passed                   - 1: markPassed("Passed")
2025-09-24 04:51:47.329 DEBUG com.kms.katalon.core.util.KeywordUtil    - ✓ Passed
2025-09-24 04:51:49.333 INFO  c.k.k.c.c.internal.VideoRecorderService  - Video recording for test case 'Test Cases/2000_tresult/Return Passed' .
2025-09-24 04:51:49.333 INFO  c.k.katalon.core.main.TestCaseExecutor   - END Test Cases/2000_tresult/Return Passed
2025-09-24 04:51:49.335 INFO  c.k.katalon.core.main.TestCaseExecutor   - --------------------
2025-09-24 04:51:49.335 INFO  c.k.katalon.core.main.TestCaseExecutor   - START Test Cases/2000_tresult/Return Passed
2025-09-24 04:51:49.340 DEBUG testcase.Return Passed                   - 1: markPassed("Passed")
2025-09-24 04:51:49.340 DEBUG com.kms.katalon.core.util.KeywordUtil    - ✓ Passed
2025-09-24 04:51:51.344 INFO  c.k.k.c.c.internal.VideoRecorderService  - Video recording for test case 'Test Cases/2000_tresult/Return Passed' .
2025-09-24 04:51:51.344 INFO  c.k.katalon.core.main.TestCaseExecutor   - END Test Cases/2000_tresult/Return Passed
2025-09-24 04:51:51.346 INFO  c.k.katalon.core.main.TestCaseExecutor   - --------------------
2025-09-24 04:51:51.346 INFO  c.k.katalon.core.main.TestCaseExecutor   - START Test Cases/2000_tresult/Return Passed
2025-09-24 04:51:51.350 DEBUG testcase.Return Passed                   - 1: markPassed("Passed")
2025-09-24 04:51:51.351 DEBUG com.kms.katalon.core.util.KeywordUtil    - ✓ Passed
2025-09-24 04:51:53.354 INFO  c.k.k.c.c.internal.VideoRecorderService  - Video recording for test case 'Test Cases/2000_tresult/Return Passed' .
2025-09-24 04:51:53.355 INFO  c.k.katalon.core.main.TestCaseExecutor   - END Test Cases/2000_tresult/Return Passed
2025-09-24 04:51:53.357 INFO  c.k.katalon.core.main.TestCaseExecutor   - --------------------
2025-09-24 04:51:53.357 INFO  c.k.katalon.core.main.TestCaseExecutor   - START Test Cases/2000_tresult/Return Passed
2025-09-24 04:51:53.361 DEBUG testcase.Return Passed                   - 1: markPassed("Passed")
2025-09-24 04:51:53.361 DEBUG com.kms.katalon.core.util.KeywordUtil    - ✓ Passed
2025-09-24 04:51:55.364 INFO  c.k.k.c.c.internal.VideoRecorderService  - Video recording for test case 'Test Cases/2000_tresult/Return Passed' .
2025-09-24 04:51:55.365 INFO  c.k.katalon.core.main.TestCaseExecutor   - END Test Cases/2000_tresult/Return Passed
2025-09-24 04:51:55.367 INFO  c.k.katalon.core.main.TestCaseExecutor   - --------------------
2025-09-24 04:51:55.367 INFO  c.k.katalon.core.main.TestCaseExecutor   - START Test Cases/2000_tresult/Return Passed
2025-09-24 04:51:55.371 DEBUG testcase.Return Passed                   - 1: markPassed("Passed")
2025-09-24 04:51:55.372 DEBUG com.kms.katalon.core.util.KeywordUtil    - ✓ Passed
2025-09-24 04:51:57.375 INFO  c.k.k.c.c.internal.VideoRecorderService  - Video recording for test case 'Test Cases/2000_tresult/Return Passed' .
2025-09-24 04:51:57.376 INFO  c.k.katalon.core.main.TestCaseExecutor   - END Test Cases/2000_tresult/Return Passed
2025-09-24 04:51:57.378 INFO  c.k.katalon.core.main.TestCaseExecutor   - --------------------
2025-09-24 04:51:57.378 INFO  c.k.katalon.core.main.TestCaseExecutor   - START Test Cases/2000_tresult/Return Passed
2025-09-24 04:51:57.382 DEBUG testcase.Return Passed                   - 1: markPassed("Passed")
2025-09-24 04:51:57.382 DEBUG com.kms.katalon.core.util.KeywordUtil    - ✓ Passed
2025-09-24 04:51:59.386 INFO  c.k.k.c.c.internal.VideoRecorderService  - Video recording for test case 'Test Cases/2000_tresult/Return Passed' .
2025-09-24 04:51:59.386 INFO  c.k.katalon.core.main.TestCaseExecutor   - END Test Cases/2000_tresult/Return Passed
2025-09-24 04:51:59.388 INFO  c.k.katalon.core.main.TestCaseExecutor   - --------------------
2025-09-24 04:51:59.388 INFO  c.k.katalon.core.main.TestCaseExecutor   - START Test Cases/2000_tresult/Return Passed
2025-09-24 04:51:59.392 DEBUG testcase.Return Passed                   - 1: markPassed("Passed")
2025-09-24 04:51:59.393 DEBUG com.kms.katalon.core.util.KeywordUtil    - ✓ Passed
2025-09-24 04:52:01.396 INFO  c.k.k.c.c.internal.VideoRecorderService  - Video recording for test case 'Test Cases/2000_tresult/Return Passed' .
2025-09-24 04:52:01.397 INFO  c.k.katalon.core.main.TestCaseExecutor   - END Test Cases/2000_tresult/Return Passed
2025-09-24 04:52:01.399 INFO  c.k.katalon.core.main.TestCaseExecutor   - --------------------
2025-09-24 04:52:01.399 INFO  c.k.katalon.core.main.TestCaseExecutor   - START Test Cases/2000_tresult/Return Passed
2025-09-24 04:52:01.403 DEBUG testcase.Return Passed                   - 1: markPassed("Passed")
2025-09-24 04:52:01.403 DEBUG com.kms.katalon.core.util.KeywordUtil    - ✓ Passed
2025-09-24 04:52:03.407 INFO  c.k.k.c.c.internal.VideoRecorderService  - Video recording for test case 'Test Cases/2000_tresult/Return Passed' .
2025-09-24 04:52:03.407 INFO  c.k.katalon.core.main.TestCaseExecutor   - END Test Cases/2000_tresult/Return Passed
2025-09-24 04:52:03.409 INFO  c.k.katalon.core.main.TestCaseExecutor   - --------------------
2025-09-24 04:52:03.409 INFO  c.k.katalon.core.main.TestCaseExecutor   - START Test Cases/2000_tresult/Return Passed
2025-09-24 04:52:03.413 DEBUG testcase.Return Passed                   - 1: markPassed("Passed")
2025-09-24 04:52:03.414 DEBUG com.kms.katalon.core.util.KeywordUtil    - ✓ Passed
2025-09-24 04:52:05.417 INFO  c.k.k.c.c.internal.VideoRecorderService  - Video recording for test case 'Test Cases/2000_tresult/Return Passed' .
2025-09-24 04:52:05.418 INFO  c.k.katalon.core.main.TestCaseExecutor   - END Test Cases/2000_tresult/Return Passed
2025-09-24 04:52:05.419 INFO  c.k.katalon.core.main.TestCaseExecutor   - --------------------
2025-09-24 04:52:05.420 INFO  c.k.katalon.core.main.TestCaseExecutor   - START Test Cases/2000_tresult/Return Passed
2025-09-24 04:52:05.423 DEBUG testcase.Return Passed                   - 1: markPassed("Passed")
2025-09-24 04:52:05.424 DEBUG com.kms.katalon.core.util.KeywordUtil    - ✓ Passed
2025-09-24 04:52:07.427 INFO  c.k.k.c.c.internal.VideoRecorderService  - Video recording for test case 'Test Cases/2000_tresult/Return Passed' .
2025-09-24 04:52:07.428 INFO  c.k.katalon.core.main.TestCaseExecutor   - END Test Cases/2000_tresult/Return Passed
2025-09-24 04:52:07.432 INFO  c.k.katalon.core.main.TestCaseExecutor   - --------------------
2025-09-24 04:52:07.432 INFO  c.k.katalon.core.main.TestCaseExecutor   - START Test Cases/2000_tresult/Return Passed
2025-09-24 04:52:07.436 DEBUG testcase.Return Passed                   - 1: markPassed("Passed")
2025-09-24 04:52:07.436 DEBUG com.kms.katalon.core.util.KeywordUtil    - ✓ Passed
2025-09-24 04:52:09.440 INFO  c.k.k.c.c.internal.VideoRecorderService  - Video recording for test case 'Test Cases/2000_tresult/Return Passed' .
2025-09-24 04:52:09.440 INFO  c.k.katalon.core.main.TestCaseExecutor   - END Test Cases/2000_tresult/Return Passed
2025-09-24 04:52:09.442 INFO  c.k.katalon.core.main.TestCaseExecutor   - --------------------
2025-09-24 04:52:09.442 INFO  c.k.katalon.core.main.TestCaseExecutor   - START Test Cases/2000_tresult/Return Passed
2025-09-24 04:52:09.446 DEBUG testcase.Return Passed                   - 1: markPassed("Passed")
2025-09-24 04:52:09.446 DEBUG com.kms.katalon.core.util.KeywordUtil    - ✓ Passed
2025-09-24 04:52:11.450 INFO  c.k.k.c.c.internal.VideoRecorderService  - Video recording for test case 'Test Cases/2000_tresult/Return Passed' .
2025-09-24 04:52:11.450 INFO  c.k.katalon.core.main.TestCaseExecutor   - END Test Cases/2000_tresult/Return Passed
2025-09-24 04:52:11.452 INFO  c.k.katalon.core.main.TestCaseExecutor   - --------------------
2025-09-24 04:52:11.452 INFO  c.k.katalon.core.main.TestCaseExecutor   - START Test Cases/2000_tresult/Return Passed
2025-09-24 04:52:11.456 DEBUG testcase.Return Passed                   - 1: markPassed("Passed")
2025-09-24 04:52:11.457 DEBUG com.kms.katalon.core.util.KeywordUtil    - ✓ Passed
2025-09-24 04:52:13.461 INFO  c.k.k.c.c.internal.VideoRecorderService  - Video recording for test case 'Test Cases/2000_tresult/Return Passed' .
2025-09-24 04:52:13.461 INFO  c.k.katalon.core.main.TestCaseExecutor   - END Test Cases/2000_tresult/Return Passed
2025-09-24 04:52:13.463 INFO  c.k.katalon.core.main.TestCaseExecutor   - --------------------
2025-09-24 04:52:13.463 INFO  c.k.katalon.core.main.TestCaseExecutor   - START Test Cases/2000_tresult/Return Passed
2025-09-24 04:52:13.468 DEBUG testcase.Return Passed                   - 1: markPassed("Passed")
2025-09-24 04:52:13.468 DEBUG com.kms.katalon.core.util.KeywordUtil    - ✓ Passed
2025-09-24 04:52:15.471 INFO  c.k.k.c.c.internal.VideoRecorderService  - Video recording for test case 'Test Cases/2000_tresult/Return Passed' .
2025-09-24 04:52:15.472 INFO  c.k.katalon.core.main.TestCaseExecutor   - END Test Cases/2000_tresult/Return Passed
2025-09-24 04:52:15.474 INFO  c.k.katalon.core.main.TestCaseExecutor   - --------------------
2025-09-24 04:52:15.474 INFO  c.k.katalon.core.main.TestCaseExecutor   - START Test Cases/2000_tresult/Return Passed
2025-09-24 04:52:15.478 DEBUG testcase.Return Passed                   - 1: markPassed("Passed")
2025-09-24 04:52:15.479 DEBUG com.kms.katalon.core.util.KeywordUtil    - ✓ Passed
2025-09-24 04:52:17.482 INFO  c.k.k.c.c.internal.VideoRecorderService  - Video recording for test case 'Test Cases/2000_tresult/Return Passed' .
2025-09-24 04:52:17.483 INFO  c.k.katalon.core.main.TestCaseExecutor   - END Test Cases/2000_tresult/Return Passed
2025-09-24 04:52:17.485 INFO  c.k.katalon.core.main.TestCaseExecutor   - --------------------
2025-09-24 04:52:17.485 INFO  c.k.katalon.core.main.TestCaseExecutor   - START Test Cases/2000_tresult/Return Passed
2025-09-24 04:52:17.489 DEBUG testcase.Return Passed                   - 1: markPassed("Passed")
2025-09-24 04:52:17.489 DEBUG com.kms.katalon.core.util.KeywordUtil    - ✓ Passed
2025-09-24 04:52:19.493 INFO  c.k.k.c.c.internal.VideoRecorderService  - Video recording for test case 'Test Cases/2000_tresult/Return Passed' .
2025-09-24 04:52:19.493 INFO  c.k.katalon.core.main.TestCaseExecutor   - END Test Cases/2000_tresult/Return Passed
2025-09-24 04:52:19.496 INFO  c.k.katalon.core.main.TestCaseExecutor   - --------------------
2025-09-24 04:52:19.497 INFO  c.k.katalon.core.main.TestCaseExecutor   - START Test Cases/2000_tresult/Return Passed
2025-09-24 04:52:19.501 DEBUG testcase.Return Passed                   - 1: markPassed("Passed")
2025-09-24 04:52:19.501 DEBUG com.kms.katalon.core.util.KeywordUtil    - ✓ Passed
2025-09-24 04:52:21.504 INFO  c.k.k.c.c.internal.VideoRecorderService  - Video recording for test case 'Test Cases/2000_tresult/Return Passed' .
2025-09-24 04:52:21.505 INFO  c.k.katalon.core.main.TestCaseExecutor   - END Test Cases/2000_tresult/Return Passed
2025-09-24 04:52:21.507 INFO  c.k.katalon.core.main.TestCaseExecutor   - --------------------
2025-09-24 04:52:21.507 INFO  c.k.katalon.core.main.TestCaseExecutor   - START Test Cases/2000_tresult/Return Passed
2025-09-24 04:52:21.511 DEBUG testcase.Return Passed                   - 1: markPassed("Passed")
2025-09-24 04:52:21.511 DEBUG com.kms.katalon.core.util.KeywordUtil    - ✓ Passed
2025-09-24 04:52:23.515 INFO  c.k.k.c.c.internal.VideoRecorderService  - Video recording for test case 'Test Cases/2000_tresult/Return Passed' .
2025-09-24 04:52:23.515 INFO  c.k.katalon.core.main.TestCaseExecutor   - END Test Cases/2000_tresult/Return Passed
2025-09-24 04:52:23.517 INFO  c.k.katalon.core.main.TestCaseExecutor   - --------------------
2025-09-24 04:52:23.517 INFO  c.k.katalon.core.main.TestCaseExecutor   - START Test Cases/2000_tresult/Return Passed
2025-09-24 04:52:23.521 DEBUG testcase.Return Passed                   - 1: markPassed("Passed")
2025-09-24 04:52:23.521 DEBUG com.kms.katalon.core.util.KeywordUtil    - ✓ Passed
2025-09-24 04:52:25.525 INFO  c.k.k.c.c.internal.VideoRecorderService  - Video recording for test case 'Test Cases/2000_tresult/Return Passed' .
2025-09-24 04:52:25.525 INFO  c.k.katalon.core.main.TestCaseExecutor   - END Test Cases/2000_tresult/Return Passed
2025-09-24 04:52:25.527 INFO  c.k.katalon.core.main.TestCaseExecutor   - --------------------
2025-09-24 04:52:25.527 INFO  c.k.katalon.core.main.TestCaseExecutor   - START Test Cases/2000_tresult/Return Passed
2025-09-24 04:52:25.531 DEBUG testcase.Return Passed                   - 1: markPassed("Passed")
2025-09-24 04:52:25.531 DEBUG com.kms.katalon.core.util.KeywordUtil    - ✓ Passed
2025-09-24 04:52:27.535 INFO  c.k.k.c.c.internal.VideoRecorderService  - Video recording for test case 'Test Cases/2000_tresult/Return Passed' .
2025-09-24 04:52:27.535 INFO  c.k.katalon.core.main.TestCaseExecutor   - END Test Cases/2000_tresult/Return Passed
2025-09-24 04:52:27.537 INFO  c.k.katalon.core.main.TestCaseExecutor   - --------------------
2025-09-24 04:52:27.537 INFO  c.k.katalon.core.main.TestCaseExecutor   - START Test Cases/2000_tresult/Return Passed
2025-09-24 04:52:27.541 DEBUG testcase.Return Passed                   - 1: markPassed("Passed")
2025-09-24 04:52:27.541 DEBUG com.kms.katalon.core.util.KeywordUtil    - ✓ Passed
2025-09-24 04:52:29.545 INFO  c.k.k.c.c.internal.VideoRecorderService  - Video recording for test case 'Test Cases/2000_tresult/Return Passed' .
2025-09-24 04:52:29.545 INFO  c.k.katalon.core.main.TestCaseExecutor   - END Test Cases/2000_tresult/Return Passed
2025-09-24 04:52:29.547 INFO  c.k.katalon.core.main.TestCaseExecutor   - --------------------
2025-09-24 04:52:29.547 INFO  c.k.katalon.core.main.TestCaseExecutor   - START Test Cases/2000_tresult/Return Passed
2025-09-24 04:52:29.551 DEBUG testcase.Return Passed                   - 1: markPassed("Passed")
2025-09-24 04:52:29.551 DEBUG com.kms.katalon.core.util.KeywordUtil    - ✓ Passed
2025-09-24 04:52:31.554 INFO  c.k.k.c.c.internal.VideoRecorderService  - Video recording for test case 'Test Cases/2000_tresult/Return Passed' .
2025-09-24 04:52:31.555 INFO  c.k.katalon.core.main.TestCaseExecutor   - END Test Cases/2000_tresult/Return Passed
2025-09-24 04:52:31.557 INFO  c.k.katalon.core.main.TestCaseExecutor   - --------------------
2025-09-24 04:52:31.557 INFO  c.k.katalon.core.main.TestCaseExecutor   - START Test Cases/2000_tresult/Return Passed
2025-09-24 04:52:31.561 DEBUG testcase.Return Passed                   - 1: markPassed("Passed")
2025-09-24 04:52:31.561 DEBUG com.kms.katalon.core.util.KeywordUtil    - ✓ Passed
2025-09-24 04:52:33.564 INFO  c.k.k.c.c.internal.VideoRecorderService  - Video recording for test case 'Test Cases/2000_tresult/Return Passed' .
2025-09-24 04:52:33.565 INFO  c.k.katalon.core.main.TestCaseExecutor   - END Test Cases/2000_tresult/Return Passed
2025-09-24 04:52:33.567 INFO  c.k.katalon.core.main.TestCaseExecutor   - --------------------
2025-09-24 04:52:33.567 INFO  c.k.katalon.core.main.TestCaseExecutor   - START Test Cases/2000_tresult/Return Passed
2025-09-24 04:52:33.571 DEBUG testcase.Return Passed                   - 1: markPassed("Passed")
2025-09-24 04:52:33.571 DEBUG com.kms.katalon.core.util.KeywordUtil    - ✓ Passed
2025-09-24 04:52:35.575 INFO  c.k.k.c.c.internal.VideoRecorderService  - Video recording for test case 'Test Cases/2000_tresult/Return Passed' .
2025-09-24 04:52:35.575 INFO  c.k.katalon.core.main.TestCaseExecutor   - END Test Cases/2000_tresult/Return Passed
2025-09-24 04:52:35.577 INFO  c.k.katalon.core.main.TestCaseExecutor   - --------------------
2025-09-24 04:52:35.577 INFO  c.k.katalon.core.main.TestCaseExecutor   - START Test Cases/2000_tresult/Return Passed
2025-09-24 04:52:35.581 DEBUG testcase.Return Passed                   - 1: markPassed("Passed")
2025-09-24 04:52:35.581 DEBUG com.kms.katalon.core.util.KeywordUtil    - ✓ Passed
2025-09-24 04:52:37.584 INFO  c.k.k.c.c.internal.VideoRecorderService  - Video recording for test case 'Test Cases/2000_tresult/Return Passed' .
2025-09-24 04:52:37.585 INFO  c.k.katalon.core.main.TestCaseExecutor   - END Test Cases/2000_tresult/Return Passed
2025-09-24 04:52:37.586 INFO  c.k.katalon.core.main.TestCaseExecutor   - --------------------
2025-09-24 04:52:37.587 INFO  c.k.katalon.core.main.TestCaseExecutor   - START Test Cases/2000_tresult/Return Passed
2025-09-24 04:52:37.591 DEBUG testcase.Return Passed                   - 1: markPassed("Passed")
2025-09-24 04:52:37.591 DEBUG com.kms.katalon.core.util.KeywordUtil    - ✓ Passed
2025-09-24 04:52:39.594 INFO  c.k.k.c.c.internal.VideoRecorderService  - Video recording for test case 'Test Cases/2000_tresult/Return Passed' .
2025-09-24 04:52:39.595 INFO  c.k.katalon.core.main.TestCaseExecutor   - END Test Cases/2000_tresult/Return Passed
2025-09-24 04:52:39.596 INFO  c.k.katalon.core.main.TestCaseExecutor   - --------------------
2025-09-24 04:52:39.596 INFO  c.k.katalon.core.main.TestCaseExecutor   - START Test Cases/2000_tresult/Return Passed
2025-09-24 04:52:39.600 DEBUG testcase.Return Passed                   - 1: markPassed("Passed")
2025-09-24 04:52:39.601 DEBUG com.kms.katalon.core.util.KeywordUtil    - ✓ Passed
2025-09-24 04:52:41.604 INFO  c.k.k.c.c.internal.VideoRecorderService  - Video recording for test case 'Test Cases/2000_tresult/Return Passed' .
2025-09-24 04:52:41.604 INFO  c.k.katalon.core.main.TestCaseExecutor   - END Test Cases/2000_tresult/Return Passed
2025-09-24 04:52:41.607 INFO  c.k.katalon.core.main.TestCaseExecutor   - --------------------
2025-09-24 04:52:41.607 INFO  c.k.katalon.core.main.TestCaseExecutor   - START Test Cases/2000_tresult/Return Passed
2025-09-24 04:52:41.611 DEBUG testcase.Return Passed                   - 1: markPassed("Passed")
2025-09-24 04:52:41.611 DEBUG com.kms.katalon.core.util.KeywordUtil    - ✓ Passed
2025-09-24 04:52:43.614 INFO  c.k.k.c.c.internal.VideoRecorderService  - Video recording for test case 'Test Cases/2000_tresult/Return Passed' .
2025-09-24 04:52:43.615 INFO  c.k.katalon.core.main.TestCaseExecutor   - END Test Cases/2000_tresult/Return Passed
2025-09-24 04:52:43.617 INFO  c.k.katalon.core.main.TestCaseExecutor   - --------------------
2025-09-24 04:52:43.617 INFO  c.k.katalon.core.main.TestCaseExecutor   - START Test Cases/2000_tresult/Return Passed
2025-09-24 04:52:43.621 DEBUG testcase.Return Passed                   - 1: markPassed("Passed")
2025-09-24 04:52:43.621 DEBUG com.kms.katalon.core.util.KeywordUtil    - ✓ Passed
2025-09-24 04:52:45.625 INFO  c.k.k.c.c.internal.VideoRecorderService  - Video recording for test case 'Test Cases/2000_tresult/Return Passed' .
2025-09-24 04:52:45.625 INFO  c.k.katalon.core.main.TestCaseExecutor   - END Test Cases/2000_tresult/Return Passed
2025-09-24 04:52:45.627 INFO  c.k.katalon.core.main.TestCaseExecutor   - --------------------
2025-09-24 04:52:45.627 INFO  c.k.katalon.core.main.TestCaseExecutor   - START Test Cases/2000_tresult/Return Passed
2025-09-24 04:52:45.631 DEBUG testcase.Return Passed                   - 1: markPassed("Passed")
2025-09-24 04:52:45.631 DEBUG com.kms.katalon.core.util.KeywordUtil    - ✓ Passed
2025-09-24 04:52:47.634 INFO  c.k.k.c.c.internal.VideoRecorderService  - Video recording for test case 'Test Cases/2000_tresult/Return Passed' .
2025-09-24 04:52:47.635 INFO  c.k.katalon.core.main.TestCaseExecutor   - END Test Cases/2000_tresult/Return Passed
2025-09-24 04:52:47.637 INFO  c.k.katalon.core.main.TestCaseExecutor   - --------------------
2025-09-24 04:52:47.637 INFO  c.k.katalon.core.main.TestCaseExecutor   - START Test Cases/2000_tresult/Return Passed
2025-09-24 04:52:47.650 DEBUG testcase.Return Passed                   - 1: markPassed("Passed")
2025-09-24 04:52:47.650 DEBUG com.kms.katalon.core.util.KeywordUtil    - ✓ Passed
2025-09-24 04:52:49.654 INFO  c.k.k.c.c.internal.VideoRecorderService  - Video recording for test case 'Test Cases/2000_tresult/Return Passed' .
2025-09-24 04:52:49.654 INFO  c.k.katalon.core.main.TestCaseExecutor   - END Test Cases/2000_tresult/Return Passed
2025-09-24 04:52:49.656 INFO  c.k.katalon.core.main.TestCaseExecutor   - --------------------
2025-09-24 04:52:49.656 INFO  c.k.katalon.core.main.TestCaseExecutor   - START Test Cases/2000_tresult/Return Passed
2025-09-24 04:52:49.660 DEBUG testcase.Return Passed                   - 1: markPassed("Passed")
2025-09-24 04:52:49.660 DEBUG com.kms.katalon.core.util.KeywordUtil    - ✓ Passed
2025-09-24 04:52:51.663 INFO  c.k.k.c.c.internal.VideoRecorderService  - Video recording for test case 'Test Cases/2000_tresult/Return Passed' .
2025-09-24 04:52:51.664 INFO  c.k.katalon.core.main.TestCaseExecutor   - END Test Cases/2000_tresult/Return Passed
2025-09-24 04:52:51.665 INFO  c.k.katalon.core.main.TestCaseExecutor   - --------------------
2025-09-24 04:52:51.666 INFO  c.k.katalon.core.main.TestCaseExecutor   - START Test Cases/2000_tresult/Return Passed
2025-09-24 04:52:51.669 DEBUG testcase.Return Passed                   - 1: markPassed("Passed")
2025-09-24 04:52:51.669 DEBUG com.kms.katalon.core.util.KeywordUtil    - ✓ Passed
2025-09-24 04:52:53.673 INFO  c.k.k.c.c.internal.VideoRecorderService  - Video recording for test case 'Test Cases/2000_tresult/Return Passed' .
2025-09-24 04:52:53.673 INFO  c.k.katalon.core.main.TestCaseExecutor   - END Test Cases/2000_tresult/Return Passed
2025-09-24 04:52:53.675 INFO  c.k.katalon.core.main.TestCaseExecutor   - --------------------
2025-09-24 04:52:53.675 INFO  c.k.katalon.core.main.TestCaseExecutor   - START Test Cases/2000_tresult/Return Passed
2025-09-24 04:52:53.679 DEBUG testcase.Return Passed                   - 1: markPassed("Passed")
2025-09-24 04:52:53.679 DEBUG com.kms.katalon.core.util.KeywordUtil    - ✓ Passed
2025-09-24 04:52:55.683 INFO  c.k.k.c.c.internal.VideoRecorderService  - Video recording for test case 'Test Cases/2000_tresult/Return Passed' .
2025-09-24 04:52:55.683 INFO  c.k.katalon.core.main.TestCaseExecutor   - END Test Cases/2000_tresult/Return Passed
2025-09-24 04:52:55.685 INFO  c.k.katalon.core.main.TestCaseExecutor   - --------------------
2025-09-24 04:52:55.685 INFO  c.k.katalon.core.main.TestCaseExecutor   - START Test Cases/2000_tresult/Return Passed
2025-09-24 04:52:55.689 DEBUG testcase.Return Passed                   - 1: markPassed("Passed")
2025-09-24 04:52:55.689 DEBUG com.kms.katalon.core.util.KeywordUtil    - ✓ Passed
2025-09-24 04:52:57.692 INFO  c.k.k.c.c.internal.VideoRecorderService  - Video recording for test case 'Test Cases/2000_tresult/Return Passed' .
2025-09-24 04:52:57.693 INFO  c.k.katalon.core.main.TestCaseExecutor   - END Test Cases/2000_tresult/Return Passed
2025-09-24 04:52:57.695 INFO  c.k.katalon.core.main.TestCaseExecutor   - --------------------
2025-09-24 04:52:57.695 INFO  c.k.katalon.core.main.TestCaseExecutor   - START Test Cases/2000_tresult/Return Passed
2025-09-24 04:52:57.698 DEBUG testcase.Return Passed                   - 1: markPassed("Passed")
2025-09-24 04:52:57.699 DEBUG com.kms.katalon.core.util.KeywordUtil    - ✓ Passed
2025-09-24 04:52:59.702 INFO  c.k.k.c.c.internal.VideoRecorderService  - Video recording for test case 'Test Cases/2000_tresult/Return Passed' .
2025-09-24 04:52:59.702 INFO  c.k.katalon.core.main.TestCaseExecutor   - END Test Cases/2000_tresult/Return Passed
2025-09-24 04:52:59.704 INFO  c.k.katalon.core.main.TestCaseExecutor   - --------------------
2025-09-24 04:52:59.704 INFO  c.k.katalon.core.main.TestCaseExecutor   - START Test Cases/2000_tresult/Return Passed
2025-09-24 04:52:59.708 DEBUG testcase.Return Passed                   - 1: markPassed("Passed")
2025-09-24 04:52:59.708 DEBUG com.kms.katalon.core.util.KeywordUtil    - ✓ Passed
2025-09-24 04:53:01.711 INFO  c.k.k.c.c.internal.VideoRecorderService  - Video recording for test case 'Test Cases/2000_tresult/Return Passed' .
2025-09-24 04:53:01.712 INFO  c.k.katalon.core.main.TestCaseExecutor   - END Test Cases/2000_tresult/Return Passed
2025-09-24 04:53:01.714 INFO  c.k.katalon.core.main.TestCaseExecutor   - --------------------
2025-09-24 04:53:01.714 INFO  c.k.katalon.core.main.TestCaseExecutor   - START Test Cases/2000_tresult/Return Passed
2025-09-24 04:53:01.717 DEBUG testcase.Return Passed                   - 1: markPassed("Passed")
2025-09-24 04:53:01.717 DEBUG com.kms.katalon.core.util.KeywordUtil    - ✓ Passed
2025-09-24 04:53:03.721 INFO  c.k.k.c.c.internal.VideoRecorderService  - Video recording for test case 'Test Cases/2000_tresult/Return Passed' .
2025-09-24 04:53:03.721 INFO  c.k.katalon.core.main.TestCaseExecutor   - END Test Cases/2000_tresult/Return Passed
2025-09-24 04:53:03.723 INFO  c.k.katalon.core.main.TestCaseExecutor   - --------------------
2025-09-24 04:53:03.723 INFO  c.k.katalon.core.main.TestCaseExecutor   - START Test Cases/2000_tresult/Return Passed
2025-09-24 04:53:03.727 DEBUG testcase.Return Passed                   - 1: markPassed("Passed")
2025-09-24 04:53:03.727 DEBUG com.kms.katalon.core.util.KeywordUtil    - ✓ Passed
2025-09-24 04:53:05.731 INFO  c.k.k.c.c.internal.VideoRecorderService  - Video recording for test case 'Test Cases/2000_tresult/Return Passed' .
2025-09-24 04:53:05.731 INFO  c.k.katalon.core.main.TestCaseExecutor   - END Test Cases/2000_tresult/Return Passed
2025-09-24 04:53:05.733 INFO  c.k.katalon.core.main.TestCaseExecutor   - --------------------
2025-09-24 04:53:05.733 INFO  c.k.katalon.core.main.TestCaseExecutor   - START Test Cases/2000_tresult/Return Passed
2025-09-24 04:53:05.737 DEBUG testcase.Return Passed                   - 1: markPassed("Passed")
2025-09-24 04:53:05.737 DEBUG com.kms.katalon.core.util.KeywordUtil    - ✓ Passed
2025-09-24 04:53:07.740 INFO  c.k.k.c.c.internal.VideoRecorderService  - Video recording for test case 'Test Cases/2000_tresult/Return Passed' .
2025-09-24 04:53:07.740 INFO  c.k.katalon.core.main.TestCaseExecutor   - END Test Cases/2000_tresult/Return Passed
2025-09-24 04:53:07.742 INFO  c.k.katalon.core.main.TestCaseExecutor   - --------------------
2025-09-24 04:53:07.742 INFO  c.k.katalon.core.main.TestCaseExecutor   - START Test Cases/2000_tresult/Return Passed
2025-09-24 04:53:07.746 DEBUG testcase.Return Passed                   - 1: markPassed("Passed")
2025-09-24 04:53:07.746 DEBUG com.kms.katalon.core.util.KeywordUtil    - ✓ Passed
2025-09-24 04:53:09.750 INFO  c.k.k.c.c.internal.VideoRecorderService  - Video recording for test case 'Test Cases/2000_tresult/Return Passed' .
2025-09-24 04:53:09.750 INFO  c.k.katalon.core.main.TestCaseExecutor   - END Test Cases/2000_tresult/Return Passed
2025-09-24 04:53:09.753 INFO  c.k.katalon.core.main.TestCaseExecutor   - --------------------
2025-09-24 04:53:09.753 INFO  c.k.katalon.core.main.TestCaseExecutor   - START Test Cases/2000_tresult/Return Passed
2025-09-24 04:53:09.757 DEBUG testcase.Return Passed                   - 1: markPassed("Passed")
2025-09-24 04:53:09.757 DEBUG com.kms.katalon.core.util.KeywordUtil    - ✓ Passed
2025-09-24 04:53:11.761 INFO  c.k.k.c.c.internal.VideoRecorderService  - Video recording for test case 'Test Cases/2000_tresult/Return Passed' .
2025-09-24 04:53:11.762 INFO  c.k.katalon.core.main.TestCaseExecutor   - END Test Cases/2000_tresult/Return Passed
2025-09-24 04:53:11.764 INFO  c.k.katalon.core.main.TestCaseExecutor   - --------------------
2025-09-24 04:53:11.764 INFO  c.k.katalon.core.main.TestCaseExecutor   - START Test Cases/2000_tresult/Return Passed
2025-09-24 04:53:11.771 DEBUG testcase.Return Passed                   - 1: markPassed("Passed")
2025-09-24 04:53:11.771 DEBUG com.kms.katalon.core.util.KeywordUtil    - ✓ Passed
2025-09-24 04:53:13.774 INFO  c.k.k.c.c.internal.VideoRecorderService  - Video recording for test case 'Test Cases/2000_tresult/Return Passed' .
2025-09-24 04:53:13.775 INFO  c.k.katalon.core.main.TestCaseExecutor   - END Test Cases/2000_tresult/Return Passed
2025-09-24 04:53:13.776 INFO  c.k.katalon.core.main.TestCaseExecutor   - --------------------
2025-09-24 04:53:13.776 INFO  c.k.katalon.core.main.TestCaseExecutor   - START Test Cases/2000_tresult/Return Passed
2025-09-24 04:53:13.780 DEBUG testcase.Return Passed                   - 1: markPassed("Passed")
2025-09-24 04:53:13.780 DEBUG com.kms.katalon.core.util.KeywordUtil    - ✓ Passed
2025-09-24 04:53:15.783 INFO  c.k.k.c.c.internal.VideoRecorderService  - Video recording for test case 'Test Cases/2000_tresult/Return Passed' .
2025-09-24 04:53:15.784 INFO  c.k.katalon.core.main.TestCaseExecutor   - END Test Cases/2000_tresult/Return Passed
2025-09-24 04:53:15.786 INFO  c.k.katalon.core.main.TestCaseExecutor   - --------------------
2025-09-24 04:53:15.786 INFO  c.k.katalon.core.main.TestCaseExecutor   - START Test Cases/2000_tresult/Return Passed
2025-09-24 04:53:15.792 DEBUG testcase.Return Passed                   - 1: markPassed("Passed")
2025-09-24 04:53:15.792 DEBUG com.kms.katalon.core.util.KeywordUtil    - ✓ Passed
2025-09-24 04:53:17.796 INFO  c.k.k.c.c.internal.VideoRecorderService  - Video recording for test case 'Test Cases/2000_tresult/Return Passed' .
2025-09-24 04:53:17.796 INFO  c.k.katalon.core.main.TestCaseExecutor   - END Test Cases/2000_tresult/Return Passed
2025-09-24 04:53:17.798 INFO  c.k.katalon.core.main.TestCaseExecutor   - --------------------
2025-09-24 04:53:17.798 INFO  c.k.katalon.core.main.TestCaseExecutor   - START Test Cases/2000_tresult/Return Passed
2025-09-24 04:53:17.802 DEBUG testcase.Return Passed                   - 1: markPassed("Passed")
2025-09-24 04:53:17.802 DEBUG com.kms.katalon.core.util.KeywordUtil    - ✓ Passed
2025-09-24 04:53:19.805 INFO  c.k.k.c.c.internal.VideoRecorderService  - Video recording for test case 'Test Cases/2000_tresult/Return Passed' .
2025-09-24 04:53:19.805 INFO  c.k.katalon.core.main.TestCaseExecutor   - END Test Cases/2000_tresult/Return Passed
2025-09-24 04:53:19.807 INFO  c.k.katalon.core.main.TestCaseExecutor   - --------------------
2025-09-24 04:53:19.807 INFO  c.k.katalon.core.main.TestCaseExecutor   - START Test Cases/2000_tresult/Return Passed
2025-09-24 04:53:19.811 DEBUG testcase.Return Passed                   - 1: markPassed("Passed")
2025-09-24 04:53:19.811 DEBUG com.kms.katalon.core.util.KeywordUtil    - ✓ Passed
2025-09-24 04:53:21.815 INFO  c.k.k.c.c.internal.VideoRecorderService  - Video recording for test case 'Test Cases/2000_tresult/Return Passed' .
2025-09-24 04:53:21.815 INFO  c.k.katalon.core.main.TestCaseExecutor   - END Test Cases/2000_tresult/Return Passed
2025-09-24 04:53:21.817 INFO  c.k.katalon.core.main.TestCaseExecutor   - --------------------
2025-09-24 04:53:21.818 INFO  c.k.katalon.core.main.TestCaseExecutor   - START Test Cases/2000_tresult/Return Passed
2025-09-24 04:53:21.825 DEBUG testcase.Return Passed                   - 1: markPassed("Passed")
2025-09-24 04:53:21.825 DEBUG com.kms.katalon.core.util.KeywordUtil    - ✓ Passed
2025-09-24 04:53:23.829 INFO  c.k.k.c.c.internal.VideoRecorderService  - Video recording for test case 'Test Cases/2000_tresult/Return Passed' .
2025-09-24 04:53:23.830 INFO  c.k.katalon.core.main.TestCaseExecutor   - END Test Cases/2000_tresult/Return Passed
2025-09-24 04:53:23.831 INFO  c.k.katalon.core.main.TestCaseExecutor   - --------------------
2025-09-24 04:53:23.831 INFO  c.k.katalon.core.main.TestCaseExecutor   - START Test Cases/2000_tresult/Return Passed
2025-09-24 04:53:23.835 DEBUG testcase.Return Passed                   - 1: markPassed("Passed")
2025-09-24 04:53:23.835 DEBUG com.kms.katalon.core.util.KeywordUtil    - ✓ Passed
2025-09-24 04:53:25.839 INFO  c.k.k.c.c.internal.VideoRecorderService  - Video recording for test case 'Test Cases/2000_tresult/Return Passed' .
2025-09-24 04:53:25.839 INFO  c.k.katalon.core.main.TestCaseExecutor   - END Test Cases/2000_tresult/Return Passed
2025-09-24 04:53:25.841 INFO  c.k.katalon.core.main.TestCaseExecutor   - --------------------
2025-09-24 04:53:25.841 INFO  c.k.katalon.core.main.TestCaseExecutor   - START Test Cases/2000_tresult/Return Passed
2025-09-24 04:53:25.844 DEBUG testcase.Return Passed                   - 1: markPassed("Passed")
2025-09-24 04:53:25.844 DEBUG com.kms.katalon.core.util.KeywordUtil    - ✓ Passed
2025-09-24 04:53:27.848 INFO  c.k.k.c.c.internal.VideoRecorderService  - Video recording for test case 'Test Cases/2000_tresult/Return Passed' .
2025-09-24 04:53:27.848 INFO  c.k.katalon.core.main.TestCaseExecutor   - END Test Cases/2000_tresult/Return Passed
2025-09-24 04:53:27.850 INFO  c.k.katalon.core.main.TestCaseExecutor   - --------------------
2025-09-24 04:53:27.850 INFO  c.k.katalon.core.main.TestCaseExecutor   - START Test Cases/2000_tresult/Return Passed
2025-09-24 04:53:27.854 DEBUG testcase.Return Passed                   - 1: markPassed("Passed")
2025-09-24 04:53:27.854 DEBUG com.kms.katalon.core.util.KeywordUtil    - ✓ Passed
2025-09-24 04:53:29.857 INFO  c.k.k.c.c.internal.VideoRecorderService  - Video recording for test case 'Test Cases/2000_tresult/Return Passed' .
2025-09-24 04:53:29.858 INFO  c.k.katalon.core.main.TestCaseExecutor   - END Test Cases/2000_tresult/Return Passed
2025-09-24 04:53:29.860 INFO  c.k.katalon.core.main.TestCaseExecutor   - --------------------
2025-09-24 04:53:29.860 INFO  c.k.katalon.core.main.TestCaseExecutor   - START Test Cases/2000_tresult/Return Passed
2025-09-24 04:53:29.864 DEBUG testcase.Return Passed                   - 1: markPassed("Passed")
2025-09-24 04:53:29.865 DEBUG com.kms.katalon.core.util.KeywordUtil    - ✓ Passed
2025-09-24 04:53:31.868 INFO  c.k.k.c.c.internal.VideoRecorderService  - Video recording for test case 'Test Cases/2000_tresult/Return Passed' .
2025-09-24 04:53:31.869 INFO  c.k.katalon.core.main.TestCaseExecutor   - END Test Cases/2000_tresult/Return Passed
2025-09-24 04:53:31.870 INFO  c.k.katalon.core.main.TestCaseExecutor   - --------------------
2025-09-24 04:53:31.870 INFO  c.k.katalon.core.main.TestCaseExecutor   - START Test Cases/2000_tresult/Return Passed
2025-09-24 04:53:31.879 DEBUG testcase.Return Passed                   - 1: markPassed("Passed")
2025-09-24 04:53:31.879 DEBUG com.kms.katalon.core.util.KeywordUtil    - ✓ Passed
2025-09-24 04:53:33.882 INFO  c.k.k.c.c.internal.VideoRecorderService  - Video recording for test case 'Test Cases/2000_tresult/Return Passed' .
2025-09-24 04:53:33.883 INFO  c.k.katalon.core.main.TestCaseExecutor   - END Test Cases/2000_tresult/Return Passed
2025-09-24 04:53:33.884 INFO  c.k.katalon.core.main.TestCaseExecutor   - --------------------
2025-09-24 04:53:33.884 INFO  c.k.katalon.core.main.TestCaseExecutor   - START Test Cases/2000_tresult/Return Passed
2025-09-24 04:53:33.893 DEBUG testcase.Return Passed                   - 1: markPassed("Passed")
2025-09-24 04:53:33.893 DEBUG com.kms.katalon.core.util.KeywordUtil    - ✓ Passed
2025-09-24 04:53:35.897 INFO  c.k.k.c.c.internal.VideoRecorderService  - Video recording for test case 'Test Cases/2000_tresult/Return Passed' .
2025-09-24 04:53:35.897 INFO  c.k.katalon.core.main.TestCaseExecutor   - END Test Cases/2000_tresult/Return Passed
2025-09-24 04:53:35.899 INFO  c.k.katalon.core.main.TestCaseExecutor   - --------------------
2025-09-24 04:53:35.899 INFO  c.k.katalon.core.main.TestCaseExecutor   - START Test Cases/2000_tresult/Return Passed
2025-09-24 04:53:35.903 DEBUG testcase.Return Passed                   - 1: markPassed("Passed")
2025-09-24 04:53:35.903 DEBUG com.kms.katalon.core.util.KeywordUtil    - ✓ Passed
2025-09-24 04:53:37.906 INFO  c.k.k.c.c.internal.VideoRecorderService  - Video recording for test case 'Test Cases/2000_tresult/Return Passed' .
2025-09-24 04:53:37.907 INFO  c.k.katalon.core.main.TestCaseExecutor   - END Test Cases/2000_tresult/Return Passed
2025-09-24 04:53:37.909 INFO  c.k.katalon.core.main.TestCaseExecutor   - --------------------
2025-09-24 04:53:37.909 INFO  c.k.katalon.core.main.TestCaseExecutor   - START Test Cases/2000_tresult/Return Passed
2025-09-24 04:53:37.914 DEBUG testcase.Return Passed                   - 1: markPassed("Passed")
2025-09-24 04:53:37.914 DEBUG com.kms.katalon.core.util.KeywordUtil    - ✓ Passed
2025-09-24 04:53:39.918 INFO  c.k.k.c.c.internal.VideoRecorderService  - Video recording for test case 'Test Cases/2000_tresult/Return Passed' .
2025-09-24 04:53:39.919 INFO  c.k.katalon.core.main.TestCaseExecutor   - END Test Cases/2000_tresult/Return Passed
2025-09-24 04:53:39.921 INFO  c.k.katalon.core.main.TestCaseExecutor   - --------------------
2025-09-24 04:53:39.929 INFO  c.k.katalon.core.main.TestCaseExecutor   - START Test Cases/2000_tresult/Return Passed
2025-09-24 04:53:39.935 DEBUG testcase.Return Passed                   - 1: markPassed("Passed")
2025-09-24 04:53:39.935 DEBUG com.kms.katalon.core.util.KeywordUtil    - ✓ Passed
2025-09-24 04:53:41.938 INFO  c.k.k.c.c.internal.VideoRecorderService  - Video recording for test case 'Test Cases/2000_tresult/Return Passed' .
2025-09-24 04:53:41.939 INFO  c.k.katalon.core.main.TestCaseExecutor   - END Test Cases/2000_tresult/Return Passed
2025-09-24 04:53:41.941 INFO  c.k.katalon.core.main.TestCaseExecutor   - --------------------
2025-09-24 04:53:41.941 INFO  c.k.katalon.core.main.TestCaseExecutor   - START Test Cases/2000_tresult/Return Passed
2025-09-24 04:53:41.946 DEBUG testcase.Return Passed                   - 1: markPassed("Passed")
2025-09-24 04:53:41.947 DEBUG com.kms.katalon.core.util.KeywordUtil    - ✓ Passed
2025-09-24 04:53:43.950 INFO  c.k.k.c.c.internal.VideoRecorderService  - Video recording for test case 'Test Cases/2000_tresult/Return Passed' .
2025-09-24 04:53:43.951 INFO  c.k.katalon.core.main.TestCaseExecutor   - END Test Cases/2000_tresult/Return Passed
2025-09-24 04:53:43.952 INFO  c.k.katalon.core.main.TestCaseExecutor   - --------------------
2025-09-24 04:53:43.952 INFO  c.k.katalon.core.main.TestCaseExecutor   - START Test Cases/2000_tresult/Return Passed
2025-09-24 04:53:43.956 DEBUG testcase.Return Passed                   - 1: markPassed("Passed")
2025-09-24 04:53:43.956 DEBUG com.kms.katalon.core.util.KeywordUtil    - ✓ Passed
2025-09-24 04:53:45.961 INFO  c.k.k.c.c.internal.VideoRecorderService  - Video recording for test case 'Test Cases/2000_tresult/Return Passed' .
2025-09-24 04:53:45.962 INFO  c.k.katalon.core.main.TestCaseExecutor   - END Test Cases/2000_tresult/Return Passed
2025-09-24 04:53:45.963 INFO  c.k.katalon.core.main.TestCaseExecutor   - --------------------
2025-09-24 04:53:45.963 INFO  c.k.katalon.core.main.TestCaseExecutor   - START Test Cases/2000_tresult/Return Passed
2025-09-24 04:53:45.976 DEBUG testcase.Return Passed                   - 1: markPassed("Passed")
2025-09-24 04:53:45.977 DEBUG com.kms.katalon.core.util.KeywordUtil    - ✓ Passed
2025-09-24 04:53:47.980 INFO  c.k.k.c.c.internal.VideoRecorderService  - Video recording for test case 'Test Cases/2000_tresult/Return Passed' .
2025-09-24 04:53:47.981 INFO  c.k.katalon.core.main.TestCaseExecutor   - END Test Cases/2000_tresult/Return Passed
2025-09-24 04:53:47.983 INFO  c.k.katalon.core.main.TestCaseExecutor   - --------------------
2025-09-24 04:53:47.983 INFO  c.k.katalon.core.main.TestCaseExecutor   - START Test Cases/2000_tresult/Return Passed
2025-09-24 04:53:47.992 DEBUG testcase.Return Passed                   - 1: markPassed("Passed")
2025-09-24 04:53:47.993 DEBUG com.kms.katalon.core.util.KeywordUtil    - ✓ Passed
2025-09-24 04:53:49.996 INFO  c.k.k.c.c.internal.VideoRecorderService  - Video recording for test case 'Test Cases/2000_tresult/Return Passed' .
2025-09-24 04:53:49.996 INFO  c.k.katalon.core.main.TestCaseExecutor   - END Test Cases/2000_tresult/Return Passed
2025-09-24 04:53:49.998 INFO  c.k.katalon.core.main.TestCaseExecutor   - --------------------
2025-09-24 04:53:49.998 INFO  c.k.katalon.core.main.TestCaseExecutor   - START Test Cases/2000_tresult/Return Passed
2025-09-24 04:53:50.002 DEBUG testcase.Return Passed                   - 1: markPassed("Passed")
2025-09-24 04:53:50.002 DEBUG com.kms.katalon.core.util.KeywordUtil    - ✓ Passed
2025-09-24 04:53:52.005 INFO  c.k.k.c.c.internal.VideoRecorderService  - Video recording for test case 'Test Cases/2000_tresult/Return Passed' .
2025-09-24 04:53:52.005 INFO  c.k.katalon.core.main.TestCaseExecutor   - END Test Cases/2000_tresult/Return Passed
2025-09-24 04:53:52.007 INFO  c.k.katalon.core.main.TestCaseExecutor   - --------------------
2025-09-24 04:53:52.008 INFO  c.k.katalon.core.main.TestCaseExecutor   - START Test Cases/2000_tresult/Return Passed
2025-09-24 04:53:52.018 DEBUG testcase.Return Passed                   - 1: markPassed("Passed")
2025-09-24 04:53:52.018 DEBUG com.kms.katalon.core.util.KeywordUtil    - ✓ Passed
2025-09-24 04:53:54.028 INFO  c.k.k.c.c.internal.VideoRecorderService  - Video recording for test case 'Test Cases/2000_tresult/Return Passed' .
2025-09-24 04:53:54.029 INFO  c.k.katalon.core.main.TestCaseExecutor   - END Test Cases/2000_tresult/Return Passed
2025-09-24 04:53:54.030 INFO  c.k.katalon.core.main.TestCaseExecutor   - --------------------
2025-09-24 04:53:54.030 INFO  c.k.katalon.core.main.TestCaseExecutor   - START Test Cases/2000_tresult/Return Passed
2025-09-24 04:53:54.038 DEBUG testcase.Return Passed                   - 1: markPassed("Passed")
2025-09-24 04:53:54.038 DEBUG com.kms.katalon.core.util.KeywordUtil    - ✓ Passed
2025-09-24 04:53:56.041 INFO  c.k.k.c.c.internal.VideoRecorderService  - Video recording for test case 'Test Cases/2000_tresult/Return Passed' .
2025-09-24 04:53:56.042 INFO  c.k.katalon.core.main.TestCaseExecutor   - END Test Cases/2000_tresult/Return Passed
2025-09-24 04:53:56.044 INFO  c.k.katalon.core.main.TestCaseExecutor   - --------------------
2025-09-24 04:53:56.044 INFO  c.k.katalon.core.main.TestCaseExecutor   - START Test Cases/2000_tresult/Return Passed
2025-09-24 04:53:56.047 DEBUG testcase.Return Passed                   - 1: markPassed("Passed")
2025-09-24 04:53:56.047 DEBUG com.kms.katalon.core.util.KeywordUtil    - ✓ Passed
2025-09-24 04:53:58.050 INFO  c.k.k.c.c.internal.VideoRecorderService  - Video recording for test case 'Test Cases/2000_tresult/Return Passed' .
2025-09-24 04:53:58.051 INFO  c.k.katalon.core.main.TestCaseExecutor   - END Test Cases/2000_tresult/Return Passed
2025-09-24 04:53:58.052 INFO  c.k.katalon.core.main.TestCaseExecutor   - --------------------
2025-09-24 04:53:58.052 INFO  c.k.katalon.core.main.TestCaseExecutor   - START Test Cases/2000_tresult/Return Passed
2025-09-24 04:53:58.056 DEBUG testcase.Return Passed                   - 1: markPassed("Passed")
2025-09-24 04:53:58.056 DEBUG com.kms.katalon.core.util.KeywordUtil    - ✓ Passed
2025-09-24 04:54:00.059 INFO  c.k.k.c.c.internal.VideoRecorderService  - Video recording for test case 'Test Cases/2000_tresult/Return Passed' .
2025-09-24 04:54:00.060 INFO  c.k.katalon.core.main.TestCaseExecutor   - END Test Cases/2000_tresult/Return Passed
2025-09-24 04:54:00.061 INFO  c.k.katalon.core.main.TestCaseExecutor   - --------------------
2025-09-24 04:54:00.062 INFO  c.k.katalon.core.main.TestCaseExecutor   - START Test Cases/2000_tresult/Return Passed
2025-09-24 04:54:00.066 DEBUG testcase.Return Passed                   - 1: markPassed("Passed")
2025-09-24 04:54:00.066 DEBUG com.kms.katalon.core.util.KeywordUtil    - ✓ Passed
2025-09-24 04:54:02.069 INFO  c.k.k.c.c.internal.VideoRecorderService  - Video recording for test case 'Test Cases/2000_tresult/Return Passed' .
2025-09-24 04:54:02.070 INFO  c.k.katalon.core.main.TestCaseExecutor   - END Test Cases/2000_tresult/Return Passed
2025-09-24 04:54:02.072 INFO  c.k.katalon.core.main.TestCaseExecutor   - --------------------
2025-09-24 04:54:02.072 INFO  c.k.katalon.core.main.TestCaseExecutor   - START Test Cases/2000_tresult/Return Passed
2025-09-24 04:54:02.076 DEBUG testcase.Return Passed                   - 1: markPassed("Passed")
2025-09-24 04:54:02.076 DEBUG com.kms.katalon.core.util.KeywordUtil    - ✓ Passed
2025-09-24 04:54:04.079 INFO  c.k.k.c.c.internal.VideoRecorderService  - Video recording for test case 'Test Cases/2000_tresult/Return Passed' .
2025-09-24 04:54:04.080 INFO  c.k.katalon.core.main.TestCaseExecutor   - END Test Cases/2000_tresult/Return Passed
2025-09-24 04:54:04.081 INFO  c.k.katalon.core.main.TestCaseExecutor   - --------------------
2025-09-24 04:54:04.081 INFO  c.k.katalon.core.main.TestCaseExecutor   - START Test Cases/2000_tresult/Return Passed
2025-09-24 04:54:04.085 DEBUG testcase.Return Passed                   - 1: markPassed("Passed")
2025-09-24 04:54:04.085 DEBUG com.kms.katalon.core.util.KeywordUtil    - ✓ Passed
2025-09-24 04:54:06.089 INFO  c.k.k.c.c.internal.VideoRecorderService  - Video recording for test case 'Test Cases/2000_tresult/Return Passed' .
2025-09-24 04:54:06.089 INFO  c.k.katalon.core.main.TestCaseExecutor   - END Test Cases/2000_tresult/Return Passed
2025-09-24 04:54:06.090 INFO  c.k.katalon.core.main.TestCaseExecutor   - --------------------
2025-09-24 04:54:06.090 INFO  c.k.katalon.core.main.TestCaseExecutor   - START Test Cases/2000_tresult/Return Passed
2025-09-24 04:54:06.096 DEBUG testcase.Return Passed                   - 1: markPassed("Passed")
2025-09-24 04:54:06.096 DEBUG com.kms.katalon.core.util.KeywordUtil    - ✓ Passed
2025-09-24 04:54:08.100 INFO  c.k.k.c.c.internal.VideoRecorderService  - Video recording for test case 'Test Cases/2000_tresult/Return Passed' .
2025-09-24 04:54:08.101 INFO  c.k.katalon.core.main.TestCaseExecutor   - END Test Cases/2000_tresult/Return Passed
2025-09-24 04:54:08.102 INFO  c.k.katalon.core.main.TestCaseExecutor   - --------------------
2025-09-24 04:54:08.102 INFO  c.k.katalon.core.main.TestCaseExecutor   - START Test Cases/2000_tresult/Return Passed
2025-09-24 04:54:08.113 DEBUG testcase.Return Passed                   - 1: markPassed("Passed")
2025-09-24 04:54:08.113 DEBUG com.kms.katalon.core.util.KeywordUtil    - ✓ Passed
2025-09-24 04:54:10.116 INFO  c.k.k.c.c.internal.VideoRecorderService  - Video recording for test case 'Test Cases/2000_tresult/Return Passed' .
2025-09-24 04:54:10.117 INFO  c.k.katalon.core.main.TestCaseExecutor   - END Test Cases/2000_tresult/Return Passed
2025-09-24 04:54:10.120 INFO  c.k.katalon.core.main.TestCaseExecutor   - --------------------
2025-09-24 04:54:10.120 INFO  c.k.katalon.core.main.TestCaseExecutor   - START Test Cases/2000_tresult/Return Passed
2025-09-24 04:54:10.128 DEBUG testcase.Return Passed                   - 1: markPassed("Passed")
2025-09-24 04:54:10.128 DEBUG com.kms.katalon.core.util.KeywordUtil    - ✓ Passed
2025-09-24 04:54:12.131 INFO  c.k.k.c.c.internal.VideoRecorderService  - Video recording for test case 'Test Cases/2000_tresult/Return Passed' .
2025-09-24 04:54:12.132 INFO  c.k.katalon.core.main.TestCaseExecutor   - END Test Cases/2000_tresult/Return Passed
2025-09-24 04:54:12.180 INFO  c.k.katalon.core.main.TestSuiteExecutor  - --------------------
2025-09-24 04:54:12.180 INFO  c.k.katalon.core.main.TestSuiteExecutor  - END Test Suites/100_tc
2025-09-24 04:54:12.180 INFO  c.k.katalon.core.main.TestSuiteExecutor  - ====================
