2025-09-24 07:42:19.303 INFO  c.k.katalon.core.main.TestSuiteExecutor  - START Test Suites/100_tc
2025-09-24 07:42:19.440 INFO  c.k.katalon.core.main.TestSuiteExecutor  - userFullName = Man Hua
2025-09-24 07:42:19.443 INFO  c.k.katalon.core.main.TestSuiteExecutor  - projectName = Demo-Bulk-Operation
2025-09-24 07:42:19.445 INFO  c.k.katalon.core.main.TestSuiteExecutor  - hostName = agent - 14475linalllatest-778641-katalon-agent-nbvk7
2025-09-24 07:42:19.447 INFO  c.k.katalon.core.main.TestSuiteExecutor  - os = Linux 64bit
2025-09-24 07:42:19.448 INFO  c.k.katalon.core.main.TestSuiteExecutor  - hostAddress = 10.10.7.198
2025-09-24 07:42:19.449 INFO  c.k.katalon.core.main.TestSuiteExecutor  - katalonVersion = 10.3.1.0
2025-09-24 07:42:19.937 INFO  c.k.katalon.core.main.TestCaseExecutor   - --------------------
2025-09-24 07:42:19.938 INFO  c.k.katalon.core.main.TestCaseExecutor   - START Test Cases/2000_tresult/Return Passed
2025-09-24 07:42:20.101 DEBUG testcase.Return Passed                   - 1: markPassed("Passed")
2025-09-24 07:42:20.106 DEBUG com.kms.katalon.core.util.KeywordUtil    - ✓ Passed
2025-09-24 07:42:22.130 INFO  c.k.k.c.c.internal.VideoRecorderService  - Video recording for test case 'Test Cases/2000_tresult/Return Passed' .
2025-09-24 07:42:22.131 INFO  c.k.katalon.core.main.TestCaseExecutor   - END Test Cases/2000_tresult/Return Passed
2025-09-24 07:42:22.134 INFO  c.k.katalon.core.main.TestCaseExecutor   - --------------------
2025-09-24 07:42:22.135 INFO  c.k.katalon.core.main.TestCaseExecutor   - START Test Cases/2000_tresult/Return Passed
2025-09-24 07:42:22.141 DEBUG testcase.Return Passed                   - 1: markPassed("Passed")
2025-09-24 07:42:22.141 DEBUG com.kms.katalon.core.util.KeywordUtil    - ✓ Passed
2025-09-24 07:42:24.147 INFO  c.k.k.c.c.internal.VideoRecorderService  - Video recording for test case 'Test Cases/2000_tresult/Return Passed' .
2025-09-24 07:42:24.148 INFO  c.k.katalon.core.main.TestCaseExecutor   - END Test Cases/2000_tresult/Return Passed
2025-09-24 07:42:24.150 INFO  c.k.katalon.core.main.TestCaseExecutor   - --------------------
2025-09-24 07:42:24.150 INFO  c.k.katalon.core.main.TestCaseExecutor   - START Test Cases/2000_tresult/Return Passed
2025-09-24 07:42:24.156 DEBUG testcase.Return Passed                   - 1: markPassed("Passed")
2025-09-24 07:42:24.156 DEBUG com.kms.katalon.core.util.KeywordUtil    - ✓ Passed
2025-09-24 07:42:26.161 INFO  c.k.k.c.c.internal.VideoRecorderService  - Video recording for test case 'Test Cases/2000_tresult/Return Passed' .
2025-09-24 07:42:26.162 INFO  c.k.katalon.core.main.TestCaseExecutor   - END Test Cases/2000_tresult/Return Passed
2025-09-24 07:42:26.166 INFO  c.k.katalon.core.main.TestCaseExecutor   - --------------------
2025-09-24 07:42:26.166 INFO  c.k.katalon.core.main.TestCaseExecutor   - START Test Cases/2000_tresult/Return Passed
2025-09-24 07:42:26.172 DEBUG testcase.Return Passed                   - 1: markPassed("Passed")
2025-09-24 07:42:26.172 DEBUG com.kms.katalon.core.util.KeywordUtil    - ✓ Passed
2025-09-24 07:42:28.177 INFO  c.k.k.c.c.internal.VideoRecorderService  - Video recording for test case 'Test Cases/2000_tresult/Return Passed' .
2025-09-24 07:42:28.178 INFO  c.k.katalon.core.main.TestCaseExecutor   - END Test Cases/2000_tresult/Return Passed
2025-09-24 07:42:28.180 INFO  c.k.katalon.core.main.TestCaseExecutor   - --------------------
2025-09-24 07:42:28.180 INFO  c.k.katalon.core.main.TestCaseExecutor   - START Test Cases/2000_tresult/Return Passed
2025-09-24 07:42:28.186 DEBUG testcase.Return Passed                   - 1: markPassed("Passed")
2025-09-24 07:42:28.186 DEBUG com.kms.katalon.core.util.KeywordUtil    - ✓ Passed
2025-09-24 07:42:30.191 INFO  c.k.k.c.c.internal.VideoRecorderService  - Video recording for test case 'Test Cases/2000_tresult/Return Passed' .
2025-09-24 07:42:30.191 INFO  c.k.katalon.core.main.TestCaseExecutor   - END Test Cases/2000_tresult/Return Passed
2025-09-24 07:42:30.194 INFO  c.k.katalon.core.main.TestCaseExecutor   - --------------------
2025-09-24 07:42:30.194 INFO  c.k.katalon.core.main.TestCaseExecutor   - START Test Cases/2000_tresult/Return Passed
2025-09-24 07:42:30.200 DEBUG testcase.Return Passed                   - 1: markPassed("Passed")
2025-09-24 07:42:30.200 DEBUG com.kms.katalon.core.util.KeywordUtil    - ✓ Passed
2025-09-24 07:42:32.204 INFO  c.k.k.c.c.internal.VideoRecorderService  - Video recording for test case 'Test Cases/2000_tresult/Return Passed' .
2025-09-24 07:42:32.205 INFO  c.k.katalon.core.main.TestCaseExecutor   - END Test Cases/2000_tresult/Return Passed
2025-09-24 07:42:32.207 INFO  c.k.katalon.core.main.TestCaseExecutor   - --------------------
2025-09-24 07:42:32.208 INFO  c.k.katalon.core.main.TestCaseExecutor   - START Test Cases/2000_tresult/Return Passed
2025-09-24 07:42:32.214 DEBUG testcase.Return Passed                   - 1: markPassed("Passed")
2025-09-24 07:42:32.214 DEBUG com.kms.katalon.core.util.KeywordUtil    - ✓ Passed
2025-09-24 07:42:34.220 INFO  c.k.k.c.c.internal.VideoRecorderService  - Video recording for test case 'Test Cases/2000_tresult/Return Passed' .
2025-09-24 07:42:34.221 INFO  c.k.katalon.core.main.TestCaseExecutor   - END Test Cases/2000_tresult/Return Passed
2025-09-24 07:42:34.223 INFO  c.k.katalon.core.main.TestCaseExecutor   - --------------------
2025-09-24 07:42:34.224 INFO  c.k.katalon.core.main.TestCaseExecutor   - START Test Cases/2000_tresult/Return Passed
2025-09-24 07:42:34.229 DEBUG testcase.Return Passed                   - 1: markPassed("Passed")
2025-09-24 07:42:34.230 DEBUG com.kms.katalon.core.util.KeywordUtil    - ✓ Passed
2025-09-24 07:42:36.234 INFO  c.k.k.c.c.internal.VideoRecorderService  - Video recording for test case 'Test Cases/2000_tresult/Return Passed' .
2025-09-24 07:42:36.234 INFO  c.k.katalon.core.main.TestCaseExecutor   - END Test Cases/2000_tresult/Return Passed
2025-09-24 07:42:36.241 INFO  c.k.katalon.core.main.TestCaseExecutor   - --------------------
2025-09-24 07:42:36.241 INFO  c.k.katalon.core.main.TestCaseExecutor   - START Test Cases/2000_tresult/Return Passed
2025-09-24 07:42:36.247 DEBUG testcase.Return Passed                   - 1: markPassed("Passed")
2025-09-24 07:42:36.247 DEBUG com.kms.katalon.core.util.KeywordUtil    - ✓ Passed
2025-09-24 07:42:38.251 INFO  c.k.k.c.c.internal.VideoRecorderService  - Video recording for test case 'Test Cases/2000_tresult/Return Passed' .
2025-09-24 07:42:38.252 INFO  c.k.katalon.core.main.TestCaseExecutor   - END Test Cases/2000_tresult/Return Passed
2025-09-24 07:42:38.255 INFO  c.k.katalon.core.main.TestCaseExecutor   - --------------------
2025-09-24 07:42:38.255 INFO  c.k.katalon.core.main.TestCaseExecutor   - START Test Cases/2000_tresult/Return Passed
2025-09-24 07:42:38.260 DEBUG testcase.Return Passed                   - 1: markPassed("Passed")
2025-09-24 07:42:38.260 DEBUG com.kms.katalon.core.util.KeywordUtil    - ✓ Passed
2025-09-24 07:42:40.264 INFO  c.k.k.c.c.internal.VideoRecorderService  - Video recording for test case 'Test Cases/2000_tresult/Return Passed' .
2025-09-24 07:42:40.265 INFO  c.k.katalon.core.main.TestCaseExecutor   - END Test Cases/2000_tresult/Return Passed
2025-09-24 07:42:40.267 INFO  c.k.katalon.core.main.TestCaseExecutor   - --------------------
2025-09-24 07:42:40.267 INFO  c.k.katalon.core.main.TestCaseExecutor   - START Test Cases/2000_tresult/Return Passed
2025-09-24 07:42:40.275 DEBUG testcase.Return Passed                   - 1: markPassed("Passed")
2025-09-24 07:42:40.276 DEBUG com.kms.katalon.core.util.KeywordUtil    - ✓ Passed
2025-09-24 07:42:42.283 INFO  c.k.k.c.c.internal.VideoRecorderService  - Video recording for test case 'Test Cases/2000_tresult/Return Passed' .
2025-09-24 07:42:42.285 INFO  c.k.katalon.core.main.TestCaseExecutor   - END Test Cases/2000_tresult/Return Passed
2025-09-24 07:42:42.287 INFO  c.k.katalon.core.main.TestCaseExecutor   - --------------------
2025-09-24 07:42:42.287 INFO  c.k.katalon.core.main.TestCaseExecutor   - START Test Cases/2000_tresult/Return Passed
2025-09-24 07:42:42.294 DEBUG testcase.Return Passed                   - 1: markPassed("Passed")
2025-09-24 07:42:42.295 DEBUG com.kms.katalon.core.util.KeywordUtil    - ✓ Passed
2025-09-24 07:42:44.299 INFO  c.k.k.c.c.internal.VideoRecorderService  - Video recording for test case 'Test Cases/2000_tresult/Return Passed' .
2025-09-24 07:42:44.299 INFO  c.k.katalon.core.main.TestCaseExecutor   - END Test Cases/2000_tresult/Return Passed
2025-09-24 07:42:44.302 INFO  c.k.katalon.core.main.TestCaseExecutor   - --------------------
2025-09-24 07:42:44.302 INFO  c.k.katalon.core.main.TestCaseExecutor   - START Test Cases/2000_tresult/Return Passed
2025-09-24 07:42:44.309 DEBUG testcase.Return Passed                   - 1: markPassed("Passed")
2025-09-24 07:42:44.309 DEBUG com.kms.katalon.core.util.KeywordUtil    - ✓ Passed
2025-09-24 07:42:46.314 INFO  c.k.k.c.c.internal.VideoRecorderService  - Video recording for test case 'Test Cases/2000_tresult/Return Passed' .
2025-09-24 07:42:46.314 INFO  c.k.katalon.core.main.TestCaseExecutor   - END Test Cases/2000_tresult/Return Passed
2025-09-24 07:42:46.318 INFO  c.k.katalon.core.main.TestCaseExecutor   - --------------------
2025-09-24 07:42:46.318 INFO  c.k.katalon.core.main.TestCaseExecutor   - START Test Cases/2000_tresult/Return Passed
2025-09-24 07:42:46.323 DEBUG testcase.Return Passed                   - 1: markPassed("Passed")
2025-09-24 07:42:46.324 DEBUG com.kms.katalon.core.util.KeywordUtil    - ✓ Passed
2025-09-24 07:42:48.328 INFO  c.k.k.c.c.internal.VideoRecorderService  - Video recording for test case 'Test Cases/2000_tresult/Return Passed' .
2025-09-24 07:42:48.328 INFO  c.k.katalon.core.main.TestCaseExecutor   - END Test Cases/2000_tresult/Return Passed
2025-09-24 07:42:48.331 INFO  c.k.katalon.core.main.TestCaseExecutor   - --------------------
2025-09-24 07:42:48.331 INFO  c.k.katalon.core.main.TestCaseExecutor   - START Test Cases/2000_tresult/Return Passed
2025-09-24 07:42:48.336 DEBUG testcase.Return Passed                   - 1: markPassed("Passed")
2025-09-24 07:42:48.336 DEBUG com.kms.katalon.core.util.KeywordUtil    - ✓ Passed
2025-09-24 07:42:50.340 INFO  c.k.k.c.c.internal.VideoRecorderService  - Video recording for test case 'Test Cases/2000_tresult/Return Passed' .
2025-09-24 07:42:50.341 INFO  c.k.katalon.core.main.TestCaseExecutor   - END Test Cases/2000_tresult/Return Passed
2025-09-24 07:42:50.343 INFO  c.k.katalon.core.main.TestCaseExecutor   - --------------------
2025-09-24 07:42:50.344 INFO  c.k.katalon.core.main.TestCaseExecutor   - START Test Cases/2000_tresult/Return Passed
2025-09-24 07:42:50.349 DEBUG testcase.Return Passed                   - 1: markPassed("Passed")
2025-09-24 07:42:50.349 DEBUG com.kms.katalon.core.util.KeywordUtil    - ✓ Passed
2025-09-24 07:42:52.353 INFO  c.k.k.c.c.internal.VideoRecorderService  - Video recording for test case 'Test Cases/2000_tresult/Return Passed' .
2025-09-24 07:42:52.354 INFO  c.k.katalon.core.main.TestCaseExecutor   - END Test Cases/2000_tresult/Return Passed
2025-09-24 07:42:52.356 INFO  c.k.katalon.core.main.TestCaseExecutor   - --------------------
2025-09-24 07:42:52.356 INFO  c.k.katalon.core.main.TestCaseExecutor   - START Test Cases/2000_tresult/Return Passed
2025-09-24 07:42:52.364 DEBUG testcase.Return Passed                   - 1: markPassed("Passed")
2025-09-24 07:42:52.365 DEBUG com.kms.katalon.core.util.KeywordUtil    - ✓ Passed
2025-09-24 07:42:54.370 INFO  c.k.k.c.c.internal.VideoRecorderService  - Video recording for test case 'Test Cases/2000_tresult/Return Passed' .
2025-09-24 07:42:54.371 INFO  c.k.katalon.core.main.TestCaseExecutor   - END Test Cases/2000_tresult/Return Passed
2025-09-24 07:42:54.374 INFO  c.k.katalon.core.main.TestCaseExecutor   - --------------------
2025-09-24 07:42:54.374 INFO  c.k.katalon.core.main.TestCaseExecutor   - START Test Cases/2000_tresult/Return Passed
2025-09-24 07:42:54.379 DEBUG testcase.Return Passed                   - 1: markPassed("Passed")
2025-09-24 07:42:54.380 DEBUG com.kms.katalon.core.util.KeywordUtil    - ✓ Passed
2025-09-24 07:42:56.384 INFO  c.k.k.c.c.internal.VideoRecorderService  - Video recording for test case 'Test Cases/2000_tresult/Return Passed' .
2025-09-24 07:42:56.385 INFO  c.k.katalon.core.main.TestCaseExecutor   - END Test Cases/2000_tresult/Return Passed
2025-09-24 07:42:56.387 INFO  c.k.katalon.core.main.TestCaseExecutor   - --------------------
2025-09-24 07:42:56.387 INFO  c.k.katalon.core.main.TestCaseExecutor   - START Test Cases/2000_tresult/Return Passed
2025-09-24 07:42:56.394 DEBUG testcase.Return Passed                   - 1: markPassed("Passed")
2025-09-24 07:42:56.394 DEBUG com.kms.katalon.core.util.KeywordUtil    - ✓ Passed
2025-09-24 07:42:58.398 INFO  c.k.k.c.c.internal.VideoRecorderService  - Video recording for test case 'Test Cases/2000_tresult/Return Passed' .
2025-09-24 07:42:58.398 INFO  c.k.katalon.core.main.TestCaseExecutor   - END Test Cases/2000_tresult/Return Passed
2025-09-24 07:42:58.404 INFO  c.k.katalon.core.main.TestCaseExecutor   - --------------------
2025-09-24 07:42:58.404 INFO  c.k.katalon.core.main.TestCaseExecutor   - START Test Cases/2000_tresult/Return Passed
2025-09-24 07:42:58.409 DEBUG testcase.Return Passed                   - 1: markPassed("Passed")
2025-09-24 07:42:58.410 DEBUG com.kms.katalon.core.util.KeywordUtil    - ✓ Passed
2025-09-24 07:43:00.413 INFO  c.k.k.c.c.internal.VideoRecorderService  - Video recording for test case 'Test Cases/2000_tresult/Return Passed' .
2025-09-24 07:43:00.414 INFO  c.k.katalon.core.main.TestCaseExecutor   - END Test Cases/2000_tresult/Return Passed
2025-09-24 07:43:00.417 INFO  c.k.katalon.core.main.TestCaseExecutor   - --------------------
2025-09-24 07:43:00.417 INFO  c.k.katalon.core.main.TestCaseExecutor   - START Test Cases/2000_tresult/Return Passed
2025-09-24 07:43:00.422 DEBUG testcase.Return Passed                   - 1: markPassed("Passed")
2025-09-24 07:43:00.422 DEBUG com.kms.katalon.core.util.KeywordUtil    - ✓ Passed
2025-09-24 07:43:02.426 INFO  c.k.k.c.c.internal.VideoRecorderService  - Video recording for test case 'Test Cases/2000_tresult/Return Passed' .
2025-09-24 07:43:02.426 INFO  c.k.katalon.core.main.TestCaseExecutor   - END Test Cases/2000_tresult/Return Passed
2025-09-24 07:43:02.428 INFO  c.k.katalon.core.main.TestCaseExecutor   - --------------------
2025-09-24 07:43:02.428 INFO  c.k.katalon.core.main.TestCaseExecutor   - START Test Cases/2000_tresult/Return Passed
2025-09-24 07:43:02.435 DEBUG testcase.Return Passed                   - 1: markPassed("Passed")
2025-09-24 07:43:02.436 DEBUG com.kms.katalon.core.util.KeywordUtil    - ✓ Passed
2025-09-24 07:43:04.440 INFO  c.k.k.c.c.internal.VideoRecorderService  - Video recording for test case 'Test Cases/2000_tresult/Return Passed' .
2025-09-24 07:43:04.440 INFO  c.k.katalon.core.main.TestCaseExecutor   - END Test Cases/2000_tresult/Return Passed
2025-09-24 07:43:04.442 INFO  c.k.katalon.core.main.TestCaseExecutor   - --------------------
2025-09-24 07:43:04.442 INFO  c.k.katalon.core.main.TestCaseExecutor   - START Test Cases/2000_tresult/Return Passed
2025-09-24 07:43:04.447 DEBUG testcase.Return Passed                   - 1: markPassed("Passed")
2025-09-24 07:43:04.447 DEBUG com.kms.katalon.core.util.KeywordUtil    - ✓ Passed
2025-09-24 07:43:06.451 INFO  c.k.k.c.c.internal.VideoRecorderService  - Video recording for test case 'Test Cases/2000_tresult/Return Passed' .
2025-09-24 07:43:06.451 INFO  c.k.katalon.core.main.TestCaseExecutor   - END Test Cases/2000_tresult/Return Passed
2025-09-24 07:43:06.453 INFO  c.k.katalon.core.main.TestCaseExecutor   - --------------------
2025-09-24 07:43:06.453 INFO  c.k.katalon.core.main.TestCaseExecutor   - START Test Cases/2000_tresult/Return Passed
2025-09-24 07:43:06.459 DEBUG testcase.Return Passed                   - 1: markPassed("Passed")
2025-09-24 07:43:06.459 DEBUG com.kms.katalon.core.util.KeywordUtil    - ✓ Passed
2025-09-24 07:43:08.463 INFO  c.k.k.c.c.internal.VideoRecorderService  - Video recording for test case 'Test Cases/2000_tresult/Return Passed' .
2025-09-24 07:43:08.464 INFO  c.k.katalon.core.main.TestCaseExecutor   - END Test Cases/2000_tresult/Return Passed
2025-09-24 07:43:08.466 INFO  c.k.katalon.core.main.TestCaseExecutor   - --------------------
2025-09-24 07:43:08.466 INFO  c.k.katalon.core.main.TestCaseExecutor   - START Test Cases/2000_tresult/Return Passed
2025-09-24 07:43:08.471 DEBUG testcase.Return Passed                   - 1: markPassed("Passed")
2025-09-24 07:43:08.472 DEBUG com.kms.katalon.core.util.KeywordUtil    - ✓ Passed
2025-09-24 07:43:10.476 INFO  c.k.k.c.c.internal.VideoRecorderService  - Video recording for test case 'Test Cases/2000_tresult/Return Passed' .
2025-09-24 07:43:10.476 INFO  c.k.katalon.core.main.TestCaseExecutor   - END Test Cases/2000_tresult/Return Passed
2025-09-24 07:43:10.478 INFO  c.k.katalon.core.main.TestCaseExecutor   - --------------------
2025-09-24 07:43:10.478 INFO  c.k.katalon.core.main.TestCaseExecutor   - START Test Cases/2000_tresult/Return Passed
2025-09-24 07:43:10.483 DEBUG testcase.Return Passed                   - 1: markPassed("Passed")
2025-09-24 07:43:10.483 DEBUG com.kms.katalon.core.util.KeywordUtil    - ✓ Passed
2025-09-24 07:43:12.487 INFO  c.k.k.c.c.internal.VideoRecorderService  - Video recording for test case 'Test Cases/2000_tresult/Return Passed' .
2025-09-24 07:43:12.487 INFO  c.k.katalon.core.main.TestCaseExecutor   - END Test Cases/2000_tresult/Return Passed
2025-09-24 07:43:12.489 INFO  c.k.katalon.core.main.TestCaseExecutor   - --------------------
2025-09-24 07:43:12.489 INFO  c.k.katalon.core.main.TestCaseExecutor   - START Test Cases/2000_tresult/Return Passed
2025-09-24 07:43:12.494 DEBUG testcase.Return Passed                   - 1: markPassed("Passed")
2025-09-24 07:43:12.495 DEBUG com.kms.katalon.core.util.KeywordUtil    - ✓ Passed
2025-09-24 07:43:14.498 INFO  c.k.k.c.c.internal.VideoRecorderService  - Video recording for test case 'Test Cases/2000_tresult/Return Passed' .
2025-09-24 07:43:14.499 INFO  c.k.katalon.core.main.TestCaseExecutor   - END Test Cases/2000_tresult/Return Passed
2025-09-24 07:43:14.501 INFO  c.k.katalon.core.main.TestCaseExecutor   - --------------------
2025-09-24 07:43:14.501 INFO  c.k.katalon.core.main.TestCaseExecutor   - START Test Cases/2000_tresult/Return Passed
2025-09-24 07:43:14.506 DEBUG testcase.Return Passed                   - 1: markPassed("Passed")
2025-09-24 07:43:14.506 DEBUG com.kms.katalon.core.util.KeywordUtil    - ✓ Passed
2025-09-24 07:43:16.510 INFO  c.k.k.c.c.internal.VideoRecorderService  - Video recording for test case 'Test Cases/2000_tresult/Return Passed' .
2025-09-24 07:43:16.511 INFO  c.k.katalon.core.main.TestCaseExecutor   - END Test Cases/2000_tresult/Return Passed
2025-09-24 07:43:16.513 INFO  c.k.katalon.core.main.TestCaseExecutor   - --------------------
2025-09-24 07:43:16.513 INFO  c.k.katalon.core.main.TestCaseExecutor   - START Test Cases/2000_tresult/Return Passed
2025-09-24 07:43:16.518 DEBUG testcase.Return Passed                   - 1: markPassed("Passed")
2025-09-24 07:43:16.519 DEBUG com.kms.katalon.core.util.KeywordUtil    - ✓ Passed
2025-09-24 07:43:18.522 INFO  c.k.k.c.c.internal.VideoRecorderService  - Video recording for test case 'Test Cases/2000_tresult/Return Passed' .
2025-09-24 07:43:18.523 INFO  c.k.katalon.core.main.TestCaseExecutor   - END Test Cases/2000_tresult/Return Passed
2025-09-24 07:43:18.527 INFO  c.k.katalon.core.main.TestCaseExecutor   - --------------------
2025-09-24 07:43:18.528 INFO  c.k.katalon.core.main.TestCaseExecutor   - START Test Cases/2000_tresult/Return Passed
2025-09-24 07:43:18.533 DEBUG testcase.Return Passed                   - 1: markPassed("Passed")
2025-09-24 07:43:18.533 DEBUG com.kms.katalon.core.util.KeywordUtil    - ✓ Passed
2025-09-24 07:43:20.536 INFO  c.k.k.c.c.internal.VideoRecorderService  - Video recording for test case 'Test Cases/2000_tresult/Return Passed' .
2025-09-24 07:43:20.537 INFO  c.k.katalon.core.main.TestCaseExecutor   - END Test Cases/2000_tresult/Return Passed
2025-09-24 07:43:20.542 INFO  c.k.katalon.core.main.TestCaseExecutor   - --------------------
2025-09-24 07:43:20.542 INFO  c.k.katalon.core.main.TestCaseExecutor   - START Test Cases/2000_tresult/Return Passed
2025-09-24 07:43:20.546 DEBUG testcase.Return Passed                   - 1: markPassed("Passed")
2025-09-24 07:43:20.547 DEBUG com.kms.katalon.core.util.KeywordUtil    - ✓ Passed
2025-09-24 07:43:22.550 INFO  c.k.k.c.c.internal.VideoRecorderService  - Video recording for test case 'Test Cases/2000_tresult/Return Passed' .
2025-09-24 07:43:22.551 INFO  c.k.katalon.core.main.TestCaseExecutor   - END Test Cases/2000_tresult/Return Passed
2025-09-24 07:43:22.553 INFO  c.k.katalon.core.main.TestCaseExecutor   - --------------------
2025-09-24 07:43:22.553 INFO  c.k.katalon.core.main.TestCaseExecutor   - START Test Cases/2000_tresult/Return Passed
2025-09-24 07:43:22.558 DEBUG testcase.Return Passed                   - 1: markPassed("Passed")
2025-09-24 07:43:22.559 DEBUG com.kms.katalon.core.util.KeywordUtil    - ✓ Passed
2025-09-24 07:43:24.562 INFO  c.k.k.c.c.internal.VideoRecorderService  - Video recording for test case 'Test Cases/2000_tresult/Return Passed' .
2025-09-24 07:43:24.563 INFO  c.k.katalon.core.main.TestCaseExecutor   - END Test Cases/2000_tresult/Return Passed
2025-09-24 07:43:24.565 INFO  c.k.katalon.core.main.TestCaseExecutor   - --------------------
2025-09-24 07:43:24.565 INFO  c.k.katalon.core.main.TestCaseExecutor   - START Test Cases/2000_tresult/Return Passed
2025-09-24 07:43:24.575 DEBUG testcase.Return Passed                   - 1: markPassed("Passed")
2025-09-24 07:43:24.575 DEBUG com.kms.katalon.core.util.KeywordUtil    - ✓ Passed
2025-09-24 07:43:26.581 INFO  c.k.k.c.c.internal.VideoRecorderService  - Video recording for test case 'Test Cases/2000_tresult/Return Passed' .
2025-09-24 07:43:26.581 INFO  c.k.katalon.core.main.TestCaseExecutor   - END Test Cases/2000_tresult/Return Passed
2025-09-24 07:43:26.583 INFO  c.k.katalon.core.main.TestCaseExecutor   - --------------------
2025-09-24 07:43:26.583 INFO  c.k.katalon.core.main.TestCaseExecutor   - START Test Cases/2000_tresult/Return Passed
2025-09-24 07:43:26.590 DEBUG testcase.Return Passed                   - 1: markPassed("Passed")
2025-09-24 07:43:26.591 DEBUG com.kms.katalon.core.util.KeywordUtil    - ✓ Passed
2025-09-24 07:43:28.594 INFO  c.k.k.c.c.internal.VideoRecorderService  - Video recording for test case 'Test Cases/2000_tresult/Return Passed' .
2025-09-24 07:43:28.595 INFO  c.k.katalon.core.main.TestCaseExecutor   - END Test Cases/2000_tresult/Return Passed
2025-09-24 07:43:28.596 INFO  c.k.katalon.core.main.TestCaseExecutor   - --------------------
2025-09-24 07:43:28.597 INFO  c.k.katalon.core.main.TestCaseExecutor   - START Test Cases/2000_tresult/Return Passed
2025-09-24 07:43:28.608 DEBUG testcase.Return Passed                   - 1: markPassed("Passed")
2025-09-24 07:43:28.609 DEBUG com.kms.katalon.core.util.KeywordUtil    - ✓ Passed
2025-09-24 07:43:30.612 INFO  c.k.k.c.c.internal.VideoRecorderService  - Video recording for test case 'Test Cases/2000_tresult/Return Passed' .
2025-09-24 07:43:30.613 INFO  c.k.katalon.core.main.TestCaseExecutor   - END Test Cases/2000_tresult/Return Passed
2025-09-24 07:43:30.616 INFO  c.k.katalon.core.main.TestCaseExecutor   - --------------------
2025-09-24 07:43:30.616 INFO  c.k.katalon.core.main.TestCaseExecutor   - START Test Cases/2000_tresult/Return Passed
2025-09-24 07:43:30.622 DEBUG testcase.Return Passed                   - 1: markPassed("Passed")
2025-09-24 07:43:30.623 DEBUG com.kms.katalon.core.util.KeywordUtil    - ✓ Passed
2025-09-24 07:43:32.627 INFO  c.k.k.c.c.internal.VideoRecorderService  - Video recording for test case 'Test Cases/2000_tresult/Return Passed' .
2025-09-24 07:43:32.627 INFO  c.k.katalon.core.main.TestCaseExecutor   - END Test Cases/2000_tresult/Return Passed
2025-09-24 07:43:32.630 INFO  c.k.katalon.core.main.TestCaseExecutor   - --------------------
2025-09-24 07:43:32.630 INFO  c.k.katalon.core.main.TestCaseExecutor   - START Test Cases/2000_tresult/Return Passed
2025-09-24 07:43:32.637 DEBUG testcase.Return Passed                   - 1: markPassed("Passed")
2025-09-24 07:43:32.638 DEBUG com.kms.katalon.core.util.KeywordUtil    - ✓ Passed
2025-09-24 07:43:34.641 INFO  c.k.k.c.c.internal.VideoRecorderService  - Video recording for test case 'Test Cases/2000_tresult/Return Passed' .
2025-09-24 07:43:34.642 INFO  c.k.katalon.core.main.TestCaseExecutor   - END Test Cases/2000_tresult/Return Passed
2025-09-24 07:43:34.644 INFO  c.k.katalon.core.main.TestCaseExecutor   - --------------------
2025-09-24 07:43:34.644 INFO  c.k.katalon.core.main.TestCaseExecutor   - START Test Cases/2000_tresult/Return Passed
2025-09-24 07:43:34.653 DEBUG testcase.Return Passed                   - 1: markPassed("Passed")
2025-09-24 07:43:34.653 DEBUG com.kms.katalon.core.util.KeywordUtil    - ✓ Passed
2025-09-24 07:43:36.657 INFO  c.k.k.c.c.internal.VideoRecorderService  - Video recording for test case 'Test Cases/2000_tresult/Return Passed' .
2025-09-24 07:43:36.657 INFO  c.k.katalon.core.main.TestCaseExecutor   - END Test Cases/2000_tresult/Return Passed
2025-09-24 07:43:36.659 INFO  c.k.katalon.core.main.TestCaseExecutor   - --------------------
2025-09-24 07:43:36.659 INFO  c.k.katalon.core.main.TestCaseExecutor   - START Test Cases/2000_tresult/Return Passed
2025-09-24 07:43:36.663 DEBUG testcase.Return Passed                   - 1: markPassed("Passed")
2025-09-24 07:43:36.664 DEBUG com.kms.katalon.core.util.KeywordUtil    - ✓ Passed
2025-09-24 07:43:38.667 INFO  c.k.k.c.c.internal.VideoRecorderService  - Video recording for test case 'Test Cases/2000_tresult/Return Passed' .
2025-09-24 07:43:38.668 INFO  c.k.katalon.core.main.TestCaseExecutor   - END Test Cases/2000_tresult/Return Passed
2025-09-24 07:43:38.670 INFO  c.k.katalon.core.main.TestCaseExecutor   - --------------------
2025-09-24 07:43:38.670 INFO  c.k.katalon.core.main.TestCaseExecutor   - START Test Cases/2000_tresult/Return Passed
2025-09-24 07:43:38.677 DEBUG testcase.Return Passed                   - 1: markPassed("Passed")
2025-09-24 07:43:38.678 DEBUG com.kms.katalon.core.util.KeywordUtil    - ✓ Passed
2025-09-24 07:43:40.681 INFO  c.k.k.c.c.internal.VideoRecorderService  - Video recording for test case 'Test Cases/2000_tresult/Return Passed' .
2025-09-24 07:43:40.682 INFO  c.k.katalon.core.main.TestCaseExecutor   - END Test Cases/2000_tresult/Return Passed
2025-09-24 07:43:40.684 INFO  c.k.katalon.core.main.TestCaseExecutor   - --------------------
2025-09-24 07:43:40.684 INFO  c.k.katalon.core.main.TestCaseExecutor   - START Test Cases/2000_tresult/Return Passed
2025-09-24 07:43:40.688 DEBUG testcase.Return Passed                   - 1: markPassed("Passed")
2025-09-24 07:43:40.688 DEBUG com.kms.katalon.core.util.KeywordUtil    - ✓ Passed
2025-09-24 07:43:42.692 INFO  c.k.k.c.c.internal.VideoRecorderService  - Video recording for test case 'Test Cases/2000_tresult/Return Passed' .
2025-09-24 07:43:42.692 INFO  c.k.katalon.core.main.TestCaseExecutor   - END Test Cases/2000_tresult/Return Passed
2025-09-24 07:43:42.694 INFO  c.k.katalon.core.main.TestCaseExecutor   - --------------------
2025-09-24 07:43:42.694 INFO  c.k.katalon.core.main.TestCaseExecutor   - START Test Cases/2000_tresult/Return Passed
2025-09-24 07:43:42.699 DEBUG testcase.Return Passed                   - 1: markPassed("Passed")
2025-09-24 07:43:42.700 DEBUG com.kms.katalon.core.util.KeywordUtil    - ✓ Passed
2025-09-24 07:43:44.703 INFO  c.k.k.c.c.internal.VideoRecorderService  - Video recording for test case 'Test Cases/2000_tresult/Return Passed' .
2025-09-24 07:43:44.704 INFO  c.k.katalon.core.main.TestCaseExecutor   - END Test Cases/2000_tresult/Return Passed
2025-09-24 07:43:44.706 INFO  c.k.katalon.core.main.TestCaseExecutor   - --------------------
2025-09-24 07:43:44.706 INFO  c.k.katalon.core.main.TestCaseExecutor   - START Test Cases/2000_tresult/Return Passed
2025-09-24 07:43:44.714 DEBUG testcase.Return Passed                   - 1: markPassed("Passed")
2025-09-24 07:43:44.715 DEBUG com.kms.katalon.core.util.KeywordUtil    - ✓ Passed
2025-09-24 07:43:46.718 INFO  c.k.k.c.c.internal.VideoRecorderService  - Video recording for test case 'Test Cases/2000_tresult/Return Passed' .
2025-09-24 07:43:46.719 INFO  c.k.katalon.core.main.TestCaseExecutor   - END Test Cases/2000_tresult/Return Passed
2025-09-24 07:43:46.721 INFO  c.k.katalon.core.main.TestCaseExecutor   - --------------------
2025-09-24 07:43:46.721 INFO  c.k.katalon.core.main.TestCaseExecutor   - START Test Cases/2000_tresult/Return Passed
2025-09-24 07:43:46.725 DEBUG testcase.Return Passed                   - 1: markPassed("Passed")
2025-09-24 07:43:46.726 DEBUG com.kms.katalon.core.util.KeywordUtil    - ✓ Passed
2025-09-24 07:43:48.729 INFO  c.k.k.c.c.internal.VideoRecorderService  - Video recording for test case 'Test Cases/2000_tresult/Return Passed' .
2025-09-24 07:43:48.730 INFO  c.k.katalon.core.main.TestCaseExecutor   - END Test Cases/2000_tresult/Return Passed
2025-09-24 07:43:48.731 INFO  c.k.katalon.core.main.TestCaseExecutor   - --------------------
2025-09-24 07:43:48.731 INFO  c.k.katalon.core.main.TestCaseExecutor   - START Test Cases/2000_tresult/Return Passed
2025-09-24 07:43:48.736 DEBUG testcase.Return Passed                   - 1: markPassed("Passed")
2025-09-24 07:43:48.736 DEBUG com.kms.katalon.core.util.KeywordUtil    - ✓ Passed
2025-09-24 07:43:50.740 INFO  c.k.k.c.c.internal.VideoRecorderService  - Video recording for test case 'Test Cases/2000_tresult/Return Passed' .
2025-09-24 07:43:50.741 INFO  c.k.katalon.core.main.TestCaseExecutor   - END Test Cases/2000_tresult/Return Passed
2025-09-24 07:43:50.742 INFO  c.k.katalon.core.main.TestCaseExecutor   - --------------------
2025-09-24 07:43:50.742 INFO  c.k.katalon.core.main.TestCaseExecutor   - START Test Cases/2000_tresult/Return Passed
2025-09-24 07:43:50.747 DEBUG testcase.Return Passed                   - 1: markPassed("Passed")
2025-09-24 07:43:50.747 DEBUG com.kms.katalon.core.util.KeywordUtil    - ✓ Passed
2025-09-24 07:43:52.750 INFO  c.k.k.c.c.internal.VideoRecorderService  - Video recording for test case 'Test Cases/2000_tresult/Return Passed' .
2025-09-24 07:43:52.751 INFO  c.k.katalon.core.main.TestCaseExecutor   - END Test Cases/2000_tresult/Return Passed
2025-09-24 07:43:52.753 INFO  c.k.katalon.core.main.TestCaseExecutor   - --------------------
2025-09-24 07:43:52.753 INFO  c.k.katalon.core.main.TestCaseExecutor   - START Test Cases/2000_tresult/Return Passed
2025-09-24 07:43:52.758 DEBUG testcase.Return Passed                   - 1: markPassed("Passed")
2025-09-24 07:43:52.759 DEBUG com.kms.katalon.core.util.KeywordUtil    - ✓ Passed
2025-09-24 07:43:54.762 INFO  c.k.k.c.c.internal.VideoRecorderService  - Video recording for test case 'Test Cases/2000_tresult/Return Passed' .
2025-09-24 07:43:54.763 INFO  c.k.katalon.core.main.TestCaseExecutor   - END Test Cases/2000_tresult/Return Passed
2025-09-24 07:43:54.764 INFO  c.k.katalon.core.main.TestCaseExecutor   - --------------------
2025-09-24 07:43:54.765 INFO  c.k.katalon.core.main.TestCaseExecutor   - START Test Cases/2000_tresult/Return Passed
2025-09-24 07:43:54.770 DEBUG testcase.Return Passed                   - 1: markPassed("Passed")
2025-09-24 07:43:54.770 DEBUG com.kms.katalon.core.util.KeywordUtil    - ✓ Passed
2025-09-24 07:43:56.774 INFO  c.k.k.c.c.internal.VideoRecorderService  - Video recording for test case 'Test Cases/2000_tresult/Return Passed' .
2025-09-24 07:43:56.774 INFO  c.k.katalon.core.main.TestCaseExecutor   - END Test Cases/2000_tresult/Return Passed
2025-09-24 07:43:56.777 INFO  c.k.katalon.core.main.TestCaseExecutor   - --------------------
2025-09-24 07:43:56.777 INFO  c.k.katalon.core.main.TestCaseExecutor   - START Test Cases/2000_tresult/Return Passed
2025-09-24 07:43:56.781 DEBUG testcase.Return Passed                   - 1: markPassed("Passed")
2025-09-24 07:43:56.781 DEBUG com.kms.katalon.core.util.KeywordUtil    - ✓ Passed
2025-09-24 07:43:58.785 INFO  c.k.k.c.c.internal.VideoRecorderService  - Video recording for test case 'Test Cases/2000_tresult/Return Passed' .
2025-09-24 07:43:58.785 INFO  c.k.katalon.core.main.TestCaseExecutor   - END Test Cases/2000_tresult/Return Passed
2025-09-24 07:43:58.788 INFO  c.k.katalon.core.main.TestCaseExecutor   - --------------------
2025-09-24 07:43:58.788 INFO  c.k.katalon.core.main.TestCaseExecutor   - START Test Cases/2000_tresult/Return Passed
2025-09-24 07:43:58.792 DEBUG testcase.Return Passed                   - 1: markPassed("Passed")
2025-09-24 07:43:58.793 DEBUG com.kms.katalon.core.util.KeywordUtil    - ✓ Passed
2025-09-24 07:44:00.796 INFO  c.k.k.c.c.internal.VideoRecorderService  - Video recording for test case 'Test Cases/2000_tresult/Return Passed' .
2025-09-24 07:44:00.797 INFO  c.k.katalon.core.main.TestCaseExecutor   - END Test Cases/2000_tresult/Return Passed
2025-09-24 07:44:00.799 INFO  c.k.katalon.core.main.TestCaseExecutor   - --------------------
2025-09-24 07:44:00.799 INFO  c.k.katalon.core.main.TestCaseExecutor   - START Test Cases/2000_tresult/Return Passed
2025-09-24 07:44:00.803 DEBUG testcase.Return Passed                   - 1: markPassed("Passed")
2025-09-24 07:44:00.804 DEBUG com.kms.katalon.core.util.KeywordUtil    - ✓ Passed
2025-09-24 07:44:02.807 INFO  c.k.k.c.c.internal.VideoRecorderService  - Video recording for test case 'Test Cases/2000_tresult/Return Passed' .
2025-09-24 07:44:02.807 INFO  c.k.katalon.core.main.TestCaseExecutor   - END Test Cases/2000_tresult/Return Passed
2025-09-24 07:44:02.810 INFO  c.k.katalon.core.main.TestCaseExecutor   - --------------------
2025-09-24 07:44:02.810 INFO  c.k.katalon.core.main.TestCaseExecutor   - START Test Cases/2000_tresult/Return Passed
2025-09-24 07:44:02.816 DEBUG testcase.Return Passed                   - 1: markPassed("Passed")
2025-09-24 07:44:02.816 DEBUG com.kms.katalon.core.util.KeywordUtil    - ✓ Passed
2025-09-24 07:44:04.820 INFO  c.k.k.c.c.internal.VideoRecorderService  - Video recording for test case 'Test Cases/2000_tresult/Return Passed' .
2025-09-24 07:44:04.820 INFO  c.k.katalon.core.main.TestCaseExecutor   - END Test Cases/2000_tresult/Return Passed
2025-09-24 07:44:04.823 INFO  c.k.katalon.core.main.TestCaseExecutor   - --------------------
2025-09-24 07:44:04.824 INFO  c.k.katalon.core.main.TestCaseExecutor   - START Test Cases/2000_tresult/Return Passed
2025-09-24 07:44:04.828 DEBUG testcase.Return Passed                   - 1: markPassed("Passed")
2025-09-24 07:44:04.828 DEBUG com.kms.katalon.core.util.KeywordUtil    - ✓ Passed
2025-09-24 07:44:06.832 INFO  c.k.k.c.c.internal.VideoRecorderService  - Video recording for test case 'Test Cases/2000_tresult/Return Passed' .
2025-09-24 07:44:06.832 INFO  c.k.katalon.core.main.TestCaseExecutor   - END Test Cases/2000_tresult/Return Passed
2025-09-24 07:44:06.834 INFO  c.k.katalon.core.main.TestCaseExecutor   - --------------------
2025-09-24 07:44:06.834 INFO  c.k.katalon.core.main.TestCaseExecutor   - START Test Cases/2000_tresult/Return Passed
2025-09-24 07:44:06.839 DEBUG testcase.Return Passed                   - 1: markPassed("Passed")
2025-09-24 07:44:06.839 DEBUG com.kms.katalon.core.util.KeywordUtil    - ✓ Passed
2025-09-24 07:44:08.842 INFO  c.k.k.c.c.internal.VideoRecorderService  - Video recording for test case 'Test Cases/2000_tresult/Return Passed' .
2025-09-24 07:44:08.843 INFO  c.k.katalon.core.main.TestCaseExecutor   - END Test Cases/2000_tresult/Return Passed
2025-09-24 07:44:08.845 INFO  c.k.katalon.core.main.TestCaseExecutor   - --------------------
2025-09-24 07:44:08.845 INFO  c.k.katalon.core.main.TestCaseExecutor   - START Test Cases/2000_tresult/Return Passed
2025-09-24 07:44:08.849 DEBUG testcase.Return Passed                   - 1: markPassed("Passed")
2025-09-24 07:44:08.849 DEBUG com.kms.katalon.core.util.KeywordUtil    - ✓ Passed
2025-09-24 07:44:10.853 INFO  c.k.k.c.c.internal.VideoRecorderService  - Video recording for test case 'Test Cases/2000_tresult/Return Passed' .
2025-09-24 07:44:10.853 INFO  c.k.katalon.core.main.TestCaseExecutor   - END Test Cases/2000_tresult/Return Passed
2025-09-24 07:44:10.855 INFO  c.k.katalon.core.main.TestCaseExecutor   - --------------------
2025-09-24 07:44:10.855 INFO  c.k.katalon.core.main.TestCaseExecutor   - START Test Cases/2000_tresult/Return Passed
2025-09-24 07:44:10.860 DEBUG testcase.Return Passed                   - 1: markPassed("Passed")
2025-09-24 07:44:10.861 DEBUG com.kms.katalon.core.util.KeywordUtil    - ✓ Passed
2025-09-24 07:44:12.865 INFO  c.k.k.c.c.internal.VideoRecorderService  - Video recording for test case 'Test Cases/2000_tresult/Return Passed' .
2025-09-24 07:44:12.865 INFO  c.k.katalon.core.main.TestCaseExecutor   - END Test Cases/2000_tresult/Return Passed
2025-09-24 07:44:12.867 INFO  c.k.katalon.core.main.TestCaseExecutor   - --------------------
2025-09-24 07:44:12.867 INFO  c.k.katalon.core.main.TestCaseExecutor   - START Test Cases/2000_tresult/Return Passed
2025-09-24 07:44:12.873 DEBUG testcase.Return Passed                   - 1: markPassed("Passed")
2025-09-24 07:44:12.873 DEBUG com.kms.katalon.core.util.KeywordUtil    - ✓ Passed
2025-09-24 07:44:14.877 INFO  c.k.k.c.c.internal.VideoRecorderService  - Video recording for test case 'Test Cases/2000_tresult/Return Passed' .
2025-09-24 07:44:14.877 INFO  c.k.katalon.core.main.TestCaseExecutor   - END Test Cases/2000_tresult/Return Passed
2025-09-24 07:44:14.879 INFO  c.k.katalon.core.main.TestCaseExecutor   - --------------------
2025-09-24 07:44:14.879 INFO  c.k.katalon.core.main.TestCaseExecutor   - START Test Cases/2000_tresult/Return Passed
2025-09-24 07:44:14.886 DEBUG testcase.Return Passed                   - 1: markPassed("Passed")
2025-09-24 07:44:14.886 DEBUG com.kms.katalon.core.util.KeywordUtil    - ✓ Passed
2025-09-24 07:44:16.889 INFO  c.k.k.c.c.internal.VideoRecorderService  - Video recording for test case 'Test Cases/2000_tresult/Return Passed' .
2025-09-24 07:44:16.890 INFO  c.k.katalon.core.main.TestCaseExecutor   - END Test Cases/2000_tresult/Return Passed
2025-09-24 07:44:16.893 INFO  c.k.katalon.core.main.TestCaseExecutor   - --------------------
2025-09-24 07:44:16.893 INFO  c.k.katalon.core.main.TestCaseExecutor   - START Test Cases/2000_tresult/Return Passed
2025-09-24 07:44:16.908 DEBUG testcase.Return Passed                   - 1: markPassed("Passed")
2025-09-24 07:44:16.908 DEBUG com.kms.katalon.core.util.KeywordUtil    - ✓ Passed
2025-09-24 07:44:18.912 INFO  c.k.k.c.c.internal.VideoRecorderService  - Video recording for test case 'Test Cases/2000_tresult/Return Passed' .
2025-09-24 07:44:18.912 INFO  c.k.katalon.core.main.TestCaseExecutor   - END Test Cases/2000_tresult/Return Passed
2025-09-24 07:44:18.914 INFO  c.k.katalon.core.main.TestCaseExecutor   - --------------------
2025-09-24 07:44:18.914 INFO  c.k.katalon.core.main.TestCaseExecutor   - START Test Cases/2000_tresult/Return Passed
2025-09-24 07:44:18.918 DEBUG testcase.Return Passed                   - 1: markPassed("Passed")
2025-09-24 07:44:18.918 DEBUG com.kms.katalon.core.util.KeywordUtil    - ✓ Passed
2025-09-24 07:44:20.922 INFO  c.k.k.c.c.internal.VideoRecorderService  - Video recording for test case 'Test Cases/2000_tresult/Return Passed' .
2025-09-24 07:44:20.922 INFO  c.k.katalon.core.main.TestCaseExecutor   - END Test Cases/2000_tresult/Return Passed
2025-09-24 07:44:20.924 INFO  c.k.katalon.core.main.TestCaseExecutor   - --------------------
2025-09-24 07:44:20.924 INFO  c.k.katalon.core.main.TestCaseExecutor   - START Test Cases/2000_tresult/Return Passed
2025-09-24 07:44:20.928 DEBUG testcase.Return Passed                   - 1: markPassed("Passed")
2025-09-24 07:44:20.929 DEBUG com.kms.katalon.core.util.KeywordUtil    - ✓ Passed
2025-09-24 07:44:22.932 INFO  c.k.k.c.c.internal.VideoRecorderService  - Video recording for test case 'Test Cases/2000_tresult/Return Passed' .
2025-09-24 07:44:22.932 INFO  c.k.katalon.core.main.TestCaseExecutor   - END Test Cases/2000_tresult/Return Passed
2025-09-24 07:44:22.934 INFO  c.k.katalon.core.main.TestCaseExecutor   - --------------------
2025-09-24 07:44:22.934 INFO  c.k.katalon.core.main.TestCaseExecutor   - START Test Cases/2000_tresult/Return Passed
2025-09-24 07:44:22.940 DEBUG testcase.Return Passed                   - 1: markPassed("Passed")
2025-09-24 07:44:22.940 DEBUG com.kms.katalon.core.util.KeywordUtil    - ✓ Passed
2025-09-24 07:44:24.945 INFO  c.k.k.c.c.internal.VideoRecorderService  - Video recording for test case 'Test Cases/2000_tresult/Return Passed' .
2025-09-24 07:44:24.946 INFO  c.k.katalon.core.main.TestCaseExecutor   - END Test Cases/2000_tresult/Return Passed
2025-09-24 07:44:24.947 INFO  c.k.katalon.core.main.TestCaseExecutor   - --------------------
2025-09-24 07:44:24.947 INFO  c.k.katalon.core.main.TestCaseExecutor   - START Test Cases/2000_tresult/Return Passed
2025-09-24 07:44:24.952 DEBUG testcase.Return Passed                   - 1: markPassed("Passed")
2025-09-24 07:44:24.952 DEBUG com.kms.katalon.core.util.KeywordUtil    - ✓ Passed
2025-09-24 07:44:26.955 INFO  c.k.k.c.c.internal.VideoRecorderService  - Video recording for test case 'Test Cases/2000_tresult/Return Passed' .
2025-09-24 07:44:26.956 INFO  c.k.katalon.core.main.TestCaseExecutor   - END Test Cases/2000_tresult/Return Passed
2025-09-24 07:44:26.958 INFO  c.k.katalon.core.main.TestCaseExecutor   - --------------------
2025-09-24 07:44:26.958 INFO  c.k.katalon.core.main.TestCaseExecutor   - START Test Cases/2000_tresult/Return Passed
2025-09-24 07:44:26.964 DEBUG testcase.Return Passed                   - 1: markPassed("Passed")
2025-09-24 07:44:26.964 DEBUG com.kms.katalon.core.util.KeywordUtil    - ✓ Passed
2025-09-24 07:44:28.968 INFO  c.k.k.c.c.internal.VideoRecorderService  - Video recording for test case 'Test Cases/2000_tresult/Return Passed' .
2025-09-24 07:44:28.968 INFO  c.k.katalon.core.main.TestCaseExecutor   - END Test Cases/2000_tresult/Return Passed
2025-09-24 07:44:28.970 INFO  c.k.katalon.core.main.TestCaseExecutor   - --------------------
2025-09-24 07:44:28.971 INFO  c.k.katalon.core.main.TestCaseExecutor   - START Test Cases/2000_tresult/Return Passed
2025-09-24 07:44:28.975 DEBUG testcase.Return Passed                   - 1: markPassed("Passed")
2025-09-24 07:44:28.976 DEBUG com.kms.katalon.core.util.KeywordUtil    - ✓ Passed
2025-09-24 07:44:30.979 INFO  c.k.k.c.c.internal.VideoRecorderService  - Video recording for test case 'Test Cases/2000_tresult/Return Passed' .
2025-09-24 07:44:30.979 INFO  c.k.katalon.core.main.TestCaseExecutor   - END Test Cases/2000_tresult/Return Passed
2025-09-24 07:44:30.983 INFO  c.k.katalon.core.main.TestCaseExecutor   - --------------------
2025-09-24 07:44:30.983 INFO  c.k.katalon.core.main.TestCaseExecutor   - START Test Cases/2000_tresult/Return Passed
2025-09-24 07:44:30.987 DEBUG testcase.Return Passed                   - 1: markPassed("Passed")
2025-09-24 07:44:30.987 DEBUG com.kms.katalon.core.util.KeywordUtil    - ✓ Passed
2025-09-24 07:44:32.991 INFO  c.k.k.c.c.internal.VideoRecorderService  - Video recording for test case 'Test Cases/2000_tresult/Return Passed' .
2025-09-24 07:44:32.991 INFO  c.k.katalon.core.main.TestCaseExecutor   - END Test Cases/2000_tresult/Return Passed
2025-09-24 07:44:32.993 INFO  c.k.katalon.core.main.TestCaseExecutor   - --------------------
2025-09-24 07:44:32.993 INFO  c.k.katalon.core.main.TestCaseExecutor   - START Test Cases/2000_tresult/Return Passed
2025-09-24 07:44:33.001 DEBUG testcase.Return Passed                   - 1: markPassed("Passed")
2025-09-24 07:44:33.001 DEBUG com.kms.katalon.core.util.KeywordUtil    - ✓ Passed
2025-09-24 07:44:35.005 INFO  c.k.k.c.c.internal.VideoRecorderService  - Video recording for test case 'Test Cases/2000_tresult/Return Passed' .
2025-09-24 07:44:35.005 INFO  c.k.katalon.core.main.TestCaseExecutor   - END Test Cases/2000_tresult/Return Passed
2025-09-24 07:44:35.007 INFO  c.k.katalon.core.main.TestCaseExecutor   - --------------------
2025-09-24 07:44:35.007 INFO  c.k.katalon.core.main.TestCaseExecutor   - START Test Cases/2000_tresult/Return Passed
2025-09-24 07:44:35.011 DEBUG testcase.Return Passed                   - 1: markPassed("Passed")
2025-09-24 07:44:35.012 DEBUG com.kms.katalon.core.util.KeywordUtil    - ✓ Passed
2025-09-24 07:44:37.015 INFO  c.k.k.c.c.internal.VideoRecorderService  - Video recording for test case 'Test Cases/2000_tresult/Return Passed' .
2025-09-24 07:44:37.015 INFO  c.k.katalon.core.main.TestCaseExecutor   - END Test Cases/2000_tresult/Return Passed
2025-09-24 07:44:37.017 INFO  c.k.katalon.core.main.TestCaseExecutor   - --------------------
2025-09-24 07:44:37.017 INFO  c.k.katalon.core.main.TestCaseExecutor   - START Test Cases/2000_tresult/Return Passed
2025-09-24 07:44:37.022 DEBUG testcase.Return Passed                   - 1: markPassed("Passed")
2025-09-24 07:44:37.022 DEBUG com.kms.katalon.core.util.KeywordUtil    - ✓ Passed
2025-09-24 07:44:39.026 INFO  c.k.k.c.c.internal.VideoRecorderService  - Video recording for test case 'Test Cases/2000_tresult/Return Passed' .
2025-09-24 07:44:39.026 INFO  c.k.katalon.core.main.TestCaseExecutor   - END Test Cases/2000_tresult/Return Passed
2025-09-24 07:44:39.029 INFO  c.k.katalon.core.main.TestCaseExecutor   - --------------------
2025-09-24 07:44:39.029 INFO  c.k.katalon.core.main.TestCaseExecutor   - START Test Cases/2000_tresult/Return Passed
2025-09-24 07:44:39.033 DEBUG testcase.Return Passed                   - 1: markPassed("Passed")
2025-09-24 07:44:39.033 DEBUG com.kms.katalon.core.util.KeywordUtil    - ✓ Passed
2025-09-24 07:44:41.037 INFO  c.k.k.c.c.internal.VideoRecorderService  - Video recording for test case 'Test Cases/2000_tresult/Return Passed' .
2025-09-24 07:44:41.037 INFO  c.k.katalon.core.main.TestCaseExecutor   - END Test Cases/2000_tresult/Return Passed
2025-09-24 07:44:41.039 INFO  c.k.katalon.core.main.TestCaseExecutor   - --------------------
2025-09-24 07:44:41.039 INFO  c.k.katalon.core.main.TestCaseExecutor   - START Test Cases/2000_tresult/Return Passed
2025-09-24 07:44:41.043 DEBUG testcase.Return Passed                   - 1: markPassed("Passed")
2025-09-24 07:44:41.044 DEBUG com.kms.katalon.core.util.KeywordUtil    - ✓ Passed
2025-09-24 07:44:43.047 INFO  c.k.k.c.c.internal.VideoRecorderService  - Video recording for test case 'Test Cases/2000_tresult/Return Passed' .
2025-09-24 07:44:43.048 INFO  c.k.katalon.core.main.TestCaseExecutor   - END Test Cases/2000_tresult/Return Passed
2025-09-24 07:44:43.050 INFO  c.k.katalon.core.main.TestCaseExecutor   - --------------------
2025-09-24 07:44:43.050 INFO  c.k.katalon.core.main.TestCaseExecutor   - START Test Cases/2000_tresult/Return Passed
2025-09-24 07:44:43.054 DEBUG testcase.Return Passed                   - 1: markPassed("Passed")
2025-09-24 07:44:43.054 DEBUG com.kms.katalon.core.util.KeywordUtil    - ✓ Passed
2025-09-24 07:44:45.057 INFO  c.k.k.c.c.internal.VideoRecorderService  - Video recording for test case 'Test Cases/2000_tresult/Return Passed' .
2025-09-24 07:44:45.058 INFO  c.k.katalon.core.main.TestCaseExecutor   - END Test Cases/2000_tresult/Return Passed
2025-09-24 07:44:45.060 INFO  c.k.katalon.core.main.TestCaseExecutor   - --------------------
2025-09-24 07:44:45.060 INFO  c.k.katalon.core.main.TestCaseExecutor   - START Test Cases/2000_tresult/Return Passed
2025-09-24 07:44:45.068 DEBUG testcase.Return Passed                   - 1: markPassed("Passed")
2025-09-24 07:44:45.069 DEBUG com.kms.katalon.core.util.KeywordUtil    - ✓ Passed
2025-09-24 07:44:47.072 INFO  c.k.k.c.c.internal.VideoRecorderService  - Video recording for test case 'Test Cases/2000_tresult/Return Passed' .
2025-09-24 07:44:47.073 INFO  c.k.katalon.core.main.TestCaseExecutor   - END Test Cases/2000_tresult/Return Passed
2025-09-24 07:44:47.074 INFO  c.k.katalon.core.main.TestCaseExecutor   - --------------------
2025-09-24 07:44:47.074 INFO  c.k.katalon.core.main.TestCaseExecutor   - START Test Cases/2000_tresult/Return Passed
2025-09-24 07:44:47.078 DEBUG testcase.Return Passed                   - 1: markPassed("Passed")
2025-09-24 07:44:47.078 DEBUG com.kms.katalon.core.util.KeywordUtil    - ✓ Passed
2025-09-24 07:44:49.082 INFO  c.k.k.c.c.internal.VideoRecorderService  - Video recording for test case 'Test Cases/2000_tresult/Return Passed' .
2025-09-24 07:44:49.082 INFO  c.k.katalon.core.main.TestCaseExecutor   - END Test Cases/2000_tresult/Return Passed
2025-09-24 07:44:49.087 INFO  c.k.katalon.core.main.TestCaseExecutor   - --------------------
2025-09-24 07:44:49.087 INFO  c.k.katalon.core.main.TestCaseExecutor   - START Test Cases/2000_tresult/Return Passed
2025-09-24 07:44:49.092 DEBUG testcase.Return Passed                   - 1: markPassed("Passed")
2025-09-24 07:44:49.092 DEBUG com.kms.katalon.core.util.KeywordUtil    - ✓ Passed
2025-09-24 07:44:51.095 INFO  c.k.k.c.c.internal.VideoRecorderService  - Video recording for test case 'Test Cases/2000_tresult/Return Passed' .
2025-09-24 07:44:51.096 INFO  c.k.katalon.core.main.TestCaseExecutor   - END Test Cases/2000_tresult/Return Passed
2025-09-24 07:44:51.097 INFO  c.k.katalon.core.main.TestCaseExecutor   - --------------------
2025-09-24 07:44:51.097 INFO  c.k.katalon.core.main.TestCaseExecutor   - START Test Cases/2000_tresult/Return Passed
2025-09-24 07:44:51.102 DEBUG testcase.Return Passed                   - 1: markPassed("Passed")
2025-09-24 07:44:51.102 DEBUG com.kms.katalon.core.util.KeywordUtil    - ✓ Passed
2025-09-24 07:44:53.106 INFO  c.k.k.c.c.internal.VideoRecorderService  - Video recording for test case 'Test Cases/2000_tresult/Return Passed' .
2025-09-24 07:44:53.106 INFO  c.k.katalon.core.main.TestCaseExecutor   - END Test Cases/2000_tresult/Return Passed
2025-09-24 07:44:53.108 INFO  c.k.katalon.core.main.TestCaseExecutor   - --------------------
2025-09-24 07:44:53.108 INFO  c.k.katalon.core.main.TestCaseExecutor   - START Test Cases/2000_tresult/Return Passed
2025-09-24 07:44:53.112 DEBUG testcase.Return Passed                   - 1: markPassed("Passed")
2025-09-24 07:44:53.112 DEBUG com.kms.katalon.core.util.KeywordUtil    - ✓ Passed
2025-09-24 07:44:55.115 INFO  c.k.k.c.c.internal.VideoRecorderService  - Video recording for test case 'Test Cases/2000_tresult/Return Passed' .
2025-09-24 07:44:55.116 INFO  c.k.katalon.core.main.TestCaseExecutor   - END Test Cases/2000_tresult/Return Passed
2025-09-24 07:44:55.117 INFO  c.k.katalon.core.main.TestCaseExecutor   - --------------------
2025-09-24 07:44:55.117 INFO  c.k.katalon.core.main.TestCaseExecutor   - START Test Cases/2000_tresult/Return Passed
2025-09-24 07:44:55.121 DEBUG testcase.Return Passed                   - 1: markPassed("Passed")
2025-09-24 07:44:55.122 DEBUG com.kms.katalon.core.util.KeywordUtil    - ✓ Passed
2025-09-24 07:44:57.125 INFO  c.k.k.c.c.internal.VideoRecorderService  - Video recording for test case 'Test Cases/2000_tresult/Return Passed' .
2025-09-24 07:44:57.125 INFO  c.k.katalon.core.main.TestCaseExecutor   - END Test Cases/2000_tresult/Return Passed
2025-09-24 07:44:57.127 INFO  c.k.katalon.core.main.TestCaseExecutor   - --------------------
2025-09-24 07:44:57.127 INFO  c.k.katalon.core.main.TestCaseExecutor   - START Test Cases/2000_tresult/Return Passed
2025-09-24 07:44:57.135 DEBUG testcase.Return Passed                   - 1: markPassed("Passed")
2025-09-24 07:44:57.136 DEBUG com.kms.katalon.core.util.KeywordUtil    - ✓ Passed
2025-09-24 07:44:59.139 INFO  c.k.k.c.c.internal.VideoRecorderService  - Video recording for test case 'Test Cases/2000_tresult/Return Passed' .
2025-09-24 07:44:59.139 INFO  c.k.katalon.core.main.TestCaseExecutor   - END Test Cases/2000_tresult/Return Passed
2025-09-24 07:44:59.141 INFO  c.k.katalon.core.main.TestCaseExecutor   - --------------------
2025-09-24 07:44:59.141 INFO  c.k.katalon.core.main.TestCaseExecutor   - START Test Cases/2000_tresult/Return Passed
2025-09-24 07:44:59.145 DEBUG testcase.Return Passed                   - 1: markPassed("Passed")
2025-09-24 07:44:59.145 DEBUG com.kms.katalon.core.util.KeywordUtil    - ✓ Passed
2025-09-24 07:45:01.148 INFO  c.k.k.c.c.internal.VideoRecorderService  - Video recording for test case 'Test Cases/2000_tresult/Return Passed' .
2025-09-24 07:45:01.149 INFO  c.k.katalon.core.main.TestCaseExecutor   - END Test Cases/2000_tresult/Return Passed
2025-09-24 07:45:01.151 INFO  c.k.katalon.core.main.TestCaseExecutor   - --------------------
2025-09-24 07:45:01.151 INFO  c.k.katalon.core.main.TestCaseExecutor   - START Test Cases/2000_tresult/Return Passed
2025-09-24 07:45:01.156 DEBUG testcase.Return Passed                   - 1: markPassed("Passed")
2025-09-24 07:45:01.156 DEBUG com.kms.katalon.core.util.KeywordUtil    - ✓ Passed
2025-09-24 07:45:03.159 INFO  c.k.k.c.c.internal.VideoRecorderService  - Video recording for test case 'Test Cases/2000_tresult/Return Passed' .
2025-09-24 07:45:03.160 INFO  c.k.katalon.core.main.TestCaseExecutor   - END Test Cases/2000_tresult/Return Passed
2025-09-24 07:45:03.161 INFO  c.k.katalon.core.main.TestCaseExecutor   - --------------------
2025-09-24 07:45:03.161 INFO  c.k.katalon.core.main.TestCaseExecutor   - START Test Cases/2000_tresult/Return Passed
2025-09-24 07:45:03.166 DEBUG testcase.Return Passed                   - 1: markPassed("Passed")
2025-09-24 07:45:03.166 DEBUG com.kms.katalon.core.util.KeywordUtil    - ✓ Passed
2025-09-24 07:45:05.169 INFO  c.k.k.c.c.internal.VideoRecorderService  - Video recording for test case 'Test Cases/2000_tresult/Return Passed' .
2025-09-24 07:45:05.170 INFO  c.k.katalon.core.main.TestCaseExecutor   - END Test Cases/2000_tresult/Return Passed
2025-09-24 07:45:05.171 INFO  c.k.katalon.core.main.TestCaseExecutor   - --------------------
2025-09-24 07:45:05.171 INFO  c.k.katalon.core.main.TestCaseExecutor   - START Test Cases/2000_tresult/Return Passed
2025-09-24 07:45:05.175 DEBUG testcase.Return Passed                   - 1: markPassed("Passed")
2025-09-24 07:45:05.176 DEBUG com.kms.katalon.core.util.KeywordUtil    - ✓ Passed
2025-09-24 07:45:07.179 INFO  c.k.k.c.c.internal.VideoRecorderService  - Video recording for test case 'Test Cases/2000_tresult/Return Passed' .
2025-09-24 07:45:07.179 INFO  c.k.katalon.core.main.TestCaseExecutor   - END Test Cases/2000_tresult/Return Passed
2025-09-24 07:45:07.181 INFO  c.k.katalon.core.main.TestCaseExecutor   - --------------------
2025-09-24 07:45:07.183 INFO  c.k.katalon.core.main.TestCaseExecutor   - START Test Cases/2000_tresult/Return Passed
2025-09-24 07:45:07.188 DEBUG testcase.Return Passed                   - 1: markPassed("Passed")
2025-09-24 07:45:07.188 DEBUG com.kms.katalon.core.util.KeywordUtil    - ✓ Passed
2025-09-24 07:45:09.192 INFO  c.k.k.c.c.internal.VideoRecorderService  - Video recording for test case 'Test Cases/2000_tresult/Return Passed' .
2025-09-24 07:45:09.192 INFO  c.k.katalon.core.main.TestCaseExecutor   - END Test Cases/2000_tresult/Return Passed
2025-09-24 07:45:09.194 INFO  c.k.katalon.core.main.TestCaseExecutor   - --------------------
2025-09-24 07:45:09.194 INFO  c.k.katalon.core.main.TestCaseExecutor   - START Test Cases/2000_tresult/Return Passed
2025-09-24 07:45:09.198 DEBUG testcase.Return Passed                   - 1: markPassed("Passed")
2025-09-24 07:45:09.198 DEBUG com.kms.katalon.core.util.KeywordUtil    - ✓ Passed
2025-09-24 07:45:11.201 INFO  c.k.k.c.c.internal.VideoRecorderService  - Video recording for test case 'Test Cases/2000_tresult/Return Passed' .
2025-09-24 07:45:11.202 INFO  c.k.katalon.core.main.TestCaseExecutor   - END Test Cases/2000_tresult/Return Passed
2025-09-24 07:45:11.204 INFO  c.k.katalon.core.main.TestCaseExecutor   - --------------------
2025-09-24 07:45:11.204 INFO  c.k.katalon.core.main.TestCaseExecutor   - START Test Cases/2000_tresult/Return Passed
2025-09-24 07:45:11.208 DEBUG testcase.Return Passed                   - 1: markPassed("Passed")
2025-09-24 07:45:11.208 DEBUG com.kms.katalon.core.util.KeywordUtil    - ✓ Passed
2025-09-24 07:45:13.212 INFO  c.k.k.c.c.internal.VideoRecorderService  - Video recording for test case 'Test Cases/2000_tresult/Return Passed' .
2025-09-24 07:45:13.212 INFO  c.k.katalon.core.main.TestCaseExecutor   - END Test Cases/2000_tresult/Return Passed
2025-09-24 07:45:13.214 INFO  c.k.katalon.core.main.TestCaseExecutor   - --------------------
2025-09-24 07:45:13.214 INFO  c.k.katalon.core.main.TestCaseExecutor   - START Test Cases/2000_tresult/Return Passed
2025-09-24 07:45:13.219 DEBUG testcase.Return Passed                   - 1: markPassed("Passed")
2025-09-24 07:45:13.220 DEBUG com.kms.katalon.core.util.KeywordUtil    - ✓ Passed
2025-09-24 07:45:15.223 INFO  c.k.k.c.c.internal.VideoRecorderService  - Video recording for test case 'Test Cases/2000_tresult/Return Passed' .
2025-09-24 07:45:15.223 INFO  c.k.katalon.core.main.TestCaseExecutor   - END Test Cases/2000_tresult/Return Passed
2025-09-24 07:45:15.226 INFO  c.k.katalon.core.main.TestCaseExecutor   - --------------------
2025-09-24 07:45:15.226 INFO  c.k.katalon.core.main.TestCaseExecutor   - START Test Cases/2000_tresult/Return Passed
2025-09-24 07:45:15.231 DEBUG testcase.Return Passed                   - 1: markPassed("Passed")
2025-09-24 07:45:15.231 DEBUG com.kms.katalon.core.util.KeywordUtil    - ✓ Passed
2025-09-24 07:45:17.234 INFO  c.k.k.c.c.internal.VideoRecorderService  - Video recording for test case 'Test Cases/2000_tresult/Return Passed' .
2025-09-24 07:45:17.235 INFO  c.k.katalon.core.main.TestCaseExecutor   - END Test Cases/2000_tresult/Return Passed
2025-09-24 07:45:17.236 INFO  c.k.katalon.core.main.TestCaseExecutor   - --------------------
2025-09-24 07:45:17.236 INFO  c.k.katalon.core.main.TestCaseExecutor   - START Test Cases/2000_tresult/Return Passed
2025-09-24 07:45:17.240 DEBUG testcase.Return Passed                   - 1: markPassed("Passed")
2025-09-24 07:45:17.240 DEBUG com.kms.katalon.core.util.KeywordUtil    - ✓ Passed
2025-09-24 07:45:19.244 INFO  c.k.k.c.c.internal.VideoRecorderService  - Video recording for test case 'Test Cases/2000_tresult/Return Passed' .
2025-09-24 07:45:19.244 INFO  c.k.katalon.core.main.TestCaseExecutor   - END Test Cases/2000_tresult/Return Passed
2025-09-24 07:45:19.246 INFO  c.k.katalon.core.main.TestCaseExecutor   - --------------------
2025-09-24 07:45:19.246 INFO  c.k.katalon.core.main.TestCaseExecutor   - START Test Cases/2000_tresult/Return Passed
2025-09-24 07:45:19.251 DEBUG testcase.Return Passed                   - 1: markPassed("Passed")
2025-09-24 07:45:19.251 DEBUG com.kms.katalon.core.util.KeywordUtil    - ✓ Passed
2025-09-24 07:45:21.255 INFO  c.k.k.c.c.internal.VideoRecorderService  - Video recording for test case 'Test Cases/2000_tresult/Return Passed' .
2025-09-24 07:45:21.255 INFO  c.k.katalon.core.main.TestCaseExecutor   - END Test Cases/2000_tresult/Return Passed
2025-09-24 07:45:21.257 INFO  c.k.katalon.core.main.TestCaseExecutor   - --------------------
2025-09-24 07:45:21.257 INFO  c.k.katalon.core.main.TestCaseExecutor   - START Test Cases/2000_tresult/Return Passed
2025-09-24 07:45:21.261 DEBUG testcase.Return Passed                   - 1: markPassed("Passed")
2025-09-24 07:45:21.261 DEBUG com.kms.katalon.core.util.KeywordUtil    - ✓ Passed
2025-09-24 07:45:23.265 INFO  c.k.k.c.c.internal.VideoRecorderService  - Video recording for test case 'Test Cases/2000_tresult/Return Passed' .
2025-09-24 07:45:23.265 INFO  c.k.katalon.core.main.TestCaseExecutor   - END Test Cases/2000_tresult/Return Passed
2025-09-24 07:45:23.268 INFO  c.k.katalon.core.main.TestCaseExecutor   - --------------------
2025-09-24 07:45:23.268 INFO  c.k.katalon.core.main.TestCaseExecutor   - START Test Cases/2000_tresult/Return Passed
2025-09-24 07:45:23.272 DEBUG testcase.Return Passed                   - 1: markPassed("Passed")
2025-09-24 07:45:23.272 DEBUG com.kms.katalon.core.util.KeywordUtil    - ✓ Passed
2025-09-24 07:45:25.275 INFO  c.k.k.c.c.internal.VideoRecorderService  - Video recording for test case 'Test Cases/2000_tresult/Return Passed' .
2025-09-24 07:45:25.276 INFO  c.k.katalon.core.main.TestCaseExecutor   - END Test Cases/2000_tresult/Return Passed
2025-09-24 07:45:25.279 INFO  c.k.katalon.core.main.TestCaseExecutor   - --------------------
2025-09-24 07:45:25.279 INFO  c.k.katalon.core.main.TestCaseExecutor   - START Test Cases/2000_tresult/Return Passed
2025-09-24 07:45:25.288 DEBUG testcase.Return Passed                   - 1: markPassed("Passed")
2025-09-24 07:45:25.288 DEBUG com.kms.katalon.core.util.KeywordUtil    - ✓ Passed
2025-09-24 07:45:27.292 INFO  c.k.k.c.c.internal.VideoRecorderService  - Video recording for test case 'Test Cases/2000_tresult/Return Passed' .
2025-09-24 07:45:27.292 INFO  c.k.katalon.core.main.TestCaseExecutor   - END Test Cases/2000_tresult/Return Passed
2025-09-24 07:45:27.296 INFO  c.k.katalon.core.main.TestCaseExecutor   - --------------------
2025-09-24 07:45:27.296 INFO  c.k.katalon.core.main.TestCaseExecutor   - START Test Cases/2000_tresult/Return Passed
2025-09-24 07:45:27.301 DEBUG testcase.Return Passed                   - 1: markPassed("Passed")
2025-09-24 07:45:27.301 DEBUG com.kms.katalon.core.util.KeywordUtil    - ✓ Passed
2025-09-24 07:45:29.304 INFO  c.k.k.c.c.internal.VideoRecorderService  - Video recording for test case 'Test Cases/2000_tresult/Return Passed' .
2025-09-24 07:45:29.305 INFO  c.k.katalon.core.main.TestCaseExecutor   - END Test Cases/2000_tresult/Return Passed
2025-09-24 07:45:29.306 INFO  c.k.katalon.core.main.TestCaseExecutor   - --------------------
2025-09-24 07:45:29.306 INFO  c.k.katalon.core.main.TestCaseExecutor   - START Test Cases/2000_tresult/Return Passed
2025-09-24 07:45:29.311 DEBUG testcase.Return Passed                   - 1: markPassed("Passed")
2025-09-24 07:45:29.311 DEBUG com.kms.katalon.core.util.KeywordUtil    - ✓ Passed
2025-09-24 07:45:31.315 INFO  c.k.k.c.c.internal.VideoRecorderService  - Video recording for test case 'Test Cases/2000_tresult/Return Passed' .
2025-09-24 07:45:31.315 INFO  c.k.katalon.core.main.TestCaseExecutor   - END Test Cases/2000_tresult/Return Passed
2025-09-24 07:45:31.319 INFO  c.k.katalon.core.main.TestCaseExecutor   - --------------------
2025-09-24 07:45:31.319 INFO  c.k.katalon.core.main.TestCaseExecutor   - START Test Cases/2000_tresult/Return Passed
2025-09-24 07:45:31.324 DEBUG testcase.Return Passed                   - 1: markPassed("Passed")
2025-09-24 07:45:31.324 DEBUG com.kms.katalon.core.util.KeywordUtil    - ✓ Passed
2025-09-24 07:45:33.327 INFO  c.k.k.c.c.internal.VideoRecorderService  - Video recording for test case 'Test Cases/2000_tresult/Return Passed' .
2025-09-24 07:45:33.328 INFO  c.k.katalon.core.main.TestCaseExecutor   - END Test Cases/2000_tresult/Return Passed
2025-09-24 07:45:33.330 INFO  c.k.katalon.core.main.TestCaseExecutor   - --------------------
2025-09-24 07:45:33.330 INFO  c.k.katalon.core.main.TestCaseExecutor   - START Test Cases/2000_tresult/Return Passed
2025-09-24 07:45:33.334 DEBUG testcase.Return Passed                   - 1: markPassed("Passed")
2025-09-24 07:45:33.334 DEBUG com.kms.katalon.core.util.KeywordUtil    - ✓ Passed
2025-09-24 07:45:35.337 INFO  c.k.k.c.c.internal.VideoRecorderService  - Video recording for test case 'Test Cases/2000_tresult/Return Passed' .
2025-09-24 07:45:35.337 INFO  c.k.katalon.core.main.TestCaseExecutor   - END Test Cases/2000_tresult/Return Passed
2025-09-24 07:45:35.339 INFO  c.k.katalon.core.main.TestCaseExecutor   - --------------------
2025-09-24 07:45:35.339 INFO  c.k.katalon.core.main.TestCaseExecutor   - START Test Cases/2000_tresult/Return Passed
2025-09-24 07:45:35.343 DEBUG testcase.Return Passed                   - 1: markPassed("Passed")
2025-09-24 07:45:35.343 DEBUG com.kms.katalon.core.util.KeywordUtil    - ✓ Passed
2025-09-24 07:45:37.346 INFO  c.k.k.c.c.internal.VideoRecorderService  - Video recording for test case 'Test Cases/2000_tresult/Return Passed' .
2025-09-24 07:45:37.347 INFO  c.k.katalon.core.main.TestCaseExecutor   - END Test Cases/2000_tresult/Return Passed
2025-09-24 07:45:37.348 INFO  c.k.katalon.core.main.TestCaseExecutor   - --------------------
2025-09-24 07:45:37.349 INFO  c.k.katalon.core.main.TestCaseExecutor   - START Test Cases/2000_tresult/Return Passed
2025-09-24 07:45:37.353 DEBUG testcase.Return Passed                   - 1: markPassed("Passed")
2025-09-24 07:45:37.353 DEBUG com.kms.katalon.core.util.KeywordUtil    - ✓ Passed
2025-09-24 07:45:39.356 INFO  c.k.k.c.c.internal.VideoRecorderService  - Video recording for test case 'Test Cases/2000_tresult/Return Passed' .
2025-09-24 07:45:39.356 INFO  c.k.katalon.core.main.TestCaseExecutor   - END Test Cases/2000_tresult/Return Passed
2025-09-24 07:45:39.358 INFO  c.k.katalon.core.main.TestCaseExecutor   - --------------------
2025-09-24 07:45:39.358 INFO  c.k.katalon.core.main.TestCaseExecutor   - START Test Cases/2000_tresult/Return Passed
2025-09-24 07:45:39.363 DEBUG testcase.Return Passed                   - 1: markPassed("Passed")
2025-09-24 07:45:39.363 DEBUG com.kms.katalon.core.util.KeywordUtil    - ✓ Passed
2025-09-24 07:45:41.367 INFO  c.k.k.c.c.internal.VideoRecorderService  - Video recording for test case 'Test Cases/2000_tresult/Return Passed' .
2025-09-24 07:45:41.367 INFO  c.k.katalon.core.main.TestCaseExecutor   - END Test Cases/2000_tresult/Return Passed
2025-09-24 07:45:41.386 INFO  c.k.katalon.core.main.TestSuiteExecutor  - --------------------
2025-09-24 07:45:41.386 INFO  c.k.katalon.core.main.TestSuiteExecutor  - END Test Suites/100_tc
2025-09-24 07:45:41.386 INFO  c.k.katalon.core.main.TestSuiteExecutor  - ====================
