2025-09-24 07:43:30.311 INFO  c.k.katalon.core.main.TestSuiteExecutor  - START Test Suites/100_tc
2025-09-24 07:43:30.381 INFO  c.k.katalon.core.main.TestSuiteExecutor  - userFullName = Man Hua
2025-09-24 07:43:30.382 INFO  c.k.katalon.core.main.TestSuiteExecutor  - projectName = Demo-Bulk-Operation
2025-09-24 07:43:30.383 INFO  c.k.katalon.core.main.TestSuiteExecutor  - hostName = agent - 14475linalllatest-778648-katalon-agent-25sdn
2025-09-24 07:43:30.385 INFO  c.k.katalon.core.main.TestSuiteExecutor  - os = Linux 64bit
2025-09-24 07:43:30.386 INFO  c.k.katalon.core.main.TestSuiteExecutor  - hostAddress = 10.10.10.53
2025-09-24 07:43:30.386 INFO  c.k.katalon.core.main.TestSuiteExecutor  - katalonVersion = 10.3.1.0
2025-09-24 07:43:30.717 INFO  c.k.katalon.core.main.TestCaseExecutor   - --------------------
2025-09-24 07:43:30.717 INFO  c.k.katalon.core.main.TestCaseExecutor   - START Test Cases/2000_tresult/Return Passed
2025-09-24 07:43:30.788 DEBUG testcase.Return Passed                   - 1: markPassed("Passed")
2025-09-24 07:43:30.792 DEBUG com.kms.katalon.core.util.KeywordUtil    - ✓ Passed
2025-09-24 07:43:32.842 INFO  c.k.k.c.c.internal.VideoRecorderService  - Video recording for test case 'Test Cases/2000_tresult/Return Passed' .
2025-09-24 07:43:32.843 INFO  c.k.katalon.core.main.TestCaseExecutor   - END Test Cases/2000_tresult/Return Passed
2025-09-24 07:43:32.846 INFO  c.k.katalon.core.main.TestCaseExecutor   - --------------------
2025-09-24 07:43:32.846 INFO  c.k.katalon.core.main.TestCaseExecutor   - START Test Cases/2000_tresult/Return Passed
2025-09-24 07:43:32.855 DEBUG testcase.Return Passed                   - 1: markPassed("Passed")
2025-09-24 07:43:32.856 DEBUG com.kms.katalon.core.util.KeywordUtil    - ✓ Passed
2025-09-24 07:43:34.861 INFO  c.k.k.c.c.internal.VideoRecorderService  - Video recording for test case 'Test Cases/2000_tresult/Return Passed' .
2025-09-24 07:43:34.862 INFO  c.k.katalon.core.main.TestCaseExecutor   - END Test Cases/2000_tresult/Return Passed
2025-09-24 07:43:34.864 INFO  c.k.katalon.core.main.TestCaseExecutor   - --------------------
2025-09-24 07:43:34.865 INFO  c.k.katalon.core.main.TestCaseExecutor   - START Test Cases/2000_tresult/Return Passed
2025-09-24 07:43:34.871 DEBUG testcase.Return Passed                   - 1: markPassed("Passed")
2025-09-24 07:43:34.872 DEBUG com.kms.katalon.core.util.KeywordUtil    - ✓ Passed
2025-09-24 07:43:36.876 INFO  c.k.k.c.c.internal.VideoRecorderService  - Video recording for test case 'Test Cases/2000_tresult/Return Passed' .
2025-09-24 07:43:36.877 INFO  c.k.katalon.core.main.TestCaseExecutor   - END Test Cases/2000_tresult/Return Passed
2025-09-24 07:43:36.879 INFO  c.k.katalon.core.main.TestCaseExecutor   - --------------------
2025-09-24 07:43:36.879 INFO  c.k.katalon.core.main.TestCaseExecutor   - START Test Cases/2000_tresult/Return Passed
2025-09-24 07:43:36.884 DEBUG testcase.Return Passed                   - 1: markPassed("Passed")
2025-09-24 07:43:36.885 DEBUG com.kms.katalon.core.util.KeywordUtil    - ✓ Passed
2025-09-24 07:43:38.889 INFO  c.k.k.c.c.internal.VideoRecorderService  - Video recording for test case 'Test Cases/2000_tresult/Return Passed' .
2025-09-24 07:43:38.890 INFO  c.k.katalon.core.main.TestCaseExecutor   - END Test Cases/2000_tresult/Return Passed
2025-09-24 07:43:38.892 INFO  c.k.katalon.core.main.TestCaseExecutor   - --------------------
2025-09-24 07:43:38.892 INFO  c.k.katalon.core.main.TestCaseExecutor   - START Test Cases/2000_tresult/Return Passed
2025-09-24 07:43:38.898 DEBUG testcase.Return Passed                   - 1: markPassed("Passed")
2025-09-24 07:43:38.898 DEBUG com.kms.katalon.core.util.KeywordUtil    - ✓ Passed
2025-09-24 07:43:40.904 INFO  c.k.k.c.c.internal.VideoRecorderService  - Video recording for test case 'Test Cases/2000_tresult/Return Passed' .
2025-09-24 07:43:40.905 INFO  c.k.katalon.core.main.TestCaseExecutor   - END Test Cases/2000_tresult/Return Passed
2025-09-24 07:43:40.907 INFO  c.k.katalon.core.main.TestCaseExecutor   - --------------------
2025-09-24 07:43:40.907 INFO  c.k.katalon.core.main.TestCaseExecutor   - START Test Cases/2000_tresult/Return Passed
2025-09-24 07:43:40.916 DEBUG testcase.Return Passed                   - 1: markPassed("Passed")
2025-09-24 07:43:40.917 DEBUG com.kms.katalon.core.util.KeywordUtil    - ✓ Passed
2025-09-24 07:43:42.921 INFO  c.k.k.c.c.internal.VideoRecorderService  - Video recording for test case 'Test Cases/2000_tresult/Return Passed' .
2025-09-24 07:43:42.922 INFO  c.k.katalon.core.main.TestCaseExecutor   - END Test Cases/2000_tresult/Return Passed
2025-09-24 07:43:42.924 INFO  c.k.katalon.core.main.TestCaseExecutor   - --------------------
2025-09-24 07:43:42.924 INFO  c.k.katalon.core.main.TestCaseExecutor   - START Test Cases/2000_tresult/Return Passed
2025-09-24 07:43:42.929 DEBUG testcase.Return Passed                   - 1: markPassed("Passed")
2025-09-24 07:43:42.930 DEBUG com.kms.katalon.core.util.KeywordUtil    - ✓ Passed
2025-09-24 07:43:44.934 INFO  c.k.k.c.c.internal.VideoRecorderService  - Video recording for test case 'Test Cases/2000_tresult/Return Passed' .
2025-09-24 07:43:44.935 INFO  c.k.katalon.core.main.TestCaseExecutor   - END Test Cases/2000_tresult/Return Passed
2025-09-24 07:43:44.937 INFO  c.k.katalon.core.main.TestCaseExecutor   - --------------------
2025-09-24 07:43:44.937 INFO  c.k.katalon.core.main.TestCaseExecutor   - START Test Cases/2000_tresult/Return Passed
2025-09-24 07:43:44.942 DEBUG testcase.Return Passed                   - 1: markPassed("Passed")
2025-09-24 07:43:44.942 DEBUG com.kms.katalon.core.util.KeywordUtil    - ✓ Passed
2025-09-24 07:43:46.946 INFO  c.k.k.c.c.internal.VideoRecorderService  - Video recording for test case 'Test Cases/2000_tresult/Return Passed' .
2025-09-24 07:43:46.947 INFO  c.k.katalon.core.main.TestCaseExecutor   - END Test Cases/2000_tresult/Return Passed
2025-09-24 07:43:46.950 INFO  c.k.katalon.core.main.TestCaseExecutor   - --------------------
2025-09-24 07:43:46.950 INFO  c.k.katalon.core.main.TestCaseExecutor   - START Test Cases/2000_tresult/Return Passed
2025-09-24 07:43:46.955 DEBUG testcase.Return Passed                   - 1: markPassed("Passed")
2025-09-24 07:43:46.955 DEBUG com.kms.katalon.core.util.KeywordUtil    - ✓ Passed
2025-09-24 07:43:48.959 INFO  c.k.k.c.c.internal.VideoRecorderService  - Video recording for test case 'Test Cases/2000_tresult/Return Passed' .
2025-09-24 07:43:48.960 INFO  c.k.katalon.core.main.TestCaseExecutor   - END Test Cases/2000_tresult/Return Passed
2025-09-24 07:43:48.962 INFO  c.k.katalon.core.main.TestCaseExecutor   - --------------------
2025-09-24 07:43:48.962 INFO  c.k.katalon.core.main.TestCaseExecutor   - START Test Cases/2000_tresult/Return Passed
2025-09-24 07:43:48.967 DEBUG testcase.Return Passed                   - 1: markPassed("Passed")
2025-09-24 07:43:48.967 DEBUG com.kms.katalon.core.util.KeywordUtil    - ✓ Passed
2025-09-24 07:43:50.971 INFO  c.k.k.c.c.internal.VideoRecorderService  - Video recording for test case 'Test Cases/2000_tresult/Return Passed' .
2025-09-24 07:43:50.972 INFO  c.k.katalon.core.main.TestCaseExecutor   - END Test Cases/2000_tresult/Return Passed
2025-09-24 07:43:50.975 INFO  c.k.katalon.core.main.TestCaseExecutor   - --------------------
2025-09-24 07:43:50.975 INFO  c.k.katalon.core.main.TestCaseExecutor   - START Test Cases/2000_tresult/Return Passed
2025-09-24 07:43:50.980 DEBUG testcase.Return Passed                   - 1: markPassed("Passed")
2025-09-24 07:43:50.980 DEBUG com.kms.katalon.core.util.KeywordUtil    - ✓ Passed
2025-09-24 07:43:52.984 INFO  c.k.k.c.c.internal.VideoRecorderService  - Video recording for test case 'Test Cases/2000_tresult/Return Passed' .
2025-09-24 07:43:52.985 INFO  c.k.katalon.core.main.TestCaseExecutor   - END Test Cases/2000_tresult/Return Passed
2025-09-24 07:43:52.987 INFO  c.k.katalon.core.main.TestCaseExecutor   - --------------------
2025-09-24 07:43:52.987 INFO  c.k.katalon.core.main.TestCaseExecutor   - START Test Cases/2000_tresult/Return Passed
2025-09-24 07:43:52.993 DEBUG testcase.Return Passed                   - 1: markPassed("Passed")
2025-09-24 07:43:52.993 DEBUG com.kms.katalon.core.util.KeywordUtil    - ✓ Passed
2025-09-24 07:43:54.998 INFO  c.k.k.c.c.internal.VideoRecorderService  - Video recording for test case 'Test Cases/2000_tresult/Return Passed' .
2025-09-24 07:43:55.000 INFO  c.k.katalon.core.main.TestCaseExecutor   - END Test Cases/2000_tresult/Return Passed
2025-09-24 07:43:55.003 INFO  c.k.katalon.core.main.TestCaseExecutor   - --------------------
2025-09-24 07:43:55.003 INFO  c.k.katalon.core.main.TestCaseExecutor   - START Test Cases/2000_tresult/Return Passed
2025-09-24 07:43:55.008 DEBUG testcase.Return Passed                   - 1: markPassed("Passed")
2025-09-24 07:43:55.008 DEBUG com.kms.katalon.core.util.KeywordUtil    - ✓ Passed
2025-09-24 07:43:57.011 INFO  c.k.k.c.c.internal.VideoRecorderService  - Video recording for test case 'Test Cases/2000_tresult/Return Passed' .
2025-09-24 07:43:57.012 INFO  c.k.katalon.core.main.TestCaseExecutor   - END Test Cases/2000_tresult/Return Passed
2025-09-24 07:43:57.014 INFO  c.k.katalon.core.main.TestCaseExecutor   - --------------------
2025-09-24 07:43:57.014 INFO  c.k.katalon.core.main.TestCaseExecutor   - START Test Cases/2000_tresult/Return Passed
2025-09-24 07:43:57.019 DEBUG testcase.Return Passed                   - 1: markPassed("Passed")
2025-09-24 07:43:57.019 DEBUG com.kms.katalon.core.util.KeywordUtil    - ✓ Passed
2025-09-24 07:43:59.023 INFO  c.k.k.c.c.internal.VideoRecorderService  - Video recording for test case 'Test Cases/2000_tresult/Return Passed' .
2025-09-24 07:43:59.023 INFO  c.k.katalon.core.main.TestCaseExecutor   - END Test Cases/2000_tresult/Return Passed
2025-09-24 07:43:59.026 INFO  c.k.katalon.core.main.TestCaseExecutor   - --------------------
2025-09-24 07:43:59.026 INFO  c.k.katalon.core.main.TestCaseExecutor   - START Test Cases/2000_tresult/Return Passed
2025-09-24 07:43:59.032 DEBUG testcase.Return Passed                   - 1: markPassed("Passed")
2025-09-24 07:43:59.033 DEBUG com.kms.katalon.core.util.KeywordUtil    - ✓ Passed
2025-09-24 07:44:01.036 INFO  c.k.k.c.c.internal.VideoRecorderService  - Video recording for test case 'Test Cases/2000_tresult/Return Passed' .
2025-09-24 07:44:01.037 INFO  c.k.katalon.core.main.TestCaseExecutor   - END Test Cases/2000_tresult/Return Passed
2025-09-24 07:44:01.041 INFO  c.k.katalon.core.main.TestCaseExecutor   - --------------------
2025-09-24 07:44:01.042 INFO  c.k.katalon.core.main.TestCaseExecutor   - START Test Cases/2000_tresult/Return Passed
2025-09-24 07:44:01.047 DEBUG testcase.Return Passed                   - 1: markPassed("Passed")
2025-09-24 07:44:01.047 DEBUG com.kms.katalon.core.util.KeywordUtil    - ✓ Passed
2025-09-24 07:44:03.051 INFO  c.k.k.c.c.internal.VideoRecorderService  - Video recording for test case 'Test Cases/2000_tresult/Return Passed' .
2025-09-24 07:44:03.052 INFO  c.k.katalon.core.main.TestCaseExecutor   - END Test Cases/2000_tresult/Return Passed
2025-09-24 07:44:03.054 INFO  c.k.katalon.core.main.TestCaseExecutor   - --------------------
2025-09-24 07:44:03.054 INFO  c.k.katalon.core.main.TestCaseExecutor   - START Test Cases/2000_tresult/Return Passed
2025-09-24 07:44:03.059 DEBUG testcase.Return Passed                   - 1: markPassed("Passed")
2025-09-24 07:44:03.060 DEBUG com.kms.katalon.core.util.KeywordUtil    - ✓ Passed
2025-09-24 07:44:05.063 INFO  c.k.k.c.c.internal.VideoRecorderService  - Video recording for test case 'Test Cases/2000_tresult/Return Passed' .
2025-09-24 07:44:05.064 INFO  c.k.katalon.core.main.TestCaseExecutor   - END Test Cases/2000_tresult/Return Passed
2025-09-24 07:44:05.066 INFO  c.k.katalon.core.main.TestCaseExecutor   - --------------------
2025-09-24 07:44:05.066 INFO  c.k.katalon.core.main.TestCaseExecutor   - START Test Cases/2000_tresult/Return Passed
2025-09-24 07:44:05.071 DEBUG testcase.Return Passed                   - 1: markPassed("Passed")
2025-09-24 07:44:05.071 DEBUG com.kms.katalon.core.util.KeywordUtil    - ✓ Passed
2025-09-24 07:44:07.075 INFO  c.k.k.c.c.internal.VideoRecorderService  - Video recording for test case 'Test Cases/2000_tresult/Return Passed' .
2025-09-24 07:44:07.075 INFO  c.k.katalon.core.main.TestCaseExecutor   - END Test Cases/2000_tresult/Return Passed
2025-09-24 07:44:07.077 INFO  c.k.katalon.core.main.TestCaseExecutor   - --------------------
2025-09-24 07:44:07.077 INFO  c.k.katalon.core.main.TestCaseExecutor   - START Test Cases/2000_tresult/Return Passed
2025-09-24 07:44:07.082 DEBUG testcase.Return Passed                   - 1: markPassed("Passed")
2025-09-24 07:44:07.082 DEBUG com.kms.katalon.core.util.KeywordUtil    - ✓ Passed
2025-09-24 07:44:09.086 INFO  c.k.k.c.c.internal.VideoRecorderService  - Video recording for test case 'Test Cases/2000_tresult/Return Passed' .
2025-09-24 07:44:09.087 INFO  c.k.katalon.core.main.TestCaseExecutor   - END Test Cases/2000_tresult/Return Passed
2025-09-24 07:44:09.089 INFO  c.k.katalon.core.main.TestCaseExecutor   - --------------------
2025-09-24 07:44:09.089 INFO  c.k.katalon.core.main.TestCaseExecutor   - START Test Cases/2000_tresult/Return Passed
2025-09-24 07:44:09.093 DEBUG testcase.Return Passed                   - 1: markPassed("Passed")
2025-09-24 07:44:09.093 DEBUG com.kms.katalon.core.util.KeywordUtil    - ✓ Passed
2025-09-24 07:44:11.097 INFO  c.k.k.c.c.internal.VideoRecorderService  - Video recording for test case 'Test Cases/2000_tresult/Return Passed' .
2025-09-24 07:44:11.097 INFO  c.k.katalon.core.main.TestCaseExecutor   - END Test Cases/2000_tresult/Return Passed
2025-09-24 07:44:11.101 INFO  c.k.katalon.core.main.TestCaseExecutor   - --------------------
2025-09-24 07:44:11.102 INFO  c.k.katalon.core.main.TestCaseExecutor   - START Test Cases/2000_tresult/Return Passed
2025-09-24 07:44:11.106 DEBUG testcase.Return Passed                   - 1: markPassed("Passed")
2025-09-24 07:44:11.106 DEBUG com.kms.katalon.core.util.KeywordUtil    - ✓ Passed
2025-09-24 07:44:13.110 INFO  c.k.k.c.c.internal.VideoRecorderService  - Video recording for test case 'Test Cases/2000_tresult/Return Passed' .
2025-09-24 07:44:13.112 INFO  c.k.katalon.core.main.TestCaseExecutor   - END Test Cases/2000_tresult/Return Passed
2025-09-24 07:44:13.114 INFO  c.k.katalon.core.main.TestCaseExecutor   - --------------------
2025-09-24 07:44:13.114 INFO  c.k.katalon.core.main.TestCaseExecutor   - START Test Cases/2000_tresult/Return Passed
2025-09-24 07:44:13.118 DEBUG testcase.Return Passed                   - 1: markPassed("Passed")
2025-09-24 07:44:13.118 DEBUG com.kms.katalon.core.util.KeywordUtil    - ✓ Passed
2025-09-24 07:44:15.122 INFO  c.k.k.c.c.internal.VideoRecorderService  - Video recording for test case 'Test Cases/2000_tresult/Return Passed' .
2025-09-24 07:44:15.122 INFO  c.k.katalon.core.main.TestCaseExecutor   - END Test Cases/2000_tresult/Return Passed
2025-09-24 07:44:15.125 INFO  c.k.katalon.core.main.TestCaseExecutor   - --------------------
2025-09-24 07:44:15.125 INFO  c.k.katalon.core.main.TestCaseExecutor   - START Test Cases/2000_tresult/Return Passed
2025-09-24 07:44:15.129 DEBUG testcase.Return Passed                   - 1: markPassed("Passed")
2025-09-24 07:44:15.129 DEBUG com.kms.katalon.core.util.KeywordUtil    - ✓ Passed
2025-09-24 07:44:17.133 INFO  c.k.k.c.c.internal.VideoRecorderService  - Video recording for test case 'Test Cases/2000_tresult/Return Passed' .
2025-09-24 07:44:17.133 INFO  c.k.katalon.core.main.TestCaseExecutor   - END Test Cases/2000_tresult/Return Passed
2025-09-24 07:44:17.135 INFO  c.k.katalon.core.main.TestCaseExecutor   - --------------------
2025-09-24 07:44:17.135 INFO  c.k.katalon.core.main.TestCaseExecutor   - START Test Cases/2000_tresult/Return Passed
2025-09-24 07:44:17.140 DEBUG testcase.Return Passed                   - 1: markPassed("Passed")
2025-09-24 07:44:17.140 DEBUG com.kms.katalon.core.util.KeywordUtil    - ✓ Passed
2025-09-24 07:44:19.144 INFO  c.k.k.c.c.internal.VideoRecorderService  - Video recording for test case 'Test Cases/2000_tresult/Return Passed' .
2025-09-24 07:44:19.144 INFO  c.k.katalon.core.main.TestCaseExecutor   - END Test Cases/2000_tresult/Return Passed
2025-09-24 07:44:19.146 INFO  c.k.katalon.core.main.TestCaseExecutor   - --------------------
2025-09-24 07:44:19.146 INFO  c.k.katalon.core.main.TestCaseExecutor   - START Test Cases/2000_tresult/Return Passed
2025-09-24 07:44:19.151 DEBUG testcase.Return Passed                   - 1: markPassed("Passed")
2025-09-24 07:44:19.151 DEBUG com.kms.katalon.core.util.KeywordUtil    - ✓ Passed
2025-09-24 07:44:21.154 INFO  c.k.k.c.c.internal.VideoRecorderService  - Video recording for test case 'Test Cases/2000_tresult/Return Passed' .
2025-09-24 07:44:21.155 INFO  c.k.katalon.core.main.TestCaseExecutor   - END Test Cases/2000_tresult/Return Passed
2025-09-24 07:44:21.157 INFO  c.k.katalon.core.main.TestCaseExecutor   - --------------------
2025-09-24 07:44:21.157 INFO  c.k.katalon.core.main.TestCaseExecutor   - START Test Cases/2000_tresult/Return Passed
2025-09-24 07:44:21.161 DEBUG testcase.Return Passed                   - 1: markPassed("Passed")
2025-09-24 07:44:21.161 DEBUG com.kms.katalon.core.util.KeywordUtil    - ✓ Passed
2025-09-24 07:44:23.165 INFO  c.k.k.c.c.internal.VideoRecorderService  - Video recording for test case 'Test Cases/2000_tresult/Return Passed' .
2025-09-24 07:44:23.165 INFO  c.k.katalon.core.main.TestCaseExecutor   - END Test Cases/2000_tresult/Return Passed
2025-09-24 07:44:23.167 INFO  c.k.katalon.core.main.TestCaseExecutor   - --------------------
2025-09-24 07:44:23.167 INFO  c.k.katalon.core.main.TestCaseExecutor   - START Test Cases/2000_tresult/Return Passed
2025-09-24 07:44:23.172 DEBUG testcase.Return Passed                   - 1: markPassed("Passed")
2025-09-24 07:44:23.172 DEBUG com.kms.katalon.core.util.KeywordUtil    - ✓ Passed
2025-09-24 07:44:25.175 INFO  c.k.k.c.c.internal.VideoRecorderService  - Video recording for test case 'Test Cases/2000_tresult/Return Passed' .
2025-09-24 07:44:25.176 INFO  c.k.katalon.core.main.TestCaseExecutor   - END Test Cases/2000_tresult/Return Passed
2025-09-24 07:44:25.178 INFO  c.k.katalon.core.main.TestCaseExecutor   - --------------------
2025-09-24 07:44:25.178 INFO  c.k.katalon.core.main.TestCaseExecutor   - START Test Cases/2000_tresult/Return Passed
2025-09-24 07:44:25.182 DEBUG testcase.Return Passed                   - 1: markPassed("Passed")
2025-09-24 07:44:25.182 DEBUG com.kms.katalon.core.util.KeywordUtil    - ✓ Passed
2025-09-24 07:44:27.186 INFO  c.k.k.c.c.internal.VideoRecorderService  - Video recording for test case 'Test Cases/2000_tresult/Return Passed' .
2025-09-24 07:44:27.186 INFO  c.k.katalon.core.main.TestCaseExecutor   - END Test Cases/2000_tresult/Return Passed
2025-09-24 07:44:27.189 INFO  c.k.katalon.core.main.TestCaseExecutor   - --------------------
2025-09-24 07:44:27.189 INFO  c.k.katalon.core.main.TestCaseExecutor   - START Test Cases/2000_tresult/Return Passed
2025-09-24 07:44:27.193 DEBUG testcase.Return Passed                   - 1: markPassed("Passed")
2025-09-24 07:44:27.193 DEBUG com.kms.katalon.core.util.KeywordUtil    - ✓ Passed
2025-09-24 07:44:29.196 INFO  c.k.k.c.c.internal.VideoRecorderService  - Video recording for test case 'Test Cases/2000_tresult/Return Passed' .
2025-09-24 07:44:29.197 INFO  c.k.katalon.core.main.TestCaseExecutor   - END Test Cases/2000_tresult/Return Passed
2025-09-24 07:44:29.199 INFO  c.k.katalon.core.main.TestCaseExecutor   - --------------------
2025-09-24 07:44:29.199 INFO  c.k.katalon.core.main.TestCaseExecutor   - START Test Cases/2000_tresult/Return Passed
2025-09-24 07:44:29.203 DEBUG testcase.Return Passed                   - 1: markPassed("Passed")
2025-09-24 07:44:29.203 DEBUG com.kms.katalon.core.util.KeywordUtil    - ✓ Passed
2025-09-24 07:44:31.207 INFO  c.k.k.c.c.internal.VideoRecorderService  - Video recording for test case 'Test Cases/2000_tresult/Return Passed' .
2025-09-24 07:44:31.207 INFO  c.k.katalon.core.main.TestCaseExecutor   - END Test Cases/2000_tresult/Return Passed
2025-09-24 07:44:31.209 INFO  c.k.katalon.core.main.TestCaseExecutor   - --------------------
2025-09-24 07:44:31.209 INFO  c.k.katalon.core.main.TestCaseExecutor   - START Test Cases/2000_tresult/Return Passed
2025-09-24 07:44:31.218 DEBUG testcase.Return Passed                   - 1: markPassed("Passed")
2025-09-24 07:44:31.218 DEBUG com.kms.katalon.core.util.KeywordUtil    - ✓ Passed
2025-09-24 07:44:33.222 INFO  c.k.k.c.c.internal.VideoRecorderService  - Video recording for test case 'Test Cases/2000_tresult/Return Passed' .
2025-09-24 07:44:33.223 INFO  c.k.katalon.core.main.TestCaseExecutor   - END Test Cases/2000_tresult/Return Passed
2025-09-24 07:44:33.224 INFO  c.k.katalon.core.main.TestCaseExecutor   - --------------------
2025-09-24 07:44:33.225 INFO  c.k.katalon.core.main.TestCaseExecutor   - START Test Cases/2000_tresult/Return Passed
2025-09-24 07:44:33.229 DEBUG testcase.Return Passed                   - 1: markPassed("Passed")
2025-09-24 07:44:33.230 DEBUG com.kms.katalon.core.util.KeywordUtil    - ✓ Passed
2025-09-24 07:44:35.233 INFO  c.k.k.c.c.internal.VideoRecorderService  - Video recording for test case 'Test Cases/2000_tresult/Return Passed' .
2025-09-24 07:44:35.234 INFO  c.k.katalon.core.main.TestCaseExecutor   - END Test Cases/2000_tresult/Return Passed
2025-09-24 07:44:35.236 INFO  c.k.katalon.core.main.TestCaseExecutor   - --------------------
2025-09-24 07:44:35.236 INFO  c.k.katalon.core.main.TestCaseExecutor   - START Test Cases/2000_tresult/Return Passed
2025-09-24 07:44:35.240 DEBUG testcase.Return Passed                   - 1: markPassed("Passed")
2025-09-24 07:44:35.240 DEBUG com.kms.katalon.core.util.KeywordUtil    - ✓ Passed
2025-09-24 07:44:37.243 INFO  c.k.k.c.c.internal.VideoRecorderService  - Video recording for test case 'Test Cases/2000_tresult/Return Passed' .
2025-09-24 07:44:37.244 INFO  c.k.katalon.core.main.TestCaseExecutor   - END Test Cases/2000_tresult/Return Passed
2025-09-24 07:44:37.246 INFO  c.k.katalon.core.main.TestCaseExecutor   - --------------------
2025-09-24 07:44:37.246 INFO  c.k.katalon.core.main.TestCaseExecutor   - START Test Cases/2000_tresult/Return Passed
2025-09-24 07:44:37.250 DEBUG testcase.Return Passed                   - 1: markPassed("Passed")
2025-09-24 07:44:37.250 DEBUG com.kms.katalon.core.util.KeywordUtil    - ✓ Passed
2025-09-24 07:44:39.253 INFO  c.k.k.c.c.internal.VideoRecorderService  - Video recording for test case 'Test Cases/2000_tresult/Return Passed' .
2025-09-24 07:44:39.254 INFO  c.k.katalon.core.main.TestCaseExecutor   - END Test Cases/2000_tresult/Return Passed
2025-09-24 07:44:39.256 INFO  c.k.katalon.core.main.TestCaseExecutor   - --------------------
2025-09-24 07:44:39.256 INFO  c.k.katalon.core.main.TestCaseExecutor   - START Test Cases/2000_tresult/Return Passed
2025-09-24 07:44:39.260 DEBUG testcase.Return Passed                   - 1: markPassed("Passed")
2025-09-24 07:44:39.260 DEBUG com.kms.katalon.core.util.KeywordUtil    - ✓ Passed
2025-09-24 07:44:41.263 INFO  c.k.k.c.c.internal.VideoRecorderService  - Video recording for test case 'Test Cases/2000_tresult/Return Passed' .
2025-09-24 07:44:41.264 INFO  c.k.katalon.core.main.TestCaseExecutor   - END Test Cases/2000_tresult/Return Passed
2025-09-24 07:44:41.266 INFO  c.k.katalon.core.main.TestCaseExecutor   - --------------------
2025-09-24 07:44:41.266 INFO  c.k.katalon.core.main.TestCaseExecutor   - START Test Cases/2000_tresult/Return Passed
2025-09-24 07:44:41.270 DEBUG testcase.Return Passed                   - 1: markPassed("Passed")
2025-09-24 07:44:41.270 DEBUG com.kms.katalon.core.util.KeywordUtil    - ✓ Passed
2025-09-24 07:44:43.273 INFO  c.k.k.c.c.internal.VideoRecorderService  - Video recording for test case 'Test Cases/2000_tresult/Return Passed' .
2025-09-24 07:44:43.274 INFO  c.k.katalon.core.main.TestCaseExecutor   - END Test Cases/2000_tresult/Return Passed
2025-09-24 07:44:43.276 INFO  c.k.katalon.core.main.TestCaseExecutor   - --------------------
2025-09-24 07:44:43.276 INFO  c.k.katalon.core.main.TestCaseExecutor   - START Test Cases/2000_tresult/Return Passed
2025-09-24 07:44:43.280 DEBUG testcase.Return Passed                   - 1: markPassed("Passed")
2025-09-24 07:44:43.280 DEBUG com.kms.katalon.core.util.KeywordUtil    - ✓ Passed
2025-09-24 07:44:45.284 INFO  c.k.k.c.c.internal.VideoRecorderService  - Video recording for test case 'Test Cases/2000_tresult/Return Passed' .
2025-09-24 07:44:45.284 INFO  c.k.katalon.core.main.TestCaseExecutor   - END Test Cases/2000_tresult/Return Passed
2025-09-24 07:44:45.286 INFO  c.k.katalon.core.main.TestCaseExecutor   - --------------------
2025-09-24 07:44:45.286 INFO  c.k.katalon.core.main.TestCaseExecutor   - START Test Cases/2000_tresult/Return Passed
2025-09-24 07:44:45.291 DEBUG testcase.Return Passed                   - 1: markPassed("Passed")
2025-09-24 07:44:45.291 DEBUG com.kms.katalon.core.util.KeywordUtil    - ✓ Passed
2025-09-24 07:44:47.295 INFO  c.k.k.c.c.internal.VideoRecorderService  - Video recording for test case 'Test Cases/2000_tresult/Return Passed' .
2025-09-24 07:44:47.296 INFO  c.k.katalon.core.main.TestCaseExecutor   - END Test Cases/2000_tresult/Return Passed
2025-09-24 07:44:47.297 INFO  c.k.katalon.core.main.TestCaseExecutor   - --------------------
2025-09-24 07:44:47.298 INFO  c.k.katalon.core.main.TestCaseExecutor   - START Test Cases/2000_tresult/Return Passed
2025-09-24 07:44:47.304 DEBUG testcase.Return Passed                   - 1: markPassed("Passed")
2025-09-24 07:44:47.304 DEBUG com.kms.katalon.core.util.KeywordUtil    - ✓ Passed
2025-09-24 07:44:49.308 INFO  c.k.k.c.c.internal.VideoRecorderService  - Video recording for test case 'Test Cases/2000_tresult/Return Passed' .
2025-09-24 07:44:49.309 INFO  c.k.katalon.core.main.TestCaseExecutor   - END Test Cases/2000_tresult/Return Passed
2025-09-24 07:44:49.311 INFO  c.k.katalon.core.main.TestCaseExecutor   - --------------------
2025-09-24 07:44:49.311 INFO  c.k.katalon.core.main.TestCaseExecutor   - START Test Cases/2000_tresult/Return Passed
2025-09-24 07:44:49.316 DEBUG testcase.Return Passed                   - 1: markPassed("Passed")
2025-09-24 07:44:49.316 DEBUG com.kms.katalon.core.util.KeywordUtil    - ✓ Passed
2025-09-24 07:44:51.319 INFO  c.k.k.c.c.internal.VideoRecorderService  - Video recording for test case 'Test Cases/2000_tresult/Return Passed' .
2025-09-24 07:44:51.320 INFO  c.k.katalon.core.main.TestCaseExecutor   - END Test Cases/2000_tresult/Return Passed
2025-09-24 07:44:51.322 INFO  c.k.katalon.core.main.TestCaseExecutor   - --------------------
2025-09-24 07:44:51.322 INFO  c.k.katalon.core.main.TestCaseExecutor   - START Test Cases/2000_tresult/Return Passed
2025-09-24 07:44:51.326 DEBUG testcase.Return Passed                   - 1: markPassed("Passed")
2025-09-24 07:44:51.326 DEBUG com.kms.katalon.core.util.KeywordUtil    - ✓ Passed
2025-09-24 07:44:53.330 INFO  c.k.k.c.c.internal.VideoRecorderService  - Video recording for test case 'Test Cases/2000_tresult/Return Passed' .
2025-09-24 07:44:53.331 INFO  c.k.katalon.core.main.TestCaseExecutor   - END Test Cases/2000_tresult/Return Passed
2025-09-24 07:44:53.333 INFO  c.k.katalon.core.main.TestCaseExecutor   - --------------------
2025-09-24 07:44:53.333 INFO  c.k.katalon.core.main.TestCaseExecutor   - START Test Cases/2000_tresult/Return Passed
2025-09-24 07:44:53.337 DEBUG testcase.Return Passed                   - 1: markPassed("Passed")
2025-09-24 07:44:53.337 DEBUG com.kms.katalon.core.util.KeywordUtil    - ✓ Passed
2025-09-24 07:44:55.341 INFO  c.k.k.c.c.internal.VideoRecorderService  - Video recording for test case 'Test Cases/2000_tresult/Return Passed' .
2025-09-24 07:44:55.341 INFO  c.k.katalon.core.main.TestCaseExecutor   - END Test Cases/2000_tresult/Return Passed
2025-09-24 07:44:55.343 INFO  c.k.katalon.core.main.TestCaseExecutor   - --------------------
2025-09-24 07:44:55.343 INFO  c.k.katalon.core.main.TestCaseExecutor   - START Test Cases/2000_tresult/Return Passed
2025-09-24 07:44:55.347 DEBUG testcase.Return Passed                   - 1: markPassed("Passed")
2025-09-24 07:44:55.347 DEBUG com.kms.katalon.core.util.KeywordUtil    - ✓ Passed
2025-09-24 07:44:57.351 INFO  c.k.k.c.c.internal.VideoRecorderService  - Video recording for test case 'Test Cases/2000_tresult/Return Passed' .
2025-09-24 07:44:57.351 INFO  c.k.katalon.core.main.TestCaseExecutor   - END Test Cases/2000_tresult/Return Passed
2025-09-24 07:44:57.353 INFO  c.k.katalon.core.main.TestCaseExecutor   - --------------------
2025-09-24 07:44:57.353 INFO  c.k.katalon.core.main.TestCaseExecutor   - START Test Cases/2000_tresult/Return Passed
2025-09-24 07:44:57.357 DEBUG testcase.Return Passed                   - 1: markPassed("Passed")
2025-09-24 07:44:57.357 DEBUG com.kms.katalon.core.util.KeywordUtil    - ✓ Passed
2025-09-24 07:44:59.360 INFO  c.k.k.c.c.internal.VideoRecorderService  - Video recording for test case 'Test Cases/2000_tresult/Return Passed' .
2025-09-24 07:44:59.361 INFO  c.k.katalon.core.main.TestCaseExecutor   - END Test Cases/2000_tresult/Return Passed
2025-09-24 07:44:59.363 INFO  c.k.katalon.core.main.TestCaseExecutor   - --------------------
2025-09-24 07:44:59.363 INFO  c.k.katalon.core.main.TestCaseExecutor   - START Test Cases/2000_tresult/Return Passed
2025-09-24 07:44:59.367 DEBUG testcase.Return Passed                   - 1: markPassed("Passed")
2025-09-24 07:44:59.367 DEBUG com.kms.katalon.core.util.KeywordUtil    - ✓ Passed
2025-09-24 07:45:01.370 INFO  c.k.k.c.c.internal.VideoRecorderService  - Video recording for test case 'Test Cases/2000_tresult/Return Passed' .
2025-09-24 07:45:01.371 INFO  c.k.katalon.core.main.TestCaseExecutor   - END Test Cases/2000_tresult/Return Passed
2025-09-24 07:45:01.373 INFO  c.k.katalon.core.main.TestCaseExecutor   - --------------------
2025-09-24 07:45:01.373 INFO  c.k.katalon.core.main.TestCaseExecutor   - START Test Cases/2000_tresult/Return Passed
2025-09-24 07:45:01.377 DEBUG testcase.Return Passed                   - 1: markPassed("Passed")
2025-09-24 07:45:01.377 DEBUG com.kms.katalon.core.util.KeywordUtil    - ✓ Passed
2025-09-24 07:45:03.380 INFO  c.k.k.c.c.internal.VideoRecorderService  - Video recording for test case 'Test Cases/2000_tresult/Return Passed' .
2025-09-24 07:45:03.381 INFO  c.k.katalon.core.main.TestCaseExecutor   - END Test Cases/2000_tresult/Return Passed
2025-09-24 07:45:03.383 INFO  c.k.katalon.core.main.TestCaseExecutor   - --------------------
2025-09-24 07:45:03.383 INFO  c.k.katalon.core.main.TestCaseExecutor   - START Test Cases/2000_tresult/Return Passed
2025-09-24 07:45:03.387 DEBUG testcase.Return Passed                   - 1: markPassed("Passed")
2025-09-24 07:45:03.387 DEBUG com.kms.katalon.core.util.KeywordUtil    - ✓ Passed
2025-09-24 07:45:05.390 INFO  c.k.k.c.c.internal.VideoRecorderService  - Video recording for test case 'Test Cases/2000_tresult/Return Passed' .
2025-09-24 07:45:05.391 INFO  c.k.katalon.core.main.TestCaseExecutor   - END Test Cases/2000_tresult/Return Passed
2025-09-24 07:45:05.393 INFO  c.k.katalon.core.main.TestCaseExecutor   - --------------------
2025-09-24 07:45:05.393 INFO  c.k.katalon.core.main.TestCaseExecutor   - START Test Cases/2000_tresult/Return Passed
2025-09-24 07:45:05.397 DEBUG testcase.Return Passed                   - 1: markPassed("Passed")
2025-09-24 07:45:05.397 DEBUG com.kms.katalon.core.util.KeywordUtil    - ✓ Passed
2025-09-24 07:45:07.400 INFO  c.k.k.c.c.internal.VideoRecorderService  - Video recording for test case 'Test Cases/2000_tresult/Return Passed' .
2025-09-24 07:45:07.401 INFO  c.k.katalon.core.main.TestCaseExecutor   - END Test Cases/2000_tresult/Return Passed
2025-09-24 07:45:07.402 INFO  c.k.katalon.core.main.TestCaseExecutor   - --------------------
2025-09-24 07:45:07.403 INFO  c.k.katalon.core.main.TestCaseExecutor   - START Test Cases/2000_tresult/Return Passed
2025-09-24 07:45:07.406 DEBUG testcase.Return Passed                   - 1: markPassed("Passed")
2025-09-24 07:45:07.407 DEBUG com.kms.katalon.core.util.KeywordUtil    - ✓ Passed
2025-09-24 07:45:09.410 INFO  c.k.k.c.c.internal.VideoRecorderService  - Video recording for test case 'Test Cases/2000_tresult/Return Passed' .
2025-09-24 07:45:09.410 INFO  c.k.katalon.core.main.TestCaseExecutor   - END Test Cases/2000_tresult/Return Passed
2025-09-24 07:45:09.412 INFO  c.k.katalon.core.main.TestCaseExecutor   - --------------------
2025-09-24 07:45:09.412 INFO  c.k.katalon.core.main.TestCaseExecutor   - START Test Cases/2000_tresult/Return Passed
2025-09-24 07:45:09.416 DEBUG testcase.Return Passed                   - 1: markPassed("Passed")
2025-09-24 07:45:09.416 DEBUG com.kms.katalon.core.util.KeywordUtil    - ✓ Passed
2025-09-24 07:45:11.420 INFO  c.k.k.c.c.internal.VideoRecorderService  - Video recording for test case 'Test Cases/2000_tresult/Return Passed' .
2025-09-24 07:45:11.420 INFO  c.k.katalon.core.main.TestCaseExecutor   - END Test Cases/2000_tresult/Return Passed
2025-09-24 07:45:11.422 INFO  c.k.katalon.core.main.TestCaseExecutor   - --------------------
2025-09-24 07:45:11.422 INFO  c.k.katalon.core.main.TestCaseExecutor   - START Test Cases/2000_tresult/Return Passed
2025-09-24 07:45:11.427 DEBUG testcase.Return Passed                   - 1: markPassed("Passed")
2025-09-24 07:45:11.427 DEBUG com.kms.katalon.core.util.KeywordUtil    - ✓ Passed
2025-09-24 07:45:13.430 INFO  c.k.k.c.c.internal.VideoRecorderService  - Video recording for test case 'Test Cases/2000_tresult/Return Passed' .
2025-09-24 07:45:13.431 INFO  c.k.katalon.core.main.TestCaseExecutor   - END Test Cases/2000_tresult/Return Passed
2025-09-24 07:45:13.432 INFO  c.k.katalon.core.main.TestCaseExecutor   - --------------------
2025-09-24 07:45:13.433 INFO  c.k.katalon.core.main.TestCaseExecutor   - START Test Cases/2000_tresult/Return Passed
2025-09-24 07:45:13.437 DEBUG testcase.Return Passed                   - 1: markPassed("Passed")
2025-09-24 07:45:13.437 DEBUG com.kms.katalon.core.util.KeywordUtil    - ✓ Passed
2025-09-24 07:45:15.440 INFO  c.k.k.c.c.internal.VideoRecorderService  - Video recording for test case 'Test Cases/2000_tresult/Return Passed' .
2025-09-24 07:45:15.441 INFO  c.k.katalon.core.main.TestCaseExecutor   - END Test Cases/2000_tresult/Return Passed
2025-09-24 07:45:15.442 INFO  c.k.katalon.core.main.TestCaseExecutor   - --------------------
2025-09-24 07:45:15.442 INFO  c.k.katalon.core.main.TestCaseExecutor   - START Test Cases/2000_tresult/Return Passed
2025-09-24 07:45:15.446 DEBUG testcase.Return Passed                   - 1: markPassed("Passed")
2025-09-24 07:45:15.446 DEBUG com.kms.katalon.core.util.KeywordUtil    - ✓ Passed
2025-09-24 07:45:17.449 INFO  c.k.k.c.c.internal.VideoRecorderService  - Video recording for test case 'Test Cases/2000_tresult/Return Passed' .
2025-09-24 07:45:17.450 INFO  c.k.katalon.core.main.TestCaseExecutor   - END Test Cases/2000_tresult/Return Passed
2025-09-24 07:45:17.452 INFO  c.k.katalon.core.main.TestCaseExecutor   - --------------------
2025-09-24 07:45:17.452 INFO  c.k.katalon.core.main.TestCaseExecutor   - START Test Cases/2000_tresult/Return Passed
2025-09-24 07:45:17.456 DEBUG testcase.Return Passed                   - 1: markPassed("Passed")
2025-09-24 07:45:17.456 DEBUG com.kms.katalon.core.util.KeywordUtil    - ✓ Passed
2025-09-24 07:45:19.459 INFO  c.k.k.c.c.internal.VideoRecorderService  - Video recording for test case 'Test Cases/2000_tresult/Return Passed' .
2025-09-24 07:45:19.460 INFO  c.k.katalon.core.main.TestCaseExecutor   - END Test Cases/2000_tresult/Return Passed
2025-09-24 07:45:19.462 INFO  c.k.katalon.core.main.TestCaseExecutor   - --------------------
2025-09-24 07:45:19.462 INFO  c.k.katalon.core.main.TestCaseExecutor   - START Test Cases/2000_tresult/Return Passed
2025-09-24 07:45:19.466 DEBUG testcase.Return Passed                   - 1: markPassed("Passed")
2025-09-24 07:45:19.467 DEBUG com.kms.katalon.core.util.KeywordUtil    - ✓ Passed
2025-09-24 07:45:21.470 INFO  c.k.k.c.c.internal.VideoRecorderService  - Video recording for test case 'Test Cases/2000_tresult/Return Passed' .
2025-09-24 07:45:21.470 INFO  c.k.katalon.core.main.TestCaseExecutor   - END Test Cases/2000_tresult/Return Passed
2025-09-24 07:45:21.472 INFO  c.k.katalon.core.main.TestCaseExecutor   - --------------------
2025-09-24 07:45:21.472 INFO  c.k.katalon.core.main.TestCaseExecutor   - START Test Cases/2000_tresult/Return Passed
2025-09-24 07:45:21.477 DEBUG testcase.Return Passed                   - 1: markPassed("Passed")
2025-09-24 07:45:21.478 DEBUG com.kms.katalon.core.util.KeywordUtil    - ✓ Passed
2025-09-24 07:45:23.481 INFO  c.k.k.c.c.internal.VideoRecorderService  - Video recording for test case 'Test Cases/2000_tresult/Return Passed' .
2025-09-24 07:45:23.482 INFO  c.k.katalon.core.main.TestCaseExecutor   - END Test Cases/2000_tresult/Return Passed
2025-09-24 07:45:23.483 INFO  c.k.katalon.core.main.TestCaseExecutor   - --------------------
2025-09-24 07:45:23.483 INFO  c.k.katalon.core.main.TestCaseExecutor   - START Test Cases/2000_tresult/Return Passed
2025-09-24 07:45:23.487 DEBUG testcase.Return Passed                   - 1: markPassed("Passed")
2025-09-24 07:45:23.487 DEBUG com.kms.katalon.core.util.KeywordUtil    - ✓ Passed
2025-09-24 07:45:25.490 INFO  c.k.k.c.c.internal.VideoRecorderService  - Video recording for test case 'Test Cases/2000_tresult/Return Passed' .
2025-09-24 07:45:25.491 INFO  c.k.katalon.core.main.TestCaseExecutor   - END Test Cases/2000_tresult/Return Passed
2025-09-24 07:45:25.493 INFO  c.k.katalon.core.main.TestCaseExecutor   - --------------------
2025-09-24 07:45:25.493 INFO  c.k.katalon.core.main.TestCaseExecutor   - START Test Cases/2000_tresult/Return Passed
2025-09-24 07:45:25.497 DEBUG testcase.Return Passed                   - 1: markPassed("Passed")
2025-09-24 07:45:25.497 DEBUG com.kms.katalon.core.util.KeywordUtil    - ✓ Passed
2025-09-24 07:45:27.500 INFO  c.k.k.c.c.internal.VideoRecorderService  - Video recording for test case 'Test Cases/2000_tresult/Return Passed' .
2025-09-24 07:45:27.501 INFO  c.k.katalon.core.main.TestCaseExecutor   - END Test Cases/2000_tresult/Return Passed
2025-09-24 07:45:27.502 INFO  c.k.katalon.core.main.TestCaseExecutor   - --------------------
2025-09-24 07:45:27.502 INFO  c.k.katalon.core.main.TestCaseExecutor   - START Test Cases/2000_tresult/Return Passed
2025-09-24 07:45:27.513 DEBUG testcase.Return Passed                   - 1: markPassed("Passed")
2025-09-24 07:45:27.513 DEBUG com.kms.katalon.core.util.KeywordUtil    - ✓ Passed
2025-09-24 07:45:29.516 INFO  c.k.k.c.c.internal.VideoRecorderService  - Video recording for test case 'Test Cases/2000_tresult/Return Passed' .
2025-09-24 07:45:29.517 INFO  c.k.katalon.core.main.TestCaseExecutor   - END Test Cases/2000_tresult/Return Passed
2025-09-24 07:45:29.518 INFO  c.k.katalon.core.main.TestCaseExecutor   - --------------------
2025-09-24 07:45:29.518 INFO  c.k.katalon.core.main.TestCaseExecutor   - START Test Cases/2000_tresult/Return Passed
2025-09-24 07:45:29.522 DEBUG testcase.Return Passed                   - 1: markPassed("Passed")
2025-09-24 07:45:29.523 DEBUG com.kms.katalon.core.util.KeywordUtil    - ✓ Passed
2025-09-24 07:45:31.526 INFO  c.k.k.c.c.internal.VideoRecorderService  - Video recording for test case 'Test Cases/2000_tresult/Return Passed' .
2025-09-24 07:45:31.526 INFO  c.k.katalon.core.main.TestCaseExecutor   - END Test Cases/2000_tresult/Return Passed
2025-09-24 07:45:31.528 INFO  c.k.katalon.core.main.TestCaseExecutor   - --------------------
2025-09-24 07:45:31.528 INFO  c.k.katalon.core.main.TestCaseExecutor   - START Test Cases/2000_tresult/Return Passed
2025-09-24 07:45:31.531 DEBUG testcase.Return Passed                   - 1: markPassed("Passed")
2025-09-24 07:45:31.532 DEBUG com.kms.katalon.core.util.KeywordUtil    - ✓ Passed
2025-09-24 07:45:33.535 INFO  c.k.k.c.c.internal.VideoRecorderService  - Video recording for test case 'Test Cases/2000_tresult/Return Passed' .
2025-09-24 07:45:33.535 INFO  c.k.katalon.core.main.TestCaseExecutor   - END Test Cases/2000_tresult/Return Passed
2025-09-24 07:45:33.537 INFO  c.k.katalon.core.main.TestCaseExecutor   - --------------------
2025-09-24 07:45:33.537 INFO  c.k.katalon.core.main.TestCaseExecutor   - START Test Cases/2000_tresult/Return Passed
2025-09-24 07:45:33.541 DEBUG testcase.Return Passed                   - 1: markPassed("Passed")
2025-09-24 07:45:33.541 DEBUG com.kms.katalon.core.util.KeywordUtil    - ✓ Passed
2025-09-24 07:45:35.544 INFO  c.k.k.c.c.internal.VideoRecorderService  - Video recording for test case 'Test Cases/2000_tresult/Return Passed' .
2025-09-24 07:45:35.544 INFO  c.k.katalon.core.main.TestCaseExecutor   - END Test Cases/2000_tresult/Return Passed
2025-09-24 07:45:35.546 INFO  c.k.katalon.core.main.TestCaseExecutor   - --------------------
2025-09-24 07:45:35.546 INFO  c.k.katalon.core.main.TestCaseExecutor   - START Test Cases/2000_tresult/Return Passed
2025-09-24 07:45:35.550 DEBUG testcase.Return Passed                   - 1: markPassed("Passed")
2025-09-24 07:45:35.550 DEBUG com.kms.katalon.core.util.KeywordUtil    - ✓ Passed
2025-09-24 07:45:37.553 INFO  c.k.k.c.c.internal.VideoRecorderService  - Video recording for test case 'Test Cases/2000_tresult/Return Passed' .
2025-09-24 07:45:37.554 INFO  c.k.katalon.core.main.TestCaseExecutor   - END Test Cases/2000_tresult/Return Passed
2025-09-24 07:45:37.556 INFO  c.k.katalon.core.main.TestCaseExecutor   - --------------------
2025-09-24 07:45:37.556 INFO  c.k.katalon.core.main.TestCaseExecutor   - START Test Cases/2000_tresult/Return Passed
2025-09-24 07:45:37.559 DEBUG testcase.Return Passed                   - 1: markPassed("Passed")
2025-09-24 07:45:37.559 DEBUG com.kms.katalon.core.util.KeywordUtil    - ✓ Passed
2025-09-24 07:45:39.563 INFO  c.k.k.c.c.internal.VideoRecorderService  - Video recording for test case 'Test Cases/2000_tresult/Return Passed' .
2025-09-24 07:45:39.563 INFO  c.k.katalon.core.main.TestCaseExecutor   - END Test Cases/2000_tresult/Return Passed
2025-09-24 07:45:39.565 INFO  c.k.katalon.core.main.TestCaseExecutor   - --------------------
2025-09-24 07:45:39.565 INFO  c.k.katalon.core.main.TestCaseExecutor   - START Test Cases/2000_tresult/Return Passed
2025-09-24 07:45:39.569 DEBUG testcase.Return Passed                   - 1: markPassed("Passed")
2025-09-24 07:45:39.569 DEBUG com.kms.katalon.core.util.KeywordUtil    - ✓ Passed
2025-09-24 07:45:41.572 INFO  c.k.k.c.c.internal.VideoRecorderService  - Video recording for test case 'Test Cases/2000_tresult/Return Passed' .
2025-09-24 07:45:41.572 INFO  c.k.katalon.core.main.TestCaseExecutor   - END Test Cases/2000_tresult/Return Passed
2025-09-24 07:45:41.574 INFO  c.k.katalon.core.main.TestCaseExecutor   - --------------------
2025-09-24 07:45:41.574 INFO  c.k.katalon.core.main.TestCaseExecutor   - START Test Cases/2000_tresult/Return Passed
2025-09-24 07:45:41.578 DEBUG testcase.Return Passed                   - 1: markPassed("Passed")
2025-09-24 07:45:41.578 DEBUG com.kms.katalon.core.util.KeywordUtil    - ✓ Passed
2025-09-24 07:45:43.581 INFO  c.k.k.c.c.internal.VideoRecorderService  - Video recording for test case 'Test Cases/2000_tresult/Return Passed' .
2025-09-24 07:45:43.582 INFO  c.k.katalon.core.main.TestCaseExecutor   - END Test Cases/2000_tresult/Return Passed
2025-09-24 07:45:43.584 INFO  c.k.katalon.core.main.TestCaseExecutor   - --------------------
2025-09-24 07:45:43.584 INFO  c.k.katalon.core.main.TestCaseExecutor   - START Test Cases/2000_tresult/Return Passed
2025-09-24 07:45:43.587 DEBUG testcase.Return Passed                   - 1: markPassed("Passed")
2025-09-24 07:45:43.588 DEBUG com.kms.katalon.core.util.KeywordUtil    - ✓ Passed
2025-09-24 07:45:45.591 INFO  c.k.k.c.c.internal.VideoRecorderService  - Video recording for test case 'Test Cases/2000_tresult/Return Passed' .
2025-09-24 07:45:45.591 INFO  c.k.katalon.core.main.TestCaseExecutor   - END Test Cases/2000_tresult/Return Passed
2025-09-24 07:45:45.593 INFO  c.k.katalon.core.main.TestCaseExecutor   - --------------------
2025-09-24 07:45:45.593 INFO  c.k.katalon.core.main.TestCaseExecutor   - START Test Cases/2000_tresult/Return Passed
2025-09-24 07:45:45.597 DEBUG testcase.Return Passed                   - 1: markPassed("Passed")
2025-09-24 07:45:45.597 DEBUG com.kms.katalon.core.util.KeywordUtil    - ✓ Passed
2025-09-24 07:45:47.600 INFO  c.k.k.c.c.internal.VideoRecorderService  - Video recording for test case 'Test Cases/2000_tresult/Return Passed' .
2025-09-24 07:45:47.601 INFO  c.k.katalon.core.main.TestCaseExecutor   - END Test Cases/2000_tresult/Return Passed
2025-09-24 07:45:47.602 INFO  c.k.katalon.core.main.TestCaseExecutor   - --------------------
2025-09-24 07:45:47.602 INFO  c.k.katalon.core.main.TestCaseExecutor   - START Test Cases/2000_tresult/Return Passed
2025-09-24 07:45:47.606 DEBUG testcase.Return Passed                   - 1: markPassed("Passed")
2025-09-24 07:45:47.606 DEBUG com.kms.katalon.core.util.KeywordUtil    - ✓ Passed
2025-09-24 07:45:49.609 INFO  c.k.k.c.c.internal.VideoRecorderService  - Video recording for test case 'Test Cases/2000_tresult/Return Passed' .
2025-09-24 07:45:49.610 INFO  c.k.katalon.core.main.TestCaseExecutor   - END Test Cases/2000_tresult/Return Passed
2025-09-24 07:45:49.611 INFO  c.k.katalon.core.main.TestCaseExecutor   - --------------------
2025-09-24 07:45:49.612 INFO  c.k.katalon.core.main.TestCaseExecutor   - START Test Cases/2000_tresult/Return Passed
2025-09-24 07:45:49.615 DEBUG testcase.Return Passed                   - 1: markPassed("Passed")
2025-09-24 07:45:49.615 DEBUG com.kms.katalon.core.util.KeywordUtil    - ✓ Passed
2025-09-24 07:45:51.619 INFO  c.k.k.c.c.internal.VideoRecorderService  - Video recording for test case 'Test Cases/2000_tresult/Return Passed' .
2025-09-24 07:45:51.619 INFO  c.k.katalon.core.main.TestCaseExecutor   - END Test Cases/2000_tresult/Return Passed
2025-09-24 07:45:51.621 INFO  c.k.katalon.core.main.TestCaseExecutor   - --------------------
2025-09-24 07:45:51.621 INFO  c.k.katalon.core.main.TestCaseExecutor   - START Test Cases/2000_tresult/Return Passed
2025-09-24 07:45:51.625 DEBUG testcase.Return Passed                   - 1: markPassed("Passed")
2025-09-24 07:45:51.625 DEBUG com.kms.katalon.core.util.KeywordUtil    - ✓ Passed
2025-09-24 07:45:53.628 INFO  c.k.k.c.c.internal.VideoRecorderService  - Video recording for test case 'Test Cases/2000_tresult/Return Passed' .
2025-09-24 07:45:53.629 INFO  c.k.katalon.core.main.TestCaseExecutor   - END Test Cases/2000_tresult/Return Passed
2025-09-24 07:45:53.630 INFO  c.k.katalon.core.main.TestCaseExecutor   - --------------------
2025-09-24 07:45:53.630 INFO  c.k.katalon.core.main.TestCaseExecutor   - START Test Cases/2000_tresult/Return Passed
2025-09-24 07:45:53.634 DEBUG testcase.Return Passed                   - 1: markPassed("Passed")
2025-09-24 07:45:53.635 DEBUG com.kms.katalon.core.util.KeywordUtil    - ✓ Passed
2025-09-24 07:45:55.638 INFO  c.k.k.c.c.internal.VideoRecorderService  - Video recording for test case 'Test Cases/2000_tresult/Return Passed' .
2025-09-24 07:45:55.638 INFO  c.k.katalon.core.main.TestCaseExecutor   - END Test Cases/2000_tresult/Return Passed
2025-09-24 07:45:55.640 INFO  c.k.katalon.core.main.TestCaseExecutor   - --------------------
2025-09-24 07:45:55.640 INFO  c.k.katalon.core.main.TestCaseExecutor   - START Test Cases/2000_tresult/Return Passed
2025-09-24 07:45:55.644 DEBUG testcase.Return Passed                   - 1: markPassed("Passed")
2025-09-24 07:45:55.644 DEBUG com.kms.katalon.core.util.KeywordUtil    - ✓ Passed
2025-09-24 07:45:57.647 INFO  c.k.k.c.c.internal.VideoRecorderService  - Video recording for test case 'Test Cases/2000_tresult/Return Passed' .
2025-09-24 07:45:57.648 INFO  c.k.katalon.core.main.TestCaseExecutor   - END Test Cases/2000_tresult/Return Passed
2025-09-24 07:45:57.649 INFO  c.k.katalon.core.main.TestCaseExecutor   - --------------------
2025-09-24 07:45:57.649 INFO  c.k.katalon.core.main.TestCaseExecutor   - START Test Cases/2000_tresult/Return Passed
2025-09-24 07:45:57.653 DEBUG testcase.Return Passed                   - 1: markPassed("Passed")
2025-09-24 07:45:57.653 DEBUG com.kms.katalon.core.util.KeywordUtil    - ✓ Passed
2025-09-24 07:45:59.656 INFO  c.k.k.c.c.internal.VideoRecorderService  - Video recording for test case 'Test Cases/2000_tresult/Return Passed' .
2025-09-24 07:45:59.656 INFO  c.k.katalon.core.main.TestCaseExecutor   - END Test Cases/2000_tresult/Return Passed
2025-09-24 07:45:59.658 INFO  c.k.katalon.core.main.TestCaseExecutor   - --------------------
2025-09-24 07:45:59.658 INFO  c.k.katalon.core.main.TestCaseExecutor   - START Test Cases/2000_tresult/Return Passed
2025-09-24 07:45:59.662 DEBUG testcase.Return Passed                   - 1: markPassed("Passed")
2025-09-24 07:45:59.663 DEBUG com.kms.katalon.core.util.KeywordUtil    - ✓ Passed
2025-09-24 07:46:01.666 INFO  c.k.k.c.c.internal.VideoRecorderService  - Video recording for test case 'Test Cases/2000_tresult/Return Passed' .
2025-09-24 07:46:01.666 INFO  c.k.katalon.core.main.TestCaseExecutor   - END Test Cases/2000_tresult/Return Passed
2025-09-24 07:46:01.668 INFO  c.k.katalon.core.main.TestCaseExecutor   - --------------------
2025-09-24 07:46:01.668 INFO  c.k.katalon.core.main.TestCaseExecutor   - START Test Cases/2000_tresult/Return Passed
2025-09-24 07:46:01.671 DEBUG testcase.Return Passed                   - 1: markPassed("Passed")
2025-09-24 07:46:01.671 DEBUG com.kms.katalon.core.util.KeywordUtil    - ✓ Passed
2025-09-24 07:46:03.674 INFO  c.k.k.c.c.internal.VideoRecorderService  - Video recording for test case 'Test Cases/2000_tresult/Return Passed' .
2025-09-24 07:46:03.675 INFO  c.k.katalon.core.main.TestCaseExecutor   - END Test Cases/2000_tresult/Return Passed
2025-09-24 07:46:03.677 INFO  c.k.katalon.core.main.TestCaseExecutor   - --------------------
2025-09-24 07:46:03.677 INFO  c.k.katalon.core.main.TestCaseExecutor   - START Test Cases/2000_tresult/Return Passed
2025-09-24 07:46:03.681 DEBUG testcase.Return Passed                   - 1: markPassed("Passed")
2025-09-24 07:46:03.681 DEBUG com.kms.katalon.core.util.KeywordUtil    - ✓ Passed
2025-09-24 07:46:05.684 INFO  c.k.k.c.c.internal.VideoRecorderService  - Video recording for test case 'Test Cases/2000_tresult/Return Passed' .
2025-09-24 07:46:05.685 INFO  c.k.katalon.core.main.TestCaseExecutor   - END Test Cases/2000_tresult/Return Passed
2025-09-24 07:46:05.686 INFO  c.k.katalon.core.main.TestCaseExecutor   - --------------------
2025-09-24 07:46:05.686 INFO  c.k.katalon.core.main.TestCaseExecutor   - START Test Cases/2000_tresult/Return Passed
2025-09-24 07:46:05.690 DEBUG testcase.Return Passed                   - 1: markPassed("Passed")
2025-09-24 07:46:05.690 DEBUG com.kms.katalon.core.util.KeywordUtil    - ✓ Passed
2025-09-24 07:46:07.693 INFO  c.k.k.c.c.internal.VideoRecorderService  - Video recording for test case 'Test Cases/2000_tresult/Return Passed' .
2025-09-24 07:46:07.693 INFO  c.k.katalon.core.main.TestCaseExecutor   - END Test Cases/2000_tresult/Return Passed
2025-09-24 07:46:07.695 INFO  c.k.katalon.core.main.TestCaseExecutor   - --------------------
2025-09-24 07:46:07.695 INFO  c.k.katalon.core.main.TestCaseExecutor   - START Test Cases/2000_tresult/Return Passed
2025-09-24 07:46:07.699 DEBUG testcase.Return Passed                   - 1: markPassed("Passed")
2025-09-24 07:46:07.699 DEBUG com.kms.katalon.core.util.KeywordUtil    - ✓ Passed
2025-09-24 07:46:09.702 INFO  c.k.k.c.c.internal.VideoRecorderService  - Video recording for test case 'Test Cases/2000_tresult/Return Passed' .
2025-09-24 07:46:09.702 INFO  c.k.katalon.core.main.TestCaseExecutor   - END Test Cases/2000_tresult/Return Passed
2025-09-24 07:46:09.704 INFO  c.k.katalon.core.main.TestCaseExecutor   - --------------------
2025-09-24 07:46:09.704 INFO  c.k.katalon.core.main.TestCaseExecutor   - START Test Cases/2000_tresult/Return Passed
2025-09-24 07:46:09.708 DEBUG testcase.Return Passed                   - 1: markPassed("Passed")
2025-09-24 07:46:09.708 DEBUG com.kms.katalon.core.util.KeywordUtil    - ✓ Passed
2025-09-24 07:46:11.711 INFO  c.k.k.c.c.internal.VideoRecorderService  - Video recording for test case 'Test Cases/2000_tresult/Return Passed' .
2025-09-24 07:46:11.711 INFO  c.k.katalon.core.main.TestCaseExecutor   - END Test Cases/2000_tresult/Return Passed
2025-09-24 07:46:11.713 INFO  c.k.katalon.core.main.TestCaseExecutor   - --------------------
2025-09-24 07:46:11.713 INFO  c.k.katalon.core.main.TestCaseExecutor   - START Test Cases/2000_tresult/Return Passed
2025-09-24 07:46:11.717 DEBUG testcase.Return Passed                   - 1: markPassed("Passed")
2025-09-24 07:46:11.717 DEBUG com.kms.katalon.core.util.KeywordUtil    - ✓ Passed
2025-09-24 07:46:13.720 INFO  c.k.k.c.c.internal.VideoRecorderService  - Video recording for test case 'Test Cases/2000_tresult/Return Passed' .
2025-09-24 07:46:13.721 INFO  c.k.katalon.core.main.TestCaseExecutor   - END Test Cases/2000_tresult/Return Passed
2025-09-24 07:46:13.722 INFO  c.k.katalon.core.main.TestCaseExecutor   - --------------------
2025-09-24 07:46:13.722 INFO  c.k.katalon.core.main.TestCaseExecutor   - START Test Cases/2000_tresult/Return Passed
2025-09-24 07:46:13.726 DEBUG testcase.Return Passed                   - 1: markPassed("Passed")
2025-09-24 07:46:13.726 DEBUG com.kms.katalon.core.util.KeywordUtil    - ✓ Passed
2025-09-24 07:46:15.729 INFO  c.k.k.c.c.internal.VideoRecorderService  - Video recording for test case 'Test Cases/2000_tresult/Return Passed' .
2025-09-24 07:46:15.730 INFO  c.k.katalon.core.main.TestCaseExecutor   - END Test Cases/2000_tresult/Return Passed
2025-09-24 07:46:15.731 INFO  c.k.katalon.core.main.TestCaseExecutor   - --------------------
2025-09-24 07:46:15.731 INFO  c.k.katalon.core.main.TestCaseExecutor   - START Test Cases/2000_tresult/Return Passed
2025-09-24 07:46:15.735 DEBUG testcase.Return Passed                   - 1: markPassed("Passed")
2025-09-24 07:46:15.735 DEBUG com.kms.katalon.core.util.KeywordUtil    - ✓ Passed
2025-09-24 07:46:17.738 INFO  c.k.k.c.c.internal.VideoRecorderService  - Video recording for test case 'Test Cases/2000_tresult/Return Passed' .
2025-09-24 07:46:17.738 INFO  c.k.katalon.core.main.TestCaseExecutor   - END Test Cases/2000_tresult/Return Passed
2025-09-24 07:46:17.740 INFO  c.k.katalon.core.main.TestCaseExecutor   - --------------------
2025-09-24 07:46:17.740 INFO  c.k.katalon.core.main.TestCaseExecutor   - START Test Cases/2000_tresult/Return Passed
2025-09-24 07:46:17.744 DEBUG testcase.Return Passed                   - 1: markPassed("Passed")
2025-09-24 07:46:17.744 DEBUG com.kms.katalon.core.util.KeywordUtil    - ✓ Passed
2025-09-24 07:46:19.747 INFO  c.k.k.c.c.internal.VideoRecorderService  - Video recording for test case 'Test Cases/2000_tresult/Return Passed' .
2025-09-24 07:46:19.748 INFO  c.k.katalon.core.main.TestCaseExecutor   - END Test Cases/2000_tresult/Return Passed
2025-09-24 07:46:19.749 INFO  c.k.katalon.core.main.TestCaseExecutor   - --------------------
2025-09-24 07:46:19.750 INFO  c.k.katalon.core.main.TestCaseExecutor   - START Test Cases/2000_tresult/Return Passed
2025-09-24 07:46:19.753 DEBUG testcase.Return Passed                   - 1: markPassed("Passed")
2025-09-24 07:46:19.754 DEBUG com.kms.katalon.core.util.KeywordUtil    - ✓ Passed
2025-09-24 07:46:21.757 INFO  c.k.k.c.c.internal.VideoRecorderService  - Video recording for test case 'Test Cases/2000_tresult/Return Passed' .
2025-09-24 07:46:21.757 INFO  c.k.katalon.core.main.TestCaseExecutor   - END Test Cases/2000_tresult/Return Passed
2025-09-24 07:46:21.759 INFO  c.k.katalon.core.main.TestCaseExecutor   - --------------------
2025-09-24 07:46:21.759 INFO  c.k.katalon.core.main.TestCaseExecutor   - START Test Cases/2000_tresult/Return Passed
2025-09-24 07:46:21.763 DEBUG testcase.Return Passed                   - 1: markPassed("Passed")
2025-09-24 07:46:21.763 DEBUG com.kms.katalon.core.util.KeywordUtil    - ✓ Passed
2025-09-24 07:46:23.766 INFO  c.k.k.c.c.internal.VideoRecorderService  - Video recording for test case 'Test Cases/2000_tresult/Return Passed' .
2025-09-24 07:46:23.767 INFO  c.k.katalon.core.main.TestCaseExecutor   - END Test Cases/2000_tresult/Return Passed
2025-09-24 07:46:23.768 INFO  c.k.katalon.core.main.TestCaseExecutor   - --------------------
2025-09-24 07:46:23.768 INFO  c.k.katalon.core.main.TestCaseExecutor   - START Test Cases/2000_tresult/Return Passed
2025-09-24 07:46:23.772 DEBUG testcase.Return Passed                   - 1: markPassed("Passed")
2025-09-24 07:46:23.772 DEBUG com.kms.katalon.core.util.KeywordUtil    - ✓ Passed
2025-09-24 07:46:25.775 INFO  c.k.k.c.c.internal.VideoRecorderService  - Video recording for test case 'Test Cases/2000_tresult/Return Passed' .
2025-09-24 07:46:25.775 INFO  c.k.katalon.core.main.TestCaseExecutor   - END Test Cases/2000_tresult/Return Passed
2025-09-24 07:46:25.777 INFO  c.k.katalon.core.main.TestCaseExecutor   - --------------------
2025-09-24 07:46:25.777 INFO  c.k.katalon.core.main.TestCaseExecutor   - START Test Cases/2000_tresult/Return Passed
2025-09-24 07:46:25.781 DEBUG testcase.Return Passed                   - 1: markPassed("Passed")
2025-09-24 07:46:25.781 DEBUG com.kms.katalon.core.util.KeywordUtil    - ✓ Passed
2025-09-24 07:46:27.784 INFO  c.k.k.c.c.internal.VideoRecorderService  - Video recording for test case 'Test Cases/2000_tresult/Return Passed' .
2025-09-24 07:46:27.784 INFO  c.k.katalon.core.main.TestCaseExecutor   - END Test Cases/2000_tresult/Return Passed
2025-09-24 07:46:27.786 INFO  c.k.katalon.core.main.TestCaseExecutor   - --------------------
2025-09-24 07:46:27.786 INFO  c.k.katalon.core.main.TestCaseExecutor   - START Test Cases/2000_tresult/Return Passed
2025-09-24 07:46:27.790 DEBUG testcase.Return Passed                   - 1: markPassed("Passed")
2025-09-24 07:46:27.790 DEBUG com.kms.katalon.core.util.KeywordUtil    - ✓ Passed
2025-09-24 07:46:29.793 INFO  c.k.k.c.c.internal.VideoRecorderService  - Video recording for test case 'Test Cases/2000_tresult/Return Passed' .
2025-09-24 07:46:29.793 INFO  c.k.katalon.core.main.TestCaseExecutor   - END Test Cases/2000_tresult/Return Passed
2025-09-24 07:46:29.795 INFO  c.k.katalon.core.main.TestCaseExecutor   - --------------------
2025-09-24 07:46:29.795 INFO  c.k.katalon.core.main.TestCaseExecutor   - START Test Cases/2000_tresult/Return Passed
2025-09-24 07:46:29.798 DEBUG testcase.Return Passed                   - 1: markPassed("Passed")
2025-09-24 07:46:29.799 DEBUG com.kms.katalon.core.util.KeywordUtil    - ✓ Passed
2025-09-24 07:46:31.802 INFO  c.k.k.c.c.internal.VideoRecorderService  - Video recording for test case 'Test Cases/2000_tresult/Return Passed' .
2025-09-24 07:46:31.802 INFO  c.k.katalon.core.main.TestCaseExecutor   - END Test Cases/2000_tresult/Return Passed
2025-09-24 07:46:31.804 INFO  c.k.katalon.core.main.TestCaseExecutor   - --------------------
2025-09-24 07:46:31.804 INFO  c.k.katalon.core.main.TestCaseExecutor   - START Test Cases/2000_tresult/Return Passed
2025-09-24 07:46:31.807 DEBUG testcase.Return Passed                   - 1: markPassed("Passed")
2025-09-24 07:46:31.808 DEBUG com.kms.katalon.core.util.KeywordUtil    - ✓ Passed
2025-09-24 07:46:33.811 INFO  c.k.k.c.c.internal.VideoRecorderService  - Video recording for test case 'Test Cases/2000_tresult/Return Passed' .
2025-09-24 07:46:33.811 INFO  c.k.katalon.core.main.TestCaseExecutor   - END Test Cases/2000_tresult/Return Passed
2025-09-24 07:46:33.813 INFO  c.k.katalon.core.main.TestCaseExecutor   - --------------------
2025-09-24 07:46:33.813 INFO  c.k.katalon.core.main.TestCaseExecutor   - START Test Cases/2000_tresult/Return Passed
2025-09-24 07:46:33.816 DEBUG testcase.Return Passed                   - 1: markPassed("Passed")
2025-09-24 07:46:33.816 DEBUG com.kms.katalon.core.util.KeywordUtil    - ✓ Passed
2025-09-24 07:46:35.819 INFO  c.k.k.c.c.internal.VideoRecorderService  - Video recording for test case 'Test Cases/2000_tresult/Return Passed' .
2025-09-24 07:46:35.820 INFO  c.k.katalon.core.main.TestCaseExecutor   - END Test Cases/2000_tresult/Return Passed
2025-09-24 07:46:35.822 INFO  c.k.katalon.core.main.TestCaseExecutor   - --------------------
2025-09-24 07:46:35.822 INFO  c.k.katalon.core.main.TestCaseExecutor   - START Test Cases/2000_tresult/Return Passed
2025-09-24 07:46:35.826 DEBUG testcase.Return Passed                   - 1: markPassed("Passed")
2025-09-24 07:46:35.826 DEBUG com.kms.katalon.core.util.KeywordUtil    - ✓ Passed
2025-09-24 07:46:37.829 INFO  c.k.k.c.c.internal.VideoRecorderService  - Video recording for test case 'Test Cases/2000_tresult/Return Passed' .
2025-09-24 07:46:37.829 INFO  c.k.katalon.core.main.TestCaseExecutor   - END Test Cases/2000_tresult/Return Passed
2025-09-24 07:46:37.831 INFO  c.k.katalon.core.main.TestCaseExecutor   - --------------------
2025-09-24 07:46:37.831 INFO  c.k.katalon.core.main.TestCaseExecutor   - START Test Cases/2000_tresult/Return Passed
2025-09-24 07:46:37.835 DEBUG testcase.Return Passed                   - 1: markPassed("Passed")
2025-09-24 07:46:37.835 DEBUG com.kms.katalon.core.util.KeywordUtil    - ✓ Passed
2025-09-24 07:46:39.838 INFO  c.k.k.c.c.internal.VideoRecorderService  - Video recording for test case 'Test Cases/2000_tresult/Return Passed' .
2025-09-24 07:46:39.838 INFO  c.k.katalon.core.main.TestCaseExecutor   - END Test Cases/2000_tresult/Return Passed
2025-09-24 07:46:39.840 INFO  c.k.katalon.core.main.TestCaseExecutor   - --------------------
2025-09-24 07:46:39.840 INFO  c.k.katalon.core.main.TestCaseExecutor   - START Test Cases/2000_tresult/Return Passed
2025-09-24 07:46:39.844 DEBUG testcase.Return Passed                   - 1: markPassed("Passed")
2025-09-24 07:46:39.845 DEBUG com.kms.katalon.core.util.KeywordUtil    - ✓ Passed
2025-09-24 07:46:41.848 INFO  c.k.k.c.c.internal.VideoRecorderService  - Video recording for test case 'Test Cases/2000_tresult/Return Passed' .
2025-09-24 07:46:41.848 INFO  c.k.katalon.core.main.TestCaseExecutor   - END Test Cases/2000_tresult/Return Passed
2025-09-24 07:46:41.850 INFO  c.k.katalon.core.main.TestCaseExecutor   - --------------------
2025-09-24 07:46:41.850 INFO  c.k.katalon.core.main.TestCaseExecutor   - START Test Cases/2000_tresult/Return Passed
2025-09-24 07:46:41.853 DEBUG testcase.Return Passed                   - 1: markPassed("Passed")
2025-09-24 07:46:41.853 DEBUG com.kms.katalon.core.util.KeywordUtil    - ✓ Passed
2025-09-24 07:46:43.857 INFO  c.k.k.c.c.internal.VideoRecorderService  - Video recording for test case 'Test Cases/2000_tresult/Return Passed' .
2025-09-24 07:46:43.857 INFO  c.k.katalon.core.main.TestCaseExecutor   - END Test Cases/2000_tresult/Return Passed
2025-09-24 07:46:43.859 INFO  c.k.katalon.core.main.TestCaseExecutor   - --------------------
2025-09-24 07:46:43.859 INFO  c.k.katalon.core.main.TestCaseExecutor   - START Test Cases/2000_tresult/Return Passed
2025-09-24 07:46:43.862 DEBUG testcase.Return Passed                   - 1: markPassed("Passed")
2025-09-24 07:46:43.863 DEBUG com.kms.katalon.core.util.KeywordUtil    - ✓ Passed
2025-09-24 07:46:45.866 INFO  c.k.k.c.c.internal.VideoRecorderService  - Video recording for test case 'Test Cases/2000_tresult/Return Passed' .
2025-09-24 07:46:45.866 INFO  c.k.katalon.core.main.TestCaseExecutor   - END Test Cases/2000_tresult/Return Passed
2025-09-24 07:46:45.868 INFO  c.k.katalon.core.main.TestCaseExecutor   - --------------------
2025-09-24 07:46:45.868 INFO  c.k.katalon.core.main.TestCaseExecutor   - START Test Cases/2000_tresult/Return Passed
2025-09-24 07:46:45.872 DEBUG testcase.Return Passed                   - 1: markPassed("Passed")
2025-09-24 07:46:45.872 DEBUG com.kms.katalon.core.util.KeywordUtil    - ✓ Passed
2025-09-24 07:46:47.875 INFO  c.k.k.c.c.internal.VideoRecorderService  - Video recording for test case 'Test Cases/2000_tresult/Return Passed' .
2025-09-24 07:46:47.876 INFO  c.k.katalon.core.main.TestCaseExecutor   - END Test Cases/2000_tresult/Return Passed
2025-09-24 07:46:47.877 INFO  c.k.katalon.core.main.TestCaseExecutor   - --------------------
2025-09-24 07:46:47.877 INFO  c.k.katalon.core.main.TestCaseExecutor   - START Test Cases/2000_tresult/Return Passed
2025-09-24 07:46:47.881 DEBUG testcase.Return Passed                   - 1: markPassed("Passed")
2025-09-24 07:46:47.881 DEBUG com.kms.katalon.core.util.KeywordUtil    - ✓ Passed
2025-09-24 07:46:49.884 INFO  c.k.k.c.c.internal.VideoRecorderService  - Video recording for test case 'Test Cases/2000_tresult/Return Passed' .
2025-09-24 07:46:49.884 INFO  c.k.katalon.core.main.TestCaseExecutor   - END Test Cases/2000_tresult/Return Passed
2025-09-24 07:46:49.886 INFO  c.k.katalon.core.main.TestCaseExecutor   - --------------------
2025-09-24 07:46:49.886 INFO  c.k.katalon.core.main.TestCaseExecutor   - START Test Cases/2000_tresult/Return Passed
2025-09-24 07:46:49.890 DEBUG testcase.Return Passed                   - 1: markPassed("Passed")
2025-09-24 07:46:49.890 DEBUG com.kms.katalon.core.util.KeywordUtil    - ✓ Passed
2025-09-24 07:46:51.893 INFO  c.k.k.c.c.internal.VideoRecorderService  - Video recording for test case 'Test Cases/2000_tresult/Return Passed' .
2025-09-24 07:46:51.894 INFO  c.k.katalon.core.main.TestCaseExecutor   - END Test Cases/2000_tresult/Return Passed
2025-09-24 07:46:51.912 INFO  c.k.katalon.core.main.TestSuiteExecutor  - --------------------
2025-09-24 07:46:51.912 INFO  c.k.katalon.core.main.TestSuiteExecutor  - END Test Suites/100_tc
2025-09-24 07:46:51.912 INFO  c.k.katalon.core.main.TestSuiteExecutor  - ====================
