2025-09-24 07:43:57.403 INFO  c.k.katalon.core.main.TestSuiteExecutor  - START Test Suites/100_tc
2025-09-24 07:43:57.503 INFO  c.k.katalon.core.main.TestSuiteExecutor  - userFullName = Man Hua
2025-09-24 07:43:57.505 INFO  c.k.katalon.core.main.TestSuiteExecutor  - projectName = Demo-Bulk-Operation
2025-09-24 07:43:57.505 INFO  c.k.katalon.core.main.TestSuiteExecutor  - hostName = agent - 14475linalllatest-778647-katalon-agent-gdgcp
2025-09-24 07:43:57.506 INFO  c.k.katalon.core.main.TestSuiteExecutor  - os = Linux 64bit
2025-09-24 07:43:57.507 INFO  c.k.katalon.core.main.TestSuiteExecutor  - hostAddress = 10.10.8.161
2025-09-24 07:43:57.507 INFO  c.k.katalon.core.main.TestSuiteExecutor  - katalonVersion = 10.3.1.0
2025-09-24 07:43:58.375 INFO  c.k.katalon.core.main.TestCaseExecutor   - --------------------
2025-09-24 07:43:58.376 INFO  c.k.katalon.core.main.TestCaseExecutor   - START Test Cases/2000_tresult/Return Passed
2025-09-24 07:43:58.693 DEBUG testcase.Return Passed                   - 1: markPassed("Passed")
2025-09-24 07:43:58.696 DEBUG com.kms.katalon.core.util.KeywordUtil    - ✓ Passed
2025-09-24 07:44:00.782 INFO  c.k.k.c.c.internal.VideoRecorderService  - Video recording for test case 'Test Cases/2000_tresult/Return Passed' .
2025-09-24 07:44:00.783 INFO  c.k.katalon.core.main.TestCaseExecutor   - END Test Cases/2000_tresult/Return Passed
2025-09-24 07:44:00.787 INFO  c.k.katalon.core.main.TestCaseExecutor   - --------------------
2025-09-24 07:44:00.787 INFO  c.k.katalon.core.main.TestCaseExecutor   - START Test Cases/2000_tresult/Return Passed
2025-09-24 07:44:00.795 DEBUG testcase.Return Passed                   - 1: markPassed("Passed")
2025-09-24 07:44:00.796 DEBUG com.kms.katalon.core.util.KeywordUtil    - ✓ Passed
2025-09-24 07:44:02.800 INFO  c.k.k.c.c.internal.VideoRecorderService  - Video recording for test case 'Test Cases/2000_tresult/Return Passed' .
2025-09-24 07:44:02.801 INFO  c.k.katalon.core.main.TestCaseExecutor   - END Test Cases/2000_tresult/Return Passed
2025-09-24 07:44:02.803 INFO  c.k.katalon.core.main.TestCaseExecutor   - --------------------
2025-09-24 07:44:02.803 INFO  c.k.katalon.core.main.TestCaseExecutor   - START Test Cases/2000_tresult/Return Passed
2025-09-24 07:44:02.811 DEBUG testcase.Return Passed                   - 1: markPassed("Passed")
2025-09-24 07:44:02.813 DEBUG com.kms.katalon.core.util.KeywordUtil    - ✓ Passed
2025-09-24 07:44:04.818 INFO  c.k.k.c.c.internal.VideoRecorderService  - Video recording for test case 'Test Cases/2000_tresult/Return Passed' .
2025-09-24 07:44:04.821 INFO  c.k.katalon.core.main.TestCaseExecutor   - END Test Cases/2000_tresult/Return Passed
2025-09-24 07:44:04.823 INFO  c.k.katalon.core.main.TestCaseExecutor   - --------------------
2025-09-24 07:44:04.823 INFO  c.k.katalon.core.main.TestCaseExecutor   - START Test Cases/2000_tresult/Return Passed
2025-09-24 07:44:04.829 DEBUG testcase.Return Passed                   - 1: markPassed("Passed")
2025-09-24 07:44:04.830 DEBUG com.kms.katalon.core.util.KeywordUtil    - ✓ Passed
2025-09-24 07:44:06.834 INFO  c.k.k.c.c.internal.VideoRecorderService  - Video recording for test case 'Test Cases/2000_tresult/Return Passed' .
2025-09-24 07:44:06.835 INFO  c.k.katalon.core.main.TestCaseExecutor   - END Test Cases/2000_tresult/Return Passed
2025-09-24 07:44:06.837 INFO  c.k.katalon.core.main.TestCaseExecutor   - --------------------
2025-09-24 07:44:06.838 INFO  c.k.katalon.core.main.TestCaseExecutor   - START Test Cases/2000_tresult/Return Passed
2025-09-24 07:44:06.850 DEBUG testcase.Return Passed                   - 1: markPassed("Passed")
2025-09-24 07:44:06.851 DEBUG com.kms.katalon.core.util.KeywordUtil    - ✓ Passed
2025-09-24 07:44:08.856 INFO  c.k.k.c.c.internal.VideoRecorderService  - Video recording for test case 'Test Cases/2000_tresult/Return Passed' .
2025-09-24 07:44:08.857 INFO  c.k.katalon.core.main.TestCaseExecutor   - END Test Cases/2000_tresult/Return Passed
2025-09-24 07:44:08.859 INFO  c.k.katalon.core.main.TestCaseExecutor   - --------------------
2025-09-24 07:44:08.859 INFO  c.k.katalon.core.main.TestCaseExecutor   - START Test Cases/2000_tresult/Return Passed
2025-09-24 07:44:08.866 DEBUG testcase.Return Passed                   - 1: markPassed("Passed")
2025-09-24 07:44:08.867 DEBUG com.kms.katalon.core.util.KeywordUtil    - ✓ Passed
2025-09-24 07:44:10.872 INFO  c.k.k.c.c.internal.VideoRecorderService  - Video recording for test case 'Test Cases/2000_tresult/Return Passed' .
2025-09-24 07:44:10.874 INFO  c.k.katalon.core.main.TestCaseExecutor   - END Test Cases/2000_tresult/Return Passed
2025-09-24 07:44:10.879 INFO  c.k.katalon.core.main.TestCaseExecutor   - --------------------
2025-09-24 07:44:10.880 INFO  c.k.katalon.core.main.TestCaseExecutor   - START Test Cases/2000_tresult/Return Passed
2025-09-24 07:44:10.886 DEBUG testcase.Return Passed                   - 1: markPassed("Passed")
2025-09-24 07:44:10.886 DEBUG com.kms.katalon.core.util.KeywordUtil    - ✓ Passed
2025-09-24 07:44:12.890 INFO  c.k.k.c.c.internal.VideoRecorderService  - Video recording for test case 'Test Cases/2000_tresult/Return Passed' .
2025-09-24 07:44:12.891 INFO  c.k.katalon.core.main.TestCaseExecutor   - END Test Cases/2000_tresult/Return Passed
2025-09-24 07:44:12.893 INFO  c.k.katalon.core.main.TestCaseExecutor   - --------------------
2025-09-24 07:44:12.893 INFO  c.k.katalon.core.main.TestCaseExecutor   - START Test Cases/2000_tresult/Return Passed
2025-09-24 07:44:12.901 DEBUG testcase.Return Passed                   - 1: markPassed("Passed")
2025-09-24 07:44:12.901 DEBUG com.kms.katalon.core.util.KeywordUtil    - ✓ Passed
2025-09-24 07:44:14.905 INFO  c.k.k.c.c.internal.VideoRecorderService  - Video recording for test case 'Test Cases/2000_tresult/Return Passed' .
2025-09-24 07:44:14.906 INFO  c.k.katalon.core.main.TestCaseExecutor   - END Test Cases/2000_tresult/Return Passed
2025-09-24 07:44:14.910 INFO  c.k.katalon.core.main.TestCaseExecutor   - --------------------
2025-09-24 07:44:14.910 INFO  c.k.katalon.core.main.TestCaseExecutor   - START Test Cases/2000_tresult/Return Passed
2025-09-24 07:44:14.916 DEBUG testcase.Return Passed                   - 1: markPassed("Passed")
2025-09-24 07:44:14.918 DEBUG com.kms.katalon.core.util.KeywordUtil    - ✓ Passed
2025-09-24 07:44:16.922 INFO  c.k.k.c.c.internal.VideoRecorderService  - Video recording for test case 'Test Cases/2000_tresult/Return Passed' .
2025-09-24 07:44:16.922 INFO  c.k.katalon.core.main.TestCaseExecutor   - END Test Cases/2000_tresult/Return Passed
2025-09-24 07:44:16.925 INFO  c.k.katalon.core.main.TestCaseExecutor   - --------------------
2025-09-24 07:44:16.925 INFO  c.k.katalon.core.main.TestCaseExecutor   - START Test Cases/2000_tresult/Return Passed
2025-09-24 07:44:16.938 DEBUG testcase.Return Passed                   - 1: markPassed("Passed")
2025-09-24 07:44:16.939 DEBUG com.kms.katalon.core.util.KeywordUtil    - ✓ Passed
2025-09-24 07:44:18.943 INFO  c.k.k.c.c.internal.VideoRecorderService  - Video recording for test case 'Test Cases/2000_tresult/Return Passed' .
2025-09-24 07:44:18.944 INFO  c.k.katalon.core.main.TestCaseExecutor   - END Test Cases/2000_tresult/Return Passed
2025-09-24 07:44:18.949 INFO  c.k.katalon.core.main.TestCaseExecutor   - --------------------
2025-09-24 07:44:18.949 INFO  c.k.katalon.core.main.TestCaseExecutor   - START Test Cases/2000_tresult/Return Passed
2025-09-24 07:44:18.954 DEBUG testcase.Return Passed                   - 1: markPassed("Passed")
2025-09-24 07:44:18.955 DEBUG com.kms.katalon.core.util.KeywordUtil    - ✓ Passed
2025-09-24 07:44:20.959 INFO  c.k.k.c.c.internal.VideoRecorderService  - Video recording for test case 'Test Cases/2000_tresult/Return Passed' .
2025-09-24 07:44:20.960 INFO  c.k.katalon.core.main.TestCaseExecutor   - END Test Cases/2000_tresult/Return Passed
2025-09-24 07:44:20.962 INFO  c.k.katalon.core.main.TestCaseExecutor   - --------------------
2025-09-24 07:44:20.962 INFO  c.k.katalon.core.main.TestCaseExecutor   - START Test Cases/2000_tresult/Return Passed
2025-09-24 07:44:20.972 DEBUG testcase.Return Passed                   - 1: markPassed("Passed")
2025-09-24 07:44:20.973 DEBUG com.kms.katalon.core.util.KeywordUtil    - ✓ Passed
2025-09-24 07:44:22.983 INFO  c.k.k.c.c.internal.VideoRecorderService  - Video recording for test case 'Test Cases/2000_tresult/Return Passed' .
2025-09-24 07:44:22.984 INFO  c.k.katalon.core.main.TestCaseExecutor   - END Test Cases/2000_tresult/Return Passed
2025-09-24 07:44:22.988 INFO  c.k.katalon.core.main.TestCaseExecutor   - --------------------
2025-09-24 07:44:22.988 INFO  c.k.katalon.core.main.TestCaseExecutor   - START Test Cases/2000_tresult/Return Passed
2025-09-24 07:44:22.993 DEBUG testcase.Return Passed                   - 1: markPassed("Passed")
2025-09-24 07:44:22.993 DEBUG com.kms.katalon.core.util.KeywordUtil    - ✓ Passed
2025-09-24 07:44:24.997 INFO  c.k.k.c.c.internal.VideoRecorderService  - Video recording for test case 'Test Cases/2000_tresult/Return Passed' .
2025-09-24 07:44:24.999 INFO  c.k.katalon.core.main.TestCaseExecutor   - END Test Cases/2000_tresult/Return Passed
2025-09-24 07:44:25.001 INFO  c.k.katalon.core.main.TestCaseExecutor   - --------------------
2025-09-24 07:44:25.001 INFO  c.k.katalon.core.main.TestCaseExecutor   - START Test Cases/2000_tresult/Return Passed
2025-09-24 07:44:25.006 DEBUG testcase.Return Passed                   - 1: markPassed("Passed")
2025-09-24 07:44:25.006 DEBUG com.kms.katalon.core.util.KeywordUtil    - ✓ Passed
2025-09-24 07:44:27.010 INFO  c.k.k.c.c.internal.VideoRecorderService  - Video recording for test case 'Test Cases/2000_tresult/Return Passed' .
2025-09-24 07:44:27.010 INFO  c.k.katalon.core.main.TestCaseExecutor   - END Test Cases/2000_tresult/Return Passed
2025-09-24 07:44:27.013 INFO  c.k.katalon.core.main.TestCaseExecutor   - --------------------
2025-09-24 07:44:27.013 INFO  c.k.katalon.core.main.TestCaseExecutor   - START Test Cases/2000_tresult/Return Passed
2025-09-24 07:44:27.018 DEBUG testcase.Return Passed                   - 1: markPassed("Passed")
2025-09-24 07:44:27.019 DEBUG com.kms.katalon.core.util.KeywordUtil    - ✓ Passed
2025-09-24 07:44:29.022 INFO  c.k.k.c.c.internal.VideoRecorderService  - Video recording for test case 'Test Cases/2000_tresult/Return Passed' .
2025-09-24 07:44:29.023 INFO  c.k.katalon.core.main.TestCaseExecutor   - END Test Cases/2000_tresult/Return Passed
2025-09-24 07:44:29.025 INFO  c.k.katalon.core.main.TestCaseExecutor   - --------------------
2025-09-24 07:44:29.025 INFO  c.k.katalon.core.main.TestCaseExecutor   - START Test Cases/2000_tresult/Return Passed
2025-09-24 07:44:29.030 DEBUG testcase.Return Passed                   - 1: markPassed("Passed")
2025-09-24 07:44:29.031 DEBUG com.kms.katalon.core.util.KeywordUtil    - ✓ Passed
2025-09-24 07:44:31.034 INFO  c.k.k.c.c.internal.VideoRecorderService  - Video recording for test case 'Test Cases/2000_tresult/Return Passed' .
2025-09-24 07:44:31.035 INFO  c.k.katalon.core.main.TestCaseExecutor   - END Test Cases/2000_tresult/Return Passed
2025-09-24 07:44:31.037 INFO  c.k.katalon.core.main.TestCaseExecutor   - --------------------
2025-09-24 07:44:31.037 INFO  c.k.katalon.core.main.TestCaseExecutor   - START Test Cases/2000_tresult/Return Passed
2025-09-24 07:44:31.043 DEBUG testcase.Return Passed                   - 1: markPassed("Passed")
2025-09-24 07:44:31.043 DEBUG com.kms.katalon.core.util.KeywordUtil    - ✓ Passed
2025-09-24 07:44:33.047 INFO  c.k.k.c.c.internal.VideoRecorderService  - Video recording for test case 'Test Cases/2000_tresult/Return Passed' .
2025-09-24 07:44:33.047 INFO  c.k.katalon.core.main.TestCaseExecutor   - END Test Cases/2000_tresult/Return Passed
2025-09-24 07:44:33.049 INFO  c.k.katalon.core.main.TestCaseExecutor   - --------------------
2025-09-24 07:44:33.049 INFO  c.k.katalon.core.main.TestCaseExecutor   - START Test Cases/2000_tresult/Return Passed
2025-09-24 07:44:33.054 DEBUG testcase.Return Passed                   - 1: markPassed("Passed")
2025-09-24 07:44:33.055 DEBUG com.kms.katalon.core.util.KeywordUtil    - ✓ Passed
2025-09-24 07:44:35.060 INFO  c.k.k.c.c.internal.VideoRecorderService  - Video recording for test case 'Test Cases/2000_tresult/Return Passed' .
2025-09-24 07:44:35.060 INFO  c.k.katalon.core.main.TestCaseExecutor   - END Test Cases/2000_tresult/Return Passed
2025-09-24 07:44:35.065 INFO  c.k.katalon.core.main.TestCaseExecutor   - --------------------
2025-09-24 07:44:35.065 INFO  c.k.katalon.core.main.TestCaseExecutor   - START Test Cases/2000_tresult/Return Passed
2025-09-24 07:44:35.071 DEBUG testcase.Return Passed                   - 1: markPassed("Passed")
2025-09-24 07:44:35.071 DEBUG com.kms.katalon.core.util.KeywordUtil    - ✓ Passed
2025-09-24 07:44:37.075 INFO  c.k.k.c.c.internal.VideoRecorderService  - Video recording for test case 'Test Cases/2000_tresult/Return Passed' .
2025-09-24 07:44:37.076 INFO  c.k.katalon.core.main.TestCaseExecutor   - END Test Cases/2000_tresult/Return Passed
2025-09-24 07:44:37.078 INFO  c.k.katalon.core.main.TestCaseExecutor   - --------------------
2025-09-24 07:44:37.078 INFO  c.k.katalon.core.main.TestCaseExecutor   - START Test Cases/2000_tresult/Return Passed
2025-09-24 07:44:37.083 DEBUG testcase.Return Passed                   - 1: markPassed("Passed")
2025-09-24 07:44:37.083 DEBUG com.kms.katalon.core.util.KeywordUtil    - ✓ Passed
2025-09-24 07:44:39.087 INFO  c.k.k.c.c.internal.VideoRecorderService  - Video recording for test case 'Test Cases/2000_tresult/Return Passed' .
2025-09-24 07:44:39.088 INFO  c.k.katalon.core.main.TestCaseExecutor   - END Test Cases/2000_tresult/Return Passed
2025-09-24 07:44:39.091 INFO  c.k.katalon.core.main.TestCaseExecutor   - --------------------
2025-09-24 07:44:39.091 INFO  c.k.katalon.core.main.TestCaseExecutor   - START Test Cases/2000_tresult/Return Passed
2025-09-24 07:44:39.095 DEBUG testcase.Return Passed                   - 1: markPassed("Passed")
2025-09-24 07:44:39.096 DEBUG com.kms.katalon.core.util.KeywordUtil    - ✓ Passed
2025-09-24 07:44:41.099 INFO  c.k.k.c.c.internal.VideoRecorderService  - Video recording for test case 'Test Cases/2000_tresult/Return Passed' .
2025-09-24 07:44:41.100 INFO  c.k.katalon.core.main.TestCaseExecutor   - END Test Cases/2000_tresult/Return Passed
2025-09-24 07:44:41.102 INFO  c.k.katalon.core.main.TestCaseExecutor   - --------------------
2025-09-24 07:44:41.102 INFO  c.k.katalon.core.main.TestCaseExecutor   - START Test Cases/2000_tresult/Return Passed
2025-09-24 07:44:41.112 DEBUG testcase.Return Passed                   - 1: markPassed("Passed")
2025-09-24 07:44:41.113 DEBUG com.kms.katalon.core.util.KeywordUtil    - ✓ Passed
2025-09-24 07:44:43.116 INFO  c.k.k.c.c.internal.VideoRecorderService  - Video recording for test case 'Test Cases/2000_tresult/Return Passed' .
2025-09-24 07:44:43.117 INFO  c.k.katalon.core.main.TestCaseExecutor   - END Test Cases/2000_tresult/Return Passed
2025-09-24 07:44:43.119 INFO  c.k.katalon.core.main.TestCaseExecutor   - --------------------
2025-09-24 07:44:43.119 INFO  c.k.katalon.core.main.TestCaseExecutor   - START Test Cases/2000_tresult/Return Passed
2025-09-24 07:44:43.124 DEBUG testcase.Return Passed                   - 1: markPassed("Passed")
2025-09-24 07:44:43.124 DEBUG com.kms.katalon.core.util.KeywordUtil    - ✓ Passed
2025-09-24 07:44:45.128 INFO  c.k.k.c.c.internal.VideoRecorderService  - Video recording for test case 'Test Cases/2000_tresult/Return Passed' .
2025-09-24 07:44:45.128 INFO  c.k.katalon.core.main.TestCaseExecutor   - END Test Cases/2000_tresult/Return Passed
2025-09-24 07:44:45.130 INFO  c.k.katalon.core.main.TestCaseExecutor   - --------------------
2025-09-24 07:44:45.130 INFO  c.k.katalon.core.main.TestCaseExecutor   - START Test Cases/2000_tresult/Return Passed
2025-09-24 07:44:45.137 DEBUG testcase.Return Passed                   - 1: markPassed("Passed")
2025-09-24 07:44:45.138 DEBUG com.kms.katalon.core.util.KeywordUtil    - ✓ Passed
2025-09-24 07:44:47.141 INFO  c.k.k.c.c.internal.VideoRecorderService  - Video recording for test case 'Test Cases/2000_tresult/Return Passed' .
2025-09-24 07:44:47.142 INFO  c.k.katalon.core.main.TestCaseExecutor   - END Test Cases/2000_tresult/Return Passed
2025-09-24 07:44:47.144 INFO  c.k.katalon.core.main.TestCaseExecutor   - --------------------
2025-09-24 07:44:47.144 INFO  c.k.katalon.core.main.TestCaseExecutor   - START Test Cases/2000_tresult/Return Passed
2025-09-24 07:44:47.149 DEBUG testcase.Return Passed                   - 1: markPassed("Passed")
2025-09-24 07:44:47.149 DEBUG com.kms.katalon.core.util.KeywordUtil    - ✓ Passed
2025-09-24 07:44:49.154 INFO  c.k.k.c.c.internal.VideoRecorderService  - Video recording for test case 'Test Cases/2000_tresult/Return Passed' .
2025-09-24 07:44:49.155 INFO  c.k.katalon.core.main.TestCaseExecutor   - END Test Cases/2000_tresult/Return Passed
2025-09-24 07:44:49.157 INFO  c.k.katalon.core.main.TestCaseExecutor   - --------------------
2025-09-24 07:44:49.157 INFO  c.k.katalon.core.main.TestCaseExecutor   - START Test Cases/2000_tresult/Return Passed
2025-09-24 07:44:49.161 DEBUG testcase.Return Passed                   - 1: markPassed("Passed")
2025-09-24 07:44:49.162 DEBUG com.kms.katalon.core.util.KeywordUtil    - ✓ Passed
2025-09-24 07:44:51.165 INFO  c.k.k.c.c.internal.VideoRecorderService  - Video recording for test case 'Test Cases/2000_tresult/Return Passed' .
2025-09-24 07:44:51.166 INFO  c.k.katalon.core.main.TestCaseExecutor   - END Test Cases/2000_tresult/Return Passed
2025-09-24 07:44:51.169 INFO  c.k.katalon.core.main.TestCaseExecutor   - --------------------
2025-09-24 07:44:51.169 INFO  c.k.katalon.core.main.TestCaseExecutor   - START Test Cases/2000_tresult/Return Passed
2025-09-24 07:44:51.176 DEBUG testcase.Return Passed                   - 1: markPassed("Passed")
2025-09-24 07:44:51.176 DEBUG com.kms.katalon.core.util.KeywordUtil    - ✓ Passed
2025-09-24 07:44:53.180 INFO  c.k.k.c.c.internal.VideoRecorderService  - Video recording for test case 'Test Cases/2000_tresult/Return Passed' .
2025-09-24 07:44:53.180 INFO  c.k.katalon.core.main.TestCaseExecutor   - END Test Cases/2000_tresult/Return Passed
2025-09-24 07:44:53.182 INFO  c.k.katalon.core.main.TestCaseExecutor   - --------------------
2025-09-24 07:44:53.182 INFO  c.k.katalon.core.main.TestCaseExecutor   - START Test Cases/2000_tresult/Return Passed
2025-09-24 07:44:53.188 DEBUG testcase.Return Passed                   - 1: markPassed("Passed")
2025-09-24 07:44:53.189 DEBUG com.kms.katalon.core.util.KeywordUtil    - ✓ Passed
2025-09-24 07:44:55.192 INFO  c.k.k.c.c.internal.VideoRecorderService  - Video recording for test case 'Test Cases/2000_tresult/Return Passed' .
2025-09-24 07:44:55.193 INFO  c.k.katalon.core.main.TestCaseExecutor   - END Test Cases/2000_tresult/Return Passed
2025-09-24 07:44:55.195 INFO  c.k.katalon.core.main.TestCaseExecutor   - --------------------
2025-09-24 07:44:55.195 INFO  c.k.katalon.core.main.TestCaseExecutor   - START Test Cases/2000_tresult/Return Passed
2025-09-24 07:44:55.201 DEBUG testcase.Return Passed                   - 1: markPassed("Passed")
2025-09-24 07:44:55.201 DEBUG com.kms.katalon.core.util.KeywordUtil    - ✓ Passed
2025-09-24 07:44:57.205 INFO  c.k.k.c.c.internal.VideoRecorderService  - Video recording for test case 'Test Cases/2000_tresult/Return Passed' .
2025-09-24 07:44:57.205 INFO  c.k.katalon.core.main.TestCaseExecutor   - END Test Cases/2000_tresult/Return Passed
2025-09-24 07:44:57.207 INFO  c.k.katalon.core.main.TestCaseExecutor   - --------------------
2025-09-24 07:44:57.207 INFO  c.k.katalon.core.main.TestCaseExecutor   - START Test Cases/2000_tresult/Return Passed
2025-09-24 07:44:57.211 DEBUG testcase.Return Passed                   - 1: markPassed("Passed")
2025-09-24 07:44:57.212 DEBUG com.kms.katalon.core.util.KeywordUtil    - ✓ Passed
2025-09-24 07:44:59.215 INFO  c.k.k.c.c.internal.VideoRecorderService  - Video recording for test case 'Test Cases/2000_tresult/Return Passed' .
2025-09-24 07:44:59.216 INFO  c.k.katalon.core.main.TestCaseExecutor   - END Test Cases/2000_tresult/Return Passed
2025-09-24 07:44:59.220 INFO  c.k.katalon.core.main.TestCaseExecutor   - --------------------
2025-09-24 07:44:59.220 INFO  c.k.katalon.core.main.TestCaseExecutor   - START Test Cases/2000_tresult/Return Passed
2025-09-24 07:44:59.226 DEBUG testcase.Return Passed                   - 1: markPassed("Passed")
2025-09-24 07:44:59.227 DEBUG com.kms.katalon.core.util.KeywordUtil    - ✓ Passed
2025-09-24 07:45:01.231 INFO  c.k.k.c.c.internal.VideoRecorderService  - Video recording for test case 'Test Cases/2000_tresult/Return Passed' .
2025-09-24 07:45:01.231 INFO  c.k.katalon.core.main.TestCaseExecutor   - END Test Cases/2000_tresult/Return Passed
2025-09-24 07:45:01.239 INFO  c.k.katalon.core.main.TestCaseExecutor   - --------------------
2025-09-24 07:45:01.239 INFO  c.k.katalon.core.main.TestCaseExecutor   - START Test Cases/2000_tresult/Return Passed
2025-09-24 07:45:01.247 DEBUG testcase.Return Passed                   - 1: markPassed("Passed")
2025-09-24 07:45:01.248 DEBUG com.kms.katalon.core.util.KeywordUtil    - ✓ Passed
2025-09-24 07:45:03.252 INFO  c.k.k.c.c.internal.VideoRecorderService  - Video recording for test case 'Test Cases/2000_tresult/Return Passed' .
2025-09-24 07:45:03.252 INFO  c.k.katalon.core.main.TestCaseExecutor   - END Test Cases/2000_tresult/Return Passed
2025-09-24 07:45:03.254 INFO  c.k.katalon.core.main.TestCaseExecutor   - --------------------
2025-09-24 07:45:03.254 INFO  c.k.katalon.core.main.TestCaseExecutor   - START Test Cases/2000_tresult/Return Passed
2025-09-24 07:45:03.258 DEBUG testcase.Return Passed                   - 1: markPassed("Passed")
2025-09-24 07:45:03.259 DEBUG com.kms.katalon.core.util.KeywordUtil    - ✓ Passed
2025-09-24 07:45:05.262 INFO  c.k.k.c.c.internal.VideoRecorderService  - Video recording for test case 'Test Cases/2000_tresult/Return Passed' .
2025-09-24 07:45:05.263 INFO  c.k.katalon.core.main.TestCaseExecutor   - END Test Cases/2000_tresult/Return Passed
2025-09-24 07:45:05.265 INFO  c.k.katalon.core.main.TestCaseExecutor   - --------------------
2025-09-24 07:45:05.265 INFO  c.k.katalon.core.main.TestCaseExecutor   - START Test Cases/2000_tresult/Return Passed
2025-09-24 07:45:05.269 DEBUG testcase.Return Passed                   - 1: markPassed("Passed")
2025-09-24 07:45:05.269 DEBUG com.kms.katalon.core.util.KeywordUtil    - ✓ Passed
2025-09-24 07:45:07.273 INFO  c.k.k.c.c.internal.VideoRecorderService  - Video recording for test case 'Test Cases/2000_tresult/Return Passed' .
2025-09-24 07:45:07.274 INFO  c.k.katalon.core.main.TestCaseExecutor   - END Test Cases/2000_tresult/Return Passed
2025-09-24 07:45:07.276 INFO  c.k.katalon.core.main.TestCaseExecutor   - --------------------
2025-09-24 07:45:07.276 INFO  c.k.katalon.core.main.TestCaseExecutor   - START Test Cases/2000_tresult/Return Passed
2025-09-24 07:45:07.281 DEBUG testcase.Return Passed                   - 1: markPassed("Passed")
2025-09-24 07:45:07.281 DEBUG com.kms.katalon.core.util.KeywordUtil    - ✓ Passed
2025-09-24 07:45:09.285 INFO  c.k.k.c.c.internal.VideoRecorderService  - Video recording for test case 'Test Cases/2000_tresult/Return Passed' .
2025-09-24 07:45:09.285 INFO  c.k.katalon.core.main.TestCaseExecutor   - END Test Cases/2000_tresult/Return Passed
2025-09-24 07:45:09.287 INFO  c.k.katalon.core.main.TestCaseExecutor   - --------------------
2025-09-24 07:45:09.287 INFO  c.k.katalon.core.main.TestCaseExecutor   - START Test Cases/2000_tresult/Return Passed
2025-09-24 07:45:09.293 DEBUG testcase.Return Passed                   - 1: markPassed("Passed")
2025-09-24 07:45:09.293 DEBUG com.kms.katalon.core.util.KeywordUtil    - ✓ Passed
2025-09-24 07:45:11.297 INFO  c.k.k.c.c.internal.VideoRecorderService  - Video recording for test case 'Test Cases/2000_tresult/Return Passed' .
2025-09-24 07:45:11.297 INFO  c.k.katalon.core.main.TestCaseExecutor   - END Test Cases/2000_tresult/Return Passed
2025-09-24 07:45:11.299 INFO  c.k.katalon.core.main.TestCaseExecutor   - --------------------
2025-09-24 07:45:11.299 INFO  c.k.katalon.core.main.TestCaseExecutor   - START Test Cases/2000_tresult/Return Passed
2025-09-24 07:45:11.308 DEBUG testcase.Return Passed                   - 1: markPassed("Passed")
2025-09-24 07:45:11.308 DEBUG com.kms.katalon.core.util.KeywordUtil    - ✓ Passed
2025-09-24 07:45:13.311 INFO  c.k.k.c.c.internal.VideoRecorderService  - Video recording for test case 'Test Cases/2000_tresult/Return Passed' .
2025-09-24 07:45:13.312 INFO  c.k.katalon.core.main.TestCaseExecutor   - END Test Cases/2000_tresult/Return Passed
2025-09-24 07:45:13.314 INFO  c.k.katalon.core.main.TestCaseExecutor   - --------------------
2025-09-24 07:45:13.314 INFO  c.k.katalon.core.main.TestCaseExecutor   - START Test Cases/2000_tresult/Return Passed
2025-09-24 07:45:13.320 DEBUG testcase.Return Passed                   - 1: markPassed("Passed")
2025-09-24 07:45:13.320 DEBUG com.kms.katalon.core.util.KeywordUtil    - ✓ Passed
2025-09-24 07:45:15.324 INFO  c.k.k.c.c.internal.VideoRecorderService  - Video recording for test case 'Test Cases/2000_tresult/Return Passed' .
2025-09-24 07:45:15.324 INFO  c.k.katalon.core.main.TestCaseExecutor   - END Test Cases/2000_tresult/Return Passed
2025-09-24 07:45:15.326 INFO  c.k.katalon.core.main.TestCaseExecutor   - --------------------
2025-09-24 07:45:15.326 INFO  c.k.katalon.core.main.TestCaseExecutor   - START Test Cases/2000_tresult/Return Passed
2025-09-24 07:45:15.330 DEBUG testcase.Return Passed                   - 1: markPassed("Passed")
2025-09-24 07:45:15.331 DEBUG com.kms.katalon.core.util.KeywordUtil    - ✓ Passed
2025-09-24 07:45:17.334 INFO  c.k.k.c.c.internal.VideoRecorderService  - Video recording for test case 'Test Cases/2000_tresult/Return Passed' .
2025-09-24 07:45:17.335 INFO  c.k.katalon.core.main.TestCaseExecutor   - END Test Cases/2000_tresult/Return Passed
2025-09-24 07:45:17.336 INFO  c.k.katalon.core.main.TestCaseExecutor   - --------------------
2025-09-24 07:45:17.336 INFO  c.k.katalon.core.main.TestCaseExecutor   - START Test Cases/2000_tresult/Return Passed
2025-09-24 07:45:17.341 DEBUG testcase.Return Passed                   - 1: markPassed("Passed")
2025-09-24 07:45:17.342 DEBUG com.kms.katalon.core.util.KeywordUtil    - ✓ Passed
2025-09-24 07:45:19.345 INFO  c.k.k.c.c.internal.VideoRecorderService  - Video recording for test case 'Test Cases/2000_tresult/Return Passed' .
2025-09-24 07:45:19.346 INFO  c.k.katalon.core.main.TestCaseExecutor   - END Test Cases/2000_tresult/Return Passed
2025-09-24 07:45:19.347 INFO  c.k.katalon.core.main.TestCaseExecutor   - --------------------
2025-09-24 07:45:19.347 INFO  c.k.katalon.core.main.TestCaseExecutor   - START Test Cases/2000_tresult/Return Passed
2025-09-24 07:45:19.351 DEBUG testcase.Return Passed                   - 1: markPassed("Passed")
2025-09-24 07:45:19.352 DEBUG com.kms.katalon.core.util.KeywordUtil    - ✓ Passed
2025-09-24 07:45:21.355 INFO  c.k.k.c.c.internal.VideoRecorderService  - Video recording for test case 'Test Cases/2000_tresult/Return Passed' .
2025-09-24 07:45:21.356 INFO  c.k.katalon.core.main.TestCaseExecutor   - END Test Cases/2000_tresult/Return Passed
2025-09-24 07:45:21.357 INFO  c.k.katalon.core.main.TestCaseExecutor   - --------------------
2025-09-24 07:45:21.358 INFO  c.k.katalon.core.main.TestCaseExecutor   - START Test Cases/2000_tresult/Return Passed
2025-09-24 07:45:21.362 DEBUG testcase.Return Passed                   - 1: markPassed("Passed")
2025-09-24 07:45:21.362 DEBUG com.kms.katalon.core.util.KeywordUtil    - ✓ Passed
2025-09-24 07:45:23.366 INFO  c.k.k.c.c.internal.VideoRecorderService  - Video recording for test case 'Test Cases/2000_tresult/Return Passed' .
2025-09-24 07:45:23.367 INFO  c.k.katalon.core.main.TestCaseExecutor   - END Test Cases/2000_tresult/Return Passed
2025-09-24 07:45:23.371 INFO  c.k.katalon.core.main.TestCaseExecutor   - --------------------
2025-09-24 07:45:23.371 INFO  c.k.katalon.core.main.TestCaseExecutor   - START Test Cases/2000_tresult/Return Passed
2025-09-24 07:45:23.376 DEBUG testcase.Return Passed                   - 1: markPassed("Passed")
2025-09-24 07:45:23.376 DEBUG com.kms.katalon.core.util.KeywordUtil    - ✓ Passed
2025-09-24 07:45:25.380 INFO  c.k.k.c.c.internal.VideoRecorderService  - Video recording for test case 'Test Cases/2000_tresult/Return Passed' .
2025-09-24 07:45:25.380 INFO  c.k.katalon.core.main.TestCaseExecutor   - END Test Cases/2000_tresult/Return Passed
2025-09-24 07:45:25.382 INFO  c.k.katalon.core.main.TestCaseExecutor   - --------------------
2025-09-24 07:45:25.382 INFO  c.k.katalon.core.main.TestCaseExecutor   - START Test Cases/2000_tresult/Return Passed
2025-09-24 07:45:25.386 DEBUG testcase.Return Passed                   - 1: markPassed("Passed")
2025-09-24 07:45:25.386 DEBUG com.kms.katalon.core.util.KeywordUtil    - ✓ Passed
2025-09-24 07:45:27.390 INFO  c.k.k.c.c.internal.VideoRecorderService  - Video recording for test case 'Test Cases/2000_tresult/Return Passed' .
2025-09-24 07:45:27.390 INFO  c.k.katalon.core.main.TestCaseExecutor   - END Test Cases/2000_tresult/Return Passed
2025-09-24 07:45:27.395 INFO  c.k.katalon.core.main.TestCaseExecutor   - --------------------
2025-09-24 07:45:27.395 INFO  c.k.katalon.core.main.TestCaseExecutor   - START Test Cases/2000_tresult/Return Passed
2025-09-24 07:45:27.401 DEBUG testcase.Return Passed                   - 1: markPassed("Passed")
2025-09-24 07:45:27.402 DEBUG com.kms.katalon.core.util.KeywordUtil    - ✓ Passed
2025-09-24 07:45:29.405 INFO  c.k.k.c.c.internal.VideoRecorderService  - Video recording for test case 'Test Cases/2000_tresult/Return Passed' .
2025-09-24 07:45:29.406 INFO  c.k.katalon.core.main.TestCaseExecutor   - END Test Cases/2000_tresult/Return Passed
2025-09-24 07:45:29.410 INFO  c.k.katalon.core.main.TestCaseExecutor   - --------------------
2025-09-24 07:45:29.410 INFO  c.k.katalon.core.main.TestCaseExecutor   - START Test Cases/2000_tresult/Return Passed
2025-09-24 07:45:29.414 DEBUG testcase.Return Passed                   - 1: markPassed("Passed")
2025-09-24 07:45:29.414 DEBUG com.kms.katalon.core.util.KeywordUtil    - ✓ Passed
2025-09-24 07:45:31.418 INFO  c.k.k.c.c.internal.VideoRecorderService  - Video recording for test case 'Test Cases/2000_tresult/Return Passed' .
2025-09-24 07:45:31.418 INFO  c.k.katalon.core.main.TestCaseExecutor   - END Test Cases/2000_tresult/Return Passed
2025-09-24 07:45:31.420 INFO  c.k.katalon.core.main.TestCaseExecutor   - --------------------
2025-09-24 07:45:31.420 INFO  c.k.katalon.core.main.TestCaseExecutor   - START Test Cases/2000_tresult/Return Passed
2025-09-24 07:45:31.424 DEBUG testcase.Return Passed                   - 1: markPassed("Passed")
2025-09-24 07:45:31.424 DEBUG com.kms.katalon.core.util.KeywordUtil    - ✓ Passed
2025-09-24 07:45:33.428 INFO  c.k.k.c.c.internal.VideoRecorderService  - Video recording for test case 'Test Cases/2000_tresult/Return Passed' .
2025-09-24 07:45:33.429 INFO  c.k.katalon.core.main.TestCaseExecutor   - END Test Cases/2000_tresult/Return Passed
2025-09-24 07:45:33.430 INFO  c.k.katalon.core.main.TestCaseExecutor   - --------------------
2025-09-24 07:45:33.430 INFO  c.k.katalon.core.main.TestCaseExecutor   - START Test Cases/2000_tresult/Return Passed
2025-09-24 07:45:33.434 DEBUG testcase.Return Passed                   - 1: markPassed("Passed")
2025-09-24 07:45:33.435 DEBUG com.kms.katalon.core.util.KeywordUtil    - ✓ Passed
2025-09-24 07:45:35.439 INFO  c.k.k.c.c.internal.VideoRecorderService  - Video recording for test case 'Test Cases/2000_tresult/Return Passed' .
2025-09-24 07:45:35.439 INFO  c.k.katalon.core.main.TestCaseExecutor   - END Test Cases/2000_tresult/Return Passed
2025-09-24 07:45:35.441 INFO  c.k.katalon.core.main.TestCaseExecutor   - --------------------
2025-09-24 07:45:35.441 INFO  c.k.katalon.core.main.TestCaseExecutor   - START Test Cases/2000_tresult/Return Passed
2025-09-24 07:45:35.445 DEBUG testcase.Return Passed                   - 1: markPassed("Passed")
2025-09-24 07:45:35.446 DEBUG com.kms.katalon.core.util.KeywordUtil    - ✓ Passed
2025-09-24 07:45:37.449 INFO  c.k.k.c.c.internal.VideoRecorderService  - Video recording for test case 'Test Cases/2000_tresult/Return Passed' .
2025-09-24 07:45:37.450 INFO  c.k.katalon.core.main.TestCaseExecutor   - END Test Cases/2000_tresult/Return Passed
2025-09-24 07:45:37.451 INFO  c.k.katalon.core.main.TestCaseExecutor   - --------------------
2025-09-24 07:45:37.452 INFO  c.k.katalon.core.main.TestCaseExecutor   - START Test Cases/2000_tresult/Return Passed
2025-09-24 07:45:37.456 DEBUG testcase.Return Passed                   - 1: markPassed("Passed")
2025-09-24 07:45:37.456 DEBUG com.kms.katalon.core.util.KeywordUtil    - ✓ Passed
2025-09-24 07:45:39.460 INFO  c.k.k.c.c.internal.VideoRecorderService  - Video recording for test case 'Test Cases/2000_tresult/Return Passed' .
2025-09-24 07:45:39.460 INFO  c.k.katalon.core.main.TestCaseExecutor   - END Test Cases/2000_tresult/Return Passed
2025-09-24 07:45:39.462 INFO  c.k.katalon.core.main.TestCaseExecutor   - --------------------
2025-09-24 07:45:39.462 INFO  c.k.katalon.core.main.TestCaseExecutor   - START Test Cases/2000_tresult/Return Passed
2025-09-24 07:45:39.466 DEBUG testcase.Return Passed                   - 1: markPassed("Passed")
2025-09-24 07:45:39.466 DEBUG com.kms.katalon.core.util.KeywordUtil    - ✓ Passed
2025-09-24 07:45:41.469 INFO  c.k.k.c.c.internal.VideoRecorderService  - Video recording for test case 'Test Cases/2000_tresult/Return Passed' .
2025-09-24 07:45:41.470 INFO  c.k.katalon.core.main.TestCaseExecutor   - END Test Cases/2000_tresult/Return Passed
2025-09-24 07:45:41.472 INFO  c.k.katalon.core.main.TestCaseExecutor   - --------------------
2025-09-24 07:45:41.472 INFO  c.k.katalon.core.main.TestCaseExecutor   - START Test Cases/2000_tresult/Return Passed
2025-09-24 07:45:41.476 DEBUG testcase.Return Passed                   - 1: markPassed("Passed")
2025-09-24 07:45:41.476 DEBUG com.kms.katalon.core.util.KeywordUtil    - ✓ Passed
2025-09-24 07:45:43.480 INFO  c.k.k.c.c.internal.VideoRecorderService  - Video recording for test case 'Test Cases/2000_tresult/Return Passed' .
2025-09-24 07:45:43.480 INFO  c.k.katalon.core.main.TestCaseExecutor   - END Test Cases/2000_tresult/Return Passed
2025-09-24 07:45:43.482 INFO  c.k.katalon.core.main.TestCaseExecutor   - --------------------
2025-09-24 07:45:43.482 INFO  c.k.katalon.core.main.TestCaseExecutor   - START Test Cases/2000_tresult/Return Passed
2025-09-24 07:45:43.486 DEBUG testcase.Return Passed                   - 1: markPassed("Passed")
2025-09-24 07:45:43.486 DEBUG com.kms.katalon.core.util.KeywordUtil    - ✓ Passed
2025-09-24 07:45:45.490 INFO  c.k.k.c.c.internal.VideoRecorderService  - Video recording for test case 'Test Cases/2000_tresult/Return Passed' .
2025-09-24 07:45:45.490 INFO  c.k.katalon.core.main.TestCaseExecutor   - END Test Cases/2000_tresult/Return Passed
2025-09-24 07:45:45.492 INFO  c.k.katalon.core.main.TestCaseExecutor   - --------------------
2025-09-24 07:45:45.492 INFO  c.k.katalon.core.main.TestCaseExecutor   - START Test Cases/2000_tresult/Return Passed
2025-09-24 07:45:45.496 DEBUG testcase.Return Passed                   - 1: markPassed("Passed")
2025-09-24 07:45:45.496 DEBUG com.kms.katalon.core.util.KeywordUtil    - ✓ Passed
2025-09-24 07:45:47.500 INFO  c.k.k.c.c.internal.VideoRecorderService  - Video recording for test case 'Test Cases/2000_tresult/Return Passed' .
2025-09-24 07:45:47.500 INFO  c.k.katalon.core.main.TestCaseExecutor   - END Test Cases/2000_tresult/Return Passed
2025-09-24 07:45:47.502 INFO  c.k.katalon.core.main.TestCaseExecutor   - --------------------
2025-09-24 07:45:47.502 INFO  c.k.katalon.core.main.TestCaseExecutor   - START Test Cases/2000_tresult/Return Passed
2025-09-24 07:45:47.506 DEBUG testcase.Return Passed                   - 1: markPassed("Passed")
2025-09-24 07:45:47.506 DEBUG com.kms.katalon.core.util.KeywordUtil    - ✓ Passed
2025-09-24 07:45:49.509 INFO  c.k.k.c.c.internal.VideoRecorderService  - Video recording for test case 'Test Cases/2000_tresult/Return Passed' .
2025-09-24 07:45:49.510 INFO  c.k.katalon.core.main.TestCaseExecutor   - END Test Cases/2000_tresult/Return Passed
2025-09-24 07:45:49.511 INFO  c.k.katalon.core.main.TestCaseExecutor   - --------------------
2025-09-24 07:45:49.511 INFO  c.k.katalon.core.main.TestCaseExecutor   - START Test Cases/2000_tresult/Return Passed
2025-09-24 07:45:49.516 DEBUG testcase.Return Passed                   - 1: markPassed("Passed")
2025-09-24 07:45:49.516 DEBUG com.kms.katalon.core.util.KeywordUtil    - ✓ Passed
2025-09-24 07:45:51.519 INFO  c.k.k.c.c.internal.VideoRecorderService  - Video recording for test case 'Test Cases/2000_tresult/Return Passed' .
2025-09-24 07:45:51.520 INFO  c.k.katalon.core.main.TestCaseExecutor   - END Test Cases/2000_tresult/Return Passed
2025-09-24 07:45:51.522 INFO  c.k.katalon.core.main.TestCaseExecutor   - --------------------
2025-09-24 07:45:51.522 INFO  c.k.katalon.core.main.TestCaseExecutor   - START Test Cases/2000_tresult/Return Passed
2025-09-24 07:45:51.526 DEBUG testcase.Return Passed                   - 1: markPassed("Passed")
2025-09-24 07:45:51.526 DEBUG com.kms.katalon.core.util.KeywordUtil    - ✓ Passed
2025-09-24 07:45:53.530 INFO  c.k.k.c.c.internal.VideoRecorderService  - Video recording for test case 'Test Cases/2000_tresult/Return Passed' .
2025-09-24 07:45:53.530 INFO  c.k.katalon.core.main.TestCaseExecutor   - END Test Cases/2000_tresult/Return Passed
2025-09-24 07:45:53.532 INFO  c.k.katalon.core.main.TestCaseExecutor   - --------------------
2025-09-24 07:45:53.532 INFO  c.k.katalon.core.main.TestCaseExecutor   - START Test Cases/2000_tresult/Return Passed
2025-09-24 07:45:53.536 DEBUG testcase.Return Passed                   - 1: markPassed("Passed")
2025-09-24 07:45:53.536 DEBUG com.kms.katalon.core.util.KeywordUtil    - ✓ Passed
2025-09-24 07:45:55.539 INFO  c.k.k.c.c.internal.VideoRecorderService  - Video recording for test case 'Test Cases/2000_tresult/Return Passed' .
2025-09-24 07:45:55.540 INFO  c.k.katalon.core.main.TestCaseExecutor   - END Test Cases/2000_tresult/Return Passed
2025-09-24 07:45:55.541 INFO  c.k.katalon.core.main.TestCaseExecutor   - --------------------
2025-09-24 07:45:55.541 INFO  c.k.katalon.core.main.TestCaseExecutor   - START Test Cases/2000_tresult/Return Passed
2025-09-24 07:45:55.554 DEBUG testcase.Return Passed                   - 1: markPassed("Passed")
2025-09-24 07:45:55.555 DEBUG com.kms.katalon.core.util.KeywordUtil    - ✓ Passed
2025-09-24 07:45:57.558 INFO  c.k.k.c.c.internal.VideoRecorderService  - Video recording for test case 'Test Cases/2000_tresult/Return Passed' .
2025-09-24 07:45:57.559 INFO  c.k.katalon.core.main.TestCaseExecutor   - END Test Cases/2000_tresult/Return Passed
2025-09-24 07:45:57.560 INFO  c.k.katalon.core.main.TestCaseExecutor   - --------------------
2025-09-24 07:45:57.560 INFO  c.k.katalon.core.main.TestCaseExecutor   - START Test Cases/2000_tresult/Return Passed
2025-09-24 07:45:57.564 DEBUG testcase.Return Passed                   - 1: markPassed("Passed")
2025-09-24 07:45:57.564 DEBUG com.kms.katalon.core.util.KeywordUtil    - ✓ Passed
2025-09-24 07:45:59.568 INFO  c.k.k.c.c.internal.VideoRecorderService  - Video recording for test case 'Test Cases/2000_tresult/Return Passed' .
2025-09-24 07:45:59.568 INFO  c.k.katalon.core.main.TestCaseExecutor   - END Test Cases/2000_tresult/Return Passed
2025-09-24 07:45:59.570 INFO  c.k.katalon.core.main.TestCaseExecutor   - --------------------
2025-09-24 07:45:59.570 INFO  c.k.katalon.core.main.TestCaseExecutor   - START Test Cases/2000_tresult/Return Passed
2025-09-24 07:45:59.574 DEBUG testcase.Return Passed                   - 1: markPassed("Passed")
2025-09-24 07:45:59.574 DEBUG com.kms.katalon.core.util.KeywordUtil    - ✓ Passed
2025-09-24 07:46:01.577 INFO  c.k.k.c.c.internal.VideoRecorderService  - Video recording for test case 'Test Cases/2000_tresult/Return Passed' .
2025-09-24 07:46:01.578 INFO  c.k.katalon.core.main.TestCaseExecutor   - END Test Cases/2000_tresult/Return Passed
2025-09-24 07:46:01.579 INFO  c.k.katalon.core.main.TestCaseExecutor   - --------------------
2025-09-24 07:46:01.579 INFO  c.k.katalon.core.main.TestCaseExecutor   - START Test Cases/2000_tresult/Return Passed
2025-09-24 07:46:01.583 DEBUG testcase.Return Passed                   - 1: markPassed("Passed")
2025-09-24 07:46:01.583 DEBUG com.kms.katalon.core.util.KeywordUtil    - ✓ Passed
2025-09-24 07:46:03.587 INFO  c.k.k.c.c.internal.VideoRecorderService  - Video recording for test case 'Test Cases/2000_tresult/Return Passed' .
2025-09-24 07:46:03.587 INFO  c.k.katalon.core.main.TestCaseExecutor   - END Test Cases/2000_tresult/Return Passed
2025-09-24 07:46:03.589 INFO  c.k.katalon.core.main.TestCaseExecutor   - --------------------
2025-09-24 07:46:03.589 INFO  c.k.katalon.core.main.TestCaseExecutor   - START Test Cases/2000_tresult/Return Passed
2025-09-24 07:46:03.593 DEBUG testcase.Return Passed                   - 1: markPassed("Passed")
2025-09-24 07:46:03.593 DEBUG com.kms.katalon.core.util.KeywordUtil    - ✓ Passed
2025-09-24 07:46:05.597 INFO  c.k.k.c.c.internal.VideoRecorderService  - Video recording for test case 'Test Cases/2000_tresult/Return Passed' .
2025-09-24 07:46:05.597 INFO  c.k.katalon.core.main.TestCaseExecutor   - END Test Cases/2000_tresult/Return Passed
2025-09-24 07:46:05.599 INFO  c.k.katalon.core.main.TestCaseExecutor   - --------------------
2025-09-24 07:46:05.599 INFO  c.k.katalon.core.main.TestCaseExecutor   - START Test Cases/2000_tresult/Return Passed
2025-09-24 07:46:05.603 DEBUG testcase.Return Passed                   - 1: markPassed("Passed")
2025-09-24 07:46:05.603 DEBUG com.kms.katalon.core.util.KeywordUtil    - ✓ Passed
2025-09-24 07:46:07.607 INFO  c.k.k.c.c.internal.VideoRecorderService  - Video recording for test case 'Test Cases/2000_tresult/Return Passed' .
2025-09-24 07:46:07.607 INFO  c.k.katalon.core.main.TestCaseExecutor   - END Test Cases/2000_tresult/Return Passed
2025-09-24 07:46:07.609 INFO  c.k.katalon.core.main.TestCaseExecutor   - --------------------
2025-09-24 07:46:07.609 INFO  c.k.katalon.core.main.TestCaseExecutor   - START Test Cases/2000_tresult/Return Passed
2025-09-24 07:46:07.613 DEBUG testcase.Return Passed                   - 1: markPassed("Passed")
2025-09-24 07:46:07.613 DEBUG com.kms.katalon.core.util.KeywordUtil    - ✓ Passed
2025-09-24 07:46:09.616 INFO  c.k.k.c.c.internal.VideoRecorderService  - Video recording for test case 'Test Cases/2000_tresult/Return Passed' .
2025-09-24 07:46:09.617 INFO  c.k.katalon.core.main.TestCaseExecutor   - END Test Cases/2000_tresult/Return Passed
2025-09-24 07:46:09.618 INFO  c.k.katalon.core.main.TestCaseExecutor   - --------------------
2025-09-24 07:46:09.619 INFO  c.k.katalon.core.main.TestCaseExecutor   - START Test Cases/2000_tresult/Return Passed
2025-09-24 07:46:09.622 DEBUG testcase.Return Passed                   - 1: markPassed("Passed")
2025-09-24 07:46:09.622 DEBUG com.kms.katalon.core.util.KeywordUtil    - ✓ Passed
2025-09-24 07:46:11.626 INFO  c.k.k.c.c.internal.VideoRecorderService  - Video recording for test case 'Test Cases/2000_tresult/Return Passed' .
2025-09-24 07:46:11.626 INFO  c.k.katalon.core.main.TestCaseExecutor   - END Test Cases/2000_tresult/Return Passed
2025-09-24 07:46:11.628 INFO  c.k.katalon.core.main.TestCaseExecutor   - --------------------
2025-09-24 07:46:11.628 INFO  c.k.katalon.core.main.TestCaseExecutor   - START Test Cases/2000_tresult/Return Passed
2025-09-24 07:46:11.632 DEBUG testcase.Return Passed                   - 1: markPassed("Passed")
2025-09-24 07:46:11.632 DEBUG com.kms.katalon.core.util.KeywordUtil    - ✓ Passed
2025-09-24 07:46:13.635 INFO  c.k.k.c.c.internal.VideoRecorderService  - Video recording for test case 'Test Cases/2000_tresult/Return Passed' .
2025-09-24 07:46:13.635 INFO  c.k.katalon.core.main.TestCaseExecutor   - END Test Cases/2000_tresult/Return Passed
2025-09-24 07:46:13.637 INFO  c.k.katalon.core.main.TestCaseExecutor   - --------------------
2025-09-24 07:46:13.637 INFO  c.k.katalon.core.main.TestCaseExecutor   - START Test Cases/2000_tresult/Return Passed
2025-09-24 07:46:13.641 DEBUG testcase.Return Passed                   - 1: markPassed("Passed")
2025-09-24 07:46:13.641 DEBUG com.kms.katalon.core.util.KeywordUtil    - ✓ Passed
2025-09-24 07:46:15.644 INFO  c.k.k.c.c.internal.VideoRecorderService  - Video recording for test case 'Test Cases/2000_tresult/Return Passed' .
2025-09-24 07:46:15.645 INFO  c.k.katalon.core.main.TestCaseExecutor   - END Test Cases/2000_tresult/Return Passed
2025-09-24 07:46:15.646 INFO  c.k.katalon.core.main.TestCaseExecutor   - --------------------
2025-09-24 07:46:15.646 INFO  c.k.katalon.core.main.TestCaseExecutor   - START Test Cases/2000_tresult/Return Passed
2025-09-24 07:46:15.650 DEBUG testcase.Return Passed                   - 1: markPassed("Passed")
2025-09-24 07:46:15.650 DEBUG com.kms.katalon.core.util.KeywordUtil    - ✓ Passed
2025-09-24 07:46:17.654 INFO  c.k.k.c.c.internal.VideoRecorderService  - Video recording for test case 'Test Cases/2000_tresult/Return Passed' .
2025-09-24 07:46:17.654 INFO  c.k.katalon.core.main.TestCaseExecutor   - END Test Cases/2000_tresult/Return Passed
2025-09-24 07:46:17.656 INFO  c.k.katalon.core.main.TestCaseExecutor   - --------------------
2025-09-24 07:46:17.656 INFO  c.k.katalon.core.main.TestCaseExecutor   - START Test Cases/2000_tresult/Return Passed
2025-09-24 07:46:17.660 DEBUG testcase.Return Passed                   - 1: markPassed("Passed")
2025-09-24 07:46:17.660 DEBUG com.kms.katalon.core.util.KeywordUtil    - ✓ Passed
2025-09-24 07:46:19.663 INFO  c.k.k.c.c.internal.VideoRecorderService  - Video recording for test case 'Test Cases/2000_tresult/Return Passed' .
2025-09-24 07:46:19.664 INFO  c.k.katalon.core.main.TestCaseExecutor   - END Test Cases/2000_tresult/Return Passed
2025-09-24 07:46:19.665 INFO  c.k.katalon.core.main.TestCaseExecutor   - --------------------
2025-09-24 07:46:19.665 INFO  c.k.katalon.core.main.TestCaseExecutor   - START Test Cases/2000_tresult/Return Passed
2025-09-24 07:46:19.669 DEBUG testcase.Return Passed                   - 1: markPassed("Passed")
2025-09-24 07:46:19.670 DEBUG com.kms.katalon.core.util.KeywordUtil    - ✓ Passed
2025-09-24 07:46:21.673 INFO  c.k.k.c.c.internal.VideoRecorderService  - Video recording for test case 'Test Cases/2000_tresult/Return Passed' .
2025-09-24 07:46:21.673 INFO  c.k.katalon.core.main.TestCaseExecutor   - END Test Cases/2000_tresult/Return Passed
2025-09-24 07:46:21.675 INFO  c.k.katalon.core.main.TestCaseExecutor   - --------------------
2025-09-24 07:46:21.675 INFO  c.k.katalon.core.main.TestCaseExecutor   - START Test Cases/2000_tresult/Return Passed
2025-09-24 07:46:21.678 DEBUG testcase.Return Passed                   - 1: markPassed("Passed")
2025-09-24 07:46:21.679 DEBUG com.kms.katalon.core.util.KeywordUtil    - ✓ Passed
2025-09-24 07:46:23.682 INFO  c.k.k.c.c.internal.VideoRecorderService  - Video recording for test case 'Test Cases/2000_tresult/Return Passed' .
2025-09-24 07:46:23.682 INFO  c.k.katalon.core.main.TestCaseExecutor   - END Test Cases/2000_tresult/Return Passed
2025-09-24 07:46:23.684 INFO  c.k.katalon.core.main.TestCaseExecutor   - --------------------
2025-09-24 07:46:23.684 INFO  c.k.katalon.core.main.TestCaseExecutor   - START Test Cases/2000_tresult/Return Passed
2025-09-24 07:46:23.688 DEBUG testcase.Return Passed                   - 1: markPassed("Passed")
2025-09-24 07:46:23.688 DEBUG com.kms.katalon.core.util.KeywordUtil    - ✓ Passed
2025-09-24 07:46:25.691 INFO  c.k.k.c.c.internal.VideoRecorderService  - Video recording for test case 'Test Cases/2000_tresult/Return Passed' .
2025-09-24 07:46:25.691 INFO  c.k.katalon.core.main.TestCaseExecutor   - END Test Cases/2000_tresult/Return Passed
2025-09-24 07:46:25.693 INFO  c.k.katalon.core.main.TestCaseExecutor   - --------------------
2025-09-24 07:46:25.693 INFO  c.k.katalon.core.main.TestCaseExecutor   - START Test Cases/2000_tresult/Return Passed
2025-09-24 07:46:25.697 DEBUG testcase.Return Passed                   - 1: markPassed("Passed")
2025-09-24 07:46:25.697 DEBUG com.kms.katalon.core.util.KeywordUtil    - ✓ Passed
2025-09-24 07:46:27.701 INFO  c.k.k.c.c.internal.VideoRecorderService  - Video recording for test case 'Test Cases/2000_tresult/Return Passed' .
2025-09-24 07:46:27.701 INFO  c.k.katalon.core.main.TestCaseExecutor   - END Test Cases/2000_tresult/Return Passed
2025-09-24 07:46:27.703 INFO  c.k.katalon.core.main.TestCaseExecutor   - --------------------
2025-09-24 07:46:27.703 INFO  c.k.katalon.core.main.TestCaseExecutor   - START Test Cases/2000_tresult/Return Passed
2025-09-24 07:46:27.706 DEBUG testcase.Return Passed                   - 1: markPassed("Passed")
2025-09-24 07:46:27.707 DEBUG com.kms.katalon.core.util.KeywordUtil    - ✓ Passed
2025-09-24 07:46:29.710 INFO  c.k.k.c.c.internal.VideoRecorderService  - Video recording for test case 'Test Cases/2000_tresult/Return Passed' .
2025-09-24 07:46:29.710 INFO  c.k.katalon.core.main.TestCaseExecutor   - END Test Cases/2000_tresult/Return Passed
2025-09-24 07:46:29.712 INFO  c.k.katalon.core.main.TestCaseExecutor   - --------------------
2025-09-24 07:46:29.712 INFO  c.k.katalon.core.main.TestCaseExecutor   - START Test Cases/2000_tresult/Return Passed
2025-09-24 07:46:29.716 DEBUG testcase.Return Passed                   - 1: markPassed("Passed")
2025-09-24 07:46:29.716 DEBUG com.kms.katalon.core.util.KeywordUtil    - ✓ Passed
2025-09-24 07:46:31.719 INFO  c.k.k.c.c.internal.VideoRecorderService  - Video recording for test case 'Test Cases/2000_tresult/Return Passed' .
2025-09-24 07:46:31.720 INFO  c.k.katalon.core.main.TestCaseExecutor   - END Test Cases/2000_tresult/Return Passed
2025-09-24 07:46:31.721 INFO  c.k.katalon.core.main.TestCaseExecutor   - --------------------
2025-09-24 07:46:31.721 INFO  c.k.katalon.core.main.TestCaseExecutor   - START Test Cases/2000_tresult/Return Passed
2025-09-24 07:46:31.725 DEBUG testcase.Return Passed                   - 1: markPassed("Passed")
2025-09-24 07:46:31.725 DEBUG com.kms.katalon.core.util.KeywordUtil    - ✓ Passed
2025-09-24 07:46:33.728 INFO  c.k.k.c.c.internal.VideoRecorderService  - Video recording for test case 'Test Cases/2000_tresult/Return Passed' .
2025-09-24 07:46:33.729 INFO  c.k.katalon.core.main.TestCaseExecutor   - END Test Cases/2000_tresult/Return Passed
2025-09-24 07:46:33.730 INFO  c.k.katalon.core.main.TestCaseExecutor   - --------------------
2025-09-24 07:46:33.730 INFO  c.k.katalon.core.main.TestCaseExecutor   - START Test Cases/2000_tresult/Return Passed
2025-09-24 07:46:33.734 DEBUG testcase.Return Passed                   - 1: markPassed("Passed")
2025-09-24 07:46:33.734 DEBUG com.kms.katalon.core.util.KeywordUtil    - ✓ Passed
2025-09-24 07:46:35.738 INFO  c.k.k.c.c.internal.VideoRecorderService  - Video recording for test case 'Test Cases/2000_tresult/Return Passed' .
2025-09-24 07:46:35.738 INFO  c.k.katalon.core.main.TestCaseExecutor   - END Test Cases/2000_tresult/Return Passed
2025-09-24 07:46:35.740 INFO  c.k.katalon.core.main.TestCaseExecutor   - --------------------
2025-09-24 07:46:35.740 INFO  c.k.katalon.core.main.TestCaseExecutor   - START Test Cases/2000_tresult/Return Passed
2025-09-24 07:46:35.743 DEBUG testcase.Return Passed                   - 1: markPassed("Passed")
2025-09-24 07:46:35.744 DEBUG com.kms.katalon.core.util.KeywordUtil    - ✓ Passed
2025-09-24 07:46:37.747 INFO  c.k.k.c.c.internal.VideoRecorderService  - Video recording for test case 'Test Cases/2000_tresult/Return Passed' .
2025-09-24 07:46:37.747 INFO  c.k.katalon.core.main.TestCaseExecutor   - END Test Cases/2000_tresult/Return Passed
2025-09-24 07:46:37.749 INFO  c.k.katalon.core.main.TestCaseExecutor   - --------------------
2025-09-24 07:46:37.749 INFO  c.k.katalon.core.main.TestCaseExecutor   - START Test Cases/2000_tresult/Return Passed
2025-09-24 07:46:37.753 DEBUG testcase.Return Passed                   - 1: markPassed("Passed")
2025-09-24 07:46:37.753 DEBUG com.kms.katalon.core.util.KeywordUtil    - ✓ Passed
2025-09-24 07:46:39.756 INFO  c.k.k.c.c.internal.VideoRecorderService  - Video recording for test case 'Test Cases/2000_tresult/Return Passed' .
2025-09-24 07:46:39.757 INFO  c.k.katalon.core.main.TestCaseExecutor   - END Test Cases/2000_tresult/Return Passed
2025-09-24 07:46:39.758 INFO  c.k.katalon.core.main.TestCaseExecutor   - --------------------
2025-09-24 07:46:39.758 INFO  c.k.katalon.core.main.TestCaseExecutor   - START Test Cases/2000_tresult/Return Passed
2025-09-24 07:46:39.762 DEBUG testcase.Return Passed                   - 1: markPassed("Passed")
2025-09-24 07:46:39.762 DEBUG com.kms.katalon.core.util.KeywordUtil    - ✓ Passed
2025-09-24 07:46:41.765 INFO  c.k.k.c.c.internal.VideoRecorderService  - Video recording for test case 'Test Cases/2000_tresult/Return Passed' .
2025-09-24 07:46:41.766 INFO  c.k.katalon.core.main.TestCaseExecutor   - END Test Cases/2000_tresult/Return Passed
2025-09-24 07:46:41.767 INFO  c.k.katalon.core.main.TestCaseExecutor   - --------------------
2025-09-24 07:46:41.767 INFO  c.k.katalon.core.main.TestCaseExecutor   - START Test Cases/2000_tresult/Return Passed
2025-09-24 07:46:41.771 DEBUG testcase.Return Passed                   - 1: markPassed("Passed")
2025-09-24 07:46:41.771 DEBUG com.kms.katalon.core.util.KeywordUtil    - ✓ Passed
2025-09-24 07:46:43.775 INFO  c.k.k.c.c.internal.VideoRecorderService  - Video recording for test case 'Test Cases/2000_tresult/Return Passed' .
2025-09-24 07:46:43.775 INFO  c.k.katalon.core.main.TestCaseExecutor   - END Test Cases/2000_tresult/Return Passed
2025-09-24 07:46:43.777 INFO  c.k.katalon.core.main.TestCaseExecutor   - --------------------
2025-09-24 07:46:43.777 INFO  c.k.katalon.core.main.TestCaseExecutor   - START Test Cases/2000_tresult/Return Passed
2025-09-24 07:46:43.780 DEBUG testcase.Return Passed                   - 1: markPassed("Passed")
2025-09-24 07:46:43.781 DEBUG com.kms.katalon.core.util.KeywordUtil    - ✓ Passed
2025-09-24 07:46:45.784 INFO  c.k.k.c.c.internal.VideoRecorderService  - Video recording for test case 'Test Cases/2000_tresult/Return Passed' .
2025-09-24 07:46:45.784 INFO  c.k.katalon.core.main.TestCaseExecutor   - END Test Cases/2000_tresult/Return Passed
2025-09-24 07:46:45.786 INFO  c.k.katalon.core.main.TestCaseExecutor   - --------------------
2025-09-24 07:46:45.786 INFO  c.k.katalon.core.main.TestCaseExecutor   - START Test Cases/2000_tresult/Return Passed
2025-09-24 07:46:45.789 DEBUG testcase.Return Passed                   - 1: markPassed("Passed")
2025-09-24 07:46:45.789 DEBUG com.kms.katalon.core.util.KeywordUtil    - ✓ Passed
2025-09-24 07:46:47.793 INFO  c.k.k.c.c.internal.VideoRecorderService  - Video recording for test case 'Test Cases/2000_tresult/Return Passed' .
2025-09-24 07:46:47.793 INFO  c.k.katalon.core.main.TestCaseExecutor   - END Test Cases/2000_tresult/Return Passed
2025-09-24 07:46:47.795 INFO  c.k.katalon.core.main.TestCaseExecutor   - --------------------
2025-09-24 07:46:47.795 INFO  c.k.katalon.core.main.TestCaseExecutor   - START Test Cases/2000_tresult/Return Passed
2025-09-24 07:46:47.798 DEBUG testcase.Return Passed                   - 1: markPassed("Passed")
2025-09-24 07:46:47.799 DEBUG com.kms.katalon.core.util.KeywordUtil    - ✓ Passed
2025-09-24 07:46:49.802 INFO  c.k.k.c.c.internal.VideoRecorderService  - Video recording for test case 'Test Cases/2000_tresult/Return Passed' .
2025-09-24 07:46:49.802 INFO  c.k.katalon.core.main.TestCaseExecutor   - END Test Cases/2000_tresult/Return Passed
2025-09-24 07:46:49.804 INFO  c.k.katalon.core.main.TestCaseExecutor   - --------------------
2025-09-24 07:46:49.804 INFO  c.k.katalon.core.main.TestCaseExecutor   - START Test Cases/2000_tresult/Return Passed
2025-09-24 07:46:49.808 DEBUG testcase.Return Passed                   - 1: markPassed("Passed")
2025-09-24 07:46:49.808 DEBUG com.kms.katalon.core.util.KeywordUtil    - ✓ Passed
2025-09-24 07:46:51.811 INFO  c.k.k.c.c.internal.VideoRecorderService  - Video recording for test case 'Test Cases/2000_tresult/Return Passed' .
2025-09-24 07:46:51.812 INFO  c.k.katalon.core.main.TestCaseExecutor   - END Test Cases/2000_tresult/Return Passed
2025-09-24 07:46:51.813 INFO  c.k.katalon.core.main.TestCaseExecutor   - --------------------
2025-09-24 07:46:51.813 INFO  c.k.katalon.core.main.TestCaseExecutor   - START Test Cases/2000_tresult/Return Passed
2025-09-24 07:46:51.817 DEBUG testcase.Return Passed                   - 1: markPassed("Passed")
2025-09-24 07:46:51.818 DEBUG com.kms.katalon.core.util.KeywordUtil    - ✓ Passed
2025-09-24 07:46:53.821 INFO  c.k.k.c.c.internal.VideoRecorderService  - Video recording for test case 'Test Cases/2000_tresult/Return Passed' .
2025-09-24 07:46:53.822 INFO  c.k.katalon.core.main.TestCaseExecutor   - END Test Cases/2000_tresult/Return Passed
2025-09-24 07:46:53.823 INFO  c.k.katalon.core.main.TestCaseExecutor   - --------------------
2025-09-24 07:46:53.823 INFO  c.k.katalon.core.main.TestCaseExecutor   - START Test Cases/2000_tresult/Return Passed
2025-09-24 07:46:53.827 DEBUG testcase.Return Passed                   - 1: markPassed("Passed")
2025-09-24 07:46:53.827 DEBUG com.kms.katalon.core.util.KeywordUtil    - ✓ Passed
2025-09-24 07:46:55.830 INFO  c.k.k.c.c.internal.VideoRecorderService  - Video recording for test case 'Test Cases/2000_tresult/Return Passed' .
2025-09-24 07:46:55.831 INFO  c.k.katalon.core.main.TestCaseExecutor   - END Test Cases/2000_tresult/Return Passed
2025-09-24 07:46:55.832 INFO  c.k.katalon.core.main.TestCaseExecutor   - --------------------
2025-09-24 07:46:55.832 INFO  c.k.katalon.core.main.TestCaseExecutor   - START Test Cases/2000_tresult/Return Passed
2025-09-24 07:46:55.836 DEBUG testcase.Return Passed                   - 1: markPassed("Passed")
2025-09-24 07:46:55.836 DEBUG com.kms.katalon.core.util.KeywordUtil    - ✓ Passed
2025-09-24 07:46:57.839 INFO  c.k.k.c.c.internal.VideoRecorderService  - Video recording for test case 'Test Cases/2000_tresult/Return Passed' .
2025-09-24 07:46:57.840 INFO  c.k.katalon.core.main.TestCaseExecutor   - END Test Cases/2000_tresult/Return Passed
2025-09-24 07:46:57.841 INFO  c.k.katalon.core.main.TestCaseExecutor   - --------------------
2025-09-24 07:46:57.841 INFO  c.k.katalon.core.main.TestCaseExecutor   - START Test Cases/2000_tresult/Return Passed
2025-09-24 07:46:57.845 DEBUG testcase.Return Passed                   - 1: markPassed("Passed")
2025-09-24 07:46:57.845 DEBUG com.kms.katalon.core.util.KeywordUtil    - ✓ Passed
2025-09-24 07:46:59.848 INFO  c.k.k.c.c.internal.VideoRecorderService  - Video recording for test case 'Test Cases/2000_tresult/Return Passed' .
2025-09-24 07:46:59.848 INFO  c.k.katalon.core.main.TestCaseExecutor   - END Test Cases/2000_tresult/Return Passed
2025-09-24 07:46:59.850 INFO  c.k.katalon.core.main.TestCaseExecutor   - --------------------
2025-09-24 07:46:59.850 INFO  c.k.katalon.core.main.TestCaseExecutor   - START Test Cases/2000_tresult/Return Passed
2025-09-24 07:46:59.853 DEBUG testcase.Return Passed                   - 1: markPassed("Passed")
2025-09-24 07:46:59.853 DEBUG com.kms.katalon.core.util.KeywordUtil    - ✓ Passed
2025-09-24 07:47:01.857 INFO  c.k.k.c.c.internal.VideoRecorderService  - Video recording for test case 'Test Cases/2000_tresult/Return Passed' .
2025-09-24 07:47:01.857 INFO  c.k.katalon.core.main.TestCaseExecutor   - END Test Cases/2000_tresult/Return Passed
2025-09-24 07:47:01.859 INFO  c.k.katalon.core.main.TestCaseExecutor   - --------------------
2025-09-24 07:47:01.859 INFO  c.k.katalon.core.main.TestCaseExecutor   - START Test Cases/2000_tresult/Return Passed
2025-09-24 07:47:01.862 DEBUG testcase.Return Passed                   - 1: markPassed("Passed")
2025-09-24 07:47:01.863 DEBUG com.kms.katalon.core.util.KeywordUtil    - ✓ Passed
2025-09-24 07:47:03.866 INFO  c.k.k.c.c.internal.VideoRecorderService  - Video recording for test case 'Test Cases/2000_tresult/Return Passed' .
2025-09-24 07:47:03.866 INFO  c.k.katalon.core.main.TestCaseExecutor   - END Test Cases/2000_tresult/Return Passed
2025-09-24 07:47:03.868 INFO  c.k.katalon.core.main.TestCaseExecutor   - --------------------
2025-09-24 07:47:03.868 INFO  c.k.katalon.core.main.TestCaseExecutor   - START Test Cases/2000_tresult/Return Passed
2025-09-24 07:47:03.871 DEBUG testcase.Return Passed                   - 1: markPassed("Passed")
2025-09-24 07:47:03.872 DEBUG com.kms.katalon.core.util.KeywordUtil    - ✓ Passed
2025-09-24 07:47:05.875 INFO  c.k.k.c.c.internal.VideoRecorderService  - Video recording for test case 'Test Cases/2000_tresult/Return Passed' .
2025-09-24 07:47:05.875 INFO  c.k.katalon.core.main.TestCaseExecutor   - END Test Cases/2000_tresult/Return Passed
2025-09-24 07:47:05.877 INFO  c.k.katalon.core.main.TestCaseExecutor   - --------------------
2025-09-24 07:47:05.877 INFO  c.k.katalon.core.main.TestCaseExecutor   - START Test Cases/2000_tresult/Return Passed
2025-09-24 07:47:05.880 DEBUG testcase.Return Passed                   - 1: markPassed("Passed")
2025-09-24 07:47:05.880 DEBUG com.kms.katalon.core.util.KeywordUtil    - ✓ Passed
2025-09-24 07:47:07.884 INFO  c.k.k.c.c.internal.VideoRecorderService  - Video recording for test case 'Test Cases/2000_tresult/Return Passed' .
2025-09-24 07:47:07.884 INFO  c.k.katalon.core.main.TestCaseExecutor   - END Test Cases/2000_tresult/Return Passed
2025-09-24 07:47:07.886 INFO  c.k.katalon.core.main.TestCaseExecutor   - --------------------
2025-09-24 07:47:07.886 INFO  c.k.katalon.core.main.TestCaseExecutor   - START Test Cases/2000_tresult/Return Passed
2025-09-24 07:47:07.889 DEBUG testcase.Return Passed                   - 1: markPassed("Passed")
2025-09-24 07:47:07.891 DEBUG com.kms.katalon.core.util.KeywordUtil    - ✓ Passed
2025-09-24 07:47:09.895 INFO  c.k.k.c.c.internal.VideoRecorderService  - Video recording for test case 'Test Cases/2000_tresult/Return Passed' .
2025-09-24 07:47:09.896 INFO  c.k.katalon.core.main.TestCaseExecutor   - END Test Cases/2000_tresult/Return Passed
2025-09-24 07:47:09.897 INFO  c.k.katalon.core.main.TestCaseExecutor   - --------------------
2025-09-24 07:47:09.897 INFO  c.k.katalon.core.main.TestCaseExecutor   - START Test Cases/2000_tresult/Return Passed
2025-09-24 07:47:09.901 DEBUG testcase.Return Passed                   - 1: markPassed("Passed")
2025-09-24 07:47:09.901 DEBUG com.kms.katalon.core.util.KeywordUtil    - ✓ Passed
2025-09-24 07:47:11.904 INFO  c.k.k.c.c.internal.VideoRecorderService  - Video recording for test case 'Test Cases/2000_tresult/Return Passed' .
2025-09-24 07:47:11.904 INFO  c.k.katalon.core.main.TestCaseExecutor   - END Test Cases/2000_tresult/Return Passed
2025-09-24 07:47:11.906 INFO  c.k.katalon.core.main.TestCaseExecutor   - --------------------
2025-09-24 07:47:11.906 INFO  c.k.katalon.core.main.TestCaseExecutor   - START Test Cases/2000_tresult/Return Passed
2025-09-24 07:47:11.910 DEBUG testcase.Return Passed                   - 1: markPassed("Passed")
2025-09-24 07:47:11.910 DEBUG com.kms.katalon.core.util.KeywordUtil    - ✓ Passed
2025-09-24 07:47:13.913 INFO  c.k.k.c.c.internal.VideoRecorderService  - Video recording for test case 'Test Cases/2000_tresult/Return Passed' .
2025-09-24 07:47:13.913 INFO  c.k.katalon.core.main.TestCaseExecutor   - END Test Cases/2000_tresult/Return Passed
2025-09-24 07:47:13.915 INFO  c.k.katalon.core.main.TestCaseExecutor   - --------------------
2025-09-24 07:47:13.915 INFO  c.k.katalon.core.main.TestCaseExecutor   - START Test Cases/2000_tresult/Return Passed
2025-09-24 07:47:13.918 DEBUG testcase.Return Passed                   - 1: markPassed("Passed")
2025-09-24 07:47:13.919 DEBUG com.kms.katalon.core.util.KeywordUtil    - ✓ Passed
2025-09-24 07:47:15.922 INFO  c.k.k.c.c.internal.VideoRecorderService  - Video recording for test case 'Test Cases/2000_tresult/Return Passed' .
2025-09-24 07:47:15.922 INFO  c.k.katalon.core.main.TestCaseExecutor   - END Test Cases/2000_tresult/Return Passed
2025-09-24 07:47:15.924 INFO  c.k.katalon.core.main.TestCaseExecutor   - --------------------
2025-09-24 07:47:15.924 INFO  c.k.katalon.core.main.TestCaseExecutor   - START Test Cases/2000_tresult/Return Passed
2025-09-24 07:47:15.928 DEBUG testcase.Return Passed                   - 1: markPassed("Passed")
2025-09-24 07:47:15.928 DEBUG com.kms.katalon.core.util.KeywordUtil    - ✓ Passed
2025-09-24 07:47:17.931 INFO  c.k.k.c.c.internal.VideoRecorderService  - Video recording for test case 'Test Cases/2000_tresult/Return Passed' .
2025-09-24 07:47:17.932 INFO  c.k.katalon.core.main.TestCaseExecutor   - END Test Cases/2000_tresult/Return Passed
2025-09-24 07:47:17.934 INFO  c.k.katalon.core.main.TestCaseExecutor   - --------------------
2025-09-24 07:47:17.934 INFO  c.k.katalon.core.main.TestCaseExecutor   - START Test Cases/2000_tresult/Return Passed
2025-09-24 07:47:17.937 DEBUG testcase.Return Passed                   - 1: markPassed("Passed")
2025-09-24 07:47:17.938 DEBUG com.kms.katalon.core.util.KeywordUtil    - ✓ Passed
2025-09-24 07:47:19.941 INFO  c.k.k.c.c.internal.VideoRecorderService  - Video recording for test case 'Test Cases/2000_tresult/Return Passed' .
2025-09-24 07:47:19.941 INFO  c.k.katalon.core.main.TestCaseExecutor   - END Test Cases/2000_tresult/Return Passed
2025-09-24 07:47:19.960 INFO  c.k.katalon.core.main.TestSuiteExecutor  - --------------------
2025-09-24 07:47:19.960 INFO  c.k.katalon.core.main.TestSuiteExecutor  - END Test Suites/100_tc
2025-09-24 07:47:19.960 INFO  c.k.katalon.core.main.TestSuiteExecutor  - ====================
