2025-09-24 04:50:51.425 INFO  c.k.katalon.core.main.TestSuiteExecutor  - START Test Suites/100_tc
2025-09-24 04:50:51.517 INFO  c.k.katalon.core.main.TestSuiteExecutor  - userFullName = Man Hua
2025-09-24 04:50:51.519 INFO  c.k.katalon.core.main.TestSuiteExecutor  - projectName = Demo-Bulk-Operation
2025-09-24 04:50:51.520 INFO  c.k.katalon.core.main.TestSuiteExecutor  - hostName = agent - 14475linalllatest-778573-katalon-agent-drqnc
2025-09-24 04:50:51.522 INFO  c.k.katalon.core.main.TestSuiteExecutor  - os = Linux 64bit
2025-09-24 04:50:51.523 INFO  c.k.katalon.core.main.TestSuiteExecutor  - hostAddress = 10.10.11.53
2025-09-24 04:50:51.524 INFO  c.k.katalon.core.main.TestSuiteExecutor  - katalonVersion = 10.3.1.0
2025-09-24 04:50:51.873 INFO  c.k.katalon.core.main.TestCaseExecutor   - --------------------
2025-09-24 04:50:51.874 INFO  c.k.katalon.core.main.TestCaseExecutor   - START Test Cases/2000_tresult/Return Passed
2025-09-24 04:50:51.965 DEBUG testcase.Return Passed                   - 1: markPassed("Passed")
2025-09-24 04:50:51.967 DEBUG com.kms.katalon.core.util.KeywordUtil    - ✓ Passed
2025-09-24 04:50:53.981 INFO  c.k.k.c.c.internal.VideoRecorderService  - Video recording for test case 'Test Cases/2000_tresult/Return Passed' .
2025-09-24 04:50:53.982 INFO  c.k.katalon.core.main.TestCaseExecutor   - END Test Cases/2000_tresult/Return Passed
2025-09-24 04:50:53.985 INFO  c.k.katalon.core.main.TestCaseExecutor   - --------------------
2025-09-24 04:50:53.985 INFO  c.k.katalon.core.main.TestCaseExecutor   - START Test Cases/2000_tresult/Return Passed
2025-09-24 04:50:53.992 DEBUG testcase.Return Passed                   - 1: markPassed("Passed")
2025-09-24 04:50:53.993 DEBUG com.kms.katalon.core.util.KeywordUtil    - ✓ Passed
2025-09-24 04:50:55.998 INFO  c.k.k.c.c.internal.VideoRecorderService  - Video recording for test case 'Test Cases/2000_tresult/Return Passed' .
2025-09-24 04:50:55.999 INFO  c.k.katalon.core.main.TestCaseExecutor   - END Test Cases/2000_tresult/Return Passed
2025-09-24 04:50:56.002 INFO  c.k.katalon.core.main.TestCaseExecutor   - --------------------
2025-09-24 04:50:56.002 INFO  c.k.katalon.core.main.TestCaseExecutor   - START Test Cases/2000_tresult/Return Passed
2025-09-24 04:50:56.008 DEBUG testcase.Return Passed                   - 1: markPassed("Passed")
2025-09-24 04:50:56.009 DEBUG com.kms.katalon.core.util.KeywordUtil    - ✓ Passed
2025-09-24 04:50:58.013 INFO  c.k.k.c.c.internal.VideoRecorderService  - Video recording for test case 'Test Cases/2000_tresult/Return Passed' .
2025-09-24 04:50:58.014 INFO  c.k.katalon.core.main.TestCaseExecutor   - END Test Cases/2000_tresult/Return Passed
2025-09-24 04:50:58.017 INFO  c.k.katalon.core.main.TestCaseExecutor   - --------------------
2025-09-24 04:50:58.017 INFO  c.k.katalon.core.main.TestCaseExecutor   - START Test Cases/2000_tresult/Return Passed
2025-09-24 04:50:58.026 DEBUG testcase.Return Passed                   - 1: markPassed("Passed")
2025-09-24 04:50:58.026 DEBUG com.kms.katalon.core.util.KeywordUtil    - ✓ Passed
2025-09-24 04:51:00.031 INFO  c.k.k.c.c.internal.VideoRecorderService  - Video recording for test case 'Test Cases/2000_tresult/Return Passed' .
2025-09-24 04:51:00.032 INFO  c.k.katalon.core.main.TestCaseExecutor   - END Test Cases/2000_tresult/Return Passed
2025-09-24 04:51:00.037 INFO  c.k.katalon.core.main.TestCaseExecutor   - --------------------
2025-09-24 04:51:00.037 INFO  c.k.katalon.core.main.TestCaseExecutor   - START Test Cases/2000_tresult/Return Passed
2025-09-24 04:51:00.048 DEBUG testcase.Return Passed                   - 1: markPassed("Passed")
2025-09-24 04:51:00.049 DEBUG com.kms.katalon.core.util.KeywordUtil    - ✓ Passed
2025-09-24 04:51:02.075 INFO  c.k.k.c.c.internal.VideoRecorderService  - Video recording for test case 'Test Cases/2000_tresult/Return Passed' .
2025-09-24 04:51:02.076 INFO  c.k.katalon.core.main.TestCaseExecutor   - END Test Cases/2000_tresult/Return Passed
2025-09-24 04:51:02.079 INFO  c.k.katalon.core.main.TestCaseExecutor   - --------------------
2025-09-24 04:51:02.081 INFO  c.k.katalon.core.main.TestCaseExecutor   - START Test Cases/2000_tresult/Return Passed
2025-09-24 04:51:02.095 DEBUG testcase.Return Passed                   - 1: markPassed("Passed")
2025-09-24 04:51:02.096 DEBUG com.kms.katalon.core.util.KeywordUtil    - ✓ Passed
2025-09-24 04:51:04.106 INFO  c.k.k.c.c.internal.VideoRecorderService  - Video recording for test case 'Test Cases/2000_tresult/Return Passed' .
2025-09-24 04:51:04.107 INFO  c.k.katalon.core.main.TestCaseExecutor   - END Test Cases/2000_tresult/Return Passed
2025-09-24 04:51:04.109 INFO  c.k.katalon.core.main.TestCaseExecutor   - --------------------
2025-09-24 04:51:04.109 INFO  c.k.katalon.core.main.TestCaseExecutor   - START Test Cases/2000_tresult/Return Passed
2025-09-24 04:51:04.114 DEBUG testcase.Return Passed                   - 1: markPassed("Passed")
2025-09-24 04:51:04.114 DEBUG com.kms.katalon.core.util.KeywordUtil    - ✓ Passed
2025-09-24 04:51:06.118 INFO  c.k.k.c.c.internal.VideoRecorderService  - Video recording for test case 'Test Cases/2000_tresult/Return Passed' .
2025-09-24 04:51:06.119 INFO  c.k.katalon.core.main.TestCaseExecutor   - END Test Cases/2000_tresult/Return Passed
2025-09-24 04:51:06.121 INFO  c.k.katalon.core.main.TestCaseExecutor   - --------------------
2025-09-24 04:51:06.121 INFO  c.k.katalon.core.main.TestCaseExecutor   - START Test Cases/2000_tresult/Return Passed
2025-09-24 04:51:06.127 DEBUG testcase.Return Passed                   - 1: markPassed("Passed")
2025-09-24 04:51:06.128 DEBUG com.kms.katalon.core.util.KeywordUtil    - ✓ Passed
2025-09-24 04:51:08.132 INFO  c.k.k.c.c.internal.VideoRecorderService  - Video recording for test case 'Test Cases/2000_tresult/Return Passed' .
2025-09-24 04:51:08.133 INFO  c.k.katalon.core.main.TestCaseExecutor   - END Test Cases/2000_tresult/Return Passed
2025-09-24 04:51:08.136 INFO  c.k.katalon.core.main.TestCaseExecutor   - --------------------
2025-09-24 04:51:08.136 INFO  c.k.katalon.core.main.TestCaseExecutor   - START Test Cases/2000_tresult/Return Passed
2025-09-24 04:51:08.141 DEBUG testcase.Return Passed                   - 1: markPassed("Passed")
2025-09-24 04:51:08.142 DEBUG com.kms.katalon.core.util.KeywordUtil    - ✓ Passed
2025-09-24 04:51:10.146 INFO  c.k.k.c.c.internal.VideoRecorderService  - Video recording for test case 'Test Cases/2000_tresult/Return Passed' .
2025-09-24 04:51:10.146 INFO  c.k.katalon.core.main.TestCaseExecutor   - END Test Cases/2000_tresult/Return Passed
2025-09-24 04:51:10.149 INFO  c.k.katalon.core.main.TestCaseExecutor   - --------------------
2025-09-24 04:51:10.149 INFO  c.k.katalon.core.main.TestCaseExecutor   - START Test Cases/2000_tresult/Return Passed
2025-09-24 04:51:10.153 DEBUG testcase.Return Passed                   - 1: markPassed("Passed")
2025-09-24 04:51:10.154 DEBUG com.kms.katalon.core.util.KeywordUtil    - ✓ Passed
2025-09-24 04:51:12.158 INFO  c.k.k.c.c.internal.VideoRecorderService  - Video recording for test case 'Test Cases/2000_tresult/Return Passed' .
2025-09-24 04:51:12.159 INFO  c.k.katalon.core.main.TestCaseExecutor   - END Test Cases/2000_tresult/Return Passed
2025-09-24 04:51:12.162 INFO  c.k.katalon.core.main.TestCaseExecutor   - --------------------
2025-09-24 04:51:12.162 INFO  c.k.katalon.core.main.TestCaseExecutor   - START Test Cases/2000_tresult/Return Passed
2025-09-24 04:51:12.168 DEBUG testcase.Return Passed                   - 1: markPassed("Passed")
2025-09-24 04:51:12.168 DEBUG com.kms.katalon.core.util.KeywordUtil    - ✓ Passed
2025-09-24 04:51:14.172 INFO  c.k.k.c.c.internal.VideoRecorderService  - Video recording for test case 'Test Cases/2000_tresult/Return Passed' .
2025-09-24 04:51:14.173 INFO  c.k.katalon.core.main.TestCaseExecutor   - END Test Cases/2000_tresult/Return Passed
2025-09-24 04:51:14.175 INFO  c.k.katalon.core.main.TestCaseExecutor   - --------------------
2025-09-24 04:51:14.175 INFO  c.k.katalon.core.main.TestCaseExecutor   - START Test Cases/2000_tresult/Return Passed
2025-09-24 04:51:14.182 DEBUG testcase.Return Passed                   - 1: markPassed("Passed")
2025-09-24 04:51:14.182 DEBUG com.kms.katalon.core.util.KeywordUtil    - ✓ Passed
2025-09-24 04:51:16.186 INFO  c.k.k.c.c.internal.VideoRecorderService  - Video recording for test case 'Test Cases/2000_tresult/Return Passed' .
2025-09-24 04:51:16.187 INFO  c.k.katalon.core.main.TestCaseExecutor   - END Test Cases/2000_tresult/Return Passed
2025-09-24 04:51:16.189 INFO  c.k.katalon.core.main.TestCaseExecutor   - --------------------
2025-09-24 04:51:16.189 INFO  c.k.katalon.core.main.TestCaseExecutor   - START Test Cases/2000_tresult/Return Passed
2025-09-24 04:51:16.194 DEBUG testcase.Return Passed                   - 1: markPassed("Passed")
2025-09-24 04:51:16.194 DEBUG com.kms.katalon.core.util.KeywordUtil    - ✓ Passed
2025-09-24 04:51:18.198 INFO  c.k.k.c.c.internal.VideoRecorderService  - Video recording for test case 'Test Cases/2000_tresult/Return Passed' .
2025-09-24 04:51:18.199 INFO  c.k.katalon.core.main.TestCaseExecutor   - END Test Cases/2000_tresult/Return Passed
2025-09-24 04:51:18.201 INFO  c.k.katalon.core.main.TestCaseExecutor   - --------------------
2025-09-24 04:51:18.201 INFO  c.k.katalon.core.main.TestCaseExecutor   - START Test Cases/2000_tresult/Return Passed
2025-09-24 04:51:18.206 DEBUG testcase.Return Passed                   - 1: markPassed("Passed")
2025-09-24 04:51:18.206 DEBUG com.kms.katalon.core.util.KeywordUtil    - ✓ Passed
2025-09-24 04:51:20.210 INFO  c.k.k.c.c.internal.VideoRecorderService  - Video recording for test case 'Test Cases/2000_tresult/Return Passed' .
2025-09-24 04:51:20.211 INFO  c.k.katalon.core.main.TestCaseExecutor   - END Test Cases/2000_tresult/Return Passed
2025-09-24 04:51:20.213 INFO  c.k.katalon.core.main.TestCaseExecutor   - --------------------
2025-09-24 04:51:20.213 INFO  c.k.katalon.core.main.TestCaseExecutor   - START Test Cases/2000_tresult/Return Passed
2025-09-24 04:51:20.218 DEBUG testcase.Return Passed                   - 1: markPassed("Passed")
2025-09-24 04:51:20.219 DEBUG com.kms.katalon.core.util.KeywordUtil    - ✓ Passed
2025-09-24 04:51:22.222 INFO  c.k.k.c.c.internal.VideoRecorderService  - Video recording for test case 'Test Cases/2000_tresult/Return Passed' .
2025-09-24 04:51:22.223 INFO  c.k.katalon.core.main.TestCaseExecutor   - END Test Cases/2000_tresult/Return Passed
2025-09-24 04:51:22.228 INFO  c.k.katalon.core.main.TestCaseExecutor   - --------------------
2025-09-24 04:51:22.228 INFO  c.k.katalon.core.main.TestCaseExecutor   - START Test Cases/2000_tresult/Return Passed
2025-09-24 04:51:22.233 DEBUG testcase.Return Passed                   - 1: markPassed("Passed")
2025-09-24 04:51:22.233 DEBUG com.kms.katalon.core.util.KeywordUtil    - ✓ Passed
2025-09-24 04:51:24.237 INFO  c.k.k.c.c.internal.VideoRecorderService  - Video recording for test case 'Test Cases/2000_tresult/Return Passed' .
2025-09-24 04:51:24.238 INFO  c.k.katalon.core.main.TestCaseExecutor   - END Test Cases/2000_tresult/Return Passed
2025-09-24 04:51:24.240 INFO  c.k.katalon.core.main.TestCaseExecutor   - --------------------
2025-09-24 04:51:24.240 INFO  c.k.katalon.core.main.TestCaseExecutor   - START Test Cases/2000_tresult/Return Passed
2025-09-24 04:51:24.245 DEBUG testcase.Return Passed                   - 1: markPassed("Passed")
2025-09-24 04:51:24.245 DEBUG com.kms.katalon.core.util.KeywordUtil    - ✓ Passed
2025-09-24 04:51:26.249 INFO  c.k.k.c.c.internal.VideoRecorderService  - Video recording for test case 'Test Cases/2000_tresult/Return Passed' .
2025-09-24 04:51:26.249 INFO  c.k.katalon.core.main.TestCaseExecutor   - END Test Cases/2000_tresult/Return Passed
2025-09-24 04:51:26.251 INFO  c.k.katalon.core.main.TestCaseExecutor   - --------------------
2025-09-24 04:51:26.251 INFO  c.k.katalon.core.main.TestCaseExecutor   - START Test Cases/2000_tresult/Return Passed
2025-09-24 04:51:26.256 DEBUG testcase.Return Passed                   - 1: markPassed("Passed")
2025-09-24 04:51:26.256 DEBUG com.kms.katalon.core.util.KeywordUtil    - ✓ Passed
2025-09-24 04:51:28.260 INFO  c.k.k.c.c.internal.VideoRecorderService  - Video recording for test case 'Test Cases/2000_tresult/Return Passed' .
2025-09-24 04:51:28.261 INFO  c.k.katalon.core.main.TestCaseExecutor   - END Test Cases/2000_tresult/Return Passed
2025-09-24 04:51:28.263 INFO  c.k.katalon.core.main.TestCaseExecutor   - --------------------
2025-09-24 04:51:28.263 INFO  c.k.katalon.core.main.TestCaseExecutor   - START Test Cases/2000_tresult/Return Passed
2025-09-24 04:51:28.267 DEBUG testcase.Return Passed                   - 1: markPassed("Passed")
2025-09-24 04:51:28.268 DEBUG com.kms.katalon.core.util.KeywordUtil    - ✓ Passed
2025-09-24 04:51:30.271 INFO  c.k.k.c.c.internal.VideoRecorderService  - Video recording for test case 'Test Cases/2000_tresult/Return Passed' .
2025-09-24 04:51:30.272 INFO  c.k.katalon.core.main.TestCaseExecutor   - END Test Cases/2000_tresult/Return Passed
2025-09-24 04:51:30.275 INFO  c.k.katalon.core.main.TestCaseExecutor   - --------------------
2025-09-24 04:51:30.275 INFO  c.k.katalon.core.main.TestCaseExecutor   - START Test Cases/2000_tresult/Return Passed
2025-09-24 04:51:30.279 DEBUG testcase.Return Passed                   - 1: markPassed("Passed")
2025-09-24 04:51:30.279 DEBUG com.kms.katalon.core.util.KeywordUtil    - ✓ Passed
2025-09-24 04:51:32.283 INFO  c.k.k.c.c.internal.VideoRecorderService  - Video recording for test case 'Test Cases/2000_tresult/Return Passed' .
2025-09-24 04:51:32.284 INFO  c.k.katalon.core.main.TestCaseExecutor   - END Test Cases/2000_tresult/Return Passed
2025-09-24 04:51:32.286 INFO  c.k.katalon.core.main.TestCaseExecutor   - --------------------
2025-09-24 04:51:32.286 INFO  c.k.katalon.core.main.TestCaseExecutor   - START Test Cases/2000_tresult/Return Passed
2025-09-24 04:51:32.290 DEBUG testcase.Return Passed                   - 1: markPassed("Passed")
2025-09-24 04:51:32.291 DEBUG com.kms.katalon.core.util.KeywordUtil    - ✓ Passed
2025-09-24 04:51:34.294 INFO  c.k.k.c.c.internal.VideoRecorderService  - Video recording for test case 'Test Cases/2000_tresult/Return Passed' .
2025-09-24 04:51:34.295 INFO  c.k.katalon.core.main.TestCaseExecutor   - END Test Cases/2000_tresult/Return Passed
2025-09-24 04:51:34.297 INFO  c.k.katalon.core.main.TestCaseExecutor   - --------------------
2025-09-24 04:51:34.297 INFO  c.k.katalon.core.main.TestCaseExecutor   - START Test Cases/2000_tresult/Return Passed
2025-09-24 04:51:34.301 DEBUG testcase.Return Passed                   - 1: markPassed("Passed")
2025-09-24 04:51:34.302 DEBUG com.kms.katalon.core.util.KeywordUtil    - ✓ Passed
2025-09-24 04:51:36.305 INFO  c.k.k.c.c.internal.VideoRecorderService  - Video recording for test case 'Test Cases/2000_tresult/Return Passed' .
2025-09-24 04:51:36.306 INFO  c.k.katalon.core.main.TestCaseExecutor   - END Test Cases/2000_tresult/Return Passed
2025-09-24 04:51:36.308 INFO  c.k.katalon.core.main.TestCaseExecutor   - --------------------
2025-09-24 04:51:36.308 INFO  c.k.katalon.core.main.TestCaseExecutor   - START Test Cases/2000_tresult/Return Passed
2025-09-24 04:51:36.313 DEBUG testcase.Return Passed                   - 1: markPassed("Passed")
2025-09-24 04:51:36.314 DEBUG com.kms.katalon.core.util.KeywordUtil    - ✓ Passed
2025-09-24 04:51:38.317 INFO  c.k.k.c.c.internal.VideoRecorderService  - Video recording for test case 'Test Cases/2000_tresult/Return Passed' .
2025-09-24 04:51:38.318 INFO  c.k.katalon.core.main.TestCaseExecutor   - END Test Cases/2000_tresult/Return Passed
2025-09-24 04:51:38.320 INFO  c.k.katalon.core.main.TestCaseExecutor   - --------------------
2025-09-24 04:51:38.320 INFO  c.k.katalon.core.main.TestCaseExecutor   - START Test Cases/2000_tresult/Return Passed
2025-09-24 04:51:38.324 DEBUG testcase.Return Passed                   - 1: markPassed("Passed")
2025-09-24 04:51:38.325 DEBUG com.kms.katalon.core.util.KeywordUtil    - ✓ Passed
2025-09-24 04:51:40.328 INFO  c.k.k.c.c.internal.VideoRecorderService  - Video recording for test case 'Test Cases/2000_tresult/Return Passed' .
2025-09-24 04:51:40.329 INFO  c.k.katalon.core.main.TestCaseExecutor   - END Test Cases/2000_tresult/Return Passed
2025-09-24 04:51:40.331 INFO  c.k.katalon.core.main.TestCaseExecutor   - --------------------
2025-09-24 04:51:40.331 INFO  c.k.katalon.core.main.TestCaseExecutor   - START Test Cases/2000_tresult/Return Passed
2025-09-24 04:51:40.336 DEBUG testcase.Return Passed                   - 1: markPassed("Passed")
2025-09-24 04:51:40.336 DEBUG com.kms.katalon.core.util.KeywordUtil    - ✓ Passed
2025-09-24 04:51:42.339 INFO  c.k.k.c.c.internal.VideoRecorderService  - Video recording for test case 'Test Cases/2000_tresult/Return Passed' .
2025-09-24 04:51:42.340 INFO  c.k.katalon.core.main.TestCaseExecutor   - END Test Cases/2000_tresult/Return Passed
2025-09-24 04:51:42.342 INFO  c.k.katalon.core.main.TestCaseExecutor   - --------------------
2025-09-24 04:51:42.342 INFO  c.k.katalon.core.main.TestCaseExecutor   - START Test Cases/2000_tresult/Return Passed
2025-09-24 04:51:42.346 DEBUG testcase.Return Passed                   - 1: markPassed("Passed")
2025-09-24 04:51:42.347 DEBUG com.kms.katalon.core.util.KeywordUtil    - ✓ Passed
2025-09-24 04:51:44.350 INFO  c.k.k.c.c.internal.VideoRecorderService  - Video recording for test case 'Test Cases/2000_tresult/Return Passed' .
2025-09-24 04:51:44.351 INFO  c.k.katalon.core.main.TestCaseExecutor   - END Test Cases/2000_tresult/Return Passed
2025-09-24 04:51:44.352 INFO  c.k.katalon.core.main.TestCaseExecutor   - --------------------
2025-09-24 04:51:44.353 INFO  c.k.katalon.core.main.TestCaseExecutor   - START Test Cases/2000_tresult/Return Passed
2025-09-24 04:51:44.357 DEBUG testcase.Return Passed                   - 1: markPassed("Passed")
2025-09-24 04:51:44.357 DEBUG com.kms.katalon.core.util.KeywordUtil    - ✓ Passed
2025-09-24 04:51:46.361 INFO  c.k.k.c.c.internal.VideoRecorderService  - Video recording for test case 'Test Cases/2000_tresult/Return Passed' .
2025-09-24 04:51:46.361 INFO  c.k.katalon.core.main.TestCaseExecutor   - END Test Cases/2000_tresult/Return Passed
2025-09-24 04:51:46.364 INFO  c.k.katalon.core.main.TestCaseExecutor   - --------------------
2025-09-24 04:51:46.364 INFO  c.k.katalon.core.main.TestCaseExecutor   - START Test Cases/2000_tresult/Return Passed
2025-09-24 04:51:46.368 DEBUG testcase.Return Passed                   - 1: markPassed("Passed")
2025-09-24 04:51:46.368 DEBUG com.kms.katalon.core.util.KeywordUtil    - ✓ Passed
2025-09-24 04:51:48.372 INFO  c.k.k.c.c.internal.VideoRecorderService  - Video recording for test case 'Test Cases/2000_tresult/Return Passed' .
2025-09-24 04:51:48.373 INFO  c.k.katalon.core.main.TestCaseExecutor   - END Test Cases/2000_tresult/Return Passed
2025-09-24 04:51:48.375 INFO  c.k.katalon.core.main.TestCaseExecutor   - --------------------
2025-09-24 04:51:48.375 INFO  c.k.katalon.core.main.TestCaseExecutor   - START Test Cases/2000_tresult/Return Passed
2025-09-24 04:51:48.379 DEBUG testcase.Return Passed                   - 1: markPassed("Passed")
2025-09-24 04:51:48.379 DEBUG com.kms.katalon.core.util.KeywordUtil    - ✓ Passed
2025-09-24 04:51:50.383 INFO  c.k.k.c.c.internal.VideoRecorderService  - Video recording for test case 'Test Cases/2000_tresult/Return Passed' .
2025-09-24 04:51:50.383 INFO  c.k.katalon.core.main.TestCaseExecutor   - END Test Cases/2000_tresult/Return Passed
2025-09-24 04:51:50.385 INFO  c.k.katalon.core.main.TestCaseExecutor   - --------------------
2025-09-24 04:51:50.386 INFO  c.k.katalon.core.main.TestCaseExecutor   - START Test Cases/2000_tresult/Return Passed
2025-09-24 04:51:50.390 DEBUG testcase.Return Passed                   - 1: markPassed("Passed")
2025-09-24 04:51:50.391 DEBUG com.kms.katalon.core.util.KeywordUtil    - ✓ Passed
2025-09-24 04:51:52.394 INFO  c.k.k.c.c.internal.VideoRecorderService  - Video recording for test case 'Test Cases/2000_tresult/Return Passed' .
2025-09-24 04:51:52.395 INFO  c.k.katalon.core.main.TestCaseExecutor   - END Test Cases/2000_tresult/Return Passed
2025-09-24 04:51:52.397 INFO  c.k.katalon.core.main.TestCaseExecutor   - --------------------
2025-09-24 04:51:52.397 INFO  c.k.katalon.core.main.TestCaseExecutor   - START Test Cases/2000_tresult/Return Passed
2025-09-24 04:51:52.401 DEBUG testcase.Return Passed                   - 1: markPassed("Passed")
2025-09-24 04:51:52.402 DEBUG com.kms.katalon.core.util.KeywordUtil    - ✓ Passed
2025-09-24 04:51:54.405 INFO  c.k.k.c.c.internal.VideoRecorderService  - Video recording for test case 'Test Cases/2000_tresult/Return Passed' .
2025-09-24 04:51:54.406 INFO  c.k.katalon.core.main.TestCaseExecutor   - END Test Cases/2000_tresult/Return Passed
2025-09-24 04:51:54.408 INFO  c.k.katalon.core.main.TestCaseExecutor   - --------------------
2025-09-24 04:51:54.408 INFO  c.k.katalon.core.main.TestCaseExecutor   - START Test Cases/2000_tresult/Return Passed
2025-09-24 04:51:54.412 DEBUG testcase.Return Passed                   - 1: markPassed("Passed")
2025-09-24 04:51:54.412 DEBUG com.kms.katalon.core.util.KeywordUtil    - ✓ Passed
2025-09-24 04:51:56.416 INFO  c.k.k.c.c.internal.VideoRecorderService  - Video recording for test case 'Test Cases/2000_tresult/Return Passed' .
2025-09-24 04:51:56.416 INFO  c.k.katalon.core.main.TestCaseExecutor   - END Test Cases/2000_tresult/Return Passed
2025-09-24 04:51:56.418 INFO  c.k.katalon.core.main.TestCaseExecutor   - --------------------
2025-09-24 04:51:56.418 INFO  c.k.katalon.core.main.TestCaseExecutor   - START Test Cases/2000_tresult/Return Passed
2025-09-24 04:51:56.422 DEBUG testcase.Return Passed                   - 1: markPassed("Passed")
2025-09-24 04:51:56.422 DEBUG com.kms.katalon.core.util.KeywordUtil    - ✓ Passed
2025-09-24 04:51:58.427 INFO  c.k.k.c.c.internal.VideoRecorderService  - Video recording for test case 'Test Cases/2000_tresult/Return Passed' .
2025-09-24 04:51:58.428 INFO  c.k.katalon.core.main.TestCaseExecutor   - END Test Cases/2000_tresult/Return Passed
2025-09-24 04:51:58.430 INFO  c.k.katalon.core.main.TestCaseExecutor   - --------------------
2025-09-24 04:51:58.430 INFO  c.k.katalon.core.main.TestCaseExecutor   - START Test Cases/2000_tresult/Return Passed
2025-09-24 04:51:58.434 DEBUG testcase.Return Passed                   - 1: markPassed("Passed")
2025-09-24 04:51:58.434 DEBUG com.kms.katalon.core.util.KeywordUtil    - ✓ Passed
2025-09-24 04:52:00.438 INFO  c.k.k.c.c.internal.VideoRecorderService  - Video recording for test case 'Test Cases/2000_tresult/Return Passed' .
2025-09-24 04:52:00.438 INFO  c.k.katalon.core.main.TestCaseExecutor   - END Test Cases/2000_tresult/Return Passed
2025-09-24 04:52:00.440 INFO  c.k.katalon.core.main.TestCaseExecutor   - --------------------
2025-09-24 04:52:00.440 INFO  c.k.katalon.core.main.TestCaseExecutor   - START Test Cases/2000_tresult/Return Passed
2025-09-24 04:52:00.445 DEBUG testcase.Return Passed                   - 1: markPassed("Passed")
2025-09-24 04:52:00.445 DEBUG com.kms.katalon.core.util.KeywordUtil    - ✓ Passed
2025-09-24 04:52:02.449 INFO  c.k.k.c.c.internal.VideoRecorderService  - Video recording for test case 'Test Cases/2000_tresult/Return Passed' .
2025-09-24 04:52:02.449 INFO  c.k.katalon.core.main.TestCaseExecutor   - END Test Cases/2000_tresult/Return Passed
2025-09-24 04:52:02.451 INFO  c.k.katalon.core.main.TestCaseExecutor   - --------------------
2025-09-24 04:52:02.451 INFO  c.k.katalon.core.main.TestCaseExecutor   - START Test Cases/2000_tresult/Return Passed
2025-09-24 04:52:02.456 DEBUG testcase.Return Passed                   - 1: markPassed("Passed")
2025-09-24 04:52:02.456 DEBUG com.kms.katalon.core.util.KeywordUtil    - ✓ Passed
2025-09-24 04:52:04.459 INFO  c.k.k.c.c.internal.VideoRecorderService  - Video recording for test case 'Test Cases/2000_tresult/Return Passed' .
2025-09-24 04:52:04.460 INFO  c.k.katalon.core.main.TestCaseExecutor   - END Test Cases/2000_tresult/Return Passed
2025-09-24 04:52:04.463 INFO  c.k.katalon.core.main.TestCaseExecutor   - --------------------
2025-09-24 04:52:04.463 INFO  c.k.katalon.core.main.TestCaseExecutor   - START Test Cases/2000_tresult/Return Passed
2025-09-24 04:52:04.468 DEBUG testcase.Return Passed                   - 1: markPassed("Passed")
2025-09-24 04:52:04.469 DEBUG com.kms.katalon.core.util.KeywordUtil    - ✓ Passed
2025-09-24 04:52:06.472 INFO  c.k.k.c.c.internal.VideoRecorderService  - Video recording for test case 'Test Cases/2000_tresult/Return Passed' .
2025-09-24 04:52:06.473 INFO  c.k.katalon.core.main.TestCaseExecutor   - END Test Cases/2000_tresult/Return Passed
2025-09-24 04:52:06.474 INFO  c.k.katalon.core.main.TestCaseExecutor   - --------------------
2025-09-24 04:52:06.474 INFO  c.k.katalon.core.main.TestCaseExecutor   - START Test Cases/2000_tresult/Return Passed
2025-09-24 04:52:06.479 DEBUG testcase.Return Passed                   - 1: markPassed("Passed")
2025-09-24 04:52:06.479 DEBUG com.kms.katalon.core.util.KeywordUtil    - ✓ Passed
2025-09-24 04:52:08.483 INFO  c.k.k.c.c.internal.VideoRecorderService  - Video recording for test case 'Test Cases/2000_tresult/Return Passed' .
2025-09-24 04:52:08.483 INFO  c.k.katalon.core.main.TestCaseExecutor   - END Test Cases/2000_tresult/Return Passed
2025-09-24 04:52:08.485 INFO  c.k.katalon.core.main.TestCaseExecutor   - --------------------
2025-09-24 04:52:08.485 INFO  c.k.katalon.core.main.TestCaseExecutor   - START Test Cases/2000_tresult/Return Passed
2025-09-24 04:52:08.489 DEBUG testcase.Return Passed                   - 1: markPassed("Passed")
2025-09-24 04:52:08.489 DEBUG com.kms.katalon.core.util.KeywordUtil    - ✓ Passed
2025-09-24 04:52:10.493 INFO  c.k.k.c.c.internal.VideoRecorderService  - Video recording for test case 'Test Cases/2000_tresult/Return Passed' .
2025-09-24 04:52:10.493 INFO  c.k.katalon.core.main.TestCaseExecutor   - END Test Cases/2000_tresult/Return Passed
2025-09-24 04:52:10.495 INFO  c.k.katalon.core.main.TestCaseExecutor   - --------------------
2025-09-24 04:52:10.495 INFO  c.k.katalon.core.main.TestCaseExecutor   - START Test Cases/2000_tresult/Return Passed
2025-09-24 04:52:10.499 DEBUG testcase.Return Passed                   - 1: markPassed("Passed")
2025-09-24 04:52:10.499 DEBUG com.kms.katalon.core.util.KeywordUtil    - ✓ Passed
2025-09-24 04:52:12.503 INFO  c.k.k.c.c.internal.VideoRecorderService  - Video recording for test case 'Test Cases/2000_tresult/Return Passed' .
2025-09-24 04:52:12.503 INFO  c.k.katalon.core.main.TestCaseExecutor   - END Test Cases/2000_tresult/Return Passed
2025-09-24 04:52:12.505 INFO  c.k.katalon.core.main.TestCaseExecutor   - --------------------
2025-09-24 04:52:12.505 INFO  c.k.katalon.core.main.TestCaseExecutor   - START Test Cases/2000_tresult/Return Passed
2025-09-24 04:52:12.509 DEBUG testcase.Return Passed                   - 1: markPassed("Passed")
2025-09-24 04:52:12.509 DEBUG com.kms.katalon.core.util.KeywordUtil    - ✓ Passed
2025-09-24 04:52:14.513 INFO  c.k.k.c.c.internal.VideoRecorderService  - Video recording for test case 'Test Cases/2000_tresult/Return Passed' .
2025-09-24 04:52:14.513 INFO  c.k.katalon.core.main.TestCaseExecutor   - END Test Cases/2000_tresult/Return Passed
2025-09-24 04:52:14.515 INFO  c.k.katalon.core.main.TestCaseExecutor   - --------------------
2025-09-24 04:52:14.516 INFO  c.k.katalon.core.main.TestCaseExecutor   - START Test Cases/2000_tresult/Return Passed
2025-09-24 04:52:14.519 DEBUG testcase.Return Passed                   - 1: markPassed("Passed")
2025-09-24 04:52:14.520 DEBUG com.kms.katalon.core.util.KeywordUtil    - ✓ Passed
2025-09-24 04:52:16.523 INFO  c.k.k.c.c.internal.VideoRecorderService  - Video recording for test case 'Test Cases/2000_tresult/Return Passed' .
2025-09-24 04:52:16.524 INFO  c.k.katalon.core.main.TestCaseExecutor   - END Test Cases/2000_tresult/Return Passed
2025-09-24 04:52:16.525 INFO  c.k.katalon.core.main.TestCaseExecutor   - --------------------
2025-09-24 04:52:16.525 INFO  c.k.katalon.core.main.TestCaseExecutor   - START Test Cases/2000_tresult/Return Passed
2025-09-24 04:52:16.529 DEBUG testcase.Return Passed                   - 1: markPassed("Passed")
2025-09-24 04:52:16.530 DEBUG com.kms.katalon.core.util.KeywordUtil    - ✓ Passed
2025-09-24 04:52:18.533 INFO  c.k.k.c.c.internal.VideoRecorderService  - Video recording for test case 'Test Cases/2000_tresult/Return Passed' .
2025-09-24 04:52:18.533 INFO  c.k.katalon.core.main.TestCaseExecutor   - END Test Cases/2000_tresult/Return Passed
2025-09-24 04:52:18.535 INFO  c.k.katalon.core.main.TestCaseExecutor   - --------------------
2025-09-24 04:52:18.535 INFO  c.k.katalon.core.main.TestCaseExecutor   - START Test Cases/2000_tresult/Return Passed
2025-09-24 04:52:18.539 DEBUG testcase.Return Passed                   - 1: markPassed("Passed")
2025-09-24 04:52:18.540 DEBUG com.kms.katalon.core.util.KeywordUtil    - ✓ Passed
2025-09-24 04:52:20.543 INFO  c.k.k.c.c.internal.VideoRecorderService  - Video recording for test case 'Test Cases/2000_tresult/Return Passed' .
2025-09-24 04:52:20.544 INFO  c.k.katalon.core.main.TestCaseExecutor   - END Test Cases/2000_tresult/Return Passed
2025-09-24 04:52:20.546 INFO  c.k.katalon.core.main.TestCaseExecutor   - --------------------
2025-09-24 04:52:20.546 INFO  c.k.katalon.core.main.TestCaseExecutor   - START Test Cases/2000_tresult/Return Passed
2025-09-24 04:52:20.550 DEBUG testcase.Return Passed                   - 1: markPassed("Passed")
2025-09-24 04:52:20.550 DEBUG com.kms.katalon.core.util.KeywordUtil    - ✓ Passed
2025-09-24 04:52:22.553 INFO  c.k.k.c.c.internal.VideoRecorderService  - Video recording for test case 'Test Cases/2000_tresult/Return Passed' .
2025-09-24 04:52:22.554 INFO  c.k.katalon.core.main.TestCaseExecutor   - END Test Cases/2000_tresult/Return Passed
2025-09-24 04:52:22.555 INFO  c.k.katalon.core.main.TestCaseExecutor   - --------------------
2025-09-24 04:52:22.555 INFO  c.k.katalon.core.main.TestCaseExecutor   - START Test Cases/2000_tresult/Return Passed
2025-09-24 04:52:22.559 DEBUG testcase.Return Passed                   - 1: markPassed("Passed")
2025-09-24 04:52:22.560 DEBUG com.kms.katalon.core.util.KeywordUtil    - ✓ Passed
2025-09-24 04:52:24.563 INFO  c.k.k.c.c.internal.VideoRecorderService  - Video recording for test case 'Test Cases/2000_tresult/Return Passed' .
2025-09-24 04:52:24.563 INFO  c.k.katalon.core.main.TestCaseExecutor   - END Test Cases/2000_tresult/Return Passed
2025-09-24 04:52:24.565 INFO  c.k.katalon.core.main.TestCaseExecutor   - --------------------
2025-09-24 04:52:24.565 INFO  c.k.katalon.core.main.TestCaseExecutor   - START Test Cases/2000_tresult/Return Passed
2025-09-24 04:52:24.569 DEBUG testcase.Return Passed                   - 1: markPassed("Passed")
2025-09-24 04:52:24.569 DEBUG com.kms.katalon.core.util.KeywordUtil    - ✓ Passed
2025-09-24 04:52:26.573 INFO  c.k.k.c.c.internal.VideoRecorderService  - Video recording for test case 'Test Cases/2000_tresult/Return Passed' .
2025-09-24 04:52:26.573 INFO  c.k.katalon.core.main.TestCaseExecutor   - END Test Cases/2000_tresult/Return Passed
2025-09-24 04:52:26.576 INFO  c.k.katalon.core.main.TestCaseExecutor   - --------------------
2025-09-24 04:52:26.576 INFO  c.k.katalon.core.main.TestCaseExecutor   - START Test Cases/2000_tresult/Return Passed
2025-09-24 04:52:26.580 DEBUG testcase.Return Passed                   - 1: markPassed("Passed")
2025-09-24 04:52:26.580 DEBUG com.kms.katalon.core.util.KeywordUtil    - ✓ Passed
2025-09-24 04:52:28.584 INFO  c.k.k.c.c.internal.VideoRecorderService  - Video recording for test case 'Test Cases/2000_tresult/Return Passed' .
2025-09-24 04:52:28.584 INFO  c.k.katalon.core.main.TestCaseExecutor   - END Test Cases/2000_tresult/Return Passed
2025-09-24 04:52:28.586 INFO  c.k.katalon.core.main.TestCaseExecutor   - --------------------
2025-09-24 04:52:28.586 INFO  c.k.katalon.core.main.TestCaseExecutor   - START Test Cases/2000_tresult/Return Passed
2025-09-24 04:52:28.590 DEBUG testcase.Return Passed                   - 1: markPassed("Passed")
2025-09-24 04:52:28.590 DEBUG com.kms.katalon.core.util.KeywordUtil    - ✓ Passed
2025-09-24 04:52:30.594 INFO  c.k.k.c.c.internal.VideoRecorderService  - Video recording for test case 'Test Cases/2000_tresult/Return Passed' .
2025-09-24 04:52:30.594 INFO  c.k.katalon.core.main.TestCaseExecutor   - END Test Cases/2000_tresult/Return Passed
2025-09-24 04:52:30.596 INFO  c.k.katalon.core.main.TestCaseExecutor   - --------------------
2025-09-24 04:52:30.596 INFO  c.k.katalon.core.main.TestCaseExecutor   - START Test Cases/2000_tresult/Return Passed
2025-09-24 04:52:30.600 DEBUG testcase.Return Passed                   - 1: markPassed("Passed")
2025-09-24 04:52:30.600 DEBUG com.kms.katalon.core.util.KeywordUtil    - ✓ Passed
2025-09-24 04:52:32.604 INFO  c.k.k.c.c.internal.VideoRecorderService  - Video recording for test case 'Test Cases/2000_tresult/Return Passed' .
2025-09-24 04:52:32.604 INFO  c.k.katalon.core.main.TestCaseExecutor   - END Test Cases/2000_tresult/Return Passed
2025-09-24 04:52:32.606 INFO  c.k.katalon.core.main.TestCaseExecutor   - --------------------
2025-09-24 04:52:32.606 INFO  c.k.katalon.core.main.TestCaseExecutor   - START Test Cases/2000_tresult/Return Passed
2025-09-24 04:52:32.610 DEBUG testcase.Return Passed                   - 1: markPassed("Passed")
2025-09-24 04:52:32.611 DEBUG com.kms.katalon.core.util.KeywordUtil    - ✓ Passed
2025-09-24 04:52:34.614 INFO  c.k.k.c.c.internal.VideoRecorderService  - Video recording for test case 'Test Cases/2000_tresult/Return Passed' .
2025-09-24 04:52:34.615 INFO  c.k.katalon.core.main.TestCaseExecutor   - END Test Cases/2000_tresult/Return Passed
2025-09-24 04:52:34.616 INFO  c.k.katalon.core.main.TestCaseExecutor   - --------------------
2025-09-24 04:52:34.616 INFO  c.k.katalon.core.main.TestCaseExecutor   - START Test Cases/2000_tresult/Return Passed
2025-09-24 04:52:34.620 DEBUG testcase.Return Passed                   - 1: markPassed("Passed")
2025-09-24 04:52:34.621 DEBUG com.kms.katalon.core.util.KeywordUtil    - ✓ Passed
2025-09-24 04:52:36.624 INFO  c.k.k.c.c.internal.VideoRecorderService  - Video recording for test case 'Test Cases/2000_tresult/Return Passed' .
2025-09-24 04:52:36.624 INFO  c.k.katalon.core.main.TestCaseExecutor   - END Test Cases/2000_tresult/Return Passed
2025-09-24 04:52:36.626 INFO  c.k.katalon.core.main.TestCaseExecutor   - --------------------
2025-09-24 04:52:36.626 INFO  c.k.katalon.core.main.TestCaseExecutor   - START Test Cases/2000_tresult/Return Passed
2025-09-24 04:52:36.630 DEBUG testcase.Return Passed                   - 1: markPassed("Passed")
2025-09-24 04:52:36.630 DEBUG com.kms.katalon.core.util.KeywordUtil    - ✓ Passed
2025-09-24 04:52:38.634 INFO  c.k.k.c.c.internal.VideoRecorderService  - Video recording for test case 'Test Cases/2000_tresult/Return Passed' .
2025-09-24 04:52:38.634 INFO  c.k.katalon.core.main.TestCaseExecutor   - END Test Cases/2000_tresult/Return Passed
2025-09-24 04:52:38.636 INFO  c.k.katalon.core.main.TestCaseExecutor   - --------------------
2025-09-24 04:52:38.636 INFO  c.k.katalon.core.main.TestCaseExecutor   - START Test Cases/2000_tresult/Return Passed
2025-09-24 04:52:38.640 DEBUG testcase.Return Passed                   - 1: markPassed("Passed")
2025-09-24 04:52:38.640 DEBUG com.kms.katalon.core.util.KeywordUtil    - ✓ Passed
2025-09-24 04:52:40.643 INFO  c.k.k.c.c.internal.VideoRecorderService  - Video recording for test case 'Test Cases/2000_tresult/Return Passed' .
2025-09-24 04:52:40.644 INFO  c.k.katalon.core.main.TestCaseExecutor   - END Test Cases/2000_tresult/Return Passed
2025-09-24 04:52:40.645 INFO  c.k.katalon.core.main.TestCaseExecutor   - --------------------
2025-09-24 04:52:40.646 INFO  c.k.katalon.core.main.TestCaseExecutor   - START Test Cases/2000_tresult/Return Passed
2025-09-24 04:52:40.651 DEBUG testcase.Return Passed                   - 1: markPassed("Passed")
2025-09-24 04:52:40.651 DEBUG com.kms.katalon.core.util.KeywordUtil    - ✓ Passed
2025-09-24 04:52:42.655 INFO  c.k.k.c.c.internal.VideoRecorderService  - Video recording for test case 'Test Cases/2000_tresult/Return Passed' .
2025-09-24 04:52:42.655 INFO  c.k.katalon.core.main.TestCaseExecutor   - END Test Cases/2000_tresult/Return Passed
2025-09-24 04:52:42.657 INFO  c.k.katalon.core.main.TestCaseExecutor   - --------------------
2025-09-24 04:52:42.657 INFO  c.k.katalon.core.main.TestCaseExecutor   - START Test Cases/2000_tresult/Return Passed
2025-09-24 04:52:42.662 DEBUG testcase.Return Passed                   - 1: markPassed("Passed")
2025-09-24 04:52:42.662 DEBUG com.kms.katalon.core.util.KeywordUtil    - ✓ Passed
2025-09-24 04:52:44.666 INFO  c.k.k.c.c.internal.VideoRecorderService  - Video recording for test case 'Test Cases/2000_tresult/Return Passed' .
2025-09-24 04:52:44.666 INFO  c.k.katalon.core.main.TestCaseExecutor   - END Test Cases/2000_tresult/Return Passed
2025-09-24 04:52:44.668 INFO  c.k.katalon.core.main.TestCaseExecutor   - --------------------
2025-09-24 04:52:44.668 INFO  c.k.katalon.core.main.TestCaseExecutor   - START Test Cases/2000_tresult/Return Passed
2025-09-24 04:52:44.672 DEBUG testcase.Return Passed                   - 1: markPassed("Passed")
2025-09-24 04:52:44.672 DEBUG com.kms.katalon.core.util.KeywordUtil    - ✓ Passed
2025-09-24 04:52:46.676 INFO  c.k.k.c.c.internal.VideoRecorderService  - Video recording for test case 'Test Cases/2000_tresult/Return Passed' .
2025-09-24 04:52:46.676 INFO  c.k.katalon.core.main.TestCaseExecutor   - END Test Cases/2000_tresult/Return Passed
2025-09-24 04:52:46.678 INFO  c.k.katalon.core.main.TestCaseExecutor   - --------------------
2025-09-24 04:52:46.678 INFO  c.k.katalon.core.main.TestCaseExecutor   - START Test Cases/2000_tresult/Return Passed
2025-09-24 04:52:46.682 DEBUG testcase.Return Passed                   - 1: markPassed("Passed")
2025-09-24 04:52:46.682 DEBUG com.kms.katalon.core.util.KeywordUtil    - ✓ Passed
2025-09-24 04:52:48.685 INFO  c.k.k.c.c.internal.VideoRecorderService  - Video recording for test case 'Test Cases/2000_tresult/Return Passed' .
2025-09-24 04:52:48.686 INFO  c.k.katalon.core.main.TestCaseExecutor   - END Test Cases/2000_tresult/Return Passed
2025-09-24 04:52:48.687 INFO  c.k.katalon.core.main.TestCaseExecutor   - --------------------
2025-09-24 04:52:48.687 INFO  c.k.katalon.core.main.TestCaseExecutor   - START Test Cases/2000_tresult/Return Passed
2025-09-24 04:52:48.699 DEBUG testcase.Return Passed                   - 1: markPassed("Passed")
2025-09-24 04:52:48.699 DEBUG com.kms.katalon.core.util.KeywordUtil    - ✓ Passed
2025-09-24 04:52:50.703 INFO  c.k.k.c.c.internal.VideoRecorderService  - Video recording for test case 'Test Cases/2000_tresult/Return Passed' .
2025-09-24 04:52:50.703 INFO  c.k.katalon.core.main.TestCaseExecutor   - END Test Cases/2000_tresult/Return Passed
2025-09-24 04:52:50.705 INFO  c.k.katalon.core.main.TestCaseExecutor   - --------------------
2025-09-24 04:52:50.705 INFO  c.k.katalon.core.main.TestCaseExecutor   - START Test Cases/2000_tresult/Return Passed
2025-09-24 04:52:50.709 DEBUG testcase.Return Passed                   - 1: markPassed("Passed")
2025-09-24 04:52:50.709 DEBUG com.kms.katalon.core.util.KeywordUtil    - ✓ Passed
2025-09-24 04:52:52.712 INFO  c.k.k.c.c.internal.VideoRecorderService  - Video recording for test case 'Test Cases/2000_tresult/Return Passed' .
2025-09-24 04:52:52.713 INFO  c.k.katalon.core.main.TestCaseExecutor   - END Test Cases/2000_tresult/Return Passed
2025-09-24 04:52:52.714 INFO  c.k.katalon.core.main.TestCaseExecutor   - --------------------
2025-09-24 04:52:52.715 INFO  c.k.katalon.core.main.TestCaseExecutor   - START Test Cases/2000_tresult/Return Passed
2025-09-24 04:52:52.718 DEBUG testcase.Return Passed                   - 1: markPassed("Passed")
2025-09-24 04:52:52.719 DEBUG com.kms.katalon.core.util.KeywordUtil    - ✓ Passed
2025-09-24 04:52:54.722 INFO  c.k.k.c.c.internal.VideoRecorderService  - Video recording for test case 'Test Cases/2000_tresult/Return Passed' .
2025-09-24 04:52:54.722 INFO  c.k.katalon.core.main.TestCaseExecutor   - END Test Cases/2000_tresult/Return Passed
2025-09-24 04:52:54.724 INFO  c.k.katalon.core.main.TestCaseExecutor   - --------------------
2025-09-24 04:52:54.724 INFO  c.k.katalon.core.main.TestCaseExecutor   - START Test Cases/2000_tresult/Return Passed
2025-09-24 04:52:54.728 DEBUG testcase.Return Passed                   - 1: markPassed("Passed")
2025-09-24 04:52:54.728 DEBUG com.kms.katalon.core.util.KeywordUtil    - ✓ Passed
2025-09-24 04:52:56.732 INFO  c.k.k.c.c.internal.VideoRecorderService  - Video recording for test case 'Test Cases/2000_tresult/Return Passed' .
2025-09-24 04:52:56.732 INFO  c.k.katalon.core.main.TestCaseExecutor   - END Test Cases/2000_tresult/Return Passed
2025-09-24 04:52:56.734 INFO  c.k.katalon.core.main.TestCaseExecutor   - --------------------
2025-09-24 04:52:56.734 INFO  c.k.katalon.core.main.TestCaseExecutor   - START Test Cases/2000_tresult/Return Passed
2025-09-24 04:52:56.738 DEBUG testcase.Return Passed                   - 1: markPassed("Passed")
2025-09-24 04:52:56.738 DEBUG com.kms.katalon.core.util.KeywordUtil    - ✓ Passed
2025-09-24 04:52:58.742 INFO  c.k.k.c.c.internal.VideoRecorderService  - Video recording for test case 'Test Cases/2000_tresult/Return Passed' .
2025-09-24 04:52:58.742 INFO  c.k.katalon.core.main.TestCaseExecutor   - END Test Cases/2000_tresult/Return Passed
2025-09-24 04:52:58.744 INFO  c.k.katalon.core.main.TestCaseExecutor   - --------------------
2025-09-24 04:52:58.744 INFO  c.k.katalon.core.main.TestCaseExecutor   - START Test Cases/2000_tresult/Return Passed
2025-09-24 04:52:58.748 DEBUG testcase.Return Passed                   - 1: markPassed("Passed")
2025-09-24 04:52:58.748 DEBUG com.kms.katalon.core.util.KeywordUtil    - ✓ Passed
2025-09-24 04:53:00.752 INFO  c.k.k.c.c.internal.VideoRecorderService  - Video recording for test case 'Test Cases/2000_tresult/Return Passed' .
2025-09-24 04:53:00.752 INFO  c.k.katalon.core.main.TestCaseExecutor   - END Test Cases/2000_tresult/Return Passed
2025-09-24 04:53:00.754 INFO  c.k.katalon.core.main.TestCaseExecutor   - --------------------
2025-09-24 04:53:00.754 INFO  c.k.katalon.core.main.TestCaseExecutor   - START Test Cases/2000_tresult/Return Passed
2025-09-24 04:53:00.758 DEBUG testcase.Return Passed                   - 1: markPassed("Passed")
2025-09-24 04:53:00.758 DEBUG com.kms.katalon.core.util.KeywordUtil    - ✓ Passed
2025-09-24 04:53:02.761 INFO  c.k.k.c.c.internal.VideoRecorderService  - Video recording for test case 'Test Cases/2000_tresult/Return Passed' .
2025-09-24 04:53:02.761 INFO  c.k.katalon.core.main.TestCaseExecutor   - END Test Cases/2000_tresult/Return Passed
2025-09-24 04:53:02.763 INFO  c.k.katalon.core.main.TestCaseExecutor   - --------------------
2025-09-24 04:53:02.763 INFO  c.k.katalon.core.main.TestCaseExecutor   - START Test Cases/2000_tresult/Return Passed
2025-09-24 04:53:02.767 DEBUG testcase.Return Passed                   - 1: markPassed("Passed")
2025-09-24 04:53:02.768 DEBUG com.kms.katalon.core.util.KeywordUtil    - ✓ Passed
2025-09-24 04:53:04.771 INFO  c.k.k.c.c.internal.VideoRecorderService  - Video recording for test case 'Test Cases/2000_tresult/Return Passed' .
2025-09-24 04:53:04.772 INFO  c.k.katalon.core.main.TestCaseExecutor   - END Test Cases/2000_tresult/Return Passed
2025-09-24 04:53:04.773 INFO  c.k.katalon.core.main.TestCaseExecutor   - --------------------
2025-09-24 04:53:04.773 INFO  c.k.katalon.core.main.TestCaseExecutor   - START Test Cases/2000_tresult/Return Passed
2025-09-24 04:53:04.777 DEBUG testcase.Return Passed                   - 1: markPassed("Passed")
2025-09-24 04:53:04.777 DEBUG com.kms.katalon.core.util.KeywordUtil    - ✓ Passed
2025-09-24 04:53:06.780 INFO  c.k.k.c.c.internal.VideoRecorderService  - Video recording for test case 'Test Cases/2000_tresult/Return Passed' .
2025-09-24 04:53:06.781 INFO  c.k.katalon.core.main.TestCaseExecutor   - END Test Cases/2000_tresult/Return Passed
2025-09-24 04:53:06.783 INFO  c.k.katalon.core.main.TestCaseExecutor   - --------------------
2025-09-24 04:53:06.783 INFO  c.k.katalon.core.main.TestCaseExecutor   - START Test Cases/2000_tresult/Return Passed
2025-09-24 04:53:06.787 DEBUG testcase.Return Passed                   - 1: markPassed("Passed")
2025-09-24 04:53:06.787 DEBUG com.kms.katalon.core.util.KeywordUtil    - ✓ Passed
2025-09-24 04:53:08.790 INFO  c.k.k.c.c.internal.VideoRecorderService  - Video recording for test case 'Test Cases/2000_tresult/Return Passed' .
2025-09-24 04:53:08.791 INFO  c.k.katalon.core.main.TestCaseExecutor   - END Test Cases/2000_tresult/Return Passed
2025-09-24 04:53:08.792 INFO  c.k.katalon.core.main.TestCaseExecutor   - --------------------
2025-09-24 04:53:08.792 INFO  c.k.katalon.core.main.TestCaseExecutor   - START Test Cases/2000_tresult/Return Passed
2025-09-24 04:53:08.796 DEBUG testcase.Return Passed                   - 1: markPassed("Passed")
2025-09-24 04:53:08.796 DEBUG com.kms.katalon.core.util.KeywordUtil    - ✓ Passed
2025-09-24 04:53:10.799 INFO  c.k.k.c.c.internal.VideoRecorderService  - Video recording for test case 'Test Cases/2000_tresult/Return Passed' .
2025-09-24 04:53:10.800 INFO  c.k.katalon.core.main.TestCaseExecutor   - END Test Cases/2000_tresult/Return Passed
2025-09-24 04:53:10.803 INFO  c.k.katalon.core.main.TestCaseExecutor   - --------------------
2025-09-24 04:53:10.803 INFO  c.k.katalon.core.main.TestCaseExecutor   - START Test Cases/2000_tresult/Return Passed
2025-09-24 04:53:10.807 DEBUG testcase.Return Passed                   - 1: markPassed("Passed")
2025-09-24 04:53:10.807 DEBUG com.kms.katalon.core.util.KeywordUtil    - ✓ Passed
2025-09-24 04:53:12.810 INFO  c.k.k.c.c.internal.VideoRecorderService  - Video recording for test case 'Test Cases/2000_tresult/Return Passed' .
2025-09-24 04:53:12.810 INFO  c.k.katalon.core.main.TestCaseExecutor   - END Test Cases/2000_tresult/Return Passed
2025-09-24 04:53:12.812 INFO  c.k.katalon.core.main.TestCaseExecutor   - --------------------
2025-09-24 04:53:12.812 INFO  c.k.katalon.core.main.TestCaseExecutor   - START Test Cases/2000_tresult/Return Passed
2025-09-24 04:53:12.816 DEBUG testcase.Return Passed                   - 1: markPassed("Passed")
2025-09-24 04:53:12.816 DEBUG com.kms.katalon.core.util.KeywordUtil    - ✓ Passed
2025-09-24 04:53:14.819 INFO  c.k.k.c.c.internal.VideoRecorderService  - Video recording for test case 'Test Cases/2000_tresult/Return Passed' .
2025-09-24 04:53:14.820 INFO  c.k.katalon.core.main.TestCaseExecutor   - END Test Cases/2000_tresult/Return Passed
2025-09-24 04:53:14.821 INFO  c.k.katalon.core.main.TestCaseExecutor   - --------------------
2025-09-24 04:53:14.821 INFO  c.k.katalon.core.main.TestCaseExecutor   - START Test Cases/2000_tresult/Return Passed
2025-09-24 04:53:14.825 DEBUG testcase.Return Passed                   - 1: markPassed("Passed")
2025-09-24 04:53:14.825 DEBUG com.kms.katalon.core.util.KeywordUtil    - ✓ Passed
2025-09-24 04:53:16.829 INFO  c.k.k.c.c.internal.VideoRecorderService  - Video recording for test case 'Test Cases/2000_tresult/Return Passed' .
2025-09-24 04:53:16.829 INFO  c.k.katalon.core.main.TestCaseExecutor   - END Test Cases/2000_tresult/Return Passed
2025-09-24 04:53:16.831 INFO  c.k.katalon.core.main.TestCaseExecutor   - --------------------
2025-09-24 04:53:16.831 INFO  c.k.katalon.core.main.TestCaseExecutor   - START Test Cases/2000_tresult/Return Passed
2025-09-24 04:53:16.834 DEBUG testcase.Return Passed                   - 1: markPassed("Passed")
2025-09-24 04:53:16.835 DEBUG com.kms.katalon.core.util.KeywordUtil    - ✓ Passed
2025-09-24 04:53:18.838 INFO  c.k.k.c.c.internal.VideoRecorderService  - Video recording for test case 'Test Cases/2000_tresult/Return Passed' .
2025-09-24 04:53:18.838 INFO  c.k.katalon.core.main.TestCaseExecutor   - END Test Cases/2000_tresult/Return Passed
2025-09-24 04:53:18.840 INFO  c.k.katalon.core.main.TestCaseExecutor   - --------------------
2025-09-24 04:53:18.840 INFO  c.k.katalon.core.main.TestCaseExecutor   - START Test Cases/2000_tresult/Return Passed
2025-09-24 04:53:18.844 DEBUG testcase.Return Passed                   - 1: markPassed("Passed")
2025-09-24 04:53:18.844 DEBUG com.kms.katalon.core.util.KeywordUtil    - ✓ Passed
2025-09-24 04:53:20.847 INFO  c.k.k.c.c.internal.VideoRecorderService  - Video recording for test case 'Test Cases/2000_tresult/Return Passed' .
2025-09-24 04:53:20.848 INFO  c.k.katalon.core.main.TestCaseExecutor   - END Test Cases/2000_tresult/Return Passed
2025-09-24 04:53:20.849 INFO  c.k.katalon.core.main.TestCaseExecutor   - --------------------
2025-09-24 04:53:20.849 INFO  c.k.katalon.core.main.TestCaseExecutor   - START Test Cases/2000_tresult/Return Passed
2025-09-24 04:53:20.855 DEBUG testcase.Return Passed                   - 1: markPassed("Passed")
2025-09-24 04:53:20.855 DEBUG com.kms.katalon.core.util.KeywordUtil    - ✓ Passed
2025-09-24 04:53:22.859 INFO  c.k.k.c.c.internal.VideoRecorderService  - Video recording for test case 'Test Cases/2000_tresult/Return Passed' .
2025-09-24 04:53:22.859 INFO  c.k.katalon.core.main.TestCaseExecutor   - END Test Cases/2000_tresult/Return Passed
2025-09-24 04:53:22.861 INFO  c.k.katalon.core.main.TestCaseExecutor   - --------------------
2025-09-24 04:53:22.861 INFO  c.k.katalon.core.main.TestCaseExecutor   - START Test Cases/2000_tresult/Return Passed
2025-09-24 04:53:22.865 DEBUG testcase.Return Passed                   - 1: markPassed("Passed")
2025-09-24 04:53:22.865 DEBUG com.kms.katalon.core.util.KeywordUtil    - ✓ Passed
2025-09-24 04:53:24.868 INFO  c.k.k.c.c.internal.VideoRecorderService  - Video recording for test case 'Test Cases/2000_tresult/Return Passed' .
2025-09-24 04:53:24.869 INFO  c.k.katalon.core.main.TestCaseExecutor   - END Test Cases/2000_tresult/Return Passed
2025-09-24 04:53:24.871 INFO  c.k.katalon.core.main.TestCaseExecutor   - --------------------
2025-09-24 04:53:24.871 INFO  c.k.katalon.core.main.TestCaseExecutor   - START Test Cases/2000_tresult/Return Passed
2025-09-24 04:53:24.875 DEBUG testcase.Return Passed                   - 1: markPassed("Passed")
2025-09-24 04:53:24.875 DEBUG com.kms.katalon.core.util.KeywordUtil    - ✓ Passed
2025-09-24 04:53:26.878 INFO  c.k.k.c.c.internal.VideoRecorderService  - Video recording for test case 'Test Cases/2000_tresult/Return Passed' .
2025-09-24 04:53:26.879 INFO  c.k.katalon.core.main.TestCaseExecutor   - END Test Cases/2000_tresult/Return Passed
2025-09-24 04:53:26.881 INFO  c.k.katalon.core.main.TestCaseExecutor   - --------------------
2025-09-24 04:53:26.881 INFO  c.k.katalon.core.main.TestCaseExecutor   - START Test Cases/2000_tresult/Return Passed
2025-09-24 04:53:26.886 DEBUG testcase.Return Passed                   - 1: markPassed("Passed")
2025-09-24 04:53:26.886 DEBUG com.kms.katalon.core.util.KeywordUtil    - ✓ Passed
2025-09-24 04:53:28.890 INFO  c.k.k.c.c.internal.VideoRecorderService  - Video recording for test case 'Test Cases/2000_tresult/Return Passed' .
2025-09-24 04:53:28.890 INFO  c.k.katalon.core.main.TestCaseExecutor   - END Test Cases/2000_tresult/Return Passed
2025-09-24 04:53:28.892 INFO  c.k.katalon.core.main.TestCaseExecutor   - --------------------
2025-09-24 04:53:28.892 INFO  c.k.katalon.core.main.TestCaseExecutor   - START Test Cases/2000_tresult/Return Passed
2025-09-24 04:53:28.897 DEBUG testcase.Return Passed                   - 1: markPassed("Passed")
2025-09-24 04:53:28.897 DEBUG com.kms.katalon.core.util.KeywordUtil    - ✓ Passed
2025-09-24 04:53:30.901 INFO  c.k.k.c.c.internal.VideoRecorderService  - Video recording for test case 'Test Cases/2000_tresult/Return Passed' .
2025-09-24 04:53:30.901 INFO  c.k.katalon.core.main.TestCaseExecutor   - END Test Cases/2000_tresult/Return Passed
2025-09-24 04:53:30.903 INFO  c.k.katalon.core.main.TestCaseExecutor   - --------------------
2025-09-24 04:53:30.903 INFO  c.k.katalon.core.main.TestCaseExecutor   - START Test Cases/2000_tresult/Return Passed
2025-09-24 04:53:30.908 DEBUG testcase.Return Passed                   - 1: markPassed("Passed")
2025-09-24 04:53:30.909 DEBUG com.kms.katalon.core.util.KeywordUtil    - ✓ Passed
2025-09-24 04:53:32.912 INFO  c.k.k.c.c.internal.VideoRecorderService  - Video recording for test case 'Test Cases/2000_tresult/Return Passed' .
2025-09-24 04:53:32.913 INFO  c.k.katalon.core.main.TestCaseExecutor   - END Test Cases/2000_tresult/Return Passed
2025-09-24 04:53:32.914 INFO  c.k.katalon.core.main.TestCaseExecutor   - --------------------
2025-09-24 04:53:32.914 INFO  c.k.katalon.core.main.TestCaseExecutor   - START Test Cases/2000_tresult/Return Passed
2025-09-24 04:53:32.928 DEBUG testcase.Return Passed                   - 1: markPassed("Passed")
2025-09-24 04:53:32.929 DEBUG com.kms.katalon.core.util.KeywordUtil    - ✓ Passed
2025-09-24 04:53:34.933 INFO  c.k.k.c.c.internal.VideoRecorderService  - Video recording for test case 'Test Cases/2000_tresult/Return Passed' .
2025-09-24 04:53:34.934 INFO  c.k.katalon.core.main.TestCaseExecutor   - END Test Cases/2000_tresult/Return Passed
2025-09-24 04:53:34.935 INFO  c.k.katalon.core.main.TestCaseExecutor   - --------------------
2025-09-24 04:53:34.935 INFO  c.k.katalon.core.main.TestCaseExecutor   - START Test Cases/2000_tresult/Return Passed
2025-09-24 04:53:34.958 DEBUG testcase.Return Passed                   - 1: markPassed("Passed")
2025-09-24 04:53:34.958 DEBUG com.kms.katalon.core.util.KeywordUtil    - ✓ Passed
2025-09-24 04:53:36.961 INFO  c.k.k.c.c.internal.VideoRecorderService  - Video recording for test case 'Test Cases/2000_tresult/Return Passed' .
2025-09-24 04:53:36.962 INFO  c.k.katalon.core.main.TestCaseExecutor   - END Test Cases/2000_tresult/Return Passed
2025-09-24 04:53:36.964 INFO  c.k.katalon.core.main.TestCaseExecutor   - --------------------
2025-09-24 04:53:36.964 INFO  c.k.katalon.core.main.TestCaseExecutor   - START Test Cases/2000_tresult/Return Passed
2025-09-24 04:53:36.969 DEBUG testcase.Return Passed                   - 1: markPassed("Passed")
2025-09-24 04:53:36.969 DEBUG com.kms.katalon.core.util.KeywordUtil    - ✓ Passed
2025-09-24 04:53:38.972 INFO  c.k.k.c.c.internal.VideoRecorderService  - Video recording for test case 'Test Cases/2000_tresult/Return Passed' .
2025-09-24 04:53:38.972 INFO  c.k.katalon.core.main.TestCaseExecutor   - END Test Cases/2000_tresult/Return Passed
2025-09-24 04:53:38.974 INFO  c.k.katalon.core.main.TestCaseExecutor   - --------------------
2025-09-24 04:53:38.974 INFO  c.k.katalon.core.main.TestCaseExecutor   - START Test Cases/2000_tresult/Return Passed
2025-09-24 04:53:38.979 DEBUG testcase.Return Passed                   - 1: markPassed("Passed")
2025-09-24 04:53:38.980 DEBUG com.kms.katalon.core.util.KeywordUtil    - ✓ Passed
2025-09-24 04:53:40.984 INFO  c.k.k.c.c.internal.VideoRecorderService  - Video recording for test case 'Test Cases/2000_tresult/Return Passed' .
2025-09-24 04:53:40.985 INFO  c.k.katalon.core.main.TestCaseExecutor   - END Test Cases/2000_tresult/Return Passed
2025-09-24 04:53:40.987 INFO  c.k.katalon.core.main.TestCaseExecutor   - --------------------
2025-09-24 04:53:40.988 INFO  c.k.katalon.core.main.TestCaseExecutor   - START Test Cases/2000_tresult/Return Passed
2025-09-24 04:53:40.997 DEBUG testcase.Return Passed                   - 1: markPassed("Passed")
2025-09-24 04:53:40.997 DEBUG com.kms.katalon.core.util.KeywordUtil    - ✓ Passed
2025-09-24 04:53:43.005 INFO  c.k.k.c.c.internal.VideoRecorderService  - Video recording for test case 'Test Cases/2000_tresult/Return Passed' .
2025-09-24 04:53:43.005 INFO  c.k.katalon.core.main.TestCaseExecutor   - END Test Cases/2000_tresult/Return Passed
2025-09-24 04:53:43.007 INFO  c.k.katalon.core.main.TestCaseExecutor   - --------------------
2025-09-24 04:53:43.007 INFO  c.k.katalon.core.main.TestCaseExecutor   - START Test Cases/2000_tresult/Return Passed
2025-09-24 04:53:43.012 DEBUG testcase.Return Passed                   - 1: markPassed("Passed")
2025-09-24 04:53:43.013 DEBUG com.kms.katalon.core.util.KeywordUtil    - ✓ Passed
2025-09-24 04:53:45.016 INFO  c.k.k.c.c.internal.VideoRecorderService  - Video recording for test case 'Test Cases/2000_tresult/Return Passed' .
2025-09-24 04:53:45.018 INFO  c.k.katalon.core.main.TestCaseExecutor   - END Test Cases/2000_tresult/Return Passed
2025-09-24 04:53:45.019 INFO  c.k.katalon.core.main.TestCaseExecutor   - --------------------
2025-09-24 04:53:45.019 INFO  c.k.katalon.core.main.TestCaseExecutor   - START Test Cases/2000_tresult/Return Passed
2025-09-24 04:53:45.024 DEBUG testcase.Return Passed                   - 1: markPassed("Passed")
2025-09-24 04:53:45.024 DEBUG com.kms.katalon.core.util.KeywordUtil    - ✓ Passed
2025-09-24 04:53:47.028 INFO  c.k.k.c.c.internal.VideoRecorderService  - Video recording for test case 'Test Cases/2000_tresult/Return Passed' .
2025-09-24 04:53:47.028 INFO  c.k.katalon.core.main.TestCaseExecutor   - END Test Cases/2000_tresult/Return Passed
2025-09-24 04:53:47.030 INFO  c.k.katalon.core.main.TestCaseExecutor   - --------------------
2025-09-24 04:53:47.030 INFO  c.k.katalon.core.main.TestCaseExecutor   - START Test Cases/2000_tresult/Return Passed
2025-09-24 04:53:47.036 DEBUG testcase.Return Passed                   - 1: markPassed("Passed")
2025-09-24 04:53:47.036 DEBUG com.kms.katalon.core.util.KeywordUtil    - ✓ Passed
2025-09-24 04:53:49.039 INFO  c.k.k.c.c.internal.VideoRecorderService  - Video recording for test case 'Test Cases/2000_tresult/Return Passed' .
2025-09-24 04:53:49.040 INFO  c.k.katalon.core.main.TestCaseExecutor   - END Test Cases/2000_tresult/Return Passed
2025-09-24 04:53:49.042 INFO  c.k.katalon.core.main.TestCaseExecutor   - --------------------
2025-09-24 04:53:49.042 INFO  c.k.katalon.core.main.TestCaseExecutor   - START Test Cases/2000_tresult/Return Passed
2025-09-24 04:53:49.066 DEBUG testcase.Return Passed                   - 1: markPassed("Passed")
2025-09-24 04:53:49.067 DEBUG com.kms.katalon.core.util.KeywordUtil    - ✓ Passed
2025-09-24 04:53:51.071 INFO  c.k.k.c.c.internal.VideoRecorderService  - Video recording for test case 'Test Cases/2000_tresult/Return Passed' .
2025-09-24 04:53:51.072 INFO  c.k.katalon.core.main.TestCaseExecutor   - END Test Cases/2000_tresult/Return Passed
2025-09-24 04:53:51.075 INFO  c.k.katalon.core.main.TestCaseExecutor   - --------------------
2025-09-24 04:53:51.076 INFO  c.k.katalon.core.main.TestCaseExecutor   - START Test Cases/2000_tresult/Return Passed
2025-09-24 04:53:51.082 DEBUG testcase.Return Passed                   - 1: markPassed("Passed")
2025-09-24 04:53:51.083 DEBUG com.kms.katalon.core.util.KeywordUtil    - ✓ Passed
2025-09-24 04:53:53.090 INFO  c.k.k.c.c.internal.VideoRecorderService  - Video recording for test case 'Test Cases/2000_tresult/Return Passed' .
2025-09-24 04:53:53.090 INFO  c.k.katalon.core.main.TestCaseExecutor   - END Test Cases/2000_tresult/Return Passed
2025-09-24 04:53:53.092 INFO  c.k.katalon.core.main.TestCaseExecutor   - --------------------
2025-09-24 04:53:53.092 INFO  c.k.katalon.core.main.TestCaseExecutor   - START Test Cases/2000_tresult/Return Passed
2025-09-24 04:53:53.096 DEBUG testcase.Return Passed                   - 1: markPassed("Passed")
2025-09-24 04:53:53.096 DEBUG com.kms.katalon.core.util.KeywordUtil    - ✓ Passed
2025-09-24 04:53:55.099 INFO  c.k.k.c.c.internal.VideoRecorderService  - Video recording for test case 'Test Cases/2000_tresult/Return Passed' .
2025-09-24 04:53:55.099 INFO  c.k.katalon.core.main.TestCaseExecutor   - END Test Cases/2000_tresult/Return Passed
2025-09-24 04:53:55.101 INFO  c.k.katalon.core.main.TestCaseExecutor   - --------------------
2025-09-24 04:53:55.101 INFO  c.k.katalon.core.main.TestCaseExecutor   - START Test Cases/2000_tresult/Return Passed
2025-09-24 04:53:55.105 DEBUG testcase.Return Passed                   - 1: markPassed("Passed")
2025-09-24 04:53:55.105 DEBUG com.kms.katalon.core.util.KeywordUtil    - ✓ Passed
2025-09-24 04:53:57.108 INFO  c.k.k.c.c.internal.VideoRecorderService  - Video recording for test case 'Test Cases/2000_tresult/Return Passed' .
2025-09-24 04:53:57.109 INFO  c.k.katalon.core.main.TestCaseExecutor   - END Test Cases/2000_tresult/Return Passed
2025-09-24 04:53:57.110 INFO  c.k.katalon.core.main.TestCaseExecutor   - --------------------
2025-09-24 04:53:57.110 INFO  c.k.katalon.core.main.TestCaseExecutor   - START Test Cases/2000_tresult/Return Passed
2025-09-24 04:53:57.114 DEBUG testcase.Return Passed                   - 1: markPassed("Passed")
2025-09-24 04:53:57.114 DEBUG com.kms.katalon.core.util.KeywordUtil    - ✓ Passed
2025-09-24 04:53:59.118 INFO  c.k.k.c.c.internal.VideoRecorderService  - Video recording for test case 'Test Cases/2000_tresult/Return Passed' .
2025-09-24 04:53:59.118 INFO  c.k.katalon.core.main.TestCaseExecutor   - END Test Cases/2000_tresult/Return Passed
2025-09-24 04:53:59.120 INFO  c.k.katalon.core.main.TestCaseExecutor   - --------------------
2025-09-24 04:53:59.120 INFO  c.k.katalon.core.main.TestCaseExecutor   - START Test Cases/2000_tresult/Return Passed
2025-09-24 04:53:59.126 DEBUG testcase.Return Passed                   - 1: markPassed("Passed")
2025-09-24 04:53:59.126 DEBUG com.kms.katalon.core.util.KeywordUtil    - ✓ Passed
2025-09-24 04:54:01.129 INFO  c.k.k.c.c.internal.VideoRecorderService  - Video recording for test case 'Test Cases/2000_tresult/Return Passed' .
2025-09-24 04:54:01.130 INFO  c.k.katalon.core.main.TestCaseExecutor   - END Test Cases/2000_tresult/Return Passed
2025-09-24 04:54:01.131 INFO  c.k.katalon.core.main.TestCaseExecutor   - --------------------
2025-09-24 04:54:01.131 INFO  c.k.katalon.core.main.TestCaseExecutor   - START Test Cases/2000_tresult/Return Passed
2025-09-24 04:54:01.135 DEBUG testcase.Return Passed                   - 1: markPassed("Passed")
2025-09-24 04:54:01.136 DEBUG com.kms.katalon.core.util.KeywordUtil    - ✓ Passed
2025-09-24 04:54:03.139 INFO  c.k.k.c.c.internal.VideoRecorderService  - Video recording for test case 'Test Cases/2000_tresult/Return Passed' .
2025-09-24 04:54:03.139 INFO  c.k.katalon.core.main.TestCaseExecutor   - END Test Cases/2000_tresult/Return Passed
2025-09-24 04:54:03.142 INFO  c.k.katalon.core.main.TestCaseExecutor   - --------------------
2025-09-24 04:54:03.142 INFO  c.k.katalon.core.main.TestCaseExecutor   - START Test Cases/2000_tresult/Return Passed
2025-09-24 04:54:03.146 DEBUG testcase.Return Passed                   - 1: markPassed("Passed")
2025-09-24 04:54:03.146 DEBUG com.kms.katalon.core.util.KeywordUtil    - ✓ Passed
2025-09-24 04:54:05.149 INFO  c.k.k.c.c.internal.VideoRecorderService  - Video recording for test case 'Test Cases/2000_tresult/Return Passed' .
2025-09-24 04:54:05.150 INFO  c.k.katalon.core.main.TestCaseExecutor   - END Test Cases/2000_tresult/Return Passed
2025-09-24 04:54:05.151 INFO  c.k.katalon.core.main.TestCaseExecutor   - --------------------
2025-09-24 04:54:05.151 INFO  c.k.katalon.core.main.TestCaseExecutor   - START Test Cases/2000_tresult/Return Passed
2025-09-24 04:54:05.156 DEBUG testcase.Return Passed                   - 1: markPassed("Passed")
2025-09-24 04:54:05.156 DEBUG com.kms.katalon.core.util.KeywordUtil    - ✓ Passed
2025-09-24 04:54:07.168 INFO  c.k.k.c.c.internal.VideoRecorderService  - Video recording for test case 'Test Cases/2000_tresult/Return Passed' .
2025-09-24 04:54:07.168 INFO  c.k.katalon.core.main.TestCaseExecutor   - END Test Cases/2000_tresult/Return Passed
2025-09-24 04:54:07.170 INFO  c.k.katalon.core.main.TestCaseExecutor   - --------------------
2025-09-24 04:54:07.170 INFO  c.k.katalon.core.main.TestCaseExecutor   - START Test Cases/2000_tresult/Return Passed
2025-09-24 04:54:07.175 DEBUG testcase.Return Passed                   - 1: markPassed("Passed")
2025-09-24 04:54:07.175 DEBUG com.kms.katalon.core.util.KeywordUtil    - ✓ Passed
2025-09-24 04:54:09.189 INFO  c.k.k.c.c.internal.VideoRecorderService  - Video recording for test case 'Test Cases/2000_tresult/Return Passed' .
2025-09-24 04:54:09.190 INFO  c.k.katalon.core.main.TestCaseExecutor   - END Test Cases/2000_tresult/Return Passed
2025-09-24 04:54:09.193 INFO  c.k.katalon.core.main.TestCaseExecutor   - --------------------
2025-09-24 04:54:09.193 INFO  c.k.katalon.core.main.TestCaseExecutor   - START Test Cases/2000_tresult/Return Passed
2025-09-24 04:54:09.203 DEBUG testcase.Return Passed                   - 1: markPassed("Passed")
2025-09-24 04:54:09.204 DEBUG com.kms.katalon.core.util.KeywordUtil    - ✓ Passed
2025-09-24 04:54:11.208 INFO  c.k.k.c.c.internal.VideoRecorderService  - Video recording for test case 'Test Cases/2000_tresult/Return Passed' .
2025-09-24 04:54:11.209 INFO  c.k.katalon.core.main.TestCaseExecutor   - END Test Cases/2000_tresult/Return Passed
2025-09-24 04:54:11.211 INFO  c.k.katalon.core.main.TestCaseExecutor   - --------------------
2025-09-24 04:54:11.211 INFO  c.k.katalon.core.main.TestCaseExecutor   - START Test Cases/2000_tresult/Return Passed
2025-09-24 04:54:11.217 DEBUG testcase.Return Passed                   - 1: markPassed("Passed")
2025-09-24 04:54:11.218 DEBUG com.kms.katalon.core.util.KeywordUtil    - ✓ Passed
2025-09-24 04:54:13.221 INFO  c.k.k.c.c.internal.VideoRecorderService  - Video recording for test case 'Test Cases/2000_tresult/Return Passed' .
2025-09-24 04:54:13.222 INFO  c.k.katalon.core.main.TestCaseExecutor   - END Test Cases/2000_tresult/Return Passed
2025-09-24 04:54:13.247 INFO  c.k.katalon.core.main.TestSuiteExecutor  - --------------------
2025-09-24 04:54:13.247 INFO  c.k.katalon.core.main.TestSuiteExecutor  - END Test Suites/100_tc
2025-09-24 04:54:13.247 INFO  c.k.katalon.core.main.TestSuiteExecutor  - ====================
