2025-09-24 07:42:20.428 INFO  c.k.katalon.core.main.TestSuiteExecutor  - START Test Suites/100_tc
2025-09-24 07:42:20.563 INFO  c.k.katalon.core.main.TestSuiteExecutor  - userFullName = Man Hua
2025-09-24 07:42:20.568 INFO  c.k.katalon.core.main.TestSuiteExecutor  - projectName = Demo-Bulk-Operation
2025-09-24 07:42:20.570 INFO  c.k.katalon.core.main.TestSuiteExecutor  - hostName = agent - 14475linalllatest-778640-katalon-agent-jssts
2025-09-24 07:42:20.571 INFO  c.k.katalon.core.main.TestSuiteExecutor  - os = Linux 64bit
2025-09-24 07:42:20.580 INFO  c.k.katalon.core.main.TestSuiteExecutor  - hostAddress = 10.10.7.199
2025-09-24 07:42:20.590 INFO  c.k.katalon.core.main.TestSuiteExecutor  - katalonVersion = 10.3.1.0
2025-09-24 07:42:21.314 INFO  c.k.katalon.core.main.TestCaseExecutor   - --------------------
2025-09-24 07:42:21.314 INFO  c.k.katalon.core.main.TestCaseExecutor   - START Test Cases/2000_tresult/Return Passed
2025-09-24 07:42:21.521 DEBUG testcase.Return Passed                   - 1: markPassed("Passed")
2025-09-24 07:42:21.524 DEBUG com.kms.katalon.core.util.KeywordUtil    - ✓ Passed
2025-09-24 07:42:23.579 INFO  c.k.k.c.c.internal.VideoRecorderService  - Video recording for test case 'Test Cases/2000_tresult/Return Passed' .
2025-09-24 07:42:23.581 INFO  c.k.katalon.core.main.TestCaseExecutor   - END Test Cases/2000_tresult/Return Passed
2025-09-24 07:42:23.585 INFO  c.k.katalon.core.main.TestCaseExecutor   - --------------------
2025-09-24 07:42:23.585 INFO  c.k.katalon.core.main.TestCaseExecutor   - START Test Cases/2000_tresult/Return Passed
2025-09-24 07:42:23.601 DEBUG testcase.Return Passed                   - 1: markPassed("Passed")
2025-09-24 07:42:23.601 DEBUG com.kms.katalon.core.util.KeywordUtil    - ✓ Passed
2025-09-24 07:42:25.606 INFO  c.k.k.c.c.internal.VideoRecorderService  - Video recording for test case 'Test Cases/2000_tresult/Return Passed' .
2025-09-24 07:42:25.607 INFO  c.k.katalon.core.main.TestCaseExecutor   - END Test Cases/2000_tresult/Return Passed
2025-09-24 07:42:25.610 INFO  c.k.katalon.core.main.TestCaseExecutor   - --------------------
2025-09-24 07:42:25.610 INFO  c.k.katalon.core.main.TestCaseExecutor   - START Test Cases/2000_tresult/Return Passed
2025-09-24 07:42:25.624 DEBUG testcase.Return Passed                   - 1: markPassed("Passed")
2025-09-24 07:42:25.625 DEBUG com.kms.katalon.core.util.KeywordUtil    - ✓ Passed
2025-09-24 07:42:27.631 INFO  c.k.k.c.c.internal.VideoRecorderService  - Video recording for test case 'Test Cases/2000_tresult/Return Passed' .
2025-09-24 07:42:27.632 INFO  c.k.katalon.core.main.TestCaseExecutor   - END Test Cases/2000_tresult/Return Passed
2025-09-24 07:42:27.639 INFO  c.k.katalon.core.main.TestCaseExecutor   - --------------------
2025-09-24 07:42:27.639 INFO  c.k.katalon.core.main.TestCaseExecutor   - START Test Cases/2000_tresult/Return Passed
2025-09-24 07:42:27.655 DEBUG testcase.Return Passed                   - 1: markPassed("Passed")
2025-09-24 07:42:27.656 DEBUG com.kms.katalon.core.util.KeywordUtil    - ✓ Passed
2025-09-24 07:42:29.660 INFO  c.k.k.c.c.internal.VideoRecorderService  - Video recording for test case 'Test Cases/2000_tresult/Return Passed' .
2025-09-24 07:42:29.661 INFO  c.k.katalon.core.main.TestCaseExecutor   - END Test Cases/2000_tresult/Return Passed
2025-09-24 07:42:29.665 INFO  c.k.katalon.core.main.TestCaseExecutor   - --------------------
2025-09-24 07:42:29.665 INFO  c.k.katalon.core.main.TestCaseExecutor   - START Test Cases/2000_tresult/Return Passed
2025-09-24 07:42:29.673 DEBUG testcase.Return Passed                   - 1: markPassed("Passed")
2025-09-24 07:42:29.673 DEBUG com.kms.katalon.core.util.KeywordUtil    - ✓ Passed
2025-09-24 07:42:31.677 INFO  c.k.k.c.c.internal.VideoRecorderService  - Video recording for test case 'Test Cases/2000_tresult/Return Passed' .
2025-09-24 07:42:31.678 INFO  c.k.katalon.core.main.TestCaseExecutor   - END Test Cases/2000_tresult/Return Passed
2025-09-24 07:42:31.680 INFO  c.k.katalon.core.main.TestCaseExecutor   - --------------------
2025-09-24 07:42:31.680 INFO  c.k.katalon.core.main.TestCaseExecutor   - START Test Cases/2000_tresult/Return Passed
2025-09-24 07:42:31.686 DEBUG testcase.Return Passed                   - 1: markPassed("Passed")
2025-09-24 07:42:31.688 DEBUG com.kms.katalon.core.util.KeywordUtil    - ✓ Passed
2025-09-24 07:42:33.693 INFO  c.k.k.c.c.internal.VideoRecorderService  - Video recording for test case 'Test Cases/2000_tresult/Return Passed' .
2025-09-24 07:42:33.694 INFO  c.k.katalon.core.main.TestCaseExecutor   - END Test Cases/2000_tresult/Return Passed
2025-09-24 07:42:33.702 INFO  c.k.katalon.core.main.TestCaseExecutor   - --------------------
2025-09-24 07:42:33.702 INFO  c.k.katalon.core.main.TestCaseExecutor   - START Test Cases/2000_tresult/Return Passed
2025-09-24 07:42:33.709 DEBUG testcase.Return Passed                   - 1: markPassed("Passed")
2025-09-24 07:42:33.710 DEBUG com.kms.katalon.core.util.KeywordUtil    - ✓ Passed
2025-09-24 07:42:35.714 INFO  c.k.k.c.c.internal.VideoRecorderService  - Video recording for test case 'Test Cases/2000_tresult/Return Passed' .
2025-09-24 07:42:35.715 INFO  c.k.katalon.core.main.TestCaseExecutor   - END Test Cases/2000_tresult/Return Passed
2025-09-24 07:42:35.718 INFO  c.k.katalon.core.main.TestCaseExecutor   - --------------------
2025-09-24 07:42:35.718 INFO  c.k.katalon.core.main.TestCaseExecutor   - START Test Cases/2000_tresult/Return Passed
2025-09-24 07:42:35.724 DEBUG testcase.Return Passed                   - 1: markPassed("Passed")
2025-09-24 07:42:35.725 DEBUG com.kms.katalon.core.util.KeywordUtil    - ✓ Passed
2025-09-24 07:42:37.729 INFO  c.k.k.c.c.internal.VideoRecorderService  - Video recording for test case 'Test Cases/2000_tresult/Return Passed' .
2025-09-24 07:42:37.730 INFO  c.k.katalon.core.main.TestCaseExecutor   - END Test Cases/2000_tresult/Return Passed
2025-09-24 07:42:37.732 INFO  c.k.katalon.core.main.TestCaseExecutor   - --------------------
2025-09-24 07:42:37.732 INFO  c.k.katalon.core.main.TestCaseExecutor   - START Test Cases/2000_tresult/Return Passed
2025-09-24 07:42:37.739 DEBUG testcase.Return Passed                   - 1: markPassed("Passed")
2025-09-24 07:42:37.742 DEBUG com.kms.katalon.core.util.KeywordUtil    - ✓ Passed
2025-09-24 07:42:39.747 INFO  c.k.k.c.c.internal.VideoRecorderService  - Video recording for test case 'Test Cases/2000_tresult/Return Passed' .
2025-09-24 07:42:39.749 INFO  c.k.katalon.core.main.TestCaseExecutor   - END Test Cases/2000_tresult/Return Passed
2025-09-24 07:42:39.751 INFO  c.k.katalon.core.main.TestCaseExecutor   - --------------------
2025-09-24 07:42:39.752 INFO  c.k.katalon.core.main.TestCaseExecutor   - START Test Cases/2000_tresult/Return Passed
2025-09-24 07:42:39.756 DEBUG testcase.Return Passed                   - 1: markPassed("Passed")
2025-09-24 07:42:39.757 DEBUG com.kms.katalon.core.util.KeywordUtil    - ✓ Passed
2025-09-24 07:42:41.761 INFO  c.k.k.c.c.internal.VideoRecorderService  - Video recording for test case 'Test Cases/2000_tresult/Return Passed' .
2025-09-24 07:42:41.762 INFO  c.k.katalon.core.main.TestCaseExecutor   - END Test Cases/2000_tresult/Return Passed
2025-09-24 07:42:41.764 INFO  c.k.katalon.core.main.TestCaseExecutor   - --------------------
2025-09-24 07:42:41.764 INFO  c.k.katalon.core.main.TestCaseExecutor   - START Test Cases/2000_tresult/Return Passed
2025-09-24 07:42:41.771 DEBUG testcase.Return Passed                   - 1: markPassed("Passed")
2025-09-24 07:42:41.771 DEBUG com.kms.katalon.core.util.KeywordUtil    - ✓ Passed
2025-09-24 07:42:43.775 INFO  c.k.k.c.c.internal.VideoRecorderService  - Video recording for test case 'Test Cases/2000_tresult/Return Passed' .
2025-09-24 07:42:43.776 INFO  c.k.katalon.core.main.TestCaseExecutor   - END Test Cases/2000_tresult/Return Passed
2025-09-24 07:42:43.778 INFO  c.k.katalon.core.main.TestCaseExecutor   - --------------------
2025-09-24 07:42:43.778 INFO  c.k.katalon.core.main.TestCaseExecutor   - START Test Cases/2000_tresult/Return Passed
2025-09-24 07:42:43.787 DEBUG testcase.Return Passed                   - 1: markPassed("Passed")
2025-09-24 07:42:43.787 DEBUG com.kms.katalon.core.util.KeywordUtil    - ✓ Passed
2025-09-24 07:42:45.791 INFO  c.k.k.c.c.internal.VideoRecorderService  - Video recording for test case 'Test Cases/2000_tresult/Return Passed' .
2025-09-24 07:42:45.792 INFO  c.k.katalon.core.main.TestCaseExecutor   - END Test Cases/2000_tresult/Return Passed
2025-09-24 07:42:45.794 INFO  c.k.katalon.core.main.TestCaseExecutor   - --------------------
2025-09-24 07:42:45.794 INFO  c.k.katalon.core.main.TestCaseExecutor   - START Test Cases/2000_tresult/Return Passed
2025-09-24 07:42:45.801 DEBUG testcase.Return Passed                   - 1: markPassed("Passed")
2025-09-24 07:42:45.801 DEBUG com.kms.katalon.core.util.KeywordUtil    - ✓ Passed
2025-09-24 07:42:47.805 INFO  c.k.k.c.c.internal.VideoRecorderService  - Video recording for test case 'Test Cases/2000_tresult/Return Passed' .
2025-09-24 07:42:47.806 INFO  c.k.katalon.core.main.TestCaseExecutor   - END Test Cases/2000_tresult/Return Passed
2025-09-24 07:42:47.811 INFO  c.k.katalon.core.main.TestCaseExecutor   - --------------------
2025-09-24 07:42:47.811 INFO  c.k.katalon.core.main.TestCaseExecutor   - START Test Cases/2000_tresult/Return Passed
2025-09-24 07:42:47.816 DEBUG testcase.Return Passed                   - 1: markPassed("Passed")
2025-09-24 07:42:47.817 DEBUG com.kms.katalon.core.util.KeywordUtil    - ✓ Passed
2025-09-24 07:42:49.821 INFO  c.k.k.c.c.internal.VideoRecorderService  - Video recording for test case 'Test Cases/2000_tresult/Return Passed' .
2025-09-24 07:42:49.822 INFO  c.k.katalon.core.main.TestCaseExecutor   - END Test Cases/2000_tresult/Return Passed
2025-09-24 07:42:49.825 INFO  c.k.katalon.core.main.TestCaseExecutor   - --------------------
2025-09-24 07:42:49.826 INFO  c.k.katalon.core.main.TestCaseExecutor   - START Test Cases/2000_tresult/Return Passed
2025-09-24 07:42:49.831 DEBUG testcase.Return Passed                   - 1: markPassed("Passed")
2025-09-24 07:42:49.831 DEBUG com.kms.katalon.core.util.KeywordUtil    - ✓ Passed
2025-09-24 07:42:51.835 INFO  c.k.k.c.c.internal.VideoRecorderService  - Video recording for test case 'Test Cases/2000_tresult/Return Passed' .
2025-09-24 07:42:51.836 INFO  c.k.katalon.core.main.TestCaseExecutor   - END Test Cases/2000_tresult/Return Passed
2025-09-24 07:42:51.840 INFO  c.k.katalon.core.main.TestCaseExecutor   - --------------------
2025-09-24 07:42:51.840 INFO  c.k.katalon.core.main.TestCaseExecutor   - START Test Cases/2000_tresult/Return Passed
2025-09-24 07:42:51.844 DEBUG testcase.Return Passed                   - 1: markPassed("Passed")
2025-09-24 07:42:51.845 DEBUG com.kms.katalon.core.util.KeywordUtil    - ✓ Passed
2025-09-24 07:42:53.849 INFO  c.k.k.c.c.internal.VideoRecorderService  - Video recording for test case 'Test Cases/2000_tresult/Return Passed' .
2025-09-24 07:42:53.849 INFO  c.k.katalon.core.main.TestCaseExecutor   - END Test Cases/2000_tresult/Return Passed
2025-09-24 07:42:53.851 INFO  c.k.katalon.core.main.TestCaseExecutor   - --------------------
2025-09-24 07:42:53.851 INFO  c.k.katalon.core.main.TestCaseExecutor   - START Test Cases/2000_tresult/Return Passed
2025-09-24 07:42:53.856 DEBUG testcase.Return Passed                   - 1: markPassed("Passed")
2025-09-24 07:42:53.857 DEBUG com.kms.katalon.core.util.KeywordUtil    - ✓ Passed
2025-09-24 07:42:55.860 INFO  c.k.k.c.c.internal.VideoRecorderService  - Video recording for test case 'Test Cases/2000_tresult/Return Passed' .
2025-09-24 07:42:55.861 INFO  c.k.katalon.core.main.TestCaseExecutor   - END Test Cases/2000_tresult/Return Passed
2025-09-24 07:42:55.864 INFO  c.k.katalon.core.main.TestCaseExecutor   - --------------------
2025-09-24 07:42:55.864 INFO  c.k.katalon.core.main.TestCaseExecutor   - START Test Cases/2000_tresult/Return Passed
2025-09-24 07:42:55.870 DEBUG testcase.Return Passed                   - 1: markPassed("Passed")
2025-09-24 07:42:55.871 DEBUG com.kms.katalon.core.util.KeywordUtil    - ✓ Passed
2025-09-24 07:42:57.874 INFO  c.k.k.c.c.internal.VideoRecorderService  - Video recording for test case 'Test Cases/2000_tresult/Return Passed' .
2025-09-24 07:42:57.876 INFO  c.k.katalon.core.main.TestCaseExecutor   - END Test Cases/2000_tresult/Return Passed
2025-09-24 07:42:57.880 INFO  c.k.katalon.core.main.TestCaseExecutor   - --------------------
2025-09-24 07:42:57.880 INFO  c.k.katalon.core.main.TestCaseExecutor   - START Test Cases/2000_tresult/Return Passed
2025-09-24 07:42:57.886 DEBUG testcase.Return Passed                   - 1: markPassed("Passed")
2025-09-24 07:42:57.886 DEBUG com.kms.katalon.core.util.KeywordUtil    - ✓ Passed
2025-09-24 07:42:59.890 INFO  c.k.k.c.c.internal.VideoRecorderService  - Video recording for test case 'Test Cases/2000_tresult/Return Passed' .
2025-09-24 07:42:59.891 INFO  c.k.katalon.core.main.TestCaseExecutor   - END Test Cases/2000_tresult/Return Passed
2025-09-24 07:42:59.895 INFO  c.k.katalon.core.main.TestCaseExecutor   - --------------------
2025-09-24 07:42:59.895 INFO  c.k.katalon.core.main.TestCaseExecutor   - START Test Cases/2000_tresult/Return Passed
2025-09-24 07:42:59.901 DEBUG testcase.Return Passed                   - 1: markPassed("Passed")
2025-09-24 07:42:59.901 DEBUG com.kms.katalon.core.util.KeywordUtil    - ✓ Passed
2025-09-24 07:43:01.905 INFO  c.k.k.c.c.internal.VideoRecorderService  - Video recording for test case 'Test Cases/2000_tresult/Return Passed' .
2025-09-24 07:43:01.905 INFO  c.k.katalon.core.main.TestCaseExecutor   - END Test Cases/2000_tresult/Return Passed
2025-09-24 07:43:01.907 INFO  c.k.katalon.core.main.TestCaseExecutor   - --------------------
2025-09-24 07:43:01.907 INFO  c.k.katalon.core.main.TestCaseExecutor   - START Test Cases/2000_tresult/Return Passed
2025-09-24 07:43:01.913 DEBUG testcase.Return Passed                   - 1: markPassed("Passed")
2025-09-24 07:43:01.914 DEBUG com.kms.katalon.core.util.KeywordUtil    - ✓ Passed
2025-09-24 07:43:03.917 INFO  c.k.k.c.c.internal.VideoRecorderService  - Video recording for test case 'Test Cases/2000_tresult/Return Passed' .
2025-09-24 07:43:03.918 INFO  c.k.katalon.core.main.TestCaseExecutor   - END Test Cases/2000_tresult/Return Passed
2025-09-24 07:43:03.920 INFO  c.k.katalon.core.main.TestCaseExecutor   - --------------------
2025-09-24 07:43:03.920 INFO  c.k.katalon.core.main.TestCaseExecutor   - START Test Cases/2000_tresult/Return Passed
2025-09-24 07:43:03.926 DEBUG testcase.Return Passed                   - 1: markPassed("Passed")
2025-09-24 07:43:03.926 DEBUG com.kms.katalon.core.util.KeywordUtil    - ✓ Passed
2025-09-24 07:43:05.929 INFO  c.k.k.c.c.internal.VideoRecorderService  - Video recording for test case 'Test Cases/2000_tresult/Return Passed' .
2025-09-24 07:43:05.930 INFO  c.k.katalon.core.main.TestCaseExecutor   - END Test Cases/2000_tresult/Return Passed
2025-09-24 07:43:05.933 INFO  c.k.katalon.core.main.TestCaseExecutor   - --------------------
2025-09-24 07:43:05.933 INFO  c.k.katalon.core.main.TestCaseExecutor   - START Test Cases/2000_tresult/Return Passed
2025-09-24 07:43:05.937 DEBUG testcase.Return Passed                   - 1: markPassed("Passed")
2025-09-24 07:43:05.938 DEBUG com.kms.katalon.core.util.KeywordUtil    - ✓ Passed
2025-09-24 07:43:07.941 INFO  c.k.k.c.c.internal.VideoRecorderService  - Video recording for test case 'Test Cases/2000_tresult/Return Passed' .
2025-09-24 07:43:07.942 INFO  c.k.katalon.core.main.TestCaseExecutor   - END Test Cases/2000_tresult/Return Passed
2025-09-24 07:43:07.946 INFO  c.k.katalon.core.main.TestCaseExecutor   - --------------------
2025-09-24 07:43:07.946 INFO  c.k.katalon.core.main.TestCaseExecutor   - START Test Cases/2000_tresult/Return Passed
2025-09-24 07:43:07.952 DEBUG testcase.Return Passed                   - 1: markPassed("Passed")
2025-09-24 07:43:07.952 DEBUG com.kms.katalon.core.util.KeywordUtil    - ✓ Passed
2025-09-24 07:43:09.956 INFO  c.k.k.c.c.internal.VideoRecorderService  - Video recording for test case 'Test Cases/2000_tresult/Return Passed' .
2025-09-24 07:43:09.956 INFO  c.k.katalon.core.main.TestCaseExecutor   - END Test Cases/2000_tresult/Return Passed
2025-09-24 07:43:09.958 INFO  c.k.katalon.core.main.TestCaseExecutor   - --------------------
2025-09-24 07:43:09.958 INFO  c.k.katalon.core.main.TestCaseExecutor   - START Test Cases/2000_tresult/Return Passed
2025-09-24 07:43:09.965 DEBUG testcase.Return Passed                   - 1: markPassed("Passed")
2025-09-24 07:43:09.966 DEBUG com.kms.katalon.core.util.KeywordUtil    - ✓ Passed
2025-09-24 07:43:11.969 INFO  c.k.k.c.c.internal.VideoRecorderService  - Video recording for test case 'Test Cases/2000_tresult/Return Passed' .
2025-09-24 07:43:11.970 INFO  c.k.katalon.core.main.TestCaseExecutor   - END Test Cases/2000_tresult/Return Passed
2025-09-24 07:43:11.972 INFO  c.k.katalon.core.main.TestCaseExecutor   - --------------------
2025-09-24 07:43:11.972 INFO  c.k.katalon.core.main.TestCaseExecutor   - START Test Cases/2000_tresult/Return Passed
2025-09-24 07:43:11.977 DEBUG testcase.Return Passed                   - 1: markPassed("Passed")
2025-09-24 07:43:11.977 DEBUG com.kms.katalon.core.util.KeywordUtil    - ✓ Passed
2025-09-24 07:43:13.981 INFO  c.k.k.c.c.internal.VideoRecorderService  - Video recording for test case 'Test Cases/2000_tresult/Return Passed' .
2025-09-24 07:43:13.981 INFO  c.k.katalon.core.main.TestCaseExecutor   - END Test Cases/2000_tresult/Return Passed
2025-09-24 07:43:13.983 INFO  c.k.katalon.core.main.TestCaseExecutor   - --------------------
2025-09-24 07:43:13.983 INFO  c.k.katalon.core.main.TestCaseExecutor   - START Test Cases/2000_tresult/Return Passed
2025-09-24 07:43:13.988 DEBUG testcase.Return Passed                   - 1: markPassed("Passed")
2025-09-24 07:43:13.988 DEBUG com.kms.katalon.core.util.KeywordUtil    - ✓ Passed
2025-09-24 07:43:15.993 INFO  c.k.k.c.c.internal.VideoRecorderService  - Video recording for test case 'Test Cases/2000_tresult/Return Passed' .
2025-09-24 07:43:15.993 INFO  c.k.katalon.core.main.TestCaseExecutor   - END Test Cases/2000_tresult/Return Passed
2025-09-24 07:43:15.995 INFO  c.k.katalon.core.main.TestCaseExecutor   - --------------------
2025-09-24 07:43:15.995 INFO  c.k.katalon.core.main.TestCaseExecutor   - START Test Cases/2000_tresult/Return Passed
2025-09-24 07:43:16.000 DEBUG testcase.Return Passed                   - 1: markPassed("Passed")
2025-09-24 07:43:16.000 DEBUG com.kms.katalon.core.util.KeywordUtil    - ✓ Passed
2025-09-24 07:43:18.004 INFO  c.k.k.c.c.internal.VideoRecorderService  - Video recording for test case 'Test Cases/2000_tresult/Return Passed' .
2025-09-24 07:43:18.005 INFO  c.k.katalon.core.main.TestCaseExecutor   - END Test Cases/2000_tresult/Return Passed
2025-09-24 07:43:18.008 INFO  c.k.katalon.core.main.TestCaseExecutor   - --------------------
2025-09-24 07:43:18.008 INFO  c.k.katalon.core.main.TestCaseExecutor   - START Test Cases/2000_tresult/Return Passed
2025-09-24 07:43:18.012 DEBUG testcase.Return Passed                   - 1: markPassed("Passed")
2025-09-24 07:43:18.013 DEBUG com.kms.katalon.core.util.KeywordUtil    - ✓ Passed
2025-09-24 07:43:20.016 INFO  c.k.k.c.c.internal.VideoRecorderService  - Video recording for test case 'Test Cases/2000_tresult/Return Passed' .
2025-09-24 07:43:20.017 INFO  c.k.katalon.core.main.TestCaseExecutor   - END Test Cases/2000_tresult/Return Passed
2025-09-24 07:43:20.020 INFO  c.k.katalon.core.main.TestCaseExecutor   - --------------------
2025-09-24 07:43:20.020 INFO  c.k.katalon.core.main.TestCaseExecutor   - START Test Cases/2000_tresult/Return Passed
2025-09-24 07:43:20.025 DEBUG testcase.Return Passed                   - 1: markPassed("Passed")
2025-09-24 07:43:20.025 DEBUG com.kms.katalon.core.util.KeywordUtil    - ✓ Passed
2025-09-24 07:43:22.029 INFO  c.k.k.c.c.internal.VideoRecorderService  - Video recording for test case 'Test Cases/2000_tresult/Return Passed' .
2025-09-24 07:43:22.029 INFO  c.k.katalon.core.main.TestCaseExecutor   - END Test Cases/2000_tresult/Return Passed
2025-09-24 07:43:22.031 INFO  c.k.katalon.core.main.TestCaseExecutor   - --------------------
2025-09-24 07:43:22.031 INFO  c.k.katalon.core.main.TestCaseExecutor   - START Test Cases/2000_tresult/Return Passed
2025-09-24 07:43:22.036 DEBUG testcase.Return Passed                   - 1: markPassed("Passed")
2025-09-24 07:43:22.037 DEBUG com.kms.katalon.core.util.KeywordUtil    - ✓ Passed
2025-09-24 07:43:24.040 INFO  c.k.k.c.c.internal.VideoRecorderService  - Video recording for test case 'Test Cases/2000_tresult/Return Passed' .
2025-09-24 07:43:24.041 INFO  c.k.katalon.core.main.TestCaseExecutor   - END Test Cases/2000_tresult/Return Passed
2025-09-24 07:43:24.043 INFO  c.k.katalon.core.main.TestCaseExecutor   - --------------------
2025-09-24 07:43:24.043 INFO  c.k.katalon.core.main.TestCaseExecutor   - START Test Cases/2000_tresult/Return Passed
2025-09-24 07:43:24.048 DEBUG testcase.Return Passed                   - 1: markPassed("Passed")
2025-09-24 07:43:24.048 DEBUG com.kms.katalon.core.util.KeywordUtil    - ✓ Passed
2025-09-24 07:43:26.053 INFO  c.k.k.c.c.internal.VideoRecorderService  - Video recording for test case 'Test Cases/2000_tresult/Return Passed' .
2025-09-24 07:43:26.054 INFO  c.k.katalon.core.main.TestCaseExecutor   - END Test Cases/2000_tresult/Return Passed
2025-09-24 07:43:26.055 INFO  c.k.katalon.core.main.TestCaseExecutor   - --------------------
2025-09-24 07:43:26.056 INFO  c.k.katalon.core.main.TestCaseExecutor   - START Test Cases/2000_tresult/Return Passed
2025-09-24 07:43:26.060 DEBUG testcase.Return Passed                   - 1: markPassed("Passed")
2025-09-24 07:43:26.061 DEBUG com.kms.katalon.core.util.KeywordUtil    - ✓ Passed
2025-09-24 07:43:28.064 INFO  c.k.k.c.c.internal.VideoRecorderService  - Video recording for test case 'Test Cases/2000_tresult/Return Passed' .
2025-09-24 07:43:28.065 INFO  c.k.katalon.core.main.TestCaseExecutor   - END Test Cases/2000_tresult/Return Passed
2025-09-24 07:43:28.067 INFO  c.k.katalon.core.main.TestCaseExecutor   - --------------------
2025-09-24 07:43:28.067 INFO  c.k.katalon.core.main.TestCaseExecutor   - START Test Cases/2000_tresult/Return Passed
2025-09-24 07:43:28.072 DEBUG testcase.Return Passed                   - 1: markPassed("Passed")
2025-09-24 07:43:28.072 DEBUG com.kms.katalon.core.util.KeywordUtil    - ✓ Passed
2025-09-24 07:43:30.078 INFO  c.k.k.c.c.internal.VideoRecorderService  - Video recording for test case 'Test Cases/2000_tresult/Return Passed' .
2025-09-24 07:43:30.078 INFO  c.k.katalon.core.main.TestCaseExecutor   - END Test Cases/2000_tresult/Return Passed
2025-09-24 07:43:30.082 INFO  c.k.katalon.core.main.TestCaseExecutor   - --------------------
2025-09-24 07:43:30.082 INFO  c.k.katalon.core.main.TestCaseExecutor   - START Test Cases/2000_tresult/Return Passed
2025-09-24 07:43:30.087 DEBUG testcase.Return Passed                   - 1: markPassed("Passed")
2025-09-24 07:43:30.088 DEBUG com.kms.katalon.core.util.KeywordUtil    - ✓ Passed
2025-09-24 07:43:32.091 INFO  c.k.k.c.c.internal.VideoRecorderService  - Video recording for test case 'Test Cases/2000_tresult/Return Passed' .
2025-09-24 07:43:32.092 INFO  c.k.katalon.core.main.TestCaseExecutor   - END Test Cases/2000_tresult/Return Passed
2025-09-24 07:43:32.094 INFO  c.k.katalon.core.main.TestCaseExecutor   - --------------------
2025-09-24 07:43:32.094 INFO  c.k.katalon.core.main.TestCaseExecutor   - START Test Cases/2000_tresult/Return Passed
2025-09-24 07:43:32.099 DEBUG testcase.Return Passed                   - 1: markPassed("Passed")
2025-09-24 07:43:32.100 DEBUG com.kms.katalon.core.util.KeywordUtil    - ✓ Passed
2025-09-24 07:43:34.104 INFO  c.k.k.c.c.internal.VideoRecorderService  - Video recording for test case 'Test Cases/2000_tresult/Return Passed' .
2025-09-24 07:43:34.105 INFO  c.k.katalon.core.main.TestCaseExecutor   - END Test Cases/2000_tresult/Return Passed
2025-09-24 07:43:34.107 INFO  c.k.katalon.core.main.TestCaseExecutor   - --------------------
2025-09-24 07:43:34.107 INFO  c.k.katalon.core.main.TestCaseExecutor   - START Test Cases/2000_tresult/Return Passed
2025-09-24 07:43:34.112 DEBUG testcase.Return Passed                   - 1: markPassed("Passed")
2025-09-24 07:43:34.112 DEBUG com.kms.katalon.core.util.KeywordUtil    - ✓ Passed
2025-09-24 07:43:36.116 INFO  c.k.k.c.c.internal.VideoRecorderService  - Video recording for test case 'Test Cases/2000_tresult/Return Passed' .
2025-09-24 07:43:36.116 INFO  c.k.katalon.core.main.TestCaseExecutor   - END Test Cases/2000_tresult/Return Passed
2025-09-24 07:43:36.118 INFO  c.k.katalon.core.main.TestCaseExecutor   - --------------------
2025-09-24 07:43:36.118 INFO  c.k.katalon.core.main.TestCaseExecutor   - START Test Cases/2000_tresult/Return Passed
2025-09-24 07:43:36.124 DEBUG testcase.Return Passed                   - 1: markPassed("Passed")
2025-09-24 07:43:36.124 DEBUG com.kms.katalon.core.util.KeywordUtil    - ✓ Passed
2025-09-24 07:43:38.127 INFO  c.k.k.c.c.internal.VideoRecorderService  - Video recording for test case 'Test Cases/2000_tresult/Return Passed' .
2025-09-24 07:43:38.128 INFO  c.k.katalon.core.main.TestCaseExecutor   - END Test Cases/2000_tresult/Return Passed
2025-09-24 07:43:38.130 INFO  c.k.katalon.core.main.TestCaseExecutor   - --------------------
2025-09-24 07:43:38.130 INFO  c.k.katalon.core.main.TestCaseExecutor   - START Test Cases/2000_tresult/Return Passed
2025-09-24 07:43:38.134 DEBUG testcase.Return Passed                   - 1: markPassed("Passed")
2025-09-24 07:43:38.134 DEBUG com.kms.katalon.core.util.KeywordUtil    - ✓ Passed
2025-09-24 07:43:40.138 INFO  c.k.k.c.c.internal.VideoRecorderService  - Video recording for test case 'Test Cases/2000_tresult/Return Passed' .
2025-09-24 07:43:40.138 INFO  c.k.katalon.core.main.TestCaseExecutor   - END Test Cases/2000_tresult/Return Passed
2025-09-24 07:43:40.140 INFO  c.k.katalon.core.main.TestCaseExecutor   - --------------------
2025-09-24 07:43:40.141 INFO  c.k.katalon.core.main.TestCaseExecutor   - START Test Cases/2000_tresult/Return Passed
2025-09-24 07:43:40.145 DEBUG testcase.Return Passed                   - 1: markPassed("Passed")
2025-09-24 07:43:40.145 DEBUG com.kms.katalon.core.util.KeywordUtil    - ✓ Passed
2025-09-24 07:43:42.149 INFO  c.k.k.c.c.internal.VideoRecorderService  - Video recording for test case 'Test Cases/2000_tresult/Return Passed' .
2025-09-24 07:43:42.149 INFO  c.k.katalon.core.main.TestCaseExecutor   - END Test Cases/2000_tresult/Return Passed
2025-09-24 07:43:42.151 INFO  c.k.katalon.core.main.TestCaseExecutor   - --------------------
2025-09-24 07:43:42.151 INFO  c.k.katalon.core.main.TestCaseExecutor   - START Test Cases/2000_tresult/Return Passed
2025-09-24 07:43:42.158 DEBUG testcase.Return Passed                   - 1: markPassed("Passed")
2025-09-24 07:43:42.158 DEBUG com.kms.katalon.core.util.KeywordUtil    - ✓ Passed
2025-09-24 07:43:44.162 INFO  c.k.k.c.c.internal.VideoRecorderService  - Video recording for test case 'Test Cases/2000_tresult/Return Passed' .
2025-09-24 07:43:44.163 INFO  c.k.katalon.core.main.TestCaseExecutor   - END Test Cases/2000_tresult/Return Passed
2025-09-24 07:43:44.165 INFO  c.k.katalon.core.main.TestCaseExecutor   - --------------------
2025-09-24 07:43:44.165 INFO  c.k.katalon.core.main.TestCaseExecutor   - START Test Cases/2000_tresult/Return Passed
2025-09-24 07:43:44.170 DEBUG testcase.Return Passed                   - 1: markPassed("Passed")
2025-09-24 07:43:44.170 DEBUG com.kms.katalon.core.util.KeywordUtil    - ✓ Passed
2025-09-24 07:43:46.174 INFO  c.k.k.c.c.internal.VideoRecorderService  - Video recording for test case 'Test Cases/2000_tresult/Return Passed' .
2025-09-24 07:43:46.174 INFO  c.k.katalon.core.main.TestCaseExecutor   - END Test Cases/2000_tresult/Return Passed
2025-09-24 07:43:46.176 INFO  c.k.katalon.core.main.TestCaseExecutor   - --------------------
2025-09-24 07:43:46.176 INFO  c.k.katalon.core.main.TestCaseExecutor   - START Test Cases/2000_tresult/Return Passed
2025-09-24 07:43:46.185 DEBUG testcase.Return Passed                   - 1: markPassed("Passed")
2025-09-24 07:43:46.185 DEBUG com.kms.katalon.core.util.KeywordUtil    - ✓ Passed
2025-09-24 07:43:48.189 INFO  c.k.k.c.c.internal.VideoRecorderService  - Video recording for test case 'Test Cases/2000_tresult/Return Passed' .
2025-09-24 07:43:48.189 INFO  c.k.katalon.core.main.TestCaseExecutor   - END Test Cases/2000_tresult/Return Passed
2025-09-24 07:43:48.191 INFO  c.k.katalon.core.main.TestCaseExecutor   - --------------------
2025-09-24 07:43:48.191 INFO  c.k.katalon.core.main.TestCaseExecutor   - START Test Cases/2000_tresult/Return Passed
2025-09-24 07:43:48.195 DEBUG testcase.Return Passed                   - 1: markPassed("Passed")
2025-09-24 07:43:48.196 DEBUG com.kms.katalon.core.util.KeywordUtil    - ✓ Passed
2025-09-24 07:43:50.199 INFO  c.k.k.c.c.internal.VideoRecorderService  - Video recording for test case 'Test Cases/2000_tresult/Return Passed' .
2025-09-24 07:43:50.200 INFO  c.k.katalon.core.main.TestCaseExecutor   - END Test Cases/2000_tresult/Return Passed
2025-09-24 07:43:50.204 INFO  c.k.katalon.core.main.TestCaseExecutor   - --------------------
2025-09-24 07:43:50.205 INFO  c.k.katalon.core.main.TestCaseExecutor   - START Test Cases/2000_tresult/Return Passed
2025-09-24 07:43:50.210 DEBUG testcase.Return Passed                   - 1: markPassed("Passed")
2025-09-24 07:43:50.210 DEBUG com.kms.katalon.core.util.KeywordUtil    - ✓ Passed
2025-09-24 07:43:52.214 INFO  c.k.k.c.c.internal.VideoRecorderService  - Video recording for test case 'Test Cases/2000_tresult/Return Passed' .
2025-09-24 07:43:52.214 INFO  c.k.katalon.core.main.TestCaseExecutor   - END Test Cases/2000_tresult/Return Passed
2025-09-24 07:43:52.216 INFO  c.k.katalon.core.main.TestCaseExecutor   - --------------------
2025-09-24 07:43:52.216 INFO  c.k.katalon.core.main.TestCaseExecutor   - START Test Cases/2000_tresult/Return Passed
2025-09-24 07:43:52.220 DEBUG testcase.Return Passed                   - 1: markPassed("Passed")
2025-09-24 07:43:52.221 DEBUG com.kms.katalon.core.util.KeywordUtil    - ✓ Passed
2025-09-24 07:43:54.224 INFO  c.k.k.c.c.internal.VideoRecorderService  - Video recording for test case 'Test Cases/2000_tresult/Return Passed' .
2025-09-24 07:43:54.225 INFO  c.k.katalon.core.main.TestCaseExecutor   - END Test Cases/2000_tresult/Return Passed
2025-09-24 07:43:54.227 INFO  c.k.katalon.core.main.TestCaseExecutor   - --------------------
2025-09-24 07:43:54.227 INFO  c.k.katalon.core.main.TestCaseExecutor   - START Test Cases/2000_tresult/Return Passed
2025-09-24 07:43:54.232 DEBUG testcase.Return Passed                   - 1: markPassed("Passed")
2025-09-24 07:43:54.232 DEBUG com.kms.katalon.core.util.KeywordUtil    - ✓ Passed
2025-09-24 07:43:56.236 INFO  c.k.k.c.c.internal.VideoRecorderService  - Video recording for test case 'Test Cases/2000_tresult/Return Passed' .
2025-09-24 07:43:56.236 INFO  c.k.katalon.core.main.TestCaseExecutor   - END Test Cases/2000_tresult/Return Passed
2025-09-24 07:43:56.238 INFO  c.k.katalon.core.main.TestCaseExecutor   - --------------------
2025-09-24 07:43:56.238 INFO  c.k.katalon.core.main.TestCaseExecutor   - START Test Cases/2000_tresult/Return Passed
2025-09-24 07:43:56.245 DEBUG testcase.Return Passed                   - 1: markPassed("Passed")
2025-09-24 07:43:56.246 DEBUG com.kms.katalon.core.util.KeywordUtil    - ✓ Passed
2025-09-24 07:43:58.249 INFO  c.k.k.c.c.internal.VideoRecorderService  - Video recording for test case 'Test Cases/2000_tresult/Return Passed' .
2025-09-24 07:43:58.250 INFO  c.k.katalon.core.main.TestCaseExecutor   - END Test Cases/2000_tresult/Return Passed
2025-09-24 07:43:58.252 INFO  c.k.katalon.core.main.TestCaseExecutor   - --------------------
2025-09-24 07:43:58.252 INFO  c.k.katalon.core.main.TestCaseExecutor   - START Test Cases/2000_tresult/Return Passed
2025-09-24 07:43:58.257 DEBUG testcase.Return Passed                   - 1: markPassed("Passed")
2025-09-24 07:43:58.257 DEBUG com.kms.katalon.core.util.KeywordUtil    - ✓ Passed
2025-09-24 07:44:00.261 INFO  c.k.k.c.c.internal.VideoRecorderService  - Video recording for test case 'Test Cases/2000_tresult/Return Passed' .
2025-09-24 07:44:00.261 INFO  c.k.katalon.core.main.TestCaseExecutor   - END Test Cases/2000_tresult/Return Passed
2025-09-24 07:44:00.263 INFO  c.k.katalon.core.main.TestCaseExecutor   - --------------------
2025-09-24 07:44:00.263 INFO  c.k.katalon.core.main.TestCaseExecutor   - START Test Cases/2000_tresult/Return Passed
2025-09-24 07:44:00.270 DEBUG testcase.Return Passed                   - 1: markPassed("Passed")
2025-09-24 07:44:00.271 DEBUG com.kms.katalon.core.util.KeywordUtil    - ✓ Passed
2025-09-24 07:44:02.274 INFO  c.k.k.c.c.internal.VideoRecorderService  - Video recording for test case 'Test Cases/2000_tresult/Return Passed' .
2025-09-24 07:44:02.275 INFO  c.k.katalon.core.main.TestCaseExecutor   - END Test Cases/2000_tresult/Return Passed
2025-09-24 07:44:02.277 INFO  c.k.katalon.core.main.TestCaseExecutor   - --------------------
2025-09-24 07:44:02.277 INFO  c.k.katalon.core.main.TestCaseExecutor   - START Test Cases/2000_tresult/Return Passed
2025-09-24 07:44:02.282 DEBUG testcase.Return Passed                   - 1: markPassed("Passed")
2025-09-24 07:44:02.283 DEBUG com.kms.katalon.core.util.KeywordUtil    - ✓ Passed
2025-09-24 07:44:04.286 INFO  c.k.k.c.c.internal.VideoRecorderService  - Video recording for test case 'Test Cases/2000_tresult/Return Passed' .
2025-09-24 07:44:04.287 INFO  c.k.katalon.core.main.TestCaseExecutor   - END Test Cases/2000_tresult/Return Passed
2025-09-24 07:44:04.290 INFO  c.k.katalon.core.main.TestCaseExecutor   - --------------------
2025-09-24 07:44:04.290 INFO  c.k.katalon.core.main.TestCaseExecutor   - START Test Cases/2000_tresult/Return Passed
2025-09-24 07:44:04.294 DEBUG testcase.Return Passed                   - 1: markPassed("Passed")
2025-09-24 07:44:04.294 DEBUG com.kms.katalon.core.util.KeywordUtil    - ✓ Passed
2025-09-24 07:44:06.298 INFO  c.k.k.c.c.internal.VideoRecorderService  - Video recording for test case 'Test Cases/2000_tresult/Return Passed' .
2025-09-24 07:44:06.298 INFO  c.k.katalon.core.main.TestCaseExecutor   - END Test Cases/2000_tresult/Return Passed
2025-09-24 07:44:06.300 INFO  c.k.katalon.core.main.TestCaseExecutor   - --------------------
2025-09-24 07:44:06.300 INFO  c.k.katalon.core.main.TestCaseExecutor   - START Test Cases/2000_tresult/Return Passed
2025-09-24 07:44:06.305 DEBUG testcase.Return Passed                   - 1: markPassed("Passed")
2025-09-24 07:44:06.305 DEBUG com.kms.katalon.core.util.KeywordUtil    - ✓ Passed
2025-09-24 07:44:08.309 INFO  c.k.k.c.c.internal.VideoRecorderService  - Video recording for test case 'Test Cases/2000_tresult/Return Passed' .
2025-09-24 07:44:08.309 INFO  c.k.katalon.core.main.TestCaseExecutor   - END Test Cases/2000_tresult/Return Passed
2025-09-24 07:44:08.311 INFO  c.k.katalon.core.main.TestCaseExecutor   - --------------------
2025-09-24 07:44:08.311 INFO  c.k.katalon.core.main.TestCaseExecutor   - START Test Cases/2000_tresult/Return Passed
2025-09-24 07:44:08.315 DEBUG testcase.Return Passed                   - 1: markPassed("Passed")
2025-09-24 07:44:08.315 DEBUG com.kms.katalon.core.util.KeywordUtil    - ✓ Passed
2025-09-24 07:44:10.319 INFO  c.k.k.c.c.internal.VideoRecorderService  - Video recording for test case 'Test Cases/2000_tresult/Return Passed' .
2025-09-24 07:44:10.319 INFO  c.k.katalon.core.main.TestCaseExecutor   - END Test Cases/2000_tresult/Return Passed
2025-09-24 07:44:10.321 INFO  c.k.katalon.core.main.TestCaseExecutor   - --------------------
2025-09-24 07:44:10.321 INFO  c.k.katalon.core.main.TestCaseExecutor   - START Test Cases/2000_tresult/Return Passed
2025-09-24 07:44:10.325 DEBUG testcase.Return Passed                   - 1: markPassed("Passed")
2025-09-24 07:44:10.325 DEBUG com.kms.katalon.core.util.KeywordUtil    - ✓ Passed
2025-09-24 07:44:12.329 INFO  c.k.k.c.c.internal.VideoRecorderService  - Video recording for test case 'Test Cases/2000_tresult/Return Passed' .
2025-09-24 07:44:12.329 INFO  c.k.katalon.core.main.TestCaseExecutor   - END Test Cases/2000_tresult/Return Passed
2025-09-24 07:44:12.331 INFO  c.k.katalon.core.main.TestCaseExecutor   - --------------------
2025-09-24 07:44:12.331 INFO  c.k.katalon.core.main.TestCaseExecutor   - START Test Cases/2000_tresult/Return Passed
2025-09-24 07:44:12.338 DEBUG testcase.Return Passed                   - 1: markPassed("Passed")
2025-09-24 07:44:12.338 DEBUG com.kms.katalon.core.util.KeywordUtil    - ✓ Passed
2025-09-24 07:44:14.342 INFO  c.k.k.c.c.internal.VideoRecorderService  - Video recording for test case 'Test Cases/2000_tresult/Return Passed' .
2025-09-24 07:44:14.342 INFO  c.k.katalon.core.main.TestCaseExecutor   - END Test Cases/2000_tresult/Return Passed
2025-09-24 07:44:14.344 INFO  c.k.katalon.core.main.TestCaseExecutor   - --------------------
2025-09-24 07:44:14.344 INFO  c.k.katalon.core.main.TestCaseExecutor   - START Test Cases/2000_tresult/Return Passed
2025-09-24 07:44:14.351 DEBUG testcase.Return Passed                   - 1: markPassed("Passed")
2025-09-24 07:44:14.352 DEBUG com.kms.katalon.core.util.KeywordUtil    - ✓ Passed
2025-09-24 07:44:16.356 INFO  c.k.k.c.c.internal.VideoRecorderService  - Video recording for test case 'Test Cases/2000_tresult/Return Passed' .
2025-09-24 07:44:16.356 INFO  c.k.katalon.core.main.TestCaseExecutor   - END Test Cases/2000_tresult/Return Passed
2025-09-24 07:44:16.358 INFO  c.k.katalon.core.main.TestCaseExecutor   - --------------------
2025-09-24 07:44:16.358 INFO  c.k.katalon.core.main.TestCaseExecutor   - START Test Cases/2000_tresult/Return Passed
2025-09-24 07:44:16.363 DEBUG testcase.Return Passed                   - 1: markPassed("Passed")
2025-09-24 07:44:16.363 DEBUG com.kms.katalon.core.util.KeywordUtil    - ✓ Passed
2025-09-24 07:44:18.367 INFO  c.k.k.c.c.internal.VideoRecorderService  - Video recording for test case 'Test Cases/2000_tresult/Return Passed' .
2025-09-24 07:44:18.367 INFO  c.k.katalon.core.main.TestCaseExecutor   - END Test Cases/2000_tresult/Return Passed
2025-09-24 07:44:18.370 INFO  c.k.katalon.core.main.TestCaseExecutor   - --------------------
2025-09-24 07:44:18.370 INFO  c.k.katalon.core.main.TestCaseExecutor   - START Test Cases/2000_tresult/Return Passed
2025-09-24 07:44:18.384 DEBUG testcase.Return Passed                   - 1: markPassed("Passed")
2025-09-24 07:44:18.384 DEBUG com.kms.katalon.core.util.KeywordUtil    - ✓ Passed
2025-09-24 07:44:20.388 INFO  c.k.k.c.c.internal.VideoRecorderService  - Video recording for test case 'Test Cases/2000_tresult/Return Passed' .
2025-09-24 07:44:20.388 INFO  c.k.katalon.core.main.TestCaseExecutor   - END Test Cases/2000_tresult/Return Passed
2025-09-24 07:44:20.390 INFO  c.k.katalon.core.main.TestCaseExecutor   - --------------------
2025-09-24 07:44:20.390 INFO  c.k.katalon.core.main.TestCaseExecutor   - START Test Cases/2000_tresult/Return Passed
2025-09-24 07:44:20.395 DEBUG testcase.Return Passed                   - 1: markPassed("Passed")
2025-09-24 07:44:20.395 DEBUG com.kms.katalon.core.util.KeywordUtil    - ✓ Passed
2025-09-24 07:44:22.398 INFO  c.k.k.c.c.internal.VideoRecorderService  - Video recording for test case 'Test Cases/2000_tresult/Return Passed' .
2025-09-24 07:44:22.399 INFO  c.k.katalon.core.main.TestCaseExecutor   - END Test Cases/2000_tresult/Return Passed
2025-09-24 07:44:22.402 INFO  c.k.katalon.core.main.TestCaseExecutor   - --------------------
2025-09-24 07:44:22.404 INFO  c.k.katalon.core.main.TestCaseExecutor   - START Test Cases/2000_tresult/Return Passed
2025-09-24 07:44:22.409 DEBUG testcase.Return Passed                   - 1: markPassed("Passed")
2025-09-24 07:44:22.410 DEBUG com.kms.katalon.core.util.KeywordUtil    - ✓ Passed
2025-09-24 07:44:24.413 INFO  c.k.k.c.c.internal.VideoRecorderService  - Video recording for test case 'Test Cases/2000_tresult/Return Passed' .
2025-09-24 07:44:24.413 INFO  c.k.katalon.core.main.TestCaseExecutor   - END Test Cases/2000_tresult/Return Passed
2025-09-24 07:44:24.417 INFO  c.k.katalon.core.main.TestCaseExecutor   - --------------------
2025-09-24 07:44:24.417 INFO  c.k.katalon.core.main.TestCaseExecutor   - START Test Cases/2000_tresult/Return Passed
2025-09-24 07:44:24.421 DEBUG testcase.Return Passed                   - 1: markPassed("Passed")
2025-09-24 07:44:24.421 DEBUG com.kms.katalon.core.util.KeywordUtil    - ✓ Passed
2025-09-24 07:44:26.425 INFO  c.k.k.c.c.internal.VideoRecorderService  - Video recording for test case 'Test Cases/2000_tresult/Return Passed' .
2025-09-24 07:44:26.425 INFO  c.k.katalon.core.main.TestCaseExecutor   - END Test Cases/2000_tresult/Return Passed
2025-09-24 07:44:26.427 INFO  c.k.katalon.core.main.TestCaseExecutor   - --------------------
2025-09-24 07:44:26.427 INFO  c.k.katalon.core.main.TestCaseExecutor   - START Test Cases/2000_tresult/Return Passed
2025-09-24 07:44:26.431 DEBUG testcase.Return Passed                   - 1: markPassed("Passed")
2025-09-24 07:44:26.431 DEBUG com.kms.katalon.core.util.KeywordUtil    - ✓ Passed
2025-09-24 07:44:28.434 INFO  c.k.k.c.c.internal.VideoRecorderService  - Video recording for test case 'Test Cases/2000_tresult/Return Passed' .
2025-09-24 07:44:28.435 INFO  c.k.katalon.core.main.TestCaseExecutor   - END Test Cases/2000_tresult/Return Passed
2025-09-24 07:44:28.437 INFO  c.k.katalon.core.main.TestCaseExecutor   - --------------------
2025-09-24 07:44:28.437 INFO  c.k.katalon.core.main.TestCaseExecutor   - START Test Cases/2000_tresult/Return Passed
2025-09-24 07:44:28.441 DEBUG testcase.Return Passed                   - 1: markPassed("Passed")
2025-09-24 07:44:28.441 DEBUG com.kms.katalon.core.util.KeywordUtil    - ✓ Passed
2025-09-24 07:44:30.445 INFO  c.k.k.c.c.internal.VideoRecorderService  - Video recording for test case 'Test Cases/2000_tresult/Return Passed' .
2025-09-24 07:44:30.445 INFO  c.k.katalon.core.main.TestCaseExecutor   - END Test Cases/2000_tresult/Return Passed
2025-09-24 07:44:30.449 INFO  c.k.katalon.core.main.TestCaseExecutor   - --------------------
2025-09-24 07:44:30.449 INFO  c.k.katalon.core.main.TestCaseExecutor   - START Test Cases/2000_tresult/Return Passed
2025-09-24 07:44:30.454 DEBUG testcase.Return Passed                   - 1: markPassed("Passed")
2025-09-24 07:44:30.454 DEBUG com.kms.katalon.core.util.KeywordUtil    - ✓ Passed
2025-09-24 07:44:32.457 INFO  c.k.k.c.c.internal.VideoRecorderService  - Video recording for test case 'Test Cases/2000_tresult/Return Passed' .
2025-09-24 07:44:32.458 INFO  c.k.katalon.core.main.TestCaseExecutor   - END Test Cases/2000_tresult/Return Passed
2025-09-24 07:44:32.460 INFO  c.k.katalon.core.main.TestCaseExecutor   - --------------------
2025-09-24 07:44:32.460 INFO  c.k.katalon.core.main.TestCaseExecutor   - START Test Cases/2000_tresult/Return Passed
2025-09-24 07:44:32.464 DEBUG testcase.Return Passed                   - 1: markPassed("Passed")
2025-09-24 07:44:32.464 DEBUG com.kms.katalon.core.util.KeywordUtil    - ✓ Passed
2025-09-24 07:44:34.468 INFO  c.k.k.c.c.internal.VideoRecorderService  - Video recording for test case 'Test Cases/2000_tresult/Return Passed' .
2025-09-24 07:44:34.468 INFO  c.k.katalon.core.main.TestCaseExecutor   - END Test Cases/2000_tresult/Return Passed
2025-09-24 07:44:34.470 INFO  c.k.katalon.core.main.TestCaseExecutor   - --------------------
2025-09-24 07:44:34.470 INFO  c.k.katalon.core.main.TestCaseExecutor   - START Test Cases/2000_tresult/Return Passed
2025-09-24 07:44:34.474 DEBUG testcase.Return Passed                   - 1: markPassed("Passed")
2025-09-24 07:44:34.475 DEBUG com.kms.katalon.core.util.KeywordUtil    - ✓ Passed
2025-09-24 07:44:36.478 INFO  c.k.k.c.c.internal.VideoRecorderService  - Video recording for test case 'Test Cases/2000_tresult/Return Passed' .
2025-09-24 07:44:36.479 INFO  c.k.katalon.core.main.TestCaseExecutor   - END Test Cases/2000_tresult/Return Passed
2025-09-24 07:44:36.480 INFO  c.k.katalon.core.main.TestCaseExecutor   - --------------------
2025-09-24 07:44:36.480 INFO  c.k.katalon.core.main.TestCaseExecutor   - START Test Cases/2000_tresult/Return Passed
2025-09-24 07:44:36.486 DEBUG testcase.Return Passed                   - 1: markPassed("Passed")
2025-09-24 07:44:36.486 DEBUG com.kms.katalon.core.util.KeywordUtil    - ✓ Passed
2025-09-24 07:44:38.490 INFO  c.k.k.c.c.internal.VideoRecorderService  - Video recording for test case 'Test Cases/2000_tresult/Return Passed' .
2025-09-24 07:44:38.490 INFO  c.k.katalon.core.main.TestCaseExecutor   - END Test Cases/2000_tresult/Return Passed
2025-09-24 07:44:38.492 INFO  c.k.katalon.core.main.TestCaseExecutor   - --------------------
2025-09-24 07:44:38.492 INFO  c.k.katalon.core.main.TestCaseExecutor   - START Test Cases/2000_tresult/Return Passed
2025-09-24 07:44:38.496 DEBUG testcase.Return Passed                   - 1: markPassed("Passed")
2025-09-24 07:44:38.497 DEBUG com.kms.katalon.core.util.KeywordUtil    - ✓ Passed
2025-09-24 07:44:40.500 INFO  c.k.k.c.c.internal.VideoRecorderService  - Video recording for test case 'Test Cases/2000_tresult/Return Passed' .
2025-09-24 07:44:40.500 INFO  c.k.katalon.core.main.TestCaseExecutor   - END Test Cases/2000_tresult/Return Passed
2025-09-24 07:44:40.502 INFO  c.k.katalon.core.main.TestCaseExecutor   - --------------------
2025-09-24 07:44:40.502 INFO  c.k.katalon.core.main.TestCaseExecutor   - START Test Cases/2000_tresult/Return Passed
2025-09-24 07:44:40.507 DEBUG testcase.Return Passed                   - 1: markPassed("Passed")
2025-09-24 07:44:40.508 DEBUG com.kms.katalon.core.util.KeywordUtil    - ✓ Passed
2025-09-24 07:44:42.511 INFO  c.k.k.c.c.internal.VideoRecorderService  - Video recording for test case 'Test Cases/2000_tresult/Return Passed' .
2025-09-24 07:44:42.512 INFO  c.k.katalon.core.main.TestCaseExecutor   - END Test Cases/2000_tresult/Return Passed
2025-09-24 07:44:42.513 INFO  c.k.katalon.core.main.TestCaseExecutor   - --------------------
2025-09-24 07:44:42.513 INFO  c.k.katalon.core.main.TestCaseExecutor   - START Test Cases/2000_tresult/Return Passed
2025-09-24 07:44:42.517 DEBUG testcase.Return Passed                   - 1: markPassed("Passed")
2025-09-24 07:44:42.517 DEBUG com.kms.katalon.core.util.KeywordUtil    - ✓ Passed
2025-09-24 07:44:44.521 INFO  c.k.k.c.c.internal.VideoRecorderService  - Video recording for test case 'Test Cases/2000_tresult/Return Passed' .
2025-09-24 07:44:44.521 INFO  c.k.katalon.core.main.TestCaseExecutor   - END Test Cases/2000_tresult/Return Passed
2025-09-24 07:44:44.523 INFO  c.k.katalon.core.main.TestCaseExecutor   - --------------------
2025-09-24 07:44:44.523 INFO  c.k.katalon.core.main.TestCaseExecutor   - START Test Cases/2000_tresult/Return Passed
2025-09-24 07:44:44.527 DEBUG testcase.Return Passed                   - 1: markPassed("Passed")
2025-09-24 07:44:44.527 DEBUG com.kms.katalon.core.util.KeywordUtil    - ✓ Passed
2025-09-24 07:44:46.530 INFO  c.k.k.c.c.internal.VideoRecorderService  - Video recording for test case 'Test Cases/2000_tresult/Return Passed' .
2025-09-24 07:44:46.531 INFO  c.k.katalon.core.main.TestCaseExecutor   - END Test Cases/2000_tresult/Return Passed
2025-09-24 07:44:46.532 INFO  c.k.katalon.core.main.TestCaseExecutor   - --------------------
2025-09-24 07:44:46.532 INFO  c.k.katalon.core.main.TestCaseExecutor   - START Test Cases/2000_tresult/Return Passed
2025-09-24 07:44:46.537 DEBUG testcase.Return Passed                   - 1: markPassed("Passed")
2025-09-24 07:44:46.537 DEBUG com.kms.katalon.core.util.KeywordUtil    - ✓ Passed
2025-09-24 07:44:48.540 INFO  c.k.k.c.c.internal.VideoRecorderService  - Video recording for test case 'Test Cases/2000_tresult/Return Passed' .
2025-09-24 07:44:48.541 INFO  c.k.katalon.core.main.TestCaseExecutor   - END Test Cases/2000_tresult/Return Passed
2025-09-24 07:44:48.544 INFO  c.k.katalon.core.main.TestCaseExecutor   - --------------------
2025-09-24 07:44:48.544 INFO  c.k.katalon.core.main.TestCaseExecutor   - START Test Cases/2000_tresult/Return Passed
2025-09-24 07:44:48.548 DEBUG testcase.Return Passed                   - 1: markPassed("Passed")
2025-09-24 07:44:48.548 DEBUG com.kms.katalon.core.util.KeywordUtil    - ✓ Passed
2025-09-24 07:44:50.552 INFO  c.k.k.c.c.internal.VideoRecorderService  - Video recording for test case 'Test Cases/2000_tresult/Return Passed' .
2025-09-24 07:44:50.552 INFO  c.k.katalon.core.main.TestCaseExecutor   - END Test Cases/2000_tresult/Return Passed
2025-09-24 07:44:50.555 INFO  c.k.katalon.core.main.TestCaseExecutor   - --------------------
2025-09-24 07:44:50.555 INFO  c.k.katalon.core.main.TestCaseExecutor   - START Test Cases/2000_tresult/Return Passed
2025-09-24 07:44:50.568 DEBUG testcase.Return Passed                   - 1: markPassed("Passed")
2025-09-24 07:44:50.568 DEBUG com.kms.katalon.core.util.KeywordUtil    - ✓ Passed
2025-09-24 07:44:52.571 INFO  c.k.k.c.c.internal.VideoRecorderService  - Video recording for test case 'Test Cases/2000_tresult/Return Passed' .
2025-09-24 07:44:52.572 INFO  c.k.katalon.core.main.TestCaseExecutor   - END Test Cases/2000_tresult/Return Passed
2025-09-24 07:44:52.574 INFO  c.k.katalon.core.main.TestCaseExecutor   - --------------------
2025-09-24 07:44:52.574 INFO  c.k.katalon.core.main.TestCaseExecutor   - START Test Cases/2000_tresult/Return Passed
2025-09-24 07:44:52.577 DEBUG testcase.Return Passed                   - 1: markPassed("Passed")
2025-09-24 07:44:52.578 DEBUG com.kms.katalon.core.util.KeywordUtil    - ✓ Passed
2025-09-24 07:44:54.581 INFO  c.k.k.c.c.internal.VideoRecorderService  - Video recording for test case 'Test Cases/2000_tresult/Return Passed' .
2025-09-24 07:44:54.581 INFO  c.k.katalon.core.main.TestCaseExecutor   - END Test Cases/2000_tresult/Return Passed
2025-09-24 07:44:54.583 INFO  c.k.katalon.core.main.TestCaseExecutor   - --------------------
2025-09-24 07:44:54.583 INFO  c.k.katalon.core.main.TestCaseExecutor   - START Test Cases/2000_tresult/Return Passed
2025-09-24 07:44:54.587 DEBUG testcase.Return Passed                   - 1: markPassed("Passed")
2025-09-24 07:44:54.587 DEBUG com.kms.katalon.core.util.KeywordUtil    - ✓ Passed
2025-09-24 07:44:56.590 INFO  c.k.k.c.c.internal.VideoRecorderService  - Video recording for test case 'Test Cases/2000_tresult/Return Passed' .
2025-09-24 07:44:56.591 INFO  c.k.katalon.core.main.TestCaseExecutor   - END Test Cases/2000_tresult/Return Passed
2025-09-24 07:44:56.593 INFO  c.k.katalon.core.main.TestCaseExecutor   - --------------------
2025-09-24 07:44:56.593 INFO  c.k.katalon.core.main.TestCaseExecutor   - START Test Cases/2000_tresult/Return Passed
2025-09-24 07:44:56.596 DEBUG testcase.Return Passed                   - 1: markPassed("Passed")
2025-09-24 07:44:56.597 DEBUG com.kms.katalon.core.util.KeywordUtil    - ✓ Passed
2025-09-24 07:44:58.600 INFO  c.k.k.c.c.internal.VideoRecorderService  - Video recording for test case 'Test Cases/2000_tresult/Return Passed' .
2025-09-24 07:44:58.600 INFO  c.k.katalon.core.main.TestCaseExecutor   - END Test Cases/2000_tresult/Return Passed
2025-09-24 07:44:58.602 INFO  c.k.katalon.core.main.TestCaseExecutor   - --------------------
2025-09-24 07:44:58.602 INFO  c.k.katalon.core.main.TestCaseExecutor   - START Test Cases/2000_tresult/Return Passed
2025-09-24 07:44:58.607 DEBUG testcase.Return Passed                   - 1: markPassed("Passed")
2025-09-24 07:44:58.607 DEBUG com.kms.katalon.core.util.KeywordUtil    - ✓ Passed
2025-09-24 07:45:00.610 INFO  c.k.k.c.c.internal.VideoRecorderService  - Video recording for test case 'Test Cases/2000_tresult/Return Passed' .
2025-09-24 07:45:00.611 INFO  c.k.katalon.core.main.TestCaseExecutor   - END Test Cases/2000_tresult/Return Passed
2025-09-24 07:45:00.612 INFO  c.k.katalon.core.main.TestCaseExecutor   - --------------------
2025-09-24 07:45:00.613 INFO  c.k.katalon.core.main.TestCaseExecutor   - START Test Cases/2000_tresult/Return Passed
2025-09-24 07:45:00.624 DEBUG testcase.Return Passed                   - 1: markPassed("Passed")
2025-09-24 07:45:00.624 DEBUG com.kms.katalon.core.util.KeywordUtil    - ✓ Passed
2025-09-24 07:45:02.628 INFO  c.k.k.c.c.internal.VideoRecorderService  - Video recording for test case 'Test Cases/2000_tresult/Return Passed' .
2025-09-24 07:45:02.628 INFO  c.k.katalon.core.main.TestCaseExecutor   - END Test Cases/2000_tresult/Return Passed
2025-09-24 07:45:02.630 INFO  c.k.katalon.core.main.TestCaseExecutor   - --------------------
2025-09-24 07:45:02.630 INFO  c.k.katalon.core.main.TestCaseExecutor   - START Test Cases/2000_tresult/Return Passed
2025-09-24 07:45:02.634 DEBUG testcase.Return Passed                   - 1: markPassed("Passed")
2025-09-24 07:45:02.634 DEBUG com.kms.katalon.core.util.KeywordUtil    - ✓ Passed
2025-09-24 07:45:04.637 INFO  c.k.k.c.c.internal.VideoRecorderService  - Video recording for test case 'Test Cases/2000_tresult/Return Passed' .
2025-09-24 07:45:04.638 INFO  c.k.katalon.core.main.TestCaseExecutor   - END Test Cases/2000_tresult/Return Passed
2025-09-24 07:45:04.639 INFO  c.k.katalon.core.main.TestCaseExecutor   - --------------------
2025-09-24 07:45:04.639 INFO  c.k.katalon.core.main.TestCaseExecutor   - START Test Cases/2000_tresult/Return Passed
2025-09-24 07:45:04.643 DEBUG testcase.Return Passed                   - 1: markPassed("Passed")
2025-09-24 07:45:04.643 DEBUG com.kms.katalon.core.util.KeywordUtil    - ✓ Passed
2025-09-24 07:45:06.647 INFO  c.k.k.c.c.internal.VideoRecorderService  - Video recording for test case 'Test Cases/2000_tresult/Return Passed' .
2025-09-24 07:45:06.647 INFO  c.k.katalon.core.main.TestCaseExecutor   - END Test Cases/2000_tresult/Return Passed
2025-09-24 07:45:06.649 INFO  c.k.katalon.core.main.TestCaseExecutor   - --------------------
2025-09-24 07:45:06.649 INFO  c.k.katalon.core.main.TestCaseExecutor   - START Test Cases/2000_tresult/Return Passed
2025-09-24 07:45:06.653 DEBUG testcase.Return Passed                   - 1: markPassed("Passed")
2025-09-24 07:45:06.654 DEBUG com.kms.katalon.core.util.KeywordUtil    - ✓ Passed
2025-09-24 07:45:08.657 INFO  c.k.k.c.c.internal.VideoRecorderService  - Video recording for test case 'Test Cases/2000_tresult/Return Passed' .
2025-09-24 07:45:08.657 INFO  c.k.katalon.core.main.TestCaseExecutor   - END Test Cases/2000_tresult/Return Passed
2025-09-24 07:45:08.660 INFO  c.k.katalon.core.main.TestCaseExecutor   - --------------------
2025-09-24 07:45:08.660 INFO  c.k.katalon.core.main.TestCaseExecutor   - START Test Cases/2000_tresult/Return Passed
2025-09-24 07:45:08.665 DEBUG testcase.Return Passed                   - 1: markPassed("Passed")
2025-09-24 07:45:08.665 DEBUG com.kms.katalon.core.util.KeywordUtil    - ✓ Passed
2025-09-24 07:45:10.669 INFO  c.k.k.c.c.internal.VideoRecorderService  - Video recording for test case 'Test Cases/2000_tresult/Return Passed' .
2025-09-24 07:45:10.669 INFO  c.k.katalon.core.main.TestCaseExecutor   - END Test Cases/2000_tresult/Return Passed
2025-09-24 07:45:10.671 INFO  c.k.katalon.core.main.TestCaseExecutor   - --------------------
2025-09-24 07:45:10.671 INFO  c.k.katalon.core.main.TestCaseExecutor   - START Test Cases/2000_tresult/Return Passed
2025-09-24 07:45:10.676 DEBUG testcase.Return Passed                   - 1: markPassed("Passed")
2025-09-24 07:45:10.677 DEBUG com.kms.katalon.core.util.KeywordUtil    - ✓ Passed
2025-09-24 07:45:12.680 INFO  c.k.k.c.c.internal.VideoRecorderService  - Video recording for test case 'Test Cases/2000_tresult/Return Passed' .
2025-09-24 07:45:12.681 INFO  c.k.katalon.core.main.TestCaseExecutor   - END Test Cases/2000_tresult/Return Passed
2025-09-24 07:45:12.682 INFO  c.k.katalon.core.main.TestCaseExecutor   - --------------------
2025-09-24 07:45:12.682 INFO  c.k.katalon.core.main.TestCaseExecutor   - START Test Cases/2000_tresult/Return Passed
2025-09-24 07:45:12.690 DEBUG testcase.Return Passed                   - 1: markPassed("Passed")
2025-09-24 07:45:12.690 DEBUG com.kms.katalon.core.util.KeywordUtil    - ✓ Passed
2025-09-24 07:45:14.694 INFO  c.k.k.c.c.internal.VideoRecorderService  - Video recording for test case 'Test Cases/2000_tresult/Return Passed' .
2025-09-24 07:45:14.694 INFO  c.k.katalon.core.main.TestCaseExecutor   - END Test Cases/2000_tresult/Return Passed
2025-09-24 07:45:14.696 INFO  c.k.katalon.core.main.TestCaseExecutor   - --------------------
2025-09-24 07:45:14.697 INFO  c.k.katalon.core.main.TestCaseExecutor   - START Test Cases/2000_tresult/Return Passed
2025-09-24 07:45:14.701 DEBUG testcase.Return Passed                   - 1: markPassed("Passed")
2025-09-24 07:45:14.701 DEBUG com.kms.katalon.core.util.KeywordUtil    - ✓ Passed
2025-09-24 07:45:16.704 INFO  c.k.k.c.c.internal.VideoRecorderService  - Video recording for test case 'Test Cases/2000_tresult/Return Passed' .
2025-09-24 07:45:16.705 INFO  c.k.katalon.core.main.TestCaseExecutor   - END Test Cases/2000_tresult/Return Passed
2025-09-24 07:45:16.706 INFO  c.k.katalon.core.main.TestCaseExecutor   - --------------------
2025-09-24 07:45:16.706 INFO  c.k.katalon.core.main.TestCaseExecutor   - START Test Cases/2000_tresult/Return Passed
2025-09-24 07:45:16.711 DEBUG testcase.Return Passed                   - 1: markPassed("Passed")
2025-09-24 07:45:16.711 DEBUG com.kms.katalon.core.util.KeywordUtil    - ✓ Passed
2025-09-24 07:45:18.714 INFO  c.k.k.c.c.internal.VideoRecorderService  - Video recording for test case 'Test Cases/2000_tresult/Return Passed' .
2025-09-24 07:45:18.715 INFO  c.k.katalon.core.main.TestCaseExecutor   - END Test Cases/2000_tresult/Return Passed
2025-09-24 07:45:18.716 INFO  c.k.katalon.core.main.TestCaseExecutor   - --------------------
2025-09-24 07:45:18.716 INFO  c.k.katalon.core.main.TestCaseExecutor   - START Test Cases/2000_tresult/Return Passed
2025-09-24 07:45:18.720 DEBUG testcase.Return Passed                   - 1: markPassed("Passed")
2025-09-24 07:45:18.720 DEBUG com.kms.katalon.core.util.KeywordUtil    - ✓ Passed
2025-09-24 07:45:20.723 INFO  c.k.k.c.c.internal.VideoRecorderService  - Video recording for test case 'Test Cases/2000_tresult/Return Passed' .
2025-09-24 07:45:20.724 INFO  c.k.katalon.core.main.TestCaseExecutor   - END Test Cases/2000_tresult/Return Passed
2025-09-24 07:45:20.725 INFO  c.k.katalon.core.main.TestCaseExecutor   - --------------------
2025-09-24 07:45:20.726 INFO  c.k.katalon.core.main.TestCaseExecutor   - START Test Cases/2000_tresult/Return Passed
2025-09-24 07:45:20.730 DEBUG testcase.Return Passed                   - 1: markPassed("Passed")
2025-09-24 07:45:20.730 DEBUG com.kms.katalon.core.util.KeywordUtil    - ✓ Passed
2025-09-24 07:45:22.733 INFO  c.k.k.c.c.internal.VideoRecorderService  - Video recording for test case 'Test Cases/2000_tresult/Return Passed' .
2025-09-24 07:45:22.734 INFO  c.k.katalon.core.main.TestCaseExecutor   - END Test Cases/2000_tresult/Return Passed
2025-09-24 07:45:22.735 INFO  c.k.katalon.core.main.TestCaseExecutor   - --------------------
2025-09-24 07:45:22.735 INFO  c.k.katalon.core.main.TestCaseExecutor   - START Test Cases/2000_tresult/Return Passed
2025-09-24 07:45:22.739 DEBUG testcase.Return Passed                   - 1: markPassed("Passed")
2025-09-24 07:45:22.739 DEBUG com.kms.katalon.core.util.KeywordUtil    - ✓ Passed
2025-09-24 07:45:24.742 INFO  c.k.k.c.c.internal.VideoRecorderService  - Video recording for test case 'Test Cases/2000_tresult/Return Passed' .
2025-09-24 07:45:24.743 INFO  c.k.katalon.core.main.TestCaseExecutor   - END Test Cases/2000_tresult/Return Passed
2025-09-24 07:45:24.744 INFO  c.k.katalon.core.main.TestCaseExecutor   - --------------------
2025-09-24 07:45:24.744 INFO  c.k.katalon.core.main.TestCaseExecutor   - START Test Cases/2000_tresult/Return Passed
2025-09-24 07:45:24.748 DEBUG testcase.Return Passed                   - 1: markPassed("Passed")
2025-09-24 07:45:24.748 DEBUG com.kms.katalon.core.util.KeywordUtil    - ✓ Passed
2025-09-24 07:45:26.751 INFO  c.k.k.c.c.internal.VideoRecorderService  - Video recording for test case 'Test Cases/2000_tresult/Return Passed' .
2025-09-24 07:45:26.752 INFO  c.k.katalon.core.main.TestCaseExecutor   - END Test Cases/2000_tresult/Return Passed
2025-09-24 07:45:26.753 INFO  c.k.katalon.core.main.TestCaseExecutor   - --------------------
2025-09-24 07:45:26.753 INFO  c.k.katalon.core.main.TestCaseExecutor   - START Test Cases/2000_tresult/Return Passed
2025-09-24 07:45:26.757 DEBUG testcase.Return Passed                   - 1: markPassed("Passed")
2025-09-24 07:45:26.757 DEBUG com.kms.katalon.core.util.KeywordUtil    - ✓ Passed
2025-09-24 07:45:28.761 INFO  c.k.k.c.c.internal.VideoRecorderService  - Video recording for test case 'Test Cases/2000_tresult/Return Passed' .
2025-09-24 07:45:28.761 INFO  c.k.katalon.core.main.TestCaseExecutor   - END Test Cases/2000_tresult/Return Passed
2025-09-24 07:45:28.763 INFO  c.k.katalon.core.main.TestCaseExecutor   - --------------------
2025-09-24 07:45:28.763 INFO  c.k.katalon.core.main.TestCaseExecutor   - START Test Cases/2000_tresult/Return Passed
2025-09-24 07:45:28.766 DEBUG testcase.Return Passed                   - 1: markPassed("Passed")
2025-09-24 07:45:28.767 DEBUG com.kms.katalon.core.util.KeywordUtil    - ✓ Passed
2025-09-24 07:45:30.770 INFO  c.k.k.c.c.internal.VideoRecorderService  - Video recording for test case 'Test Cases/2000_tresult/Return Passed' .
2025-09-24 07:45:30.770 INFO  c.k.katalon.core.main.TestCaseExecutor   - END Test Cases/2000_tresult/Return Passed
2025-09-24 07:45:30.772 INFO  c.k.katalon.core.main.TestCaseExecutor   - --------------------
2025-09-24 07:45:30.772 INFO  c.k.katalon.core.main.TestCaseExecutor   - START Test Cases/2000_tresult/Return Passed
2025-09-24 07:45:30.777 DEBUG testcase.Return Passed                   - 1: markPassed("Passed")
2025-09-24 07:45:30.777 DEBUG com.kms.katalon.core.util.KeywordUtil    - ✓ Passed
2025-09-24 07:45:32.780 INFO  c.k.k.c.c.internal.VideoRecorderService  - Video recording for test case 'Test Cases/2000_tresult/Return Passed' .
2025-09-24 07:45:32.781 INFO  c.k.katalon.core.main.TestCaseExecutor   - END Test Cases/2000_tresult/Return Passed
2025-09-24 07:45:32.783 INFO  c.k.katalon.core.main.TestCaseExecutor   - --------------------
2025-09-24 07:45:32.783 INFO  c.k.katalon.core.main.TestCaseExecutor   - START Test Cases/2000_tresult/Return Passed
2025-09-24 07:45:32.790 DEBUG testcase.Return Passed                   - 1: markPassed("Passed")
2025-09-24 07:45:32.791 DEBUG com.kms.katalon.core.util.KeywordUtil    - ✓ Passed
2025-09-24 07:45:34.794 INFO  c.k.k.c.c.internal.VideoRecorderService  - Video recording for test case 'Test Cases/2000_tresult/Return Passed' .
2025-09-24 07:45:34.795 INFO  c.k.katalon.core.main.TestCaseExecutor   - END Test Cases/2000_tresult/Return Passed
2025-09-24 07:45:34.796 INFO  c.k.katalon.core.main.TestCaseExecutor   - --------------------
2025-09-24 07:45:34.796 INFO  c.k.katalon.core.main.TestCaseExecutor   - START Test Cases/2000_tresult/Return Passed
2025-09-24 07:45:34.802 DEBUG testcase.Return Passed                   - 1: markPassed("Passed")
2025-09-24 07:45:34.802 DEBUG com.kms.katalon.core.util.KeywordUtil    - ✓ Passed
2025-09-24 07:45:36.806 INFO  c.k.k.c.c.internal.VideoRecorderService  - Video recording for test case 'Test Cases/2000_tresult/Return Passed' .
2025-09-24 07:45:36.806 INFO  c.k.katalon.core.main.TestCaseExecutor   - END Test Cases/2000_tresult/Return Passed
2025-09-24 07:45:36.808 INFO  c.k.katalon.core.main.TestCaseExecutor   - --------------------
2025-09-24 07:45:36.808 INFO  c.k.katalon.core.main.TestCaseExecutor   - START Test Cases/2000_tresult/Return Passed
2025-09-24 07:45:36.814 DEBUG testcase.Return Passed                   - 1: markPassed("Passed")
2025-09-24 07:45:36.814 DEBUG com.kms.katalon.core.util.KeywordUtil    - ✓ Passed
2025-09-24 07:45:38.817 INFO  c.k.k.c.c.internal.VideoRecorderService  - Video recording for test case 'Test Cases/2000_tresult/Return Passed' .
2025-09-24 07:45:38.818 INFO  c.k.katalon.core.main.TestCaseExecutor   - END Test Cases/2000_tresult/Return Passed
2025-09-24 07:45:38.819 INFO  c.k.katalon.core.main.TestCaseExecutor   - --------------------
2025-09-24 07:45:38.819 INFO  c.k.katalon.core.main.TestCaseExecutor   - START Test Cases/2000_tresult/Return Passed
2025-09-24 07:45:38.823 DEBUG testcase.Return Passed                   - 1: markPassed("Passed")
2025-09-24 07:45:38.823 DEBUG com.kms.katalon.core.util.KeywordUtil    - ✓ Passed
2025-09-24 07:45:40.826 INFO  c.k.k.c.c.internal.VideoRecorderService  - Video recording for test case 'Test Cases/2000_tresult/Return Passed' .
2025-09-24 07:45:40.827 INFO  c.k.katalon.core.main.TestCaseExecutor   - END Test Cases/2000_tresult/Return Passed
2025-09-24 07:45:40.828 INFO  c.k.katalon.core.main.TestCaseExecutor   - --------------------
2025-09-24 07:45:40.828 INFO  c.k.katalon.core.main.TestCaseExecutor   - START Test Cases/2000_tresult/Return Passed
2025-09-24 07:45:40.832 DEBUG testcase.Return Passed                   - 1: markPassed("Passed")
2025-09-24 07:45:40.832 DEBUG com.kms.katalon.core.util.KeywordUtil    - ✓ Passed
2025-09-24 07:45:42.835 INFO  c.k.k.c.c.internal.VideoRecorderService  - Video recording for test case 'Test Cases/2000_tresult/Return Passed' .
2025-09-24 07:45:42.836 INFO  c.k.katalon.core.main.TestCaseExecutor   - END Test Cases/2000_tresult/Return Passed
2025-09-24 07:45:42.857 INFO  c.k.katalon.core.main.TestSuiteExecutor  - --------------------
2025-09-24 07:45:42.857 INFO  c.k.katalon.core.main.TestSuiteExecutor  - END Test Suites/100_tc
2025-09-24 07:45:42.857 INFO  c.k.katalon.core.main.TestSuiteExecutor  - ====================
