2025-09-24 04:51:05.921 INFO  c.k.katalon.core.main.TestSuiteExecutor  - START Test Suites/100_tc
2025-09-24 04:51:05.997 INFO  c.k.katalon.core.main.TestSuiteExecutor  - userFullName = Man Hua
2025-09-24 04:51:06.000 INFO  c.k.katalon.core.main.TestSuiteExecutor  - projectName = Demo-Bulk-Operation
2025-09-24 04:51:06.003 INFO  c.k.katalon.core.main.TestSuiteExecutor  - hostName = agent - 14475linalllatest-778571-katalon-agent-thqk7
2025-09-24 04:51:06.005 INFO  c.k.katalon.core.main.TestSuiteExecutor  - os = Linux 64bit
2025-09-24 04:51:06.006 INFO  c.k.katalon.core.main.TestSuiteExecutor  - hostAddress = 10.10.9.67
2025-09-24 04:51:06.008 INFO  c.k.katalon.core.main.TestSuiteExecutor  - katalonVersion = 10.3.1.0
2025-09-24 04:51:06.505 INFO  c.k.katalon.core.main.TestCaseExecutor   - --------------------
2025-09-24 04:51:06.506 INFO  c.k.katalon.core.main.TestCaseExecutor   - START Test Cases/2000_tresult/Return Passed
2025-09-24 04:51:06.699 DEBUG testcase.Return Passed                   - 1: markPassed("Passed")
2025-09-24 04:51:06.714 DEBUG com.kms.katalon.core.util.KeywordUtil    - ✓ Passed
2025-09-24 04:51:08.743 INFO  c.k.k.c.c.internal.VideoRecorderService  - Video recording for test case 'Test Cases/2000_tresult/Return Passed' .
2025-09-24 04:51:08.744 INFO  c.k.katalon.core.main.TestCaseExecutor   - END Test Cases/2000_tresult/Return Passed
2025-09-24 04:51:08.753 INFO  c.k.katalon.core.main.TestCaseExecutor   - --------------------
2025-09-24 04:51:08.754 INFO  c.k.katalon.core.main.TestCaseExecutor   - START Test Cases/2000_tresult/Return Passed
2025-09-24 04:51:08.768 DEBUG testcase.Return Passed                   - 1: markPassed("Passed")
2025-09-24 04:51:08.769 DEBUG com.kms.katalon.core.util.KeywordUtil    - ✓ Passed
2025-09-24 04:51:10.783 INFO  c.k.k.c.c.internal.VideoRecorderService  - Video recording for test case 'Test Cases/2000_tresult/Return Passed' .
2025-09-24 04:51:10.785 INFO  c.k.katalon.core.main.TestCaseExecutor   - END Test Cases/2000_tresult/Return Passed
2025-09-24 04:51:10.789 INFO  c.k.katalon.core.main.TestCaseExecutor   - --------------------
2025-09-24 04:51:10.789 INFO  c.k.katalon.core.main.TestCaseExecutor   - START Test Cases/2000_tresult/Return Passed
2025-09-24 04:51:10.822 DEBUG testcase.Return Passed                   - 1: markPassed("Passed")
2025-09-24 04:51:10.823 DEBUG com.kms.katalon.core.util.KeywordUtil    - ✓ Passed
2025-09-24 04:51:12.828 INFO  c.k.k.c.c.internal.VideoRecorderService  - Video recording for test case 'Test Cases/2000_tresult/Return Passed' .
2025-09-24 04:51:12.829 INFO  c.k.katalon.core.main.TestCaseExecutor   - END Test Cases/2000_tresult/Return Passed
2025-09-24 04:51:12.831 INFO  c.k.katalon.core.main.TestCaseExecutor   - --------------------
2025-09-24 04:51:12.831 INFO  c.k.katalon.core.main.TestCaseExecutor   - START Test Cases/2000_tresult/Return Passed
2025-09-24 04:51:12.837 DEBUG testcase.Return Passed                   - 1: markPassed("Passed")
2025-09-24 04:51:12.837 DEBUG com.kms.katalon.core.util.KeywordUtil    - ✓ Passed
2025-09-24 04:51:14.842 INFO  c.k.k.c.c.internal.VideoRecorderService  - Video recording for test case 'Test Cases/2000_tresult/Return Passed' .
2025-09-24 04:51:14.843 INFO  c.k.katalon.core.main.TestCaseExecutor   - END Test Cases/2000_tresult/Return Passed
2025-09-24 04:51:14.847 INFO  c.k.katalon.core.main.TestCaseExecutor   - --------------------
2025-09-24 04:51:14.847 INFO  c.k.katalon.core.main.TestCaseExecutor   - START Test Cases/2000_tresult/Return Passed
2025-09-24 04:51:14.853 DEBUG testcase.Return Passed                   - 1: markPassed("Passed")
2025-09-24 04:51:14.854 DEBUG com.kms.katalon.core.util.KeywordUtil    - ✓ Passed
2025-09-24 04:51:16.858 INFO  c.k.k.c.c.internal.VideoRecorderService  - Video recording for test case 'Test Cases/2000_tresult/Return Passed' .
2025-09-24 04:51:16.859 INFO  c.k.katalon.core.main.TestCaseExecutor   - END Test Cases/2000_tresult/Return Passed
2025-09-24 04:51:16.861 INFO  c.k.katalon.core.main.TestCaseExecutor   - --------------------
2025-09-24 04:51:16.861 INFO  c.k.katalon.core.main.TestCaseExecutor   - START Test Cases/2000_tresult/Return Passed
2025-09-24 04:51:16.867 DEBUG testcase.Return Passed                   - 1: markPassed("Passed")
2025-09-24 04:51:16.867 DEBUG com.kms.katalon.core.util.KeywordUtil    - ✓ Passed
2025-09-24 04:51:18.873 INFO  c.k.k.c.c.internal.VideoRecorderService  - Video recording for test case 'Test Cases/2000_tresult/Return Passed' .
2025-09-24 04:51:18.874 INFO  c.k.katalon.core.main.TestCaseExecutor   - END Test Cases/2000_tresult/Return Passed
2025-09-24 04:51:18.882 INFO  c.k.katalon.core.main.TestCaseExecutor   - --------------------
2025-09-24 04:51:18.882 INFO  c.k.katalon.core.main.TestCaseExecutor   - START Test Cases/2000_tresult/Return Passed
2025-09-24 04:51:18.891 DEBUG testcase.Return Passed                   - 1: markPassed("Passed")
2025-09-24 04:51:18.891 DEBUG com.kms.katalon.core.util.KeywordUtil    - ✓ Passed
2025-09-24 04:51:20.896 INFO  c.k.k.c.c.internal.VideoRecorderService  - Video recording for test case 'Test Cases/2000_tresult/Return Passed' .
2025-09-24 04:51:20.896 INFO  c.k.katalon.core.main.TestCaseExecutor   - END Test Cases/2000_tresult/Return Passed
2025-09-24 04:51:20.899 INFO  c.k.katalon.core.main.TestCaseExecutor   - --------------------
2025-09-24 04:51:20.899 INFO  c.k.katalon.core.main.TestCaseExecutor   - START Test Cases/2000_tresult/Return Passed
2025-09-24 04:51:20.905 DEBUG testcase.Return Passed                   - 1: markPassed("Passed")
2025-09-24 04:51:20.906 DEBUG com.kms.katalon.core.util.KeywordUtil    - ✓ Passed
2025-09-24 04:51:22.910 INFO  c.k.k.c.c.internal.VideoRecorderService  - Video recording for test case 'Test Cases/2000_tresult/Return Passed' .
2025-09-24 04:51:22.911 INFO  c.k.katalon.core.main.TestCaseExecutor   - END Test Cases/2000_tresult/Return Passed
2025-09-24 04:51:22.913 INFO  c.k.katalon.core.main.TestCaseExecutor   - --------------------
2025-09-24 04:51:22.913 INFO  c.k.katalon.core.main.TestCaseExecutor   - START Test Cases/2000_tresult/Return Passed
2025-09-24 04:51:22.919 DEBUG testcase.Return Passed                   - 1: markPassed("Passed")
2025-09-24 04:51:22.919 DEBUG com.kms.katalon.core.util.KeywordUtil    - ✓ Passed
2025-09-24 04:51:24.924 INFO  c.k.k.c.c.internal.VideoRecorderService  - Video recording for test case 'Test Cases/2000_tresult/Return Passed' .
2025-09-24 04:51:24.925 INFO  c.k.katalon.core.main.TestCaseExecutor   - END Test Cases/2000_tresult/Return Passed
2025-09-24 04:51:24.928 INFO  c.k.katalon.core.main.TestCaseExecutor   - --------------------
2025-09-24 04:51:24.928 INFO  c.k.katalon.core.main.TestCaseExecutor   - START Test Cases/2000_tresult/Return Passed
2025-09-24 04:51:24.934 DEBUG testcase.Return Passed                   - 1: markPassed("Passed")
2025-09-24 04:51:24.935 DEBUG com.kms.katalon.core.util.KeywordUtil    - ✓ Passed
2025-09-24 04:51:26.939 INFO  c.k.k.c.c.internal.VideoRecorderService  - Video recording for test case 'Test Cases/2000_tresult/Return Passed' .
2025-09-24 04:51:26.940 INFO  c.k.katalon.core.main.TestCaseExecutor   - END Test Cases/2000_tresult/Return Passed
2025-09-24 04:51:26.943 INFO  c.k.katalon.core.main.TestCaseExecutor   - --------------------
2025-09-24 04:51:26.943 INFO  c.k.katalon.core.main.TestCaseExecutor   - START Test Cases/2000_tresult/Return Passed
2025-09-24 04:51:26.939 INFO  c.k.k.c.c.internal.VideoRecorderService  - Video recording for test case 'Test Cases/2000_tresult/Return Passed' .
2025-09-24 04:51:26.940 INFO  c.k.katalon.core.main.TestCaseExecutor   - END Test Cases/2000_tresult/Return Passed
2025-09-24 04:51:26.943 INFO  c.k.katalon.core.main.TestCaseExecutor   - --------------------
2025-09-24 04:51:26.943 INFO  c.k.katalon.core.main.TestCaseExecutor   - START Test Cases/2000_tresult/Return Passed
2025-09-24 04:51:26.949 DEBUG testcase.Return Passed                   - 1: markPassed("Passed")
2025-09-24 04:51:26.950 DEBUG com.kms.katalon.core.util.KeywordUtil    - ✓ Passed
2025-09-24 04:51:28.954 INFO  c.k.k.c.c.internal.VideoRecorderService  - Video recording for test case 'Test Cases/2000_tresult/Return Passed' .
2025-09-24 04:51:28.955 INFO  c.k.katalon.core.main.TestCaseExecutor   - END Test Cases/2000_tresult/Return Passed
2025-09-24 04:51:28.959 INFO  c.k.katalon.core.main.TestCaseExecutor   - --------------------
2025-09-24 04:51:28.959 INFO  c.k.katalon.core.main.TestCaseExecutor   - START Test Cases/2000_tresult/Return Passed
2025-09-24 04:51:28.966 DEBUG testcase.Return Passed                   - 1: markPassed("Passed")
2025-09-24 04:51:28.966 DEBUG com.kms.katalon.core.util.KeywordUtil    - ✓ Passed
2025-09-24 04:51:30.970 INFO  c.k.k.c.c.internal.VideoRecorderService  - Video recording for test case 'Test Cases/2000_tresult/Return Passed' .
2025-09-24 04:51:30.971 INFO  c.k.katalon.core.main.TestCaseExecutor   - END Test Cases/2000_tresult/Return Passed
2025-09-24 04:51:30.973 INFO  c.k.katalon.core.main.TestCaseExecutor   - --------------------
2025-09-24 04:51:30.973 INFO  c.k.katalon.core.main.TestCaseExecutor   - START Test Cases/2000_tresult/Return Passed
2025-09-24 04:51:30.982 DEBUG testcase.Return Passed                   - 1: markPassed("Passed")
2025-09-24 04:51:30.982 DEBUG com.kms.katalon.core.util.KeywordUtil    - ✓ Passed
2025-09-24 04:51:32.987 INFO  c.k.k.c.c.internal.VideoRecorderService  - Video recording for test case 'Test Cases/2000_tresult/Return Passed' .
2025-09-24 04:51:32.988 INFO  c.k.katalon.core.main.TestCaseExecutor   - END Test Cases/2000_tresult/Return Passed
2025-09-24 04:51:32.990 INFO  c.k.katalon.core.main.TestCaseExecutor   - --------------------
2025-09-24 04:51:32.991 INFO  c.k.katalon.core.main.TestCaseExecutor   - START Test Cases/2000_tresult/Return Passed
2025-09-24 04:51:32.998 DEBUG testcase.Return Passed                   - 1: markPassed("Passed")
2025-09-24 04:51:32.999 DEBUG com.kms.katalon.core.util.KeywordUtil    - ✓ Passed
2025-09-24 04:51:35.003 INFO  c.k.k.c.c.internal.VideoRecorderService  - Video recording for test case 'Test Cases/2000_tresult/Return Passed' .
2025-09-24 04:51:35.004 INFO  c.k.katalon.core.main.TestCaseExecutor   - END Test Cases/2000_tresult/Return Passed
2025-09-24 04:51:35.006 INFO  c.k.katalon.core.main.TestCaseExecutor   - --------------------
2025-09-24 04:51:35.006 INFO  c.k.katalon.core.main.TestCaseExecutor   - START Test Cases/2000_tresult/Return Passed
2025-09-24 04:51:35.015 DEBUG testcase.Return Passed                   - 1: markPassed("Passed")
2025-09-24 04:51:35.015 DEBUG com.kms.katalon.core.util.KeywordUtil    - ✓ Passed
2025-09-24 04:51:37.020 INFO  c.k.k.c.c.internal.VideoRecorderService  - Video recording for test case 'Test Cases/2000_tresult/Return Passed' .
2025-09-24 04:51:37.021 INFO  c.k.katalon.core.main.TestCaseExecutor   - END Test Cases/2000_tresult/Return Passed
2025-09-24 04:51:37.023 INFO  c.k.katalon.core.main.TestCaseExecutor   - --------------------
2025-09-24 04:51:37.024 INFO  c.k.katalon.core.main.TestCaseExecutor   - START Test Cases/2000_tresult/Return Passed
2025-09-24 04:51:37.032 DEBUG testcase.Return Passed                   - 1: markPassed("Passed")
2025-09-24 04:51:37.032 DEBUG com.kms.katalon.core.util.KeywordUtil    - ✓ Passed
2025-09-24 04:51:39.037 INFO  c.k.k.c.c.internal.VideoRecorderService  - Video recording for test case 'Test Cases/2000_tresult/Return Passed' .
2025-09-24 04:51:39.037 INFO  c.k.katalon.core.main.TestCaseExecutor   - END Test Cases/2000_tresult/Return Passed
2025-09-24 04:51:39.041 INFO  c.k.katalon.core.main.TestCaseExecutor   - --------------------
2025-09-24 04:51:39.041 INFO  c.k.katalon.core.main.TestCaseExecutor   - START Test Cases/2000_tresult/Return Passed
2025-09-24 04:51:39.047 DEBUG testcase.Return Passed                   - 1: markPassed("Passed")
2025-09-24 04:51:39.047 DEBUG com.kms.katalon.core.util.KeywordUtil    - ✓ Passed
2025-09-24 04:51:41.051 INFO  c.k.k.c.c.internal.VideoRecorderService  - Video recording for test case 'Test Cases/2000_tresult/Return Passed' .
2025-09-24 04:51:41.053 INFO  c.k.katalon.core.main.TestCaseExecutor   - END Test Cases/2000_tresult/Return Passed
2025-09-24 04:51:41.055 INFO  c.k.katalon.core.main.TestCaseExecutor   - --------------------
2025-09-24 04:51:41.055 INFO  c.k.katalon.core.main.TestCaseExecutor   - START Test Cases/2000_tresult/Return Passed
2025-09-24 04:51:41.061 DEBUG testcase.Return Passed                   - 1: markPassed("Passed")
2025-09-24 04:51:41.061 DEBUG com.kms.katalon.core.util.KeywordUtil    - ✓ Passed
2025-09-24 04:51:43.065 INFO  c.k.k.c.c.internal.VideoRecorderService  - Video recording for test case 'Test Cases/2000_tresult/Return Passed' .
2025-09-24 04:51:43.066 INFO  c.k.katalon.core.main.TestCaseExecutor   - END Test Cases/2000_tresult/Return Passed
2025-09-24 04:51:43.069 INFO  c.k.katalon.core.main.TestCaseExecutor   - --------------------
2025-09-24 04:51:43.069 INFO  c.k.katalon.core.main.TestCaseExecutor   - START Test Cases/2000_tresult/Return Passed
2025-09-24 04:51:43.075 DEBUG testcase.Return Passed                   - 1: markPassed("Passed")
2025-09-24 04:51:43.075 DEBUG com.kms.katalon.core.util.KeywordUtil    - ✓ Passed
2025-09-24 04:51:45.079 INFO  c.k.k.c.c.internal.VideoRecorderService  - Video recording for test case 'Test Cases/2000_tresult/Return Passed' .
2025-09-24 04:51:45.079 INFO  c.k.katalon.core.main.TestCaseExecutor   - END Test Cases/2000_tresult/Return Passed
2025-09-24 04:51:45.082 INFO  c.k.katalon.core.main.TestCaseExecutor   - --------------------
2025-09-24 04:51:45.082 INFO  c.k.katalon.core.main.TestCaseExecutor   - START Test Cases/2000_tresult/Return Passed
2025-09-24 04:51:45.088 DEBUG testcase.Return Passed                   - 1: markPassed("Passed")
2025-09-24 04:51:45.089 DEBUG com.kms.katalon.core.util.KeywordUtil    - ✓ Passed
2025-09-24 04:51:47.093 INFO  c.k.k.c.c.internal.VideoRecorderService  - Video recording for test case 'Test Cases/2000_tresult/Return Passed' .
2025-09-24 04:51:47.093 INFO  c.k.katalon.core.main.TestCaseExecutor   - END Test Cases/2000_tresult/Return Passed
2025-09-24 04:51:47.097 INFO  c.k.katalon.core.main.TestCaseExecutor   - --------------------
2025-09-24 04:51:47.097 INFO  c.k.katalon.core.main.TestCaseExecutor   - START Test Cases/2000_tresult/Return Passed
2025-09-24 04:51:47.102 DEBUG testcase.Return Passed                   - 1: markPassed("Passed")
2025-09-24 04:51:47.103 DEBUG com.kms.katalon.core.util.KeywordUtil    - ✓ Passed
2025-09-24 04:51:49.107 INFO  c.k.k.c.c.internal.VideoRecorderService  - Video recording for test case 'Test Cases/2000_tresult/Return Passed' .
2025-09-24 04:51:49.107 INFO  c.k.katalon.core.main.TestCaseExecutor   - END Test Cases/2000_tresult/Return Passed
2025-09-24 04:51:49.111 INFO  c.k.katalon.core.main.TestCaseExecutor   - --------------------
2025-09-24 04:51:49.112 INFO  c.k.katalon.core.main.TestCaseExecutor   - START Test Cases/2000_tresult/Return Passed
2025-09-24 04:51:49.117 DEBUG testcase.Return Passed                   - 1: markPassed("Passed")
2025-09-24 04:51:49.118 DEBUG com.kms.katalon.core.util.KeywordUtil    - ✓ Passed
2025-09-24 04:51:51.122 INFO  c.k.k.c.c.internal.VideoRecorderService  - Video recording for test case 'Test Cases/2000_tresult/Return Passed' .
2025-09-24 04:51:51.122 INFO  c.k.katalon.core.main.TestCaseExecutor   - END Test Cases/2000_tresult/Return Passed
2025-09-24 04:51:51.128 INFO  c.k.katalon.core.main.TestCaseExecutor   - --------------------
2025-09-24 04:51:51.128 INFO  c.k.katalon.core.main.TestCaseExecutor   - START Test Cases/2000_tresult/Return Passed
2025-09-24 04:51:51.135 DEBUG testcase.Return Passed                   - 1: markPassed("Passed")
2025-09-24 04:51:51.135 DEBUG com.kms.katalon.core.util.KeywordUtil    - ✓ Passed
2025-09-24 04:51:53.139 INFO  c.k.k.c.c.internal.VideoRecorderService  - Video recording for test case 'Test Cases/2000_tresult/Return Passed' .
2025-09-24 04:51:53.140 INFO  c.k.katalon.core.main.TestCaseExecutor   - END Test Cases/2000_tresult/Return Passed
2025-09-24 04:51:53.149 INFO  c.k.katalon.core.main.TestCaseExecutor   - --------------------
2025-09-24 04:51:53.149 INFO  c.k.katalon.core.main.TestCaseExecutor   - START Test Cases/2000_tresult/Return Passed
2025-09-24 04:51:53.155 DEBUG testcase.Return Passed                   - 1: markPassed("Passed")
2025-09-24 04:51:53.156 DEBUG com.kms.katalon.core.util.KeywordUtil    - ✓ Passed
2025-09-24 04:51:55.160 INFO  c.k.k.c.c.internal.VideoRecorderService  - Video recording for test case 'Test Cases/2000_tresult/Return Passed' .
2025-09-24 04:51:55.160 INFO  c.k.katalon.core.main.TestCaseExecutor   - END Test Cases/2000_tresult/Return Passed
2025-09-24 04:51:55.162 INFO  c.k.katalon.core.main.TestCaseExecutor   - --------------------
2025-09-24 04:51:55.162 INFO  c.k.katalon.core.main.TestCaseExecutor   - START Test Cases/2000_tresult/Return Passed
2025-09-24 04:51:55.167 DEBUG testcase.Return Passed                   - 1: markPassed("Passed")
2025-09-24 04:51:55.167 DEBUG com.kms.katalon.core.util.KeywordUtil    - ✓ Passed
2025-09-24 04:51:57.171 INFO  c.k.k.c.c.internal.VideoRecorderService  - Video recording for test case 'Test Cases/2000_tresult/Return Passed' .
2025-09-24 04:51:57.171 INFO  c.k.katalon.core.main.TestCaseExecutor   - END Test Cases/2000_tresult/Return Passed
2025-09-24 04:51:57.176 INFO  c.k.katalon.core.main.TestCaseExecutor   - --------------------
2025-09-24 04:51:57.176 INFO  c.k.katalon.core.main.TestCaseExecutor   - START Test Cases/2000_tresult/Return Passed
2025-09-24 04:51:57.193 DEBUG testcase.Return Passed                   - 1: markPassed("Passed")
2025-09-24 04:51:57.193 DEBUG com.kms.katalon.core.util.KeywordUtil    - ✓ Passed
2025-09-24 04:51:59.197 INFO  c.k.k.c.c.internal.VideoRecorderService  - Video recording for test case 'Test Cases/2000_tresult/Return Passed' .
2025-09-24 04:51:59.198 INFO  c.k.katalon.core.main.TestCaseExecutor   - END Test Cases/2000_tresult/Return Passed
2025-09-24 04:51:59.200 INFO  c.k.katalon.core.main.TestCaseExecutor   - --------------------
2025-09-24 04:51:59.200 INFO  c.k.katalon.core.main.TestCaseExecutor   - START Test Cases/2000_tresult/Return Passed
2025-09-24 04:51:59.205 DEBUG testcase.Return Passed                   - 1: markPassed("Passed")
2025-09-24 04:51:59.205 DEBUG com.kms.katalon.core.util.KeywordUtil    - ✓ Passed
2025-09-24 04:52:01.209 INFO  c.k.k.c.c.internal.VideoRecorderService  - Video recording for test case 'Test Cases/2000_tresult/Return Passed' .
2025-09-24 04:52:01.210 INFO  c.k.katalon.core.main.TestCaseExecutor   - END Test Cases/2000_tresult/Return Passed
2025-09-24 04:52:01.212 INFO  c.k.katalon.core.main.TestCaseExecutor   - --------------------
2025-09-24 04:52:01.212 INFO  c.k.katalon.core.main.TestCaseExecutor   - START Test Cases/2000_tresult/Return Passed
2025-09-24 04:52:01.217 DEBUG testcase.Return Passed                   - 1: markPassed("Passed")
2025-09-24 04:52:01.218 DEBUG com.kms.katalon.core.util.KeywordUtil    - ✓ Passed
2025-09-24 04:52:03.222 INFO  c.k.k.c.c.internal.VideoRecorderService  - Video recording for test case 'Test Cases/2000_tresult/Return Passed' .
2025-09-24 04:52:03.223 INFO  c.k.katalon.core.main.TestCaseExecutor   - END Test Cases/2000_tresult/Return Passed
2025-09-24 04:52:03.225 INFO  c.k.katalon.core.main.TestCaseExecutor   - --------------------
2025-09-24 04:52:03.225 INFO  c.k.katalon.core.main.TestCaseExecutor   - START Test Cases/2000_tresult/Return Passed
2025-09-24 04:52:03.230 DEBUG testcase.Return Passed                   - 1: markPassed("Passed")
2025-09-24 04:52:03.231 DEBUG com.kms.katalon.core.util.KeywordUtil    - ✓ Passed
2025-09-24 04:52:05.234 INFO  c.k.k.c.c.internal.VideoRecorderService  - Video recording for test case 'Test Cases/2000_tresult/Return Passed' .
2025-09-24 04:52:05.235 INFO  c.k.katalon.core.main.TestCaseExecutor   - END Test Cases/2000_tresult/Return Passed
2025-09-24 04:52:05.240 INFO  c.k.katalon.core.main.TestCaseExecutor   - --------------------
2025-09-24 04:52:05.240 INFO  c.k.katalon.core.main.TestCaseExecutor   - START Test Cases/2000_tresult/Return Passed
2025-09-24 04:52:05.245 DEBUG testcase.Return Passed                   - 1: markPassed("Passed")
2025-09-24 04:52:05.245 DEBUG com.kms.katalon.core.util.KeywordUtil    - ✓ Passed
2025-09-24 04:52:07.249 INFO  c.k.k.c.c.internal.VideoRecorderService  - Video recording for test case 'Test Cases/2000_tresult/Return Passed' .
2025-09-24 04:52:07.250 INFO  c.k.katalon.core.main.TestCaseExecutor   - END Test Cases/2000_tresult/Return Passed
2025-09-24 04:52:07.254 INFO  c.k.katalon.core.main.TestCaseExecutor   - --------------------
2025-09-24 04:52:07.254 INFO  c.k.katalon.core.main.TestCaseExecutor   - START Test Cases/2000_tresult/Return Passed
2025-09-24 04:52:07.259 DEBUG testcase.Return Passed                   - 1: markPassed("Passed")
2025-09-24 04:52:07.260 DEBUG com.kms.katalon.core.util.KeywordUtil    - ✓ Passed
2025-09-24 04:52:09.263 INFO  c.k.k.c.c.internal.VideoRecorderService  - Video recording for test case 'Test Cases/2000_tresult/Return Passed' .
2025-09-24 04:52:09.264 INFO  c.k.katalon.core.main.TestCaseExecutor   - END Test Cases/2000_tresult/Return Passed
2025-09-24 04:52:09.266 INFO  c.k.katalon.core.main.TestCaseExecutor   - --------------------
2025-09-24 04:52:09.267 INFO  c.k.katalon.core.main.TestCaseExecutor   - START Test Cases/2000_tresult/Return Passed
2025-09-24 04:52:09.273 DEBUG testcase.Return Passed                   - 1: markPassed("Passed")
2025-09-24 04:52:09.273 DEBUG com.kms.katalon.core.util.KeywordUtil    - ✓ Passed
2025-09-24 04:52:11.277 INFO  c.k.k.c.c.internal.VideoRecorderService  - Video recording for test case 'Test Cases/2000_tresult/Return Passed' .
2025-09-24 04:52:11.278 INFO  c.k.katalon.core.main.TestCaseExecutor   - END Test Cases/2000_tresult/Return Passed
2025-09-24 04:52:11.280 INFO  c.k.katalon.core.main.TestCaseExecutor   - --------------------
2025-09-24 04:52:11.280 INFO  c.k.katalon.core.main.TestCaseExecutor   - START Test Cases/2000_tresult/Return Passed
2025-09-24 04:52:11.285 DEBUG testcase.Return Passed                   - 1: markPassed("Passed")
2025-09-24 04:52:11.286 DEBUG com.kms.katalon.core.util.KeywordUtil    - ✓ Passed
2025-09-24 04:52:13.290 INFO  c.k.k.c.c.internal.VideoRecorderService  - Video recording for test case 'Test Cases/2000_tresult/Return Passed' .
2025-09-24 04:52:13.290 INFO  c.k.katalon.core.main.TestCaseExecutor   - END Test Cases/2000_tresult/Return Passed
2025-09-24 04:52:13.293 INFO  c.k.katalon.core.main.TestCaseExecutor   - --------------------
2025-09-24 04:52:13.293 INFO  c.k.katalon.core.main.TestCaseExecutor   - START Test Cases/2000_tresult/Return Passed
2025-09-24 04:52:13.297 DEBUG testcase.Return Passed                   - 1: markPassed("Passed")
2025-09-24 04:52:13.298 DEBUG com.kms.katalon.core.util.KeywordUtil    - ✓ Passed
2025-09-24 04:52:15.302 INFO  c.k.k.c.c.internal.VideoRecorderService  - Video recording for test case 'Test Cases/2000_tresult/Return Passed' .
2025-09-24 04:52:15.302 INFO  c.k.katalon.core.main.TestCaseExecutor   - END Test Cases/2000_tresult/Return Passed
2025-09-24 04:52:15.304 INFO  c.k.katalon.core.main.TestCaseExecutor   - --------------------
2025-09-24 04:52:15.304 INFO  c.k.katalon.core.main.TestCaseExecutor   - START Test Cases/2000_tresult/Return Passed
2025-09-24 04:52:15.309 DEBUG testcase.Return Passed                   - 1: markPassed("Passed")
2025-09-24 04:52:15.309 DEBUG com.kms.katalon.core.util.KeywordUtil    - ✓ Passed
2025-09-24 04:52:17.313 INFO  c.k.k.c.c.internal.VideoRecorderService  - Video recording for test case 'Test Cases/2000_tresult/Return Passed' .
2025-09-24 04:52:17.314 INFO  c.k.katalon.core.main.TestCaseExecutor   - END Test Cases/2000_tresult/Return Passed
2025-09-24 04:52:17.316 INFO  c.k.katalon.core.main.TestCaseExecutor   - --------------------
2025-09-24 04:52:17.316 INFO  c.k.katalon.core.main.TestCaseExecutor   - START Test Cases/2000_tresult/Return Passed
2025-09-24 04:52:17.327 DEBUG testcase.Return Passed                   - 1: markPassed("Passed")
2025-09-24 04:52:17.328 DEBUG com.kms.katalon.core.util.KeywordUtil    - ✓ Passed
2025-09-24 04:52:19.332 INFO  c.k.k.c.c.internal.VideoRecorderService  - Video recording for test case 'Test Cases/2000_tresult/Return Passed' .
2025-09-24 04:52:19.333 INFO  c.k.katalon.core.main.TestCaseExecutor   - END Test Cases/2000_tresult/Return Passed
2025-09-24 04:52:19.334 INFO  c.k.katalon.core.main.TestCaseExecutor   - --------------------
2025-09-24 04:52:19.334 INFO  c.k.katalon.core.main.TestCaseExecutor   - START Test Cases/2000_tresult/Return Passed
2025-09-24 04:52:19.339 DEBUG testcase.Return Passed                   - 1: markPassed("Passed")
2025-09-24 04:52:19.339 DEBUG com.kms.katalon.core.util.KeywordUtil    - ✓ Passed
2025-09-24 04:52:21.343 INFO  c.k.k.c.c.internal.VideoRecorderService  - Video recording for test case 'Test Cases/2000_tresult/Return Passed' .
2025-09-24 04:52:21.343 INFO  c.k.katalon.core.main.TestCaseExecutor   - END Test Cases/2000_tresult/Return Passed
2025-09-24 04:52:21.345 INFO  c.k.katalon.core.main.TestCaseExecutor   - --------------------
2025-09-24 04:52:21.345 INFO  c.k.katalon.core.main.TestCaseExecutor   - START Test Cases/2000_tresult/Return Passed
2025-09-24 04:52:21.352 DEBUG testcase.Return Passed                   - 1: markPassed("Passed")
2025-09-24 04:52:21.352 DEBUG com.kms.katalon.core.util.KeywordUtil    - ✓ Passed
2025-09-24 04:52:23.356 INFO  c.k.k.c.c.internal.VideoRecorderService  - Video recording for test case 'Test Cases/2000_tresult/Return Passed' .
2025-09-24 04:52:23.357 INFO  c.k.katalon.core.main.TestCaseExecutor   - END Test Cases/2000_tresult/Return Passed
2025-09-24 04:52:23.360 INFO  c.k.katalon.core.main.TestCaseExecutor   - --------------------
2025-09-24 04:52:23.360 INFO  c.k.katalon.core.main.TestCaseExecutor   - START Test Cases/2000_tresult/Return Passed
2025-09-24 04:52:23.366 DEBUG testcase.Return Passed                   - 1: markPassed("Passed")
2025-09-24 04:52:23.366 DEBUG com.kms.katalon.core.util.KeywordUtil    - ✓ Passed
2025-09-24 04:52:25.370 INFO  c.k.k.c.c.internal.VideoRecorderService  - Video recording for test case 'Test Cases/2000_tresult/Return Passed' .
2025-09-24 04:52:25.370 INFO  c.k.katalon.core.main.TestCaseExecutor   - END Test Cases/2000_tresult/Return Passed
2025-09-24 04:52:25.372 INFO  c.k.katalon.core.main.TestCaseExecutor   - --------------------
2025-09-24 04:52:25.372 INFO  c.k.katalon.core.main.TestCaseExecutor   - START Test Cases/2000_tresult/Return Passed
2025-09-24 04:52:25.377 DEBUG testcase.Return Passed                   - 1: markPassed("Passed")
2025-09-24 04:52:25.377 DEBUG com.kms.katalon.core.util.KeywordUtil    - ✓ Passed
2025-09-24 04:52:27.381 INFO  c.k.k.c.c.internal.VideoRecorderService  - Video recording for test case 'Test Cases/2000_tresult/Return Passed' .
2025-09-24 04:52:27.382 INFO  c.k.katalon.core.main.TestCaseExecutor   - END Test Cases/2000_tresult/Return Passed
2025-09-24 04:52:27.384 INFO  c.k.katalon.core.main.TestCaseExecutor   - --------------------
2025-09-24 04:52:27.384 INFO  c.k.katalon.core.main.TestCaseExecutor   - START Test Cases/2000_tresult/Return Passed
2025-09-24 04:52:27.392 DEBUG testcase.Return Passed                   - 1: markPassed("Passed")
2025-09-24 04:52:27.392 DEBUG com.kms.katalon.core.util.KeywordUtil    - ✓ Passed
2025-09-24 04:52:29.396 INFO  c.k.k.c.c.internal.VideoRecorderService  - Video recording for test case 'Test Cases/2000_tresult/Return Passed' .
2025-09-24 04:52:29.397 INFO  c.k.katalon.core.main.TestCaseExecutor   - END Test Cases/2000_tresult/Return Passed
2025-09-24 04:52:29.399 INFO  c.k.katalon.core.main.TestCaseExecutor   - --------------------
2025-09-24 04:52:29.399 INFO  c.k.katalon.core.main.TestCaseExecutor   - START Test Cases/2000_tresult/Return Passed
2025-09-24 04:52:29.404 DEBUG testcase.Return Passed                   - 1: markPassed("Passed")
2025-09-24 04:52:29.406 DEBUG com.kms.katalon.core.util.KeywordUtil    - ✓ Passed
2025-09-24 04:52:31.412 INFO  c.k.k.c.c.internal.VideoRecorderService  - Video recording for test case 'Test Cases/2000_tresult/Return Passed' .
2025-09-24 04:52:31.413 INFO  c.k.katalon.core.main.TestCaseExecutor   - END Test Cases/2000_tresult/Return Passed
2025-09-24 04:52:31.415 INFO  c.k.katalon.core.main.TestCaseExecutor   - --------------------
2025-09-24 04:52:31.415 INFO  c.k.katalon.core.main.TestCaseExecutor   - START Test Cases/2000_tresult/Return Passed
2025-09-24 04:52:31.421 DEBUG testcase.Return Passed                   - 1: markPassed("Passed")
2025-09-24 04:52:31.422 DEBUG com.kms.katalon.core.util.KeywordUtil    - ✓ Passed
2025-09-24 04:52:33.425 INFO  c.k.k.c.c.internal.VideoRecorderService  - Video recording for test case 'Test Cases/2000_tresult/Return Passed' .
2025-09-24 04:52:33.426 INFO  c.k.katalon.core.main.TestCaseExecutor   - END Test Cases/2000_tresult/Return Passed
2025-09-24 04:52:33.428 INFO  c.k.katalon.core.main.TestCaseExecutor   - --------------------
2025-09-24 04:52:33.428 INFO  c.k.katalon.core.main.TestCaseExecutor   - START Test Cases/2000_tresult/Return Passed
2025-09-24 04:52:33.434 DEBUG testcase.Return Passed                   - 1: markPassed("Passed")
2025-09-24 04:52:33.435 DEBUG com.kms.katalon.core.util.KeywordUtil    - ✓ Passed
2025-09-24 04:52:35.438 INFO  c.k.k.c.c.internal.VideoRecorderService  - Video recording for test case 'Test Cases/2000_tresult/Return Passed' .
2025-09-24 04:52:35.439 INFO  c.k.katalon.core.main.TestCaseExecutor   - END Test Cases/2000_tresult/Return Passed
2025-09-24 04:52:35.442 INFO  c.k.katalon.core.main.TestCaseExecutor   - --------------------
2025-09-24 04:52:35.442 INFO  c.k.katalon.core.main.TestCaseExecutor   - START Test Cases/2000_tresult/Return Passed
2025-09-24 04:52:35.448 DEBUG testcase.Return Passed                   - 1: markPassed("Passed")
2025-09-24 04:52:35.448 DEBUG com.kms.katalon.core.util.KeywordUtil    - ✓ Passed
2025-09-24 04:52:37.452 INFO  c.k.k.c.c.internal.VideoRecorderService  - Video recording for test case 'Test Cases/2000_tresult/Return Passed' .
2025-09-24 04:52:37.452 INFO  c.k.katalon.core.main.TestCaseExecutor   - END Test Cases/2000_tresult/Return Passed
2025-09-24 04:52:37.454 INFO  c.k.katalon.core.main.TestCaseExecutor   - --------------------
2025-09-24 04:52:37.454 INFO  c.k.katalon.core.main.TestCaseExecutor   - START Test Cases/2000_tresult/Return Passed
2025-09-24 04:52:37.458 DEBUG testcase.Return Passed                   - 1: markPassed("Passed")
2025-09-24 04:52:37.459 DEBUG com.kms.katalon.core.util.KeywordUtil    - ✓ Passed
2025-09-24 04:52:39.462 INFO  c.k.k.c.c.internal.VideoRecorderService  - Video recording for test case 'Test Cases/2000_tresult/Return Passed' .
2025-09-24 04:52:39.463 INFO  c.k.katalon.core.main.TestCaseExecutor   - END Test Cases/2000_tresult/Return Passed
2025-09-24 04:52:39.465 INFO  c.k.katalon.core.main.TestCaseExecutor   - --------------------
2025-09-24 04:52:39.465 INFO  c.k.katalon.core.main.TestCaseExecutor   - START Test Cases/2000_tresult/Return Passed
2025-09-24 04:52:39.487 DEBUG testcase.Return Passed                   - 1: markPassed("Passed")
2025-09-24 04:52:39.487 DEBUG com.kms.katalon.core.util.KeywordUtil    - ✓ Passed
2025-09-24 04:52:41.491 INFO  c.k.k.c.c.internal.VideoRecorderService  - Video recording for test case 'Test Cases/2000_tresult/Return Passed' .
2025-09-24 04:52:41.492 INFO  c.k.katalon.core.main.TestCaseExecutor   - END Test Cases/2000_tresult/Return Passed
2025-09-24 04:52:41.494 INFO  c.k.katalon.core.main.TestCaseExecutor   - --------------------
2025-09-24 04:52:41.494 INFO  c.k.katalon.core.main.TestCaseExecutor   - START Test Cases/2000_tresult/Return Passed
2025-09-24 04:52:41.498 DEBUG testcase.Return Passed                   - 1: markPassed("Passed")
2025-09-24 04:52:41.499 DEBUG com.kms.katalon.core.util.KeywordUtil    - ✓ Passed
2025-09-24 04:52:43.502 INFO  c.k.k.c.c.internal.VideoRecorderService  - Video recording for test case 'Test Cases/2000_tresult/Return Passed' .
2025-09-24 04:52:43.503 INFO  c.k.katalon.core.main.TestCaseExecutor   - END Test Cases/2000_tresult/Return Passed
2025-09-24 04:52:43.504 INFO  c.k.katalon.core.main.TestCaseExecutor   - --------------------
2025-09-24 04:52:43.504 INFO  c.k.katalon.core.main.TestCaseExecutor   - START Test Cases/2000_tresult/Return Passed
2025-09-24 04:52:43.508 DEBUG testcase.Return Passed                   - 1: markPassed("Passed")
2025-09-24 04:52:43.509 DEBUG com.kms.katalon.core.util.KeywordUtil    - ✓ Passed
2025-09-24 04:52:45.512 INFO  c.k.k.c.c.internal.VideoRecorderService  - Video recording for test case 'Test Cases/2000_tresult/Return Passed' .
2025-09-24 04:52:45.513 INFO  c.k.katalon.core.main.TestCaseExecutor   - END Test Cases/2000_tresult/Return Passed
2025-09-24 04:52:45.515 INFO  c.k.katalon.core.main.TestCaseExecutor   - --------------------
2025-09-24 04:52:45.515 INFO  c.k.katalon.core.main.TestCaseExecutor   - START Test Cases/2000_tresult/Return Passed
2025-09-24 04:52:45.520 DEBUG testcase.Return Passed                   - 1: markPassed("Passed")
2025-09-24 04:52:45.520 DEBUG com.kms.katalon.core.util.KeywordUtil    - ✓ Passed
2025-09-24 04:52:47.524 INFO  c.k.k.c.c.internal.VideoRecorderService  - Video recording for test case 'Test Cases/2000_tresult/Return Passed' .
2025-09-24 04:52:47.524 INFO  c.k.katalon.core.main.TestCaseExecutor   - END Test Cases/2000_tresult/Return Passed
2025-09-24 04:52:47.526 INFO  c.k.katalon.core.main.TestCaseExecutor   - --------------------
2025-09-24 04:52:47.526 INFO  c.k.katalon.core.main.TestCaseExecutor   - START Test Cases/2000_tresult/Return Passed
2025-09-24 04:52:47.531 DEBUG testcase.Return Passed                   - 1: markPassed("Passed")
2025-09-24 04:52:47.531 DEBUG com.kms.katalon.core.util.KeywordUtil    - ✓ Passed
2025-09-24 04:52:49.534 INFO  c.k.k.c.c.internal.VideoRecorderService  - Video recording for test case 'Test Cases/2000_tresult/Return Passed' .
2025-09-24 04:52:49.535 INFO  c.k.katalon.core.main.TestCaseExecutor   - END Test Cases/2000_tresult/Return Passed
2025-09-24 04:52:49.538 INFO  c.k.katalon.core.main.TestCaseExecutor   - --------------------
2025-09-24 04:52:49.538 INFO  c.k.katalon.core.main.TestCaseExecutor   - START Test Cases/2000_tresult/Return Passed
2025-09-24 04:52:49.543 DEBUG testcase.Return Passed                   - 1: markPassed("Passed")
2025-09-24 04:52:49.543 DEBUG com.kms.katalon.core.util.KeywordUtil    - ✓ Passed
2025-09-24 04:52:51.547 INFO  c.k.k.c.c.internal.VideoRecorderService  - Video recording for test case 'Test Cases/2000_tresult/Return Passed' .
2025-09-24 04:52:51.547 INFO  c.k.katalon.core.main.TestCaseExecutor   - END Test Cases/2000_tresult/Return Passed
2025-09-24 04:52:51.549 INFO  c.k.katalon.core.main.TestCaseExecutor   - --------------------
2025-09-24 04:52:51.549 INFO  c.k.katalon.core.main.TestCaseExecutor   - START Test Cases/2000_tresult/Return Passed
2025-09-24 04:52:51.554 DEBUG testcase.Return Passed                   - 1: markPassed("Passed")
2025-09-24 04:52:51.554 DEBUG com.kms.katalon.core.util.KeywordUtil    - ✓ Passed
2025-09-24 04:52:53.557 INFO  c.k.k.c.c.internal.VideoRecorderService  - Video recording for test case 'Test Cases/2000_tresult/Return Passed' .
2025-09-24 04:52:53.558 INFO  c.k.katalon.core.main.TestCaseExecutor   - END Test Cases/2000_tresult/Return Passed
2025-09-24 04:52:53.560 INFO  c.k.katalon.core.main.TestCaseExecutor   - --------------------
2025-09-24 04:52:53.560 INFO  c.k.katalon.core.main.TestCaseExecutor   - START Test Cases/2000_tresult/Return Passed
2025-09-24 04:52:53.564 DEBUG testcase.Return Passed                   - 1: markPassed("Passed")
2025-09-24 04:52:53.565 DEBUG com.kms.katalon.core.util.KeywordUtil    - ✓ Passed
2025-09-24 04:52:55.568 INFO  c.k.k.c.c.internal.VideoRecorderService  - Video recording for test case 'Test Cases/2000_tresult/Return Passed' .
2025-09-24 04:52:55.569 INFO  c.k.katalon.core.main.TestCaseExecutor   - END Test Cases/2000_tresult/Return Passed
2025-09-24 04:52:55.571 INFO  c.k.katalon.core.main.TestCaseExecutor   - --------------------
2025-09-24 04:52:55.571 INFO  c.k.katalon.core.main.TestCaseExecutor   - START Test Cases/2000_tresult/Return Passed
2025-09-24 04:52:55.575 DEBUG testcase.Return Passed                   - 1: markPassed("Passed")
2025-09-24 04:52:55.575 DEBUG com.kms.katalon.core.util.KeywordUtil    - ✓ Passed
2025-09-24 04:52:57.578 INFO  c.k.k.c.c.internal.VideoRecorderService  - Video recording for test case 'Test Cases/2000_tresult/Return Passed' .
2025-09-24 04:52:57.579 INFO  c.k.katalon.core.main.TestCaseExecutor   - END Test Cases/2000_tresult/Return Passed
2025-09-24 04:52:57.581 INFO  c.k.katalon.core.main.TestCaseExecutor   - --------------------
2025-09-24 04:52:57.581 INFO  c.k.katalon.core.main.TestCaseExecutor   - START Test Cases/2000_tresult/Return Passed
2025-09-24 04:52:57.585 DEBUG testcase.Return Passed                   - 1: markPassed("Passed")
2025-09-24 04:52:57.585 DEBUG com.kms.katalon.core.util.KeywordUtil    - ✓ Passed
2025-09-24 04:52:59.588 INFO  c.k.k.c.c.internal.VideoRecorderService  - Video recording for test case 'Test Cases/2000_tresult/Return Passed' .
2025-09-24 04:52:59.589 INFO  c.k.katalon.core.main.TestCaseExecutor   - END Test Cases/2000_tresult/Return Passed
2025-09-24 04:52:59.591 INFO  c.k.katalon.core.main.TestCaseExecutor   - --------------------
2025-09-24 04:52:59.591 INFO  c.k.katalon.core.main.TestCaseExecutor   - START Test Cases/2000_tresult/Return Passed
2025-09-24 04:52:59.601 DEBUG testcase.Return Passed                   - 1: markPassed("Passed")
2025-09-24 04:52:59.601 DEBUG com.kms.katalon.core.util.KeywordUtil    - ✓ Passed
2025-09-24 04:53:01.605 INFO  c.k.k.c.c.internal.VideoRecorderService  - Video recording for test case 'Test Cases/2000_tresult/Return Passed' .
2025-09-24 04:53:01.605 INFO  c.k.katalon.core.main.TestCaseExecutor   - END Test Cases/2000_tresult/Return Passed
2025-09-24 04:53:01.607 INFO  c.k.katalon.core.main.TestCaseExecutor   - --------------------
2025-09-24 04:53:01.607 INFO  c.k.katalon.core.main.TestCaseExecutor   - START Test Cases/2000_tresult/Return Passed
2025-09-24 04:53:01.612 DEBUG testcase.Return Passed                   - 1: markPassed("Passed")
2025-09-24 04:53:01.612 DEBUG com.kms.katalon.core.util.KeywordUtil    - ✓ Passed
2025-09-24 04:53:03.615 INFO  c.k.k.c.c.internal.VideoRecorderService  - Video recording for test case 'Test Cases/2000_tresult/Return Passed' .
2025-09-24 04:53:03.616 INFO  c.k.katalon.core.main.TestCaseExecutor   - END Test Cases/2000_tresult/Return Passed
2025-09-24 04:53:03.617 INFO  c.k.katalon.core.main.TestCaseExecutor   - --------------------
2025-09-24 04:53:03.617 INFO  c.k.katalon.core.main.TestCaseExecutor   - START Test Cases/2000_tresult/Return Passed
2025-09-24 04:53:03.638 DEBUG testcase.Return Passed                   - 1: markPassed("Passed")
2025-09-24 04:53:03.638 DEBUG com.kms.katalon.core.util.KeywordUtil    - ✓ Passed
2025-09-24 04:53:05.642 INFO  c.k.k.c.c.internal.VideoRecorderService  - Video recording for test case 'Test Cases/2000_tresult/Return Passed' .
2025-09-24 04:53:05.642 INFO  c.k.katalon.core.main.TestCaseExecutor   - END Test Cases/2000_tresult/Return Passed
2025-09-24 04:53:05.644 INFO  c.k.katalon.core.main.TestCaseExecutor   - --------------------
2025-09-24 04:53:05.644 INFO  c.k.katalon.core.main.TestCaseExecutor   - START Test Cases/2000_tresult/Return Passed
2025-09-24 04:53:05.648 DEBUG testcase.Return Passed                   - 1: markPassed("Passed")
2025-09-24 04:53:05.648 DEBUG com.kms.katalon.core.util.KeywordUtil    - ✓ Passed
2025-09-24 04:53:07.652 INFO  c.k.k.c.c.internal.VideoRecorderService  - Video recording for test case 'Test Cases/2000_tresult/Return Passed' .
2025-09-24 04:53:07.653 INFO  c.k.katalon.core.main.TestCaseExecutor   - END Test Cases/2000_tresult/Return Passed
2025-09-24 04:53:07.655 INFO  c.k.katalon.core.main.TestCaseExecutor   - --------------------
2025-09-24 04:53:07.655 INFO  c.k.katalon.core.main.TestCaseExecutor   - START Test Cases/2000_tresult/Return Passed
2025-09-24 04:53:07.660 DEBUG testcase.Return Passed                   - 1: markPassed("Passed")
2025-09-24 04:53:07.660 DEBUG com.kms.katalon.core.util.KeywordUtil    - ✓ Passed
2025-09-24 04:53:09.664 INFO  c.k.k.c.c.internal.VideoRecorderService  - Video recording for test case 'Test Cases/2000_tresult/Return Passed' .
2025-09-24 04:53:09.664 INFO  c.k.katalon.core.main.TestCaseExecutor   - END Test Cases/2000_tresult/Return Passed
2025-09-24 04:53:09.666 INFO  c.k.katalon.core.main.TestCaseExecutor   - --------------------
2025-09-24 04:53:09.666 INFO  c.k.katalon.core.main.TestCaseExecutor   - START Test Cases/2000_tresult/Return Passed
2025-09-24 04:53:09.671 DEBUG testcase.Return Passed                   - 1: markPassed("Passed")
2025-09-24 04:53:09.672 DEBUG com.kms.katalon.core.util.KeywordUtil    - ✓ Passed
2025-09-24 04:53:11.675 INFO  c.k.k.c.c.internal.VideoRecorderService  - Video recording for test case 'Test Cases/2000_tresult/Return Passed' .
2025-09-24 04:53:11.676 INFO  c.k.katalon.core.main.TestCaseExecutor   - END Test Cases/2000_tresult/Return Passed
2025-09-24 04:53:11.678 INFO  c.k.katalon.core.main.TestCaseExecutor   - --------------------
2025-09-24 04:53:11.678 INFO  c.k.katalon.core.main.TestCaseExecutor   - START Test Cases/2000_tresult/Return Passed
2025-09-24 04:53:11.683 DEBUG testcase.Return Passed                   - 1: markPassed("Passed")
2025-09-24 04:53:11.684 DEBUG com.kms.katalon.core.util.KeywordUtil    - ✓ Passed
2025-09-24 04:53:13.687 INFO  c.k.k.c.c.internal.VideoRecorderService  - Video recording for test case 'Test Cases/2000_tresult/Return Passed' .
2025-09-24 04:53:13.688 INFO  c.k.katalon.core.main.TestCaseExecutor   - END Test Cases/2000_tresult/Return Passed
2025-09-24 04:53:13.690 INFO  c.k.katalon.core.main.TestCaseExecutor   - --------------------
2025-09-24 04:53:13.691 INFO  c.k.katalon.core.main.TestCaseExecutor   - START Test Cases/2000_tresult/Return Passed
2025-09-24 04:53:13.696 DEBUG testcase.Return Passed                   - 1: markPassed("Passed")
2025-09-24 04:53:13.696 DEBUG com.kms.katalon.core.util.KeywordUtil    - ✓ Passed
2025-09-24 04:53:15.701 INFO  c.k.k.c.c.internal.VideoRecorderService  - Video recording for test case 'Test Cases/2000_tresult/Return Passed' .
2025-09-24 04:53:15.702 INFO  c.k.katalon.core.main.TestCaseExecutor   - END Test Cases/2000_tresult/Return Passed
2025-09-24 04:53:15.703 INFO  c.k.katalon.core.main.TestCaseExecutor   - --------------------
2025-09-24 04:53:15.703 INFO  c.k.katalon.core.main.TestCaseExecutor   - START Test Cases/2000_tresult/Return Passed
2025-09-24 04:53:15.708 DEBUG testcase.Return Passed                   - 1: markPassed("Passed")
2025-09-24 04:53:15.708 DEBUG com.kms.katalon.core.util.KeywordUtil    - ✓ Passed
2025-09-24 04:53:17.712 INFO  c.k.k.c.c.internal.VideoRecorderService  - Video recording for test case 'Test Cases/2000_tresult/Return Passed' .
2025-09-24 04:53:17.712 INFO  c.k.katalon.core.main.TestCaseExecutor   - END Test Cases/2000_tresult/Return Passed
2025-09-24 04:53:17.714 INFO  c.k.katalon.core.main.TestCaseExecutor   - --------------------
2025-09-24 04:53:17.714 INFO  c.k.katalon.core.main.TestCaseExecutor   - START Test Cases/2000_tresult/Return Passed
2025-09-24 04:53:17.718 DEBUG testcase.Return Passed                   - 1: markPassed("Passed")
2025-09-24 04:53:17.719 DEBUG com.kms.katalon.core.util.KeywordUtil    - ✓ Passed
2025-09-24 04:53:19.722 INFO  c.k.k.c.c.internal.VideoRecorderService  - Video recording for test case 'Test Cases/2000_tresult/Return Passed' .
2025-09-24 04:53:19.723 INFO  c.k.katalon.core.main.TestCaseExecutor   - END Test Cases/2000_tresult/Return Passed
2025-09-24 04:53:19.725 INFO  c.k.katalon.core.main.TestCaseExecutor   - --------------------
2025-09-24 04:53:19.725 INFO  c.k.katalon.core.main.TestCaseExecutor   - START Test Cases/2000_tresult/Return Passed
2025-09-24 04:53:19.729 DEBUG testcase.Return Passed                   - 1: markPassed("Passed")
2025-09-24 04:53:19.730 DEBUG com.kms.katalon.core.util.KeywordUtil    - ✓ Passed
2025-09-24 04:53:21.734 INFO  c.k.k.c.c.internal.VideoRecorderService  - Video recording for test case 'Test Cases/2000_tresult/Return Passed' .
2025-09-24 04:53:21.734 INFO  c.k.katalon.core.main.TestCaseExecutor   - END Test Cases/2000_tresult/Return Passed
2025-09-24 04:53:21.736 INFO  c.k.katalon.core.main.TestCaseExecutor   - --------------------
2025-09-24 04:53:21.736 INFO  c.k.katalon.core.main.TestCaseExecutor   - START Test Cases/2000_tresult/Return Passed
2025-09-24 04:53:21.740 DEBUG testcase.Return Passed                   - 1: markPassed("Passed")
2025-09-24 04:53:21.741 DEBUG com.kms.katalon.core.util.KeywordUtil    - ✓ Passed
2025-09-24 04:53:23.744 INFO  c.k.k.c.c.internal.VideoRecorderService  - Video recording for test case 'Test Cases/2000_tresult/Return Passed' .
2025-09-24 04:53:23.745 INFO  c.k.katalon.core.main.TestCaseExecutor   - END Test Cases/2000_tresult/Return Passed
2025-09-24 04:53:23.746 INFO  c.k.katalon.core.main.TestCaseExecutor   - --------------------
2025-09-24 04:53:23.747 INFO  c.k.katalon.core.main.TestCaseExecutor   - START Test Cases/2000_tresult/Return Passed
2025-09-24 04:53:23.750 DEBUG testcase.Return Passed                   - 1: markPassed("Passed")
2025-09-24 04:53:23.751 DEBUG com.kms.katalon.core.util.KeywordUtil    - ✓ Passed
2025-09-24 04:53:25.754 INFO  c.k.k.c.c.internal.VideoRecorderService  - Video recording for test case 'Test Cases/2000_tresult/Return Passed' .
2025-09-24 04:53:25.754 INFO  c.k.katalon.core.main.TestCaseExecutor   - END Test Cases/2000_tresult/Return Passed
2025-09-24 04:53:25.757 INFO  c.k.katalon.core.main.TestCaseExecutor   - --------------------
2025-09-24 04:53:25.757 INFO  c.k.katalon.core.main.TestCaseExecutor   - START Test Cases/2000_tresult/Return Passed
2025-09-24 04:53:25.761 DEBUG testcase.Return Passed                   - 1: markPassed("Passed")
2025-09-24 04:53:25.761 DEBUG com.kms.katalon.core.util.KeywordUtil    - ✓ Passed
2025-09-24 04:53:27.764 INFO  c.k.k.c.c.internal.VideoRecorderService  - Video recording for test case 'Test Cases/2000_tresult/Return Passed' .
2025-09-24 04:53:27.765 INFO  c.k.katalon.core.main.TestCaseExecutor   - END Test Cases/2000_tresult/Return Passed
2025-09-24 04:53:27.766 INFO  c.k.katalon.core.main.TestCaseExecutor   - --------------------
2025-09-24 04:53:27.766 INFO  c.k.katalon.core.main.TestCaseExecutor   - START Test Cases/2000_tresult/Return Passed
2025-09-24 04:53:27.774 DEBUG testcase.Return Passed                   - 1: markPassed("Passed")
2025-09-24 04:53:27.774 DEBUG com.kms.katalon.core.util.KeywordUtil    - ✓ Passed
2025-09-24 04:53:29.777 INFO  c.k.k.c.c.internal.VideoRecorderService  - Video recording for test case 'Test Cases/2000_tresult/Return Passed' .
2025-09-24 04:53:29.778 INFO  c.k.katalon.core.main.TestCaseExecutor   - END Test Cases/2000_tresult/Return Passed
2025-09-24 04:53:29.779 INFO  c.k.katalon.core.main.TestCaseExecutor   - --------------------
2025-09-24 04:53:29.779 INFO  c.k.katalon.core.main.TestCaseExecutor   - START Test Cases/2000_tresult/Return Passed
2025-09-24 04:53:29.784 DEBUG testcase.Return Passed                   - 1: markPassed("Passed")
2025-09-24 04:53:29.784 DEBUG com.kms.katalon.core.util.KeywordUtil    - ✓ Passed
2025-09-24 04:53:31.787 INFO  c.k.k.c.c.internal.VideoRecorderService  - Video recording for test case 'Test Cases/2000_tresult/Return Passed' .
2025-09-24 04:53:31.788 INFO  c.k.katalon.core.main.TestCaseExecutor   - END Test Cases/2000_tresult/Return Passed
2025-09-24 04:53:31.789 INFO  c.k.katalon.core.main.TestCaseExecutor   - --------------------
2025-09-24 04:53:31.790 INFO  c.k.katalon.core.main.TestCaseExecutor   - START Test Cases/2000_tresult/Return Passed
2025-09-24 04:53:31.796 DEBUG testcase.Return Passed                   - 1: markPassed("Passed")
2025-09-24 04:53:31.796 DEBUG com.kms.katalon.core.util.KeywordUtil    - ✓ Passed
2025-09-24 04:53:33.800 INFO  c.k.k.c.c.internal.VideoRecorderService  - Video recording for test case 'Test Cases/2000_tresult/Return Passed' .
2025-09-24 04:53:33.801 INFO  c.k.katalon.core.main.TestCaseExecutor   - END Test Cases/2000_tresult/Return Passed
2025-09-24 04:53:33.805 INFO  c.k.katalon.core.main.TestCaseExecutor   - --------------------
2025-09-24 04:53:33.806 INFO  c.k.katalon.core.main.TestCaseExecutor   - START Test Cases/2000_tresult/Return Passed
2025-09-24 04:53:33.810 DEBUG testcase.Return Passed                   - 1: markPassed("Passed")
2025-09-24 04:53:33.810 DEBUG com.kms.katalon.core.util.KeywordUtil    - ✓ Passed
2025-09-24 04:53:35.814 INFO  c.k.k.c.c.internal.VideoRecorderService  - Video recording for test case 'Test Cases/2000_tresult/Return Passed' .
2025-09-24 04:53:35.814 INFO  c.k.katalon.core.main.TestCaseExecutor   - END Test Cases/2000_tresult/Return Passed
2025-09-24 04:53:35.816 INFO  c.k.katalon.core.main.TestCaseExecutor   - --------------------
2025-09-24 04:53:35.816 INFO  c.k.katalon.core.main.TestCaseExecutor   - START Test Cases/2000_tresult/Return Passed
2025-09-24 04:53:35.820 DEBUG testcase.Return Passed                   - 1: markPassed("Passed")
2025-09-24 04:53:35.820 DEBUG com.kms.katalon.core.util.KeywordUtil    - ✓ Passed
2025-09-24 04:53:37.823 INFO  c.k.k.c.c.internal.VideoRecorderService  - Video recording for test case 'Test Cases/2000_tresult/Return Passed' .
2025-09-24 04:53:37.824 INFO  c.k.katalon.core.main.TestCaseExecutor   - END Test Cases/2000_tresult/Return Passed
2025-09-24 04:53:37.825 INFO  c.k.katalon.core.main.TestCaseExecutor   - --------------------
2025-09-24 04:53:37.825 INFO  c.k.katalon.core.main.TestCaseExecutor   - START Test Cases/2000_tresult/Return Passed
2025-09-24 04:53:37.831 DEBUG testcase.Return Passed                   - 1: markPassed("Passed")
2025-09-24 04:53:37.831 DEBUG com.kms.katalon.core.util.KeywordUtil    - ✓ Passed
2025-09-24 04:53:39.835 INFO  c.k.k.c.c.internal.VideoRecorderService  - Video recording for test case 'Test Cases/2000_tresult/Return Passed' .
2025-09-24 04:53:39.836 INFO  c.k.katalon.core.main.TestCaseExecutor   - END Test Cases/2000_tresult/Return Passed
2025-09-24 04:53:39.840 INFO  c.k.katalon.core.main.TestCaseExecutor   - --------------------
2025-09-24 04:53:39.840 INFO  c.k.katalon.core.main.TestCaseExecutor   - START Test Cases/2000_tresult/Return Passed
2025-09-24 04:53:39.845 DEBUG testcase.Return Passed                   - 1: markPassed("Passed")
2025-09-24 04:53:39.846 DEBUG com.kms.katalon.core.util.KeywordUtil    - ✓ Passed
2025-09-24 04:53:41.849 INFO  c.k.k.c.c.internal.VideoRecorderService  - Video recording for test case 'Test Cases/2000_tresult/Return Passed' .
2025-09-24 04:53:41.850 INFO  c.k.katalon.core.main.TestCaseExecutor   - END Test Cases/2000_tresult/Return Passed
2025-09-24 04:53:41.852 INFO  c.k.katalon.core.main.TestCaseExecutor   - --------------------
2025-09-24 04:53:41.852 INFO  c.k.katalon.core.main.TestCaseExecutor   - START Test Cases/2000_tresult/Return Passed
2025-09-24 04:53:41.856 DEBUG testcase.Return Passed                   - 1: markPassed("Passed")
2025-09-24 04:53:41.856 DEBUG com.kms.katalon.core.util.KeywordUtil    - ✓ Passed
2025-09-24 04:53:43.860 INFO  c.k.k.c.c.internal.VideoRecorderService  - Video recording for test case 'Test Cases/2000_tresult/Return Passed' .
2025-09-24 04:53:43.860 INFO  c.k.katalon.core.main.TestCaseExecutor   - END Test Cases/2000_tresult/Return Passed
2025-09-24 04:53:43.862 INFO  c.k.katalon.core.main.TestCaseExecutor   - --------------------
2025-09-24 04:53:43.862 INFO  c.k.katalon.core.main.TestCaseExecutor   - START Test Cases/2000_tresult/Return Passed
2025-09-24 04:53:43.866 DEBUG testcase.Return Passed                   - 1: markPassed("Passed")
2025-09-24 04:53:43.866 DEBUG com.kms.katalon.core.util.KeywordUtil    - ✓ Passed
2025-09-24 04:53:45.870 INFO  c.k.k.c.c.internal.VideoRecorderService  - Video recording for test case 'Test Cases/2000_tresult/Return Passed' .
2025-09-24 04:53:45.870 INFO  c.k.katalon.core.main.TestCaseExecutor   - END Test Cases/2000_tresult/Return Passed
2025-09-24 04:53:45.872 INFO  c.k.katalon.core.main.TestCaseExecutor   - --------------------
2025-09-24 04:53:45.872 INFO  c.k.katalon.core.main.TestCaseExecutor   - START Test Cases/2000_tresult/Return Passed
2025-09-24 04:53:45.876 DEBUG testcase.Return Passed                   - 1: markPassed("Passed")
2025-09-24 04:53:45.876 DEBUG com.kms.katalon.core.util.KeywordUtil    - ✓ Passed
2025-09-24 04:53:47.879 INFO  c.k.k.c.c.internal.VideoRecorderService  - Video recording for test case 'Test Cases/2000_tresult/Return Passed' .
2025-09-24 04:53:47.880 INFO  c.k.katalon.core.main.TestCaseExecutor   - END Test Cases/2000_tresult/Return Passed
2025-09-24 04:53:47.882 INFO  c.k.katalon.core.main.TestCaseExecutor   - --------------------
2025-09-24 04:53:47.882 INFO  c.k.katalon.core.main.TestCaseExecutor   - START Test Cases/2000_tresult/Return Passed
2025-09-24 04:53:47.886 DEBUG testcase.Return Passed                   - 1: markPassed("Passed")
2025-09-24 04:53:47.886 DEBUG com.kms.katalon.core.util.KeywordUtil    - ✓ Passed
2025-09-24 04:53:49.890 INFO  c.k.k.c.c.internal.VideoRecorderService  - Video recording for test case 'Test Cases/2000_tresult/Return Passed' .
2025-09-24 04:53:49.890 INFO  c.k.katalon.core.main.TestCaseExecutor   - END Test Cases/2000_tresult/Return Passed
2025-09-24 04:53:49.892 INFO  c.k.katalon.core.main.TestCaseExecutor   - --------------------
2025-09-24 04:53:49.892 INFO  c.k.katalon.core.main.TestCaseExecutor   - START Test Cases/2000_tresult/Return Passed
2025-09-24 04:53:49.896 DEBUG testcase.Return Passed                   - 1: markPassed("Passed")
2025-09-24 04:53:49.896 DEBUG com.kms.katalon.core.util.KeywordUtil    - ✓ Passed
2025-09-24 04:53:51.900 INFO  c.k.k.c.c.internal.VideoRecorderService  - Video recording for test case 'Test Cases/2000_tresult/Return Passed' .
2025-09-24 04:53:51.900 INFO  c.k.katalon.core.main.TestCaseExecutor   - END Test Cases/2000_tresult/Return Passed
2025-09-24 04:53:51.902 INFO  c.k.katalon.core.main.TestCaseExecutor   - --------------------
2025-09-24 04:53:51.902 INFO  c.k.katalon.core.main.TestCaseExecutor   - START Test Cases/2000_tresult/Return Passed
2025-09-24 04:53:51.908 DEBUG testcase.Return Passed                   - 1: markPassed("Passed")
2025-09-24 04:53:51.908 DEBUG com.kms.katalon.core.util.KeywordUtil    - ✓ Passed
2025-09-24 04:53:53.912 INFO  c.k.k.c.c.internal.VideoRecorderService  - Video recording for test case 'Test Cases/2000_tresult/Return Passed' .
2025-09-24 04:53:53.912 INFO  c.k.katalon.core.main.TestCaseExecutor   - END Test Cases/2000_tresult/Return Passed
2025-09-24 04:53:53.917 INFO  c.k.katalon.core.main.TestCaseExecutor   - --------------------
2025-09-24 04:53:53.917 INFO  c.k.katalon.core.main.TestCaseExecutor   - START Test Cases/2000_tresult/Return Passed
2025-09-24 04:53:53.921 DEBUG testcase.Return Passed                   - 1: markPassed("Passed")
2025-09-24 04:53:53.922 DEBUG com.kms.katalon.core.util.KeywordUtil    - ✓ Passed
2025-09-24 04:53:55.925 INFO  c.k.k.c.c.internal.VideoRecorderService  - Video recording for test case 'Test Cases/2000_tresult/Return Passed' .
2025-09-24 04:53:55.925 INFO  c.k.katalon.core.main.TestCaseExecutor   - END Test Cases/2000_tresult/Return Passed
2025-09-24 04:53:55.927 INFO  c.k.katalon.core.main.TestCaseExecutor   - --------------------
2025-09-24 04:53:55.927 INFO  c.k.katalon.core.main.TestCaseExecutor   - START Test Cases/2000_tresult/Return Passed
2025-09-24 04:53:55.931 DEBUG testcase.Return Passed                   - 1: markPassed("Passed")
2025-09-24 04:53:55.932 DEBUG com.kms.katalon.core.util.KeywordUtil    - ✓ Passed
2025-09-24 04:53:57.935 INFO  c.k.k.c.c.internal.VideoRecorderService  - Video recording for test case 'Test Cases/2000_tresult/Return Passed' .
2025-09-24 04:53:57.936 INFO  c.k.katalon.core.main.TestCaseExecutor   - END Test Cases/2000_tresult/Return Passed
2025-09-24 04:53:57.937 INFO  c.k.katalon.core.main.TestCaseExecutor   - --------------------
2025-09-24 04:53:57.938 INFO  c.k.katalon.core.main.TestCaseExecutor   - START Test Cases/2000_tresult/Return Passed
2025-09-24 04:53:57.943 DEBUG testcase.Return Passed                   - 1: markPassed("Passed")
2025-09-24 04:53:57.943 DEBUG com.kms.katalon.core.util.KeywordUtil    - ✓ Passed
2025-09-24 04:53:59.946 INFO  c.k.k.c.c.internal.VideoRecorderService  - Video recording for test case 'Test Cases/2000_tresult/Return Passed' .
2025-09-24 04:53:59.947 INFO  c.k.katalon.core.main.TestCaseExecutor   - END Test Cases/2000_tresult/Return Passed
2025-09-24 04:53:59.949 INFO  c.k.katalon.core.main.TestCaseExecutor   - --------------------
2025-09-24 04:53:59.949 INFO  c.k.katalon.core.main.TestCaseExecutor   - START Test Cases/2000_tresult/Return Passed
2025-09-24 04:53:59.957 DEBUG testcase.Return Passed                   - 1: markPassed("Passed")
2025-09-24 04:53:59.957 DEBUG com.kms.katalon.core.util.KeywordUtil    - ✓ Passed
2025-09-24 04:54:01.960 INFO  c.k.k.c.c.internal.VideoRecorderService  - Video recording for test case 'Test Cases/2000_tresult/Return Passed' .
2025-09-24 04:54:01.961 INFO  c.k.katalon.core.main.TestCaseExecutor   - END Test Cases/2000_tresult/Return Passed
2025-09-24 04:54:01.962 INFO  c.k.katalon.core.main.TestCaseExecutor   - --------------------
2025-09-24 04:54:01.962 INFO  c.k.katalon.core.main.TestCaseExecutor   - START Test Cases/2000_tresult/Return Passed
2025-09-24 04:54:01.966 DEBUG testcase.Return Passed                   - 1: markPassed("Passed")
2025-09-24 04:54:01.966 DEBUG com.kms.katalon.core.util.KeywordUtil    - ✓ Passed
2025-09-24 04:54:03.970 INFO  c.k.k.c.c.internal.VideoRecorderService  - Video recording for test case 'Test Cases/2000_tresult/Return Passed' .
2025-09-24 04:54:03.970 INFO  c.k.katalon.core.main.TestCaseExecutor   - END Test Cases/2000_tresult/Return Passed
2025-09-24 04:54:03.973 INFO  c.k.katalon.core.main.TestCaseExecutor   - --------------------
2025-09-24 04:54:03.973 INFO  c.k.katalon.core.main.TestCaseExecutor   - START Test Cases/2000_tresult/Return Passed
2025-09-24 04:54:03.976 DEBUG testcase.Return Passed                   - 1: markPassed("Passed")
2025-09-24 04:54:03.977 DEBUG com.kms.katalon.core.util.KeywordUtil    - ✓ Passed
2025-09-24 04:54:05.980 INFO  c.k.k.c.c.internal.VideoRecorderService  - Video recording for test case 'Test Cases/2000_tresult/Return Passed' .
2025-09-24 04:54:05.980 INFO  c.k.katalon.core.main.TestCaseExecutor   - END Test Cases/2000_tresult/Return Passed
2025-09-24 04:54:05.982 INFO  c.k.katalon.core.main.TestCaseExecutor   - --------------------
2025-09-24 04:54:05.982 INFO  c.k.katalon.core.main.TestCaseExecutor   - START Test Cases/2000_tresult/Return Passed
2025-09-24 04:54:05.986 DEBUG testcase.Return Passed                   - 1: markPassed("Passed")
2025-09-24 04:54:05.986 DEBUG com.kms.katalon.core.util.KeywordUtil    - ✓ Passed
2025-09-24 04:54:07.989 INFO  c.k.k.c.c.internal.VideoRecorderService  - Video recording for test case 'Test Cases/2000_tresult/Return Passed' .
2025-09-24 04:54:07.990 INFO  c.k.katalon.core.main.TestCaseExecutor   - END Test Cases/2000_tresult/Return Passed
2025-09-24 04:54:07.992 INFO  c.k.katalon.core.main.TestCaseExecutor   - --------------------
2025-09-24 04:54:07.992 INFO  c.k.katalon.core.main.TestCaseExecutor   - START Test Cases/2000_tresult/Return Passed
2025-09-24 04:54:07.995 DEBUG testcase.Return Passed                   - 1: markPassed("Passed")
2025-09-24 04:54:07.996 DEBUG com.kms.katalon.core.util.KeywordUtil    - ✓ Passed
2025-09-24 04:54:09.999 INFO  c.k.k.c.c.internal.VideoRecorderService  - Video recording for test case 'Test Cases/2000_tresult/Return Passed' .
2025-09-24 04:54:10.000 INFO  c.k.katalon.core.main.TestCaseExecutor   - END Test Cases/2000_tresult/Return Passed
2025-09-24 04:54:10.003 INFO  c.k.katalon.core.main.TestCaseExecutor   - --------------------
2025-09-24 04:54:10.003 INFO  c.k.katalon.core.main.TestCaseExecutor   - START Test Cases/2000_tresult/Return Passed
2025-09-24 04:54:10.008 DEBUG testcase.Return Passed                   - 1: markPassed("Passed")
2025-09-24 04:54:10.008 DEBUG com.kms.katalon.core.util.KeywordUtil    - ✓ Passed
2025-09-24 04:54:12.012 INFO  c.k.k.c.c.internal.VideoRecorderService  - Video recording for test case 'Test Cases/2000_tresult/Return Passed' .
2025-09-24 04:54:12.012 INFO  c.k.katalon.core.main.TestCaseExecutor   - END Test Cases/2000_tresult/Return Passed
2025-09-24 04:54:12.014 INFO  c.k.katalon.core.main.TestCaseExecutor   - --------------------
2025-09-24 04:54:12.014 INFO  c.k.katalon.core.main.TestCaseExecutor   - START Test Cases/2000_tresult/Return Passed
2025-09-24 04:54:12.018 DEBUG testcase.Return Passed                   - 1: markPassed("Passed")
2025-09-24 04:54:12.018 DEBUG com.kms.katalon.core.util.KeywordUtil    - ✓ Passed
2025-09-24 04:54:14.022 INFO  c.k.k.c.c.internal.VideoRecorderService  - Video recording for test case 'Test Cases/2000_tresult/Return Passed' .
2025-09-24 04:54:14.022 INFO  c.k.katalon.core.main.TestCaseExecutor   - END Test Cases/2000_tresult/Return Passed
2025-09-24 04:54:14.024 INFO  c.k.katalon.core.main.TestCaseExecutor   - --------------------
2025-09-24 04:54:14.024 INFO  c.k.katalon.core.main.TestCaseExecutor   - START Test Cases/2000_tresult/Return Passed
2025-09-24 04:54:14.027 DEBUG testcase.Return Passed                   - 1: markPassed("Passed")
2025-09-24 04:54:14.028 DEBUG com.kms.katalon.core.util.KeywordUtil    - ✓ Passed
2025-09-24 04:54:16.031 INFO  c.k.k.c.c.internal.VideoRecorderService  - Video recording for test case 'Test Cases/2000_tresult/Return Passed' .
2025-09-24 04:54:16.031 INFO  c.k.katalon.core.main.TestCaseExecutor   - END Test Cases/2000_tresult/Return Passed
2025-09-24 04:54:16.034 INFO  c.k.katalon.core.main.TestCaseExecutor   - --------------------
2025-09-24 04:54:16.034 INFO  c.k.katalon.core.main.TestCaseExecutor   - START Test Cases/2000_tresult/Return Passed
2025-09-24 04:54:16.039 DEBUG testcase.Return Passed                   - 1: markPassed("Passed")
2025-09-24 04:54:16.040 DEBUG com.kms.katalon.core.util.KeywordUtil    - ✓ Passed
2025-09-24 04:54:18.043 INFO  c.k.k.c.c.internal.VideoRecorderService  - Video recording for test case 'Test Cases/2000_tresult/Return Passed' .
2025-09-24 04:54:18.044 INFO  c.k.katalon.core.main.TestCaseExecutor   - END Test Cases/2000_tresult/Return Passed
2025-09-24 04:54:18.045 INFO  c.k.katalon.core.main.TestCaseExecutor   - --------------------
2025-09-24 04:54:18.045 INFO  c.k.katalon.core.main.TestCaseExecutor   - START Test Cases/2000_tresult/Return Passed
2025-09-24 04:54:18.049 DEBUG testcase.Return Passed                   - 1: markPassed("Passed")
2025-09-24 04:54:18.050 DEBUG com.kms.katalon.core.util.KeywordUtil    - ✓ Passed
2025-09-24 04:54:20.053 INFO  c.k.k.c.c.internal.VideoRecorderService  - Video recording for test case 'Test Cases/2000_tresult/Return Passed' .
2025-09-24 04:54:20.053 INFO  c.k.katalon.core.main.TestCaseExecutor   - END Test Cases/2000_tresult/Return Passed
2025-09-24 04:54:20.055 INFO  c.k.katalon.core.main.TestCaseExecutor   - --------------------
2025-09-24 04:54:20.055 INFO  c.k.katalon.core.main.TestCaseExecutor   - START Test Cases/2000_tresult/Return Passed
2025-09-24 04:54:20.065 DEBUG testcase.Return Passed                   - 1: markPassed("Passed")
2025-09-24 04:54:20.065 DEBUG com.kms.katalon.core.util.KeywordUtil    - ✓ Passed
2025-09-24 04:54:22.068 INFO  c.k.k.c.c.internal.VideoRecorderService  - Video recording for test case 'Test Cases/2000_tresult/Return Passed' .
2025-09-24 04:54:22.068 INFO  c.k.katalon.core.main.TestCaseExecutor   - END Test Cases/2000_tresult/Return Passed
2025-09-24 04:54:22.071 INFO  c.k.katalon.core.main.TestCaseExecutor   - --------------------
2025-09-24 04:54:22.071 INFO  c.k.katalon.core.main.TestCaseExecutor   - START Test Cases/2000_tresult/Return Passed
2025-09-24 04:54:22.075 DEBUG testcase.Return Passed                   - 1: markPassed("Passed")
2025-09-24 04:54:22.075 DEBUG com.kms.katalon.core.util.KeywordUtil    - ✓ Passed
2025-09-24 04:54:24.078 INFO  c.k.k.c.c.internal.VideoRecorderService  - Video recording for test case 'Test Cases/2000_tresult/Return Passed' .
2025-09-24 04:54:24.078 INFO  c.k.katalon.core.main.TestCaseExecutor   - END Test Cases/2000_tresult/Return Passed
2025-09-24 04:54:24.080 INFO  c.k.katalon.core.main.TestCaseExecutor   - --------------------
2025-09-24 04:54:24.080 INFO  c.k.katalon.core.main.TestCaseExecutor   - START Test Cases/2000_tresult/Return Passed
2025-09-24 04:54:24.083 DEBUG testcase.Return Passed                   - 1: markPassed("Passed")
2025-09-24 04:54:24.084 DEBUG com.kms.katalon.core.util.KeywordUtil    - ✓ Passed
2025-09-24 04:54:26.087 INFO  c.k.k.c.c.internal.VideoRecorderService  - Video recording for test case 'Test Cases/2000_tresult/Return Passed' .
2025-09-24 04:54:26.087 INFO  c.k.katalon.core.main.TestCaseExecutor   - END Test Cases/2000_tresult/Return Passed
2025-09-24 04:54:26.089 INFO  c.k.katalon.core.main.TestCaseExecutor   - --------------------
2025-09-24 04:54:26.090 INFO  c.k.katalon.core.main.TestCaseExecutor   - START Test Cases/2000_tresult/Return Passed
2025-09-24 04:54:26.093 DEBUG testcase.Return Passed                   - 1: markPassed("Passed")
2025-09-24 04:54:26.094 DEBUG com.kms.katalon.core.util.KeywordUtil    - ✓ Passed
2025-09-24 04:54:28.097 INFO  c.k.k.c.c.internal.VideoRecorderService  - Video recording for test case 'Test Cases/2000_tresult/Return Passed' .
2025-09-24 04:54:28.097 INFO  c.k.katalon.core.main.TestCaseExecutor   - END Test Cases/2000_tresult/Return Passed
2025-09-24 04:54:28.117 INFO  c.k.katalon.core.main.TestSuiteExecutor  - --------------------
2025-09-24 04:54:28.117 INFO  c.k.katalon.core.main.TestSuiteExecutor  - END Test Suites/100_tc
2025-09-24 04:54:28.117 INFO  c.k.katalon.core.main.TestSuiteExecutor  - ====================
