2025-09-24 07:43:48.686 INFO  c.k.katalon.core.main.TestSuiteExecutor  - START Test Suites/100_tc
2025-09-24 07:43:48.735 INFO  c.k.katalon.core.main.TestSuiteExecutor  - userFullName = Man Hua
2025-09-24 07:43:48.736 INFO  c.k.katalon.core.main.TestSuiteExecutor  - projectName = Demo-Bulk-Operation
2025-09-24 07:43:48.736 INFO  c.k.katalon.core.main.TestSuiteExecutor  - hostName = agent - 14475linalllatest-778646-katalon-agent-qbckr
2025-09-24 07:43:48.737 INFO  c.k.katalon.core.main.TestSuiteExecutor  - os = Linux 64bit
2025-09-24 07:43:48.737 INFO  c.k.katalon.core.main.TestSuiteExecutor  - hostAddress = 10.10.10.150
2025-09-24 07:43:48.738 INFO  c.k.katalon.core.main.TestSuiteExecutor  - katalonVersion = 10.3.1.0
2025-09-24 07:43:49.048 INFO  c.k.katalon.core.main.TestCaseExecutor   - --------------------
2025-09-24 07:43:49.048 INFO  c.k.katalon.core.main.TestCaseExecutor   - START Test Cases/2000_tresult/Return Passed
2025-09-24 07:43:49.141 DEBUG testcase.Return Passed                   - 1: markPassed("Passed")
2025-09-24 07:43:49.144 DEBUG com.kms.katalon.core.util.KeywordUtil    - ✓ Passed
2025-09-24 07:43:51.157 INFO  c.k.k.c.c.internal.VideoRecorderService  - Video recording for test case 'Test Cases/2000_tresult/Return Passed' .
2025-09-24 07:43:51.159 INFO  c.k.katalon.core.main.TestCaseExecutor   - END Test Cases/2000_tresult/Return Passed
2025-09-24 07:43:51.164 INFO  c.k.katalon.core.main.TestCaseExecutor   - --------------------
2025-09-24 07:43:51.164 INFO  c.k.katalon.core.main.TestCaseExecutor   - START Test Cases/2000_tresult/Return Passed
2025-09-24 07:43:51.177 DEBUG testcase.Return Passed                   - 1: markPassed("Passed")
2025-09-24 07:43:51.178 DEBUG com.kms.katalon.core.util.KeywordUtil    - ✓ Passed
2025-09-24 07:43:53.187 INFO  c.k.k.c.c.internal.VideoRecorderService  - Video recording for test case 'Test Cases/2000_tresult/Return Passed' .
2025-09-24 07:43:53.189 INFO  c.k.katalon.core.main.TestCaseExecutor   - END Test Cases/2000_tresult/Return Passed
2025-09-24 07:43:53.201 INFO  c.k.katalon.core.main.TestCaseExecutor   - --------------------
2025-09-24 07:43:53.201 INFO  c.k.katalon.core.main.TestCaseExecutor   - START Test Cases/2000_tresult/Return Passed
2025-09-24 07:43:53.214 DEBUG testcase.Return Passed                   - 1: markPassed("Passed")
2025-09-24 07:43:53.215 DEBUG com.kms.katalon.core.util.KeywordUtil    - ✓ Passed
2025-09-24 07:43:55.219 INFO  c.k.k.c.c.internal.VideoRecorderService  - Video recording for test case 'Test Cases/2000_tresult/Return Passed' .
2025-09-24 07:43:55.221 INFO  c.k.katalon.core.main.TestCaseExecutor   - END Test Cases/2000_tresult/Return Passed
2025-09-24 07:43:55.223 INFO  c.k.katalon.core.main.TestCaseExecutor   - --------------------
2025-09-24 07:43:55.223 INFO  c.k.katalon.core.main.TestCaseExecutor   - START Test Cases/2000_tresult/Return Passed
2025-09-24 07:43:55.236 DEBUG testcase.Return Passed                   - 1: markPassed("Passed")
2025-09-24 07:43:55.237 DEBUG com.kms.katalon.core.util.KeywordUtil    - ✓ Passed
2025-09-24 07:43:57.242 INFO  c.k.k.c.c.internal.VideoRecorderService  - Video recording for test case 'Test Cases/2000_tresult/Return Passed' .
2025-09-24 07:43:57.242 INFO  c.k.katalon.core.main.TestCaseExecutor   - END Test Cases/2000_tresult/Return Passed
2025-09-24 07:43:57.246 INFO  c.k.katalon.core.main.TestCaseExecutor   - --------------------
2025-09-24 07:43:57.246 INFO  c.k.katalon.core.main.TestCaseExecutor   - START Test Cases/2000_tresult/Return Passed
2025-09-24 07:43:57.252 DEBUG testcase.Return Passed                   - 1: markPassed("Passed")
2025-09-24 07:43:57.253 DEBUG com.kms.katalon.core.util.KeywordUtil    - ✓ Passed
2025-09-24 07:43:59.257 INFO  c.k.k.c.c.internal.VideoRecorderService  - Video recording for test case 'Test Cases/2000_tresult/Return Passed' .
2025-09-24 07:43:59.258 INFO  c.k.katalon.core.main.TestCaseExecutor   - END Test Cases/2000_tresult/Return Passed
2025-09-24 07:43:59.260 INFO  c.k.katalon.core.main.TestCaseExecutor   - --------------------
2025-09-24 07:43:59.260 INFO  c.k.katalon.core.main.TestCaseExecutor   - START Test Cases/2000_tresult/Return Passed
2025-09-24 07:43:59.268 DEBUG testcase.Return Passed                   - 1: markPassed("Passed")
2025-09-24 07:43:59.269 DEBUG com.kms.katalon.core.util.KeywordUtil    - ✓ Passed
2025-09-24 07:44:01.273 INFO  c.k.k.c.c.internal.VideoRecorderService  - Video recording for test case 'Test Cases/2000_tresult/Return Passed' .
2025-09-24 07:44:01.274 INFO  c.k.katalon.core.main.TestCaseExecutor   - END Test Cases/2000_tresult/Return Passed
2025-09-24 07:44:01.276 INFO  c.k.katalon.core.main.TestCaseExecutor   - --------------------
2025-09-24 07:44:01.277 INFO  c.k.katalon.core.main.TestCaseExecutor   - START Test Cases/2000_tresult/Return Passed
2025-09-24 07:44:01.284 DEBUG testcase.Return Passed                   - 1: markPassed("Passed")
2025-09-24 07:44:01.284 DEBUG com.kms.katalon.core.util.KeywordUtil    - ✓ Passed
2025-09-24 07:44:03.288 INFO  c.k.k.c.c.internal.VideoRecorderService  - Video recording for test case 'Test Cases/2000_tresult/Return Passed' .
2025-09-24 07:44:03.289 INFO  c.k.katalon.core.main.TestCaseExecutor   - END Test Cases/2000_tresult/Return Passed
2025-09-24 07:44:03.292 INFO  c.k.katalon.core.main.TestCaseExecutor   - --------------------
2025-09-24 07:44:03.292 INFO  c.k.katalon.core.main.TestCaseExecutor   - START Test Cases/2000_tresult/Return Passed
2025-09-24 07:44:03.297 DEBUG testcase.Return Passed                   - 1: markPassed("Passed")
2025-09-24 07:44:03.297 DEBUG com.kms.katalon.core.util.KeywordUtil    - ✓ Passed
2025-09-24 07:44:05.301 INFO  c.k.k.c.c.internal.VideoRecorderService  - Video recording for test case 'Test Cases/2000_tresult/Return Passed' .
2025-09-24 07:44:05.302 INFO  c.k.katalon.core.main.TestCaseExecutor   - END Test Cases/2000_tresult/Return Passed
2025-09-24 07:44:05.308 INFO  c.k.katalon.core.main.TestCaseExecutor   - --------------------
2025-09-24 07:44:05.308 INFO  c.k.katalon.core.main.TestCaseExecutor   - START Test Cases/2000_tresult/Return Passed
2025-09-24 07:44:05.314 DEBUG testcase.Return Passed                   - 1: markPassed("Passed")
2025-09-24 07:44:05.314 DEBUG com.kms.katalon.core.util.KeywordUtil    - ✓ Passed
2025-09-24 07:44:07.318 INFO  c.k.k.c.c.internal.VideoRecorderService  - Video recording for test case 'Test Cases/2000_tresult/Return Passed' .
2025-09-24 07:44:07.319 INFO  c.k.katalon.core.main.TestCaseExecutor   - END Test Cases/2000_tresult/Return Passed
2025-09-24 07:44:07.321 INFO  c.k.katalon.core.main.TestCaseExecutor   - --------------------
2025-09-24 07:44:07.321 INFO  c.k.katalon.core.main.TestCaseExecutor   - START Test Cases/2000_tresult/Return Passed
2025-09-24 07:44:07.329 DEBUG testcase.Return Passed                   - 1: markPassed("Passed")
2025-09-24 07:44:07.330 DEBUG com.kms.katalon.core.util.KeywordUtil    - ✓ Passed
2025-09-24 07:44:09.333 INFO  c.k.k.c.c.internal.VideoRecorderService  - Video recording for test case 'Test Cases/2000_tresult/Return Passed' .
2025-09-24 07:44:09.334 INFO  c.k.katalon.core.main.TestCaseExecutor   - END Test Cases/2000_tresult/Return Passed
2025-09-24 07:44:09.336 INFO  c.k.katalon.core.main.TestCaseExecutor   - --------------------
2025-09-24 07:44:09.336 INFO  c.k.katalon.core.main.TestCaseExecutor   - START Test Cases/2000_tresult/Return Passed
2025-09-24 07:44:09.342 DEBUG testcase.Return Passed                   - 1: markPassed("Passed")
2025-09-24 07:44:09.343 DEBUG com.kms.katalon.core.util.KeywordUtil    - ✓ Passed
2025-09-24 07:44:11.346 INFO  c.k.k.c.c.internal.VideoRecorderService  - Video recording for test case 'Test Cases/2000_tresult/Return Passed' .
2025-09-24 07:44:11.347 INFO  c.k.katalon.core.main.TestCaseExecutor   - END Test Cases/2000_tresult/Return Passed
2025-09-24 07:44:11.350 INFO  c.k.katalon.core.main.TestCaseExecutor   - --------------------
2025-09-24 07:44:11.350 INFO  c.k.katalon.core.main.TestCaseExecutor   - START Test Cases/2000_tresult/Return Passed
2025-09-24 07:44:11.356 DEBUG testcase.Return Passed                   - 1: markPassed("Passed")
2025-09-24 07:44:11.356 DEBUG com.kms.katalon.core.util.KeywordUtil    - ✓ Passed
2025-09-24 07:44:13.361 INFO  c.k.k.c.c.internal.VideoRecorderService  - Video recording for test case 'Test Cases/2000_tresult/Return Passed' .
2025-09-24 07:44:13.361 INFO  c.k.katalon.core.main.TestCaseExecutor   - END Test Cases/2000_tresult/Return Passed
2025-09-24 07:44:13.363 INFO  c.k.katalon.core.main.TestCaseExecutor   - --------------------
2025-09-24 07:44:13.364 INFO  c.k.katalon.core.main.TestCaseExecutor   - START Test Cases/2000_tresult/Return Passed
2025-09-24 07:44:13.370 DEBUG testcase.Return Passed                   - 1: markPassed("Passed")
2025-09-24 07:44:13.370 DEBUG com.kms.katalon.core.util.KeywordUtil    - ✓ Passed
2025-09-24 07:44:15.374 INFO  c.k.k.c.c.internal.VideoRecorderService  - Video recording for test case 'Test Cases/2000_tresult/Return Passed' .
2025-09-24 07:44:15.375 INFO  c.k.katalon.core.main.TestCaseExecutor   - END Test Cases/2000_tresult/Return Passed
2025-09-24 07:44:15.377 INFO  c.k.katalon.core.main.TestCaseExecutor   - --------------------
2025-09-24 07:44:15.377 INFO  c.k.katalon.core.main.TestCaseExecutor   - START Test Cases/2000_tresult/Return Passed
2025-09-24 07:44:15.383 DEBUG testcase.Return Passed                   - 1: markPassed("Passed")
2025-09-24 07:44:15.383 DEBUG com.kms.katalon.core.util.KeywordUtil    - ✓ Passed
2025-09-24 07:44:17.387 INFO  c.k.k.c.c.internal.VideoRecorderService  - Video recording for test case 'Test Cases/2000_tresult/Return Passed' .
2025-09-24 07:44:17.388 INFO  c.k.katalon.core.main.TestCaseExecutor   - END Test Cases/2000_tresult/Return Passed
2025-09-24 07:44:17.391 INFO  c.k.katalon.core.main.TestCaseExecutor   - --------------------
2025-09-24 07:44:17.391 INFO  c.k.katalon.core.main.TestCaseExecutor   - START Test Cases/2000_tresult/Return Passed
2025-09-24 07:44:17.396 DEBUG testcase.Return Passed                   - 1: markPassed("Passed")
2025-09-24 07:44:17.397 DEBUG com.kms.katalon.core.util.KeywordUtil    - ✓ Passed
2025-09-24 07:44:19.401 INFO  c.k.k.c.c.internal.VideoRecorderService  - Video recording for test case 'Test Cases/2000_tresult/Return Passed' .
2025-09-24 07:44:19.402 INFO  c.k.katalon.core.main.TestCaseExecutor   - END Test Cases/2000_tresult/Return Passed
2025-09-24 07:44:19.404 INFO  c.k.katalon.core.main.TestCaseExecutor   - --------------------
2025-09-24 07:44:19.404 INFO  c.k.katalon.core.main.TestCaseExecutor   - START Test Cases/2000_tresult/Return Passed
2025-09-24 07:44:19.411 DEBUG testcase.Return Passed                   - 1: markPassed("Passed")
2025-09-24 07:44:19.412 DEBUG com.kms.katalon.core.util.KeywordUtil    - ✓ Passed
2025-09-24 07:44:21.415 INFO  c.k.k.c.c.internal.VideoRecorderService  - Video recording for test case 'Test Cases/2000_tresult/Return Passed' .
2025-09-24 07:44:21.417 INFO  c.k.katalon.core.main.TestCaseExecutor   - END Test Cases/2000_tresult/Return Passed
2025-09-24 07:44:21.419 INFO  c.k.katalon.core.main.TestCaseExecutor   - --------------------
2025-09-24 07:44:21.420 INFO  c.k.katalon.core.main.TestCaseExecutor   - START Test Cases/2000_tresult/Return Passed
2025-09-24 07:44:21.425 DEBUG testcase.Return Passed                   - 1: markPassed("Passed")
2025-09-24 07:44:21.425 DEBUG com.kms.katalon.core.util.KeywordUtil    - ✓ Passed
2025-09-24 07:44:23.429 INFO  c.k.k.c.c.internal.VideoRecorderService  - Video recording for test case 'Test Cases/2000_tresult/Return Passed' .
2025-09-24 07:44:23.430 INFO  c.k.katalon.core.main.TestCaseExecutor   - END Test Cases/2000_tresult/Return Passed
2025-09-24 07:44:23.434 INFO  c.k.katalon.core.main.TestCaseExecutor   - --------------------
2025-09-24 07:44:23.434 INFO  c.k.katalon.core.main.TestCaseExecutor   - START Test Cases/2000_tresult/Return Passed
2025-09-24 07:44:23.438 DEBUG testcase.Return Passed                   - 1: markPassed("Passed")
2025-09-24 07:44:23.439 DEBUG com.kms.katalon.core.util.KeywordUtil    - ✓ Passed
2025-09-24 07:44:25.442 INFO  c.k.k.c.c.internal.VideoRecorderService  - Video recording for test case 'Test Cases/2000_tresult/Return Passed' .
2025-09-24 07:44:25.443 INFO  c.k.katalon.core.main.TestCaseExecutor   - END Test Cases/2000_tresult/Return Passed
2025-09-24 07:44:25.445 INFO  c.k.katalon.core.main.TestCaseExecutor   - --------------------
2025-09-24 07:44:25.445 INFO  c.k.katalon.core.main.TestCaseExecutor   - START Test Cases/2000_tresult/Return Passed
2025-09-24 07:44:25.450 DEBUG testcase.Return Passed                   - 1: markPassed("Passed")
2025-09-24 07:44:25.450 DEBUG com.kms.katalon.core.util.KeywordUtil    - ✓ Passed
2025-09-24 07:44:27.454 INFO  c.k.k.c.c.internal.VideoRecorderService  - Video recording for test case 'Test Cases/2000_tresult/Return Passed' .
2025-09-24 07:44:27.454 INFO  c.k.katalon.core.main.TestCaseExecutor   - END Test Cases/2000_tresult/Return Passed
2025-09-24 07:44:27.456 INFO  c.k.katalon.core.main.TestCaseExecutor   - --------------------
2025-09-24 07:44:27.457 INFO  c.k.katalon.core.main.TestCaseExecutor   - START Test Cases/2000_tresult/Return Passed
2025-09-24 07:44:27.465 DEBUG testcase.Return Passed                   - 1: markPassed("Passed")
2025-09-24 07:44:27.466 DEBUG com.kms.katalon.core.util.KeywordUtil    - ✓ Passed
2025-09-24 07:44:29.469 INFO  c.k.k.c.c.internal.VideoRecorderService  - Video recording for test case 'Test Cases/2000_tresult/Return Passed' .
2025-09-24 07:44:29.470 INFO  c.k.katalon.core.main.TestCaseExecutor   - END Test Cases/2000_tresult/Return Passed
2025-09-24 07:44:29.472 INFO  c.k.katalon.core.main.TestCaseExecutor   - --------------------
2025-09-24 07:44:29.472 INFO  c.k.katalon.core.main.TestCaseExecutor   - START Test Cases/2000_tresult/Return Passed
2025-09-24 07:44:29.478 DEBUG testcase.Return Passed                   - 1: markPassed("Passed")
2025-09-24 07:44:29.478 DEBUG com.kms.katalon.core.util.KeywordUtil    - ✓ Passed
2025-09-24 07:44:31.482 INFO  c.k.k.c.c.internal.VideoRecorderService  - Video recording for test case 'Test Cases/2000_tresult/Return Passed' .
2025-09-24 07:44:31.482 INFO  c.k.katalon.core.main.TestCaseExecutor   - END Test Cases/2000_tresult/Return Passed
2025-09-24 07:44:31.485 INFO  c.k.katalon.core.main.TestCaseExecutor   - --------------------
2025-09-24 07:44:31.485 INFO  c.k.katalon.core.main.TestCaseExecutor   - START Test Cases/2000_tresult/Return Passed
2025-09-24 07:44:31.489 DEBUG testcase.Return Passed                   - 1: markPassed("Passed")
2025-09-24 07:44:31.490 DEBUG com.kms.katalon.core.util.KeywordUtil    - ✓ Passed
2025-09-24 07:44:33.494 INFO  c.k.k.c.c.internal.VideoRecorderService  - Video recording for test case 'Test Cases/2000_tresult/Return Passed' .
2025-09-24 07:44:33.495 INFO  c.k.katalon.core.main.TestCaseExecutor   - END Test Cases/2000_tresult/Return Passed
2025-09-24 07:44:33.497 INFO  c.k.katalon.core.main.TestCaseExecutor   - --------------------
2025-09-24 07:44:33.497 INFO  c.k.katalon.core.main.TestCaseExecutor   - START Test Cases/2000_tresult/Return Passed
2025-09-24 07:44:33.503 DEBUG testcase.Return Passed                   - 1: markPassed("Passed")
2025-09-24 07:44:33.504 DEBUG com.kms.katalon.core.util.KeywordUtil    - ✓ Passed
2025-09-24 07:44:35.507 INFO  c.k.k.c.c.internal.VideoRecorderService  - Video recording for test case 'Test Cases/2000_tresult/Return Passed' .
2025-09-24 07:44:35.508 INFO  c.k.katalon.core.main.TestCaseExecutor   - END Test Cases/2000_tresult/Return Passed
2025-09-24 07:44:35.510 INFO  c.k.katalon.core.main.TestCaseExecutor   - --------------------
2025-09-24 07:44:35.510 INFO  c.k.katalon.core.main.TestCaseExecutor   - START Test Cases/2000_tresult/Return Passed
2025-09-24 07:44:35.515 DEBUG testcase.Return Passed                   - 1: markPassed("Passed")
2025-09-24 07:44:35.515 DEBUG com.kms.katalon.core.util.KeywordUtil    - ✓ Passed
2025-09-24 07:44:37.519 INFO  c.k.k.c.c.internal.VideoRecorderService  - Video recording for test case 'Test Cases/2000_tresult/Return Passed' .
2025-09-24 07:44:37.520 INFO  c.k.katalon.core.main.TestCaseExecutor   - END Test Cases/2000_tresult/Return Passed
2025-09-24 07:44:37.522 INFO  c.k.katalon.core.main.TestCaseExecutor   - --------------------
2025-09-24 07:44:37.522 INFO  c.k.katalon.core.main.TestCaseExecutor   - START Test Cases/2000_tresult/Return Passed
2025-09-24 07:44:37.526 DEBUG testcase.Return Passed                   - 1: markPassed("Passed")
2025-09-24 07:44:37.526 DEBUG com.kms.katalon.core.util.KeywordUtil    - ✓ Passed
2025-09-24 07:44:39.530 INFO  c.k.k.c.c.internal.VideoRecorderService  - Video recording for test case 'Test Cases/2000_tresult/Return Passed' .
2025-09-24 07:44:39.531 INFO  c.k.katalon.core.main.TestCaseExecutor   - END Test Cases/2000_tresult/Return Passed
2025-09-24 07:44:39.533 INFO  c.k.katalon.core.main.TestCaseExecutor   - --------------------
2025-09-24 07:44:39.533 INFO  c.k.katalon.core.main.TestCaseExecutor   - START Test Cases/2000_tresult/Return Passed
2025-09-24 07:44:39.537 DEBUG testcase.Return Passed                   - 1: markPassed("Passed")
2025-09-24 07:44:39.538 DEBUG com.kms.katalon.core.util.KeywordUtil    - ✓ Passed
2025-09-24 07:44:41.541 INFO  c.k.k.c.c.internal.VideoRecorderService  - Video recording for test case 'Test Cases/2000_tresult/Return Passed' .
2025-09-24 07:44:41.542 INFO  c.k.katalon.core.main.TestCaseExecutor   - END Test Cases/2000_tresult/Return Passed
2025-09-24 07:44:41.544 INFO  c.k.katalon.core.main.TestCaseExecutor   - --------------------
2025-09-24 07:44:41.544 INFO  c.k.katalon.core.main.TestCaseExecutor   - START Test Cases/2000_tresult/Return Passed
2025-09-24 07:44:41.549 DEBUG testcase.Return Passed                   - 1: markPassed("Passed")
2025-09-24 07:44:41.549 DEBUG com.kms.katalon.core.util.KeywordUtil    - ✓ Passed
2025-09-24 07:44:43.553 INFO  c.k.k.c.c.internal.VideoRecorderService  - Video recording for test case 'Test Cases/2000_tresult/Return Passed' .
2025-09-24 07:44:43.553 INFO  c.k.katalon.core.main.TestCaseExecutor   - END Test Cases/2000_tresult/Return Passed
2025-09-24 07:44:43.555 INFO  c.k.katalon.core.main.TestCaseExecutor   - --------------------
2025-09-24 07:44:43.555 INFO  c.k.katalon.core.main.TestCaseExecutor   - START Test Cases/2000_tresult/Return Passed
2025-09-24 07:44:43.566 DEBUG testcase.Return Passed                   - 1: markPassed("Passed")
2025-09-24 07:44:43.567 DEBUG com.kms.katalon.core.util.KeywordUtil    - ✓ Passed
2025-09-24 07:44:45.570 INFO  c.k.k.c.c.internal.VideoRecorderService  - Video recording for test case 'Test Cases/2000_tresult/Return Passed' .
2025-09-24 07:44:45.571 INFO  c.k.katalon.core.main.TestCaseExecutor   - END Test Cases/2000_tresult/Return Passed
2025-09-24 07:44:45.573 INFO  c.k.katalon.core.main.TestCaseExecutor   - --------------------
2025-09-24 07:44:45.574 INFO  c.k.katalon.core.main.TestCaseExecutor   - START Test Cases/2000_tresult/Return Passed
2025-09-24 07:44:45.578 DEBUG testcase.Return Passed                   - 1: markPassed("Passed")
2025-09-24 07:44:45.578 DEBUG com.kms.katalon.core.util.KeywordUtil    - ✓ Passed
2025-09-24 07:44:47.582 INFO  c.k.k.c.c.internal.VideoRecorderService  - Video recording for test case 'Test Cases/2000_tresult/Return Passed' .
2025-09-24 07:44:47.583 INFO  c.k.katalon.core.main.TestCaseExecutor   - END Test Cases/2000_tresult/Return Passed
2025-09-24 07:44:47.585 INFO  c.k.katalon.core.main.TestCaseExecutor   - --------------------
2025-09-24 07:44:47.585 INFO  c.k.katalon.core.main.TestCaseExecutor   - START Test Cases/2000_tresult/Return Passed
2025-09-24 07:44:47.590 DEBUG testcase.Return Passed                   - 1: markPassed("Passed")
2025-09-24 07:44:47.590 DEBUG com.kms.katalon.core.util.KeywordUtil    - ✓ Passed
2025-09-24 07:44:49.593 INFO  c.k.k.c.c.internal.VideoRecorderService  - Video recording for test case 'Test Cases/2000_tresult/Return Passed' .
2025-09-24 07:44:49.594 INFO  c.k.katalon.core.main.TestCaseExecutor   - END Test Cases/2000_tresult/Return Passed
2025-09-24 07:44:49.596 INFO  c.k.katalon.core.main.TestCaseExecutor   - --------------------
2025-09-24 07:44:49.596 INFO  c.k.katalon.core.main.TestCaseExecutor   - START Test Cases/2000_tresult/Return Passed
2025-09-24 07:44:49.602 DEBUG testcase.Return Passed                   - 1: markPassed("Passed")
2025-09-24 07:44:49.602 DEBUG com.kms.katalon.core.util.KeywordUtil    - ✓ Passed
2025-09-24 07:44:51.606 INFO  c.k.k.c.c.internal.VideoRecorderService  - Video recording for test case 'Test Cases/2000_tresult/Return Passed' .
2025-09-24 07:44:51.607 INFO  c.k.katalon.core.main.TestCaseExecutor   - END Test Cases/2000_tresult/Return Passed
2025-09-24 07:44:51.609 INFO  c.k.katalon.core.main.TestCaseExecutor   - --------------------
2025-09-24 07:44:51.609 INFO  c.k.katalon.core.main.TestCaseExecutor   - START Test Cases/2000_tresult/Return Passed
2025-09-24 07:44:51.613 DEBUG testcase.Return Passed                   - 1: markPassed("Passed")
2025-09-24 07:44:51.613 DEBUG com.kms.katalon.core.util.KeywordUtil    - ✓ Passed
2025-09-24 07:44:53.617 INFO  c.k.k.c.c.internal.VideoRecorderService  - Video recording for test case 'Test Cases/2000_tresult/Return Passed' .
2025-09-24 07:44:53.618 INFO  c.k.katalon.core.main.TestCaseExecutor   - END Test Cases/2000_tresult/Return Passed
2025-09-24 07:44:53.622 INFO  c.k.katalon.core.main.TestCaseExecutor   - --------------------
2025-09-24 07:44:53.622 INFO  c.k.katalon.core.main.TestCaseExecutor   - START Test Cases/2000_tresult/Return Passed
2025-09-24 07:44:53.627 DEBUG testcase.Return Passed                   - 1: markPassed("Passed")
2025-09-24 07:44:53.628 DEBUG com.kms.katalon.core.util.KeywordUtil    - ✓ Passed
2025-09-24 07:44:55.631 INFO  c.k.k.c.c.internal.VideoRecorderService  - Video recording for test case 'Test Cases/2000_tresult/Return Passed' .
2025-09-24 07:44:55.632 INFO  c.k.katalon.core.main.TestCaseExecutor   - END Test Cases/2000_tresult/Return Passed
2025-09-24 07:44:55.634 INFO  c.k.katalon.core.main.TestCaseExecutor   - --------------------
2025-09-24 07:44:55.634 INFO  c.k.katalon.core.main.TestCaseExecutor   - START Test Cases/2000_tresult/Return Passed
2025-09-24 07:44:55.638 DEBUG testcase.Return Passed                   - 1: markPassed("Passed")
2025-09-24 07:44:55.638 DEBUG com.kms.katalon.core.util.KeywordUtil    - ✓ Passed
2025-09-24 07:44:57.642 INFO  c.k.k.c.c.internal.VideoRecorderService  - Video recording for test case 'Test Cases/2000_tresult/Return Passed' .
2025-09-24 07:44:57.643 INFO  c.k.katalon.core.main.TestCaseExecutor   - END Test Cases/2000_tresult/Return Passed
2025-09-24 07:44:57.644 INFO  c.k.katalon.core.main.TestCaseExecutor   - --------------------
2025-09-24 07:44:57.644 INFO  c.k.katalon.core.main.TestCaseExecutor   - START Test Cases/2000_tresult/Return Passed
2025-09-24 07:44:57.649 DEBUG testcase.Return Passed                   - 1: markPassed("Passed")
2025-09-24 07:44:57.649 DEBUG com.kms.katalon.core.util.KeywordUtil    - ✓ Passed
2025-09-24 07:44:59.653 INFO  c.k.k.c.c.internal.VideoRecorderService  - Video recording for test case 'Test Cases/2000_tresult/Return Passed' .
2025-09-24 07:44:59.653 INFO  c.k.katalon.core.main.TestCaseExecutor   - END Test Cases/2000_tresult/Return Passed
2025-09-24 07:44:59.655 INFO  c.k.katalon.core.main.TestCaseExecutor   - --------------------
2025-09-24 07:44:59.655 INFO  c.k.katalon.core.main.TestCaseExecutor   - START Test Cases/2000_tresult/Return Passed
2025-09-24 07:44:59.660 DEBUG testcase.Return Passed                   - 1: markPassed("Passed")
2025-09-24 07:44:59.660 DEBUG com.kms.katalon.core.util.KeywordUtil    - ✓ Passed
2025-09-24 07:45:01.664 INFO  c.k.k.c.c.internal.VideoRecorderService  - Video recording for test case 'Test Cases/2000_tresult/Return Passed' .
2025-09-24 07:45:01.664 INFO  c.k.katalon.core.main.TestCaseExecutor   - END Test Cases/2000_tresult/Return Passed
2025-09-24 07:45:01.666 INFO  c.k.katalon.core.main.TestCaseExecutor   - --------------------
2025-09-24 07:45:01.666 INFO  c.k.katalon.core.main.TestCaseExecutor   - START Test Cases/2000_tresult/Return Passed
2025-09-24 07:45:01.671 DEBUG testcase.Return Passed                   - 1: markPassed("Passed")
2025-09-24 07:45:01.671 DEBUG com.kms.katalon.core.util.KeywordUtil    - ✓ Passed
2025-09-24 07:45:03.674 INFO  c.k.k.c.c.internal.VideoRecorderService  - Video recording for test case 'Test Cases/2000_tresult/Return Passed' .
2025-09-24 07:45:03.675 INFO  c.k.katalon.core.main.TestCaseExecutor   - END Test Cases/2000_tresult/Return Passed
2025-09-24 07:45:03.677 INFO  c.k.katalon.core.main.TestCaseExecutor   - --------------------
2025-09-24 07:45:03.677 INFO  c.k.katalon.core.main.TestCaseExecutor   - START Test Cases/2000_tresult/Return Passed
2025-09-24 07:45:03.683 DEBUG testcase.Return Passed                   - 1: markPassed("Passed")
2025-09-24 07:45:03.683 DEBUG com.kms.katalon.core.util.KeywordUtil    - ✓ Passed
2025-09-24 07:45:05.686 INFO  c.k.k.c.c.internal.VideoRecorderService  - Video recording for test case 'Test Cases/2000_tresult/Return Passed' .
2025-09-24 07:45:05.687 INFO  c.k.katalon.core.main.TestCaseExecutor   - END Test Cases/2000_tresult/Return Passed
2025-09-24 07:45:05.689 INFO  c.k.katalon.core.main.TestCaseExecutor   - --------------------
2025-09-24 07:45:05.689 INFO  c.k.katalon.core.main.TestCaseExecutor   - START Test Cases/2000_tresult/Return Passed
2025-09-24 07:45:05.694 DEBUG testcase.Return Passed                   - 1: markPassed("Passed")
2025-09-24 07:45:05.694 DEBUG com.kms.katalon.core.util.KeywordUtil    - ✓ Passed
2025-09-24 07:45:07.698 INFO  c.k.k.c.c.internal.VideoRecorderService  - Video recording for test case 'Test Cases/2000_tresult/Return Passed' .
2025-09-24 07:45:07.698 INFO  c.k.katalon.core.main.TestCaseExecutor   - END Test Cases/2000_tresult/Return Passed
2025-09-24 07:45:07.700 INFO  c.k.katalon.core.main.TestCaseExecutor   - --------------------
2025-09-24 07:45:07.700 INFO  c.k.katalon.core.main.TestCaseExecutor   - START Test Cases/2000_tresult/Return Passed
2025-09-24 07:45:07.704 DEBUG testcase.Return Passed                   - 1: markPassed("Passed")
2025-09-24 07:45:07.705 DEBUG com.kms.katalon.core.util.KeywordUtil    - ✓ Passed
2025-09-24 07:45:09.708 INFO  c.k.k.c.c.internal.VideoRecorderService  - Video recording for test case 'Test Cases/2000_tresult/Return Passed' .
2025-09-24 07:45:09.709 INFO  c.k.katalon.core.main.TestCaseExecutor   - END Test Cases/2000_tresult/Return Passed
2025-09-24 07:45:09.710 INFO  c.k.katalon.core.main.TestCaseExecutor   - --------------------
2025-09-24 07:45:09.710 INFO  c.k.katalon.core.main.TestCaseExecutor   - START Test Cases/2000_tresult/Return Passed
2025-09-24 07:45:09.715 DEBUG testcase.Return Passed                   - 1: markPassed("Passed")
2025-09-24 07:45:09.716 DEBUG com.kms.katalon.core.util.KeywordUtil    - ✓ Passed
2025-09-24 07:45:11.719 INFO  c.k.k.c.c.internal.VideoRecorderService  - Video recording for test case 'Test Cases/2000_tresult/Return Passed' .
2025-09-24 07:45:11.720 INFO  c.k.katalon.core.main.TestCaseExecutor   - END Test Cases/2000_tresult/Return Passed
2025-09-24 07:45:11.722 INFO  c.k.katalon.core.main.TestCaseExecutor   - --------------------
2025-09-24 07:45:11.722 INFO  c.k.katalon.core.main.TestCaseExecutor   - START Test Cases/2000_tresult/Return Passed
2025-09-24 07:45:11.727 DEBUG testcase.Return Passed                   - 1: markPassed("Passed")
2025-09-24 07:45:11.727 DEBUG com.kms.katalon.core.util.KeywordUtil    - ✓ Passed
2025-09-24 07:45:13.730 INFO  c.k.k.c.c.internal.VideoRecorderService  - Video recording for test case 'Test Cases/2000_tresult/Return Passed' .
2025-09-24 07:45:13.731 INFO  c.k.katalon.core.main.TestCaseExecutor   - END Test Cases/2000_tresult/Return Passed
2025-09-24 07:45:13.733 INFO  c.k.katalon.core.main.TestCaseExecutor   - --------------------
2025-09-24 07:45:13.733 INFO  c.k.katalon.core.main.TestCaseExecutor   - START Test Cases/2000_tresult/Return Passed
2025-09-24 07:45:13.737 DEBUG testcase.Return Passed                   - 1: markPassed("Passed")
2025-09-24 07:45:13.738 DEBUG com.kms.katalon.core.util.KeywordUtil    - ✓ Passed
2025-09-24 07:45:15.741 INFO  c.k.k.c.c.internal.VideoRecorderService  - Video recording for test case 'Test Cases/2000_tresult/Return Passed' .
2025-09-24 07:45:15.742 INFO  c.k.katalon.core.main.TestCaseExecutor   - END Test Cases/2000_tresult/Return Passed
2025-09-24 07:45:15.745 INFO  c.k.katalon.core.main.TestCaseExecutor   - --------------------
2025-09-24 07:45:15.745 INFO  c.k.katalon.core.main.TestCaseExecutor   - START Test Cases/2000_tresult/Return Passed
2025-09-24 07:45:15.750 DEBUG testcase.Return Passed                   - 1: markPassed("Passed")
2025-09-24 07:45:15.750 DEBUG com.kms.katalon.core.util.KeywordUtil    - ✓ Passed
2025-09-24 07:45:17.753 INFO  c.k.k.c.c.internal.VideoRecorderService  - Video recording for test case 'Test Cases/2000_tresult/Return Passed' .
2025-09-24 07:45:17.754 INFO  c.k.katalon.core.main.TestCaseExecutor   - END Test Cases/2000_tresult/Return Passed
2025-09-24 07:45:17.757 INFO  c.k.katalon.core.main.TestCaseExecutor   - --------------------
2025-09-24 07:45:17.757 INFO  c.k.katalon.core.main.TestCaseExecutor   - START Test Cases/2000_tresult/Return Passed
2025-09-24 07:45:17.762 DEBUG testcase.Return Passed                   - 1: markPassed("Passed")
2025-09-24 07:45:17.762 DEBUG com.kms.katalon.core.util.KeywordUtil    - ✓ Passed
2025-09-24 07:45:19.765 INFO  c.k.k.c.c.internal.VideoRecorderService  - Video recording for test case 'Test Cases/2000_tresult/Return Passed' .
2025-09-24 07:45:19.766 INFO  c.k.katalon.core.main.TestCaseExecutor   - END Test Cases/2000_tresult/Return Passed
2025-09-24 07:45:19.768 INFO  c.k.katalon.core.main.TestCaseExecutor   - --------------------
2025-09-24 07:45:19.768 INFO  c.k.katalon.core.main.TestCaseExecutor   - START Test Cases/2000_tresult/Return Passed
2025-09-24 07:45:19.773 DEBUG testcase.Return Passed                   - 1: markPassed("Passed")
2025-09-24 07:45:19.773 DEBUG com.kms.katalon.core.util.KeywordUtil    - ✓ Passed
2025-09-24 07:45:21.776 INFO  c.k.k.c.c.internal.VideoRecorderService  - Video recording for test case 'Test Cases/2000_tresult/Return Passed' .
2025-09-24 07:45:21.777 INFO  c.k.katalon.core.main.TestCaseExecutor   - END Test Cases/2000_tresult/Return Passed
2025-09-24 07:45:21.780 INFO  c.k.katalon.core.main.TestCaseExecutor   - --------------------
2025-09-24 07:45:21.781 INFO  c.k.katalon.core.main.TestCaseExecutor   - START Test Cases/2000_tresult/Return Passed
2025-09-24 07:45:21.787 DEBUG testcase.Return Passed                   - 1: markPassed("Passed")
2025-09-24 07:45:21.788 DEBUG com.kms.katalon.core.util.KeywordUtil    - ✓ Passed
2025-09-24 07:45:23.791 INFO  c.k.k.c.c.internal.VideoRecorderService  - Video recording for test case 'Test Cases/2000_tresult/Return Passed' .
2025-09-24 07:45:23.792 INFO  c.k.katalon.core.main.TestCaseExecutor   - END Test Cases/2000_tresult/Return Passed
2025-09-24 07:45:23.793 INFO  c.k.katalon.core.main.TestCaseExecutor   - --------------------
2025-09-24 07:45:23.794 INFO  c.k.katalon.core.main.TestCaseExecutor   - START Test Cases/2000_tresult/Return Passed
2025-09-24 07:45:23.798 DEBUG testcase.Return Passed                   - 1: markPassed("Passed")
2025-09-24 07:45:23.799 DEBUG com.kms.katalon.core.util.KeywordUtil    - ✓ Passed
2025-09-24 07:45:25.802 INFO  c.k.k.c.c.internal.VideoRecorderService  - Video recording for test case 'Test Cases/2000_tresult/Return Passed' .
2025-09-24 07:45:25.803 INFO  c.k.katalon.core.main.TestCaseExecutor   - END Test Cases/2000_tresult/Return Passed
2025-09-24 07:45:25.804 INFO  c.k.katalon.core.main.TestCaseExecutor   - --------------------
2025-09-24 07:45:25.804 INFO  c.k.katalon.core.main.TestCaseExecutor   - START Test Cases/2000_tresult/Return Passed
2025-09-24 07:45:25.809 DEBUG testcase.Return Passed                   - 1: markPassed("Passed")
2025-09-24 07:45:25.809 DEBUG com.kms.katalon.core.util.KeywordUtil    - ✓ Passed
2025-09-24 07:45:27.812 INFO  c.k.k.c.c.internal.VideoRecorderService  - Video recording for test case 'Test Cases/2000_tresult/Return Passed' .
2025-09-24 07:45:27.813 INFO  c.k.katalon.core.main.TestCaseExecutor   - END Test Cases/2000_tresult/Return Passed
2025-09-24 07:45:27.815 INFO  c.k.katalon.core.main.TestCaseExecutor   - --------------------
2025-09-24 07:45:27.815 INFO  c.k.katalon.core.main.TestCaseExecutor   - START Test Cases/2000_tresult/Return Passed
2025-09-24 07:45:27.822 DEBUG testcase.Return Passed                   - 1: markPassed("Passed")
2025-09-24 07:45:27.822 DEBUG com.kms.katalon.core.util.KeywordUtil    - ✓ Passed
2025-09-24 07:45:29.825 INFO  c.k.k.c.c.internal.VideoRecorderService  - Video recording for test case 'Test Cases/2000_tresult/Return Passed' .
2025-09-24 07:45:29.826 INFO  c.k.katalon.core.main.TestCaseExecutor   - END Test Cases/2000_tresult/Return Passed
2025-09-24 07:45:29.827 INFO  c.k.katalon.core.main.TestCaseExecutor   - --------------------
2025-09-24 07:45:29.827 INFO  c.k.katalon.core.main.TestCaseExecutor   - START Test Cases/2000_tresult/Return Passed
2025-09-24 07:45:29.831 DEBUG testcase.Return Passed                   - 1: markPassed("Passed")
2025-09-24 07:45:29.831 DEBUG com.kms.katalon.core.util.KeywordUtil    - ✓ Passed
2025-09-24 07:45:31.835 INFO  c.k.k.c.c.internal.VideoRecorderService  - Video recording for test case 'Test Cases/2000_tresult/Return Passed' .
2025-09-24 07:45:31.835 INFO  c.k.katalon.core.main.TestCaseExecutor   - END Test Cases/2000_tresult/Return Passed
2025-09-24 07:45:31.837 INFO  c.k.katalon.core.main.TestCaseExecutor   - --------------------
2025-09-24 07:45:31.837 INFO  c.k.katalon.core.main.TestCaseExecutor   - START Test Cases/2000_tresult/Return Passed
2025-09-24 07:45:31.842 DEBUG testcase.Return Passed                   - 1: markPassed("Passed")
2025-09-24 07:45:31.842 DEBUG com.kms.katalon.core.util.KeywordUtil    - ✓ Passed
2025-09-24 07:45:33.846 INFO  c.k.k.c.c.internal.VideoRecorderService  - Video recording for test case 'Test Cases/2000_tresult/Return Passed' .
2025-09-24 07:45:33.846 INFO  c.k.katalon.core.main.TestCaseExecutor   - END Test Cases/2000_tresult/Return Passed
2025-09-24 07:45:33.848 INFO  c.k.katalon.core.main.TestCaseExecutor   - --------------------
2025-09-24 07:45:33.848 INFO  c.k.katalon.core.main.TestCaseExecutor   - START Test Cases/2000_tresult/Return Passed
2025-09-24 07:45:33.852 DEBUG testcase.Return Passed                   - 1: markPassed("Passed")
2025-09-24 07:45:33.852 DEBUG com.kms.katalon.core.util.KeywordUtil    - ✓ Passed
2025-09-24 07:45:35.856 INFO  c.k.k.c.c.internal.VideoRecorderService  - Video recording for test case 'Test Cases/2000_tresult/Return Passed' .
2025-09-24 07:45:35.856 INFO  c.k.katalon.core.main.TestCaseExecutor   - END Test Cases/2000_tresult/Return Passed
2025-09-24 07:45:35.858 INFO  c.k.katalon.core.main.TestCaseExecutor   - --------------------
2025-09-24 07:45:35.858 INFO  c.k.katalon.core.main.TestCaseExecutor   - START Test Cases/2000_tresult/Return Passed
2025-09-24 07:45:35.862 DEBUG testcase.Return Passed                   - 1: markPassed("Passed")
2025-09-24 07:45:35.862 DEBUG com.kms.katalon.core.util.KeywordUtil    - ✓ Passed
2025-09-24 07:45:37.865 INFO  c.k.k.c.c.internal.VideoRecorderService  - Video recording for test case 'Test Cases/2000_tresult/Return Passed' .
2025-09-24 07:45:37.866 INFO  c.k.katalon.core.main.TestCaseExecutor   - END Test Cases/2000_tresult/Return Passed
2025-09-24 07:45:37.867 INFO  c.k.katalon.core.main.TestCaseExecutor   - --------------------
2025-09-24 07:45:37.867 INFO  c.k.katalon.core.main.TestCaseExecutor   - START Test Cases/2000_tresult/Return Passed
2025-09-24 07:45:37.871 DEBUG testcase.Return Passed                   - 1: markPassed("Passed")
2025-09-24 07:45:37.871 DEBUG com.kms.katalon.core.util.KeywordUtil    - ✓ Passed
2025-09-24 07:45:39.875 INFO  c.k.k.c.c.internal.VideoRecorderService  - Video recording for test case 'Test Cases/2000_tresult/Return Passed' .
2025-09-24 07:45:39.875 INFO  c.k.katalon.core.main.TestCaseExecutor   - END Test Cases/2000_tresult/Return Passed
2025-09-24 07:45:39.877 INFO  c.k.katalon.core.main.TestCaseExecutor   - --------------------
2025-09-24 07:45:39.877 INFO  c.k.katalon.core.main.TestCaseExecutor   - START Test Cases/2000_tresult/Return Passed
2025-09-24 07:45:39.881 DEBUG testcase.Return Passed                   - 1: markPassed("Passed")
2025-09-24 07:45:39.882 DEBUG com.kms.katalon.core.util.KeywordUtil    - ✓ Passed
2025-09-24 07:45:41.885 INFO  c.k.k.c.c.internal.VideoRecorderService  - Video recording for test case 'Test Cases/2000_tresult/Return Passed' .
2025-09-24 07:45:41.886 INFO  c.k.katalon.core.main.TestCaseExecutor   - END Test Cases/2000_tresult/Return Passed
2025-09-24 07:45:41.888 INFO  c.k.katalon.core.main.TestCaseExecutor   - --------------------
2025-09-24 07:45:41.888 INFO  c.k.katalon.core.main.TestCaseExecutor   - START Test Cases/2000_tresult/Return Passed
2025-09-24 07:45:41.892 DEBUG testcase.Return Passed                   - 1: markPassed("Passed")
2025-09-24 07:45:41.892 DEBUG com.kms.katalon.core.util.KeywordUtil    - ✓ Passed
2025-09-24 07:45:43.896 INFO  c.k.k.c.c.internal.VideoRecorderService  - Video recording for test case 'Test Cases/2000_tresult/Return Passed' .
2025-09-24 07:45:43.896 INFO  c.k.katalon.core.main.TestCaseExecutor   - END Test Cases/2000_tresult/Return Passed
2025-09-24 07:45:43.898 INFO  c.k.katalon.core.main.TestCaseExecutor   - --------------------
2025-09-24 07:45:43.898 INFO  c.k.katalon.core.main.TestCaseExecutor   - START Test Cases/2000_tresult/Return Passed
2025-09-24 07:45:43.902 DEBUG testcase.Return Passed                   - 1: markPassed("Passed")
2025-09-24 07:45:43.902 DEBUG com.kms.katalon.core.util.KeywordUtil    - ✓ Passed
2025-09-24 07:45:45.905 INFO  c.k.k.c.c.internal.VideoRecorderService  - Video recording for test case 'Test Cases/2000_tresult/Return Passed' .
2025-09-24 07:45:45.906 INFO  c.k.katalon.core.main.TestCaseExecutor   - END Test Cases/2000_tresult/Return Passed
2025-09-24 07:45:45.907 INFO  c.k.katalon.core.main.TestCaseExecutor   - --------------------
2025-09-24 07:45:45.907 INFO  c.k.katalon.core.main.TestCaseExecutor   - START Test Cases/2000_tresult/Return Passed
2025-09-24 07:45:45.924 DEBUG testcase.Return Passed                   - 1: markPassed("Passed")
2025-09-24 07:45:45.924 DEBUG com.kms.katalon.core.util.KeywordUtil    - ✓ Passed
2025-09-24 07:45:47.927 INFO  c.k.k.c.c.internal.VideoRecorderService  - Video recording for test case 'Test Cases/2000_tresult/Return Passed' .
2025-09-24 07:45:47.928 INFO  c.k.katalon.core.main.TestCaseExecutor   - END Test Cases/2000_tresult/Return Passed
2025-09-24 07:45:47.930 INFO  c.k.katalon.core.main.TestCaseExecutor   - --------------------
2025-09-24 07:45:47.930 INFO  c.k.katalon.core.main.TestCaseExecutor   - START Test Cases/2000_tresult/Return Passed
2025-09-24 07:45:47.934 DEBUG testcase.Return Passed                   - 1: markPassed("Passed")
2025-09-24 07:45:47.934 DEBUG com.kms.katalon.core.util.KeywordUtil    - ✓ Passed
2025-09-24 07:45:49.938 INFO  c.k.k.c.c.internal.VideoRecorderService  - Video recording for test case 'Test Cases/2000_tresult/Return Passed' .
2025-09-24 07:45:49.938 INFO  c.k.katalon.core.main.TestCaseExecutor   - END Test Cases/2000_tresult/Return Passed
2025-09-24 07:45:49.940 INFO  c.k.katalon.core.main.TestCaseExecutor   - --------------------
2025-09-24 07:45:49.940 INFO  c.k.katalon.core.main.TestCaseExecutor   - START Test Cases/2000_tresult/Return Passed
2025-09-24 07:45:49.946 DEBUG testcase.Return Passed                   - 1: markPassed("Passed")
2025-09-24 07:45:49.946 DEBUG com.kms.katalon.core.util.KeywordUtil    - ✓ Passed
2025-09-24 07:45:51.949 INFO  c.k.k.c.c.internal.VideoRecorderService  - Video recording for test case 'Test Cases/2000_tresult/Return Passed' .
2025-09-24 07:45:51.950 INFO  c.k.katalon.core.main.TestCaseExecutor   - END Test Cases/2000_tresult/Return Passed
2025-09-24 07:45:51.951 INFO  c.k.katalon.core.main.TestCaseExecutor   - --------------------
2025-09-24 07:45:51.951 INFO  c.k.katalon.core.main.TestCaseExecutor   - START Test Cases/2000_tresult/Return Passed
2025-09-24 07:45:51.955 DEBUG testcase.Return Passed                   - 1: markPassed("Passed")
2025-09-24 07:45:51.955 DEBUG com.kms.katalon.core.util.KeywordUtil    - ✓ Passed
2025-09-24 07:45:53.959 INFO  c.k.k.c.c.internal.VideoRecorderService  - Video recording for test case 'Test Cases/2000_tresult/Return Passed' .
2025-09-24 07:45:53.959 INFO  c.k.katalon.core.main.TestCaseExecutor   - END Test Cases/2000_tresult/Return Passed
2025-09-24 07:45:53.961 INFO  c.k.katalon.core.main.TestCaseExecutor   - --------------------
2025-09-24 07:45:53.961 INFO  c.k.katalon.core.main.TestCaseExecutor   - START Test Cases/2000_tresult/Return Passed
2025-09-24 07:45:53.965 DEBUG testcase.Return Passed                   - 1: markPassed("Passed")
2025-09-24 07:45:53.965 DEBUG com.kms.katalon.core.util.KeywordUtil    - ✓ Passed
2025-09-24 07:45:55.968 INFO  c.k.k.c.c.internal.VideoRecorderService  - Video recording for test case 'Test Cases/2000_tresult/Return Passed' .
2025-09-24 07:45:55.969 INFO  c.k.katalon.core.main.TestCaseExecutor   - END Test Cases/2000_tresult/Return Passed
2025-09-24 07:45:55.971 INFO  c.k.katalon.core.main.TestCaseExecutor   - --------------------
2025-09-24 07:45:55.971 INFO  c.k.katalon.core.main.TestCaseExecutor   - START Test Cases/2000_tresult/Return Passed
2025-09-24 07:45:55.975 DEBUG testcase.Return Passed                   - 1: markPassed("Passed")
2025-09-24 07:45:55.975 DEBUG com.kms.katalon.core.util.KeywordUtil    - ✓ Passed
2025-09-24 07:45:57.978 INFO  c.k.k.c.c.internal.VideoRecorderService  - Video recording for test case 'Test Cases/2000_tresult/Return Passed' .
2025-09-24 07:45:57.979 INFO  c.k.katalon.core.main.TestCaseExecutor   - END Test Cases/2000_tresult/Return Passed
2025-09-24 07:45:57.980 INFO  c.k.katalon.core.main.TestCaseExecutor   - --------------------
2025-09-24 07:45:57.980 INFO  c.k.katalon.core.main.TestCaseExecutor   - START Test Cases/2000_tresult/Return Passed
2025-09-24 07:45:57.987 DEBUG testcase.Return Passed                   - 1: markPassed("Passed")
2025-09-24 07:45:57.987 DEBUG com.kms.katalon.core.util.KeywordUtil    - ✓ Passed
2025-09-24 07:45:59.990 INFO  c.k.k.c.c.internal.VideoRecorderService  - Video recording for test case 'Test Cases/2000_tresult/Return Passed' .
2025-09-24 07:45:59.991 INFO  c.k.katalon.core.main.TestCaseExecutor   - END Test Cases/2000_tresult/Return Passed
2025-09-24 07:45:59.994 INFO  c.k.katalon.core.main.TestCaseExecutor   - --------------------
2025-09-24 07:45:59.994 INFO  c.k.katalon.core.main.TestCaseExecutor   - START Test Cases/2000_tresult/Return Passed
2025-09-24 07:45:59.999 DEBUG testcase.Return Passed                   - 1: markPassed("Passed")
2025-09-24 07:45:59.999 DEBUG com.kms.katalon.core.util.KeywordUtil    - ✓ Passed
2025-09-24 07:46:02.002 INFO  c.k.k.c.c.internal.VideoRecorderService  - Video recording for test case 'Test Cases/2000_tresult/Return Passed' .
2025-09-24 07:46:02.003 INFO  c.k.katalon.core.main.TestCaseExecutor   - END Test Cases/2000_tresult/Return Passed
2025-09-24 07:46:02.004 INFO  c.k.katalon.core.main.TestCaseExecutor   - --------------------
2025-09-24 07:46:02.004 INFO  c.k.katalon.core.main.TestCaseExecutor   - START Test Cases/2000_tresult/Return Passed
2025-09-24 07:46:02.009 DEBUG testcase.Return Passed                   - 1: markPassed("Passed")
2025-09-24 07:46:02.009 DEBUG com.kms.katalon.core.util.KeywordUtil    - ✓ Passed
2025-09-24 07:46:04.012 INFO  c.k.k.c.c.internal.VideoRecorderService  - Video recording for test case 'Test Cases/2000_tresult/Return Passed' .
2025-09-24 07:46:04.013 INFO  c.k.katalon.core.main.TestCaseExecutor   - END Test Cases/2000_tresult/Return Passed
2025-09-24 07:46:04.014 INFO  c.k.katalon.core.main.TestCaseExecutor   - --------------------
2025-09-24 07:46:04.015 INFO  c.k.katalon.core.main.TestCaseExecutor   - START Test Cases/2000_tresult/Return Passed
2025-09-24 07:46:04.024 DEBUG testcase.Return Passed                   - 1: markPassed("Passed")
2025-09-24 07:46:04.024 DEBUG com.kms.katalon.core.util.KeywordUtil    - ✓ Passed
2025-09-24 07:46:06.029 INFO  c.k.k.c.c.internal.VideoRecorderService  - Video recording for test case 'Test Cases/2000_tresult/Return Passed' .
2025-09-24 07:46:06.029 INFO  c.k.katalon.core.main.TestCaseExecutor   - END Test Cases/2000_tresult/Return Passed
2025-09-24 07:46:06.032 INFO  c.k.katalon.core.main.TestCaseExecutor   - --------------------
2025-09-24 07:46:06.032 INFO  c.k.katalon.core.main.TestCaseExecutor   - START Test Cases/2000_tresult/Return Passed
2025-09-24 07:46:06.037 DEBUG testcase.Return Passed                   - 1: markPassed("Passed")
2025-09-24 07:46:06.038 DEBUG com.kms.katalon.core.util.KeywordUtil    - ✓ Passed
2025-09-24 07:46:08.041 INFO  c.k.k.c.c.internal.VideoRecorderService  - Video recording for test case 'Test Cases/2000_tresult/Return Passed' .
2025-09-24 07:46:08.041 INFO  c.k.katalon.core.main.TestCaseExecutor   - END Test Cases/2000_tresult/Return Passed
2025-09-24 07:46:08.044 INFO  c.k.katalon.core.main.TestCaseExecutor   - --------------------
2025-09-24 07:46:08.044 INFO  c.k.katalon.core.main.TestCaseExecutor   - START Test Cases/2000_tresult/Return Passed
2025-09-24 07:46:08.050 DEBUG testcase.Return Passed                   - 1: markPassed("Passed")
2025-09-24 07:46:08.050 DEBUG com.kms.katalon.core.util.KeywordUtil    - ✓ Passed
2025-09-24 07:46:10.053 INFO  c.k.k.c.c.internal.VideoRecorderService  - Video recording for test case 'Test Cases/2000_tresult/Return Passed' .
2025-09-24 07:46:10.054 INFO  c.k.katalon.core.main.TestCaseExecutor   - END Test Cases/2000_tresult/Return Passed
2025-09-24 07:46:10.056 INFO  c.k.katalon.core.main.TestCaseExecutor   - --------------------
2025-09-24 07:46:10.056 INFO  c.k.katalon.core.main.TestCaseExecutor   - START Test Cases/2000_tresult/Return Passed
2025-09-24 07:46:10.061 DEBUG testcase.Return Passed                   - 1: markPassed("Passed")
2025-09-24 07:46:10.062 DEBUG com.kms.katalon.core.util.KeywordUtil    - ✓ Passed
2025-09-24 07:46:12.065 INFO  c.k.k.c.c.internal.VideoRecorderService  - Video recording for test case 'Test Cases/2000_tresult/Return Passed' .
2025-09-24 07:46:12.065 INFO  c.k.katalon.core.main.TestCaseExecutor   - END Test Cases/2000_tresult/Return Passed
2025-09-24 07:46:12.068 INFO  c.k.katalon.core.main.TestCaseExecutor   - --------------------
2025-09-24 07:46:12.068 INFO  c.k.katalon.core.main.TestCaseExecutor   - START Test Cases/2000_tresult/Return Passed
2025-09-24 07:46:12.072 DEBUG testcase.Return Passed                   - 1: markPassed("Passed")
2025-09-24 07:46:12.073 DEBUG com.kms.katalon.core.util.KeywordUtil    - ✓ Passed
2025-09-24 07:46:14.076 INFO  c.k.k.c.c.internal.VideoRecorderService  - Video recording for test case 'Test Cases/2000_tresult/Return Passed' .
2025-09-24 07:46:14.076 INFO  c.k.katalon.core.main.TestCaseExecutor   - END Test Cases/2000_tresult/Return Passed
2025-09-24 07:46:14.078 INFO  c.k.katalon.core.main.TestCaseExecutor   - --------------------
2025-09-24 07:46:14.078 INFO  c.k.katalon.core.main.TestCaseExecutor   - START Test Cases/2000_tresult/Return Passed
2025-09-24 07:46:14.082 DEBUG testcase.Return Passed                   - 1: markPassed("Passed")
2025-09-24 07:46:14.082 DEBUG com.kms.katalon.core.util.KeywordUtil    - ✓ Passed
2025-09-24 07:46:16.085 INFO  c.k.k.c.c.internal.VideoRecorderService  - Video recording for test case 'Test Cases/2000_tresult/Return Passed' .
2025-09-24 07:46:16.085 INFO  c.k.katalon.core.main.TestCaseExecutor   - END Test Cases/2000_tresult/Return Passed
2025-09-24 07:46:16.088 INFO  c.k.katalon.core.main.TestCaseExecutor   - --------------------
2025-09-24 07:46:16.089 INFO  c.k.katalon.core.main.TestCaseExecutor   - START Test Cases/2000_tresult/Return Passed
2025-09-24 07:46:16.095 DEBUG testcase.Return Passed                   - 1: markPassed("Passed")
2025-09-24 07:46:16.096 DEBUG com.kms.katalon.core.util.KeywordUtil    - ✓ Passed
2025-09-24 07:46:18.099 INFO  c.k.k.c.c.internal.VideoRecorderService  - Video recording for test case 'Test Cases/2000_tresult/Return Passed' .
2025-09-24 07:46:18.099 INFO  c.k.katalon.core.main.TestCaseExecutor   - END Test Cases/2000_tresult/Return Passed
2025-09-24 07:46:18.102 INFO  c.k.katalon.core.main.TestCaseExecutor   - --------------------
2025-09-24 07:46:18.102 INFO  c.k.katalon.core.main.TestCaseExecutor   - START Test Cases/2000_tresult/Return Passed
2025-09-24 07:46:18.106 DEBUG testcase.Return Passed                   - 1: markPassed("Passed")
2025-09-24 07:46:18.106 DEBUG com.kms.katalon.core.util.KeywordUtil    - ✓ Passed
2025-09-24 07:46:20.109 INFO  c.k.k.c.c.internal.VideoRecorderService  - Video recording for test case 'Test Cases/2000_tresult/Return Passed' .
2025-09-24 07:46:20.110 INFO  c.k.katalon.core.main.TestCaseExecutor   - END Test Cases/2000_tresult/Return Passed
2025-09-24 07:46:20.112 INFO  c.k.katalon.core.main.TestCaseExecutor   - --------------------
2025-09-24 07:46:20.112 INFO  c.k.katalon.core.main.TestCaseExecutor   - START Test Cases/2000_tresult/Return Passed
2025-09-24 07:46:20.118 DEBUG testcase.Return Passed                   - 1: markPassed("Passed")
2025-09-24 07:46:20.118 DEBUG com.kms.katalon.core.util.KeywordUtil    - ✓ Passed
2025-09-24 07:46:22.121 INFO  c.k.k.c.c.internal.VideoRecorderService  - Video recording for test case 'Test Cases/2000_tresult/Return Passed' .
2025-09-24 07:46:22.122 INFO  c.k.katalon.core.main.TestCaseExecutor   - END Test Cases/2000_tresult/Return Passed
2025-09-24 07:46:22.125 INFO  c.k.katalon.core.main.TestCaseExecutor   - --------------------
2025-09-24 07:46:22.125 INFO  c.k.katalon.core.main.TestCaseExecutor   - START Test Cases/2000_tresult/Return Passed
2025-09-24 07:46:22.129 DEBUG testcase.Return Passed                   - 1: markPassed("Passed")
2025-09-24 07:46:22.130 DEBUG com.kms.katalon.core.util.KeywordUtil    - ✓ Passed
2025-09-24 07:46:24.133 INFO  c.k.k.c.c.internal.VideoRecorderService  - Video recording for test case 'Test Cases/2000_tresult/Return Passed' .
2025-09-24 07:46:24.133 INFO  c.k.katalon.core.main.TestCaseExecutor   - END Test Cases/2000_tresult/Return Passed
2025-09-24 07:46:24.135 INFO  c.k.katalon.core.main.TestCaseExecutor   - --------------------
2025-09-24 07:46:24.136 INFO  c.k.katalon.core.main.TestCaseExecutor   - START Test Cases/2000_tresult/Return Passed
2025-09-24 07:46:24.139 DEBUG testcase.Return Passed                   - 1: markPassed("Passed")
2025-09-24 07:46:24.140 DEBUG com.kms.katalon.core.util.KeywordUtil    - ✓ Passed
2025-09-24 07:46:26.143 INFO  c.k.k.c.c.internal.VideoRecorderService  - Video recording for test case 'Test Cases/2000_tresult/Return Passed' .
2025-09-24 07:46:26.143 INFO  c.k.katalon.core.main.TestCaseExecutor   - END Test Cases/2000_tresult/Return Passed
2025-09-24 07:46:26.145 INFO  c.k.katalon.core.main.TestCaseExecutor   - --------------------
2025-09-24 07:46:26.146 INFO  c.k.katalon.core.main.TestCaseExecutor   - START Test Cases/2000_tresult/Return Passed
2025-09-24 07:46:26.150 DEBUG testcase.Return Passed                   - 1: markPassed("Passed")
2025-09-24 07:46:26.151 DEBUG com.kms.katalon.core.util.KeywordUtil    - ✓ Passed
2025-09-24 07:46:28.154 INFO  c.k.k.c.c.internal.VideoRecorderService  - Video recording for test case 'Test Cases/2000_tresult/Return Passed' .
2025-09-24 07:46:28.154 INFO  c.k.katalon.core.main.TestCaseExecutor   - END Test Cases/2000_tresult/Return Passed
2025-09-24 07:46:28.156 INFO  c.k.katalon.core.main.TestCaseExecutor   - --------------------
2025-09-24 07:46:28.156 INFO  c.k.katalon.core.main.TestCaseExecutor   - START Test Cases/2000_tresult/Return Passed
2025-09-24 07:46:28.160 DEBUG testcase.Return Passed                   - 1: markPassed("Passed")
2025-09-24 07:46:28.160 DEBUG com.kms.katalon.core.util.KeywordUtil    - ✓ Passed
2025-09-24 07:46:30.163 INFO  c.k.k.c.c.internal.VideoRecorderService  - Video recording for test case 'Test Cases/2000_tresult/Return Passed' .
2025-09-24 07:46:30.164 INFO  c.k.katalon.core.main.TestCaseExecutor   - END Test Cases/2000_tresult/Return Passed
2025-09-24 07:46:30.167 INFO  c.k.katalon.core.main.TestCaseExecutor   - --------------------
2025-09-24 07:46:30.167 INFO  c.k.katalon.core.main.TestCaseExecutor   - START Test Cases/2000_tresult/Return Passed
2025-09-24 07:46:30.170 DEBUG testcase.Return Passed                   - 1: markPassed("Passed")
2025-09-24 07:46:30.171 DEBUG com.kms.katalon.core.util.KeywordUtil    - ✓ Passed
2025-09-24 07:46:32.174 INFO  c.k.k.c.c.internal.VideoRecorderService  - Video recording for test case 'Test Cases/2000_tresult/Return Passed' .
2025-09-24 07:46:32.174 INFO  c.k.katalon.core.main.TestCaseExecutor   - END Test Cases/2000_tresult/Return Passed
2025-09-24 07:46:32.176 INFO  c.k.katalon.core.main.TestCaseExecutor   - --------------------
2025-09-24 07:46:32.176 INFO  c.k.katalon.core.main.TestCaseExecutor   - START Test Cases/2000_tresult/Return Passed
2025-09-24 07:46:32.181 DEBUG testcase.Return Passed                   - 1: markPassed("Passed")
2025-09-24 07:46:32.181 DEBUG com.kms.katalon.core.util.KeywordUtil    - ✓ Passed
2025-09-24 07:46:34.184 INFO  c.k.k.c.c.internal.VideoRecorderService  - Video recording for test case 'Test Cases/2000_tresult/Return Passed' .
2025-09-24 07:46:34.185 INFO  c.k.katalon.core.main.TestCaseExecutor   - END Test Cases/2000_tresult/Return Passed
2025-09-24 07:46:34.187 INFO  c.k.katalon.core.main.TestCaseExecutor   - --------------------
2025-09-24 07:46:34.187 INFO  c.k.katalon.core.main.TestCaseExecutor   - START Test Cases/2000_tresult/Return Passed
2025-09-24 07:46:34.192 DEBUG testcase.Return Passed                   - 1: markPassed("Passed")
2025-09-24 07:46:34.193 DEBUG com.kms.katalon.core.util.KeywordUtil    - ✓ Passed
2025-09-24 07:46:36.196 INFO  c.k.k.c.c.internal.VideoRecorderService  - Video recording for test case 'Test Cases/2000_tresult/Return Passed' .
2025-09-24 07:46:36.196 INFO  c.k.katalon.core.main.TestCaseExecutor   - END Test Cases/2000_tresult/Return Passed
2025-09-24 07:46:36.198 INFO  c.k.katalon.core.main.TestCaseExecutor   - --------------------
2025-09-24 07:46:36.198 INFO  c.k.katalon.core.main.TestCaseExecutor   - START Test Cases/2000_tresult/Return Passed
2025-09-24 07:46:36.202 DEBUG testcase.Return Passed                   - 1: markPassed("Passed")
2025-09-24 07:46:36.203 DEBUG com.kms.katalon.core.util.KeywordUtil    - ✓ Passed
2025-09-24 07:46:38.206 INFO  c.k.k.c.c.internal.VideoRecorderService  - Video recording for test case 'Test Cases/2000_tresult/Return Passed' .
2025-09-24 07:46:38.207 INFO  c.k.katalon.core.main.TestCaseExecutor   - END Test Cases/2000_tresult/Return Passed
2025-09-24 07:46:38.208 INFO  c.k.katalon.core.main.TestCaseExecutor   - --------------------
2025-09-24 07:46:38.208 INFO  c.k.katalon.core.main.TestCaseExecutor   - START Test Cases/2000_tresult/Return Passed
2025-09-24 07:46:38.218 DEBUG testcase.Return Passed                   - 1: markPassed("Passed")
2025-09-24 07:46:38.219 DEBUG com.kms.katalon.core.util.KeywordUtil    - ✓ Passed
2025-09-24 07:46:40.222 INFO  c.k.k.c.c.internal.VideoRecorderService  - Video recording for test case 'Test Cases/2000_tresult/Return Passed' .
2025-09-24 07:46:40.222 INFO  c.k.katalon.core.main.TestCaseExecutor   - END Test Cases/2000_tresult/Return Passed
2025-09-24 07:46:40.224 INFO  c.k.katalon.core.main.TestCaseExecutor   - --------------------
2025-09-24 07:46:40.224 INFO  c.k.katalon.core.main.TestCaseExecutor   - START Test Cases/2000_tresult/Return Passed
2025-09-24 07:46:40.232 DEBUG testcase.Return Passed                   - 1: markPassed("Passed")
2025-09-24 07:46:40.232 DEBUG com.kms.katalon.core.util.KeywordUtil    - ✓ Passed
2025-09-24 07:46:42.235 INFO  c.k.k.c.c.internal.VideoRecorderService  - Video recording for test case 'Test Cases/2000_tresult/Return Passed' .
2025-09-24 07:46:42.236 INFO  c.k.katalon.core.main.TestCaseExecutor   - END Test Cases/2000_tresult/Return Passed
2025-09-24 07:46:42.237 INFO  c.k.katalon.core.main.TestCaseExecutor   - --------------------
2025-09-24 07:46:42.237 INFO  c.k.katalon.core.main.TestCaseExecutor   - START Test Cases/2000_tresult/Return Passed
2025-09-24 07:46:42.242 DEBUG testcase.Return Passed                   - 1: markPassed("Passed")
2025-09-24 07:46:42.242 DEBUG com.kms.katalon.core.util.KeywordUtil    - ✓ Passed
2025-09-24 07:46:44.245 INFO  c.k.k.c.c.internal.VideoRecorderService  - Video recording for test case 'Test Cases/2000_tresult/Return Passed' .
2025-09-24 07:46:44.245 INFO  c.k.katalon.core.main.TestCaseExecutor   - END Test Cases/2000_tresult/Return Passed
2025-09-24 07:46:44.247 INFO  c.k.katalon.core.main.TestCaseExecutor   - --------------------
2025-09-24 07:46:44.247 INFO  c.k.katalon.core.main.TestCaseExecutor   - START Test Cases/2000_tresult/Return Passed
2025-09-24 07:46:44.252 DEBUG testcase.Return Passed                   - 1: markPassed("Passed")
2025-09-24 07:46:44.252 DEBUG com.kms.katalon.core.util.KeywordUtil    - ✓ Passed
2025-09-24 07:46:46.255 INFO  c.k.k.c.c.internal.VideoRecorderService  - Video recording for test case 'Test Cases/2000_tresult/Return Passed' .
2025-09-24 07:46:46.256 INFO  c.k.katalon.core.main.TestCaseExecutor   - END Test Cases/2000_tresult/Return Passed
2025-09-24 07:46:46.257 INFO  c.k.katalon.core.main.TestCaseExecutor   - --------------------
2025-09-24 07:46:46.258 INFO  c.k.katalon.core.main.TestCaseExecutor   - START Test Cases/2000_tresult/Return Passed
2025-09-24 07:46:46.261 DEBUG testcase.Return Passed                   - 1: markPassed("Passed")
2025-09-24 07:46:46.261 DEBUG com.kms.katalon.core.util.KeywordUtil    - ✓ Passed
2025-09-24 07:46:48.265 INFO  c.k.k.c.c.internal.VideoRecorderService  - Video recording for test case 'Test Cases/2000_tresult/Return Passed' .
2025-09-24 07:46:48.265 INFO  c.k.katalon.core.main.TestCaseExecutor   - END Test Cases/2000_tresult/Return Passed
2025-09-24 07:46:48.267 INFO  c.k.katalon.core.main.TestCaseExecutor   - --------------------
2025-09-24 07:46:48.267 INFO  c.k.katalon.core.main.TestCaseExecutor   - START Test Cases/2000_tresult/Return Passed
2025-09-24 07:46:48.272 DEBUG testcase.Return Passed                   - 1: markPassed("Passed")
2025-09-24 07:46:48.272 DEBUG com.kms.katalon.core.util.KeywordUtil    - ✓ Passed
2025-09-24 07:46:50.275 INFO  c.k.k.c.c.internal.VideoRecorderService  - Video recording for test case 'Test Cases/2000_tresult/Return Passed' .
2025-09-24 07:46:50.275 INFO  c.k.katalon.core.main.TestCaseExecutor   - END Test Cases/2000_tresult/Return Passed
2025-09-24 07:46:50.277 INFO  c.k.katalon.core.main.TestCaseExecutor   - --------------------
2025-09-24 07:46:50.277 INFO  c.k.katalon.core.main.TestCaseExecutor   - START Test Cases/2000_tresult/Return Passed
2025-09-24 07:46:50.281 DEBUG testcase.Return Passed                   - 1: markPassed("Passed")
2025-09-24 07:46:50.281 DEBUG com.kms.katalon.core.util.KeywordUtil    - ✓ Passed
2025-09-24 07:46:52.284 INFO  c.k.k.c.c.internal.VideoRecorderService  - Video recording for test case 'Test Cases/2000_tresult/Return Passed' .
2025-09-24 07:46:52.285 INFO  c.k.katalon.core.main.TestCaseExecutor   - END Test Cases/2000_tresult/Return Passed
2025-09-24 07:46:52.286 INFO  c.k.katalon.core.main.TestCaseExecutor   - --------------------
2025-09-24 07:46:52.286 INFO  c.k.katalon.core.main.TestCaseExecutor   - START Test Cases/2000_tresult/Return Passed
2025-09-24 07:46:52.290 DEBUG testcase.Return Passed                   - 1: markPassed("Passed")
2025-09-24 07:46:52.290 DEBUG com.kms.katalon.core.util.KeywordUtil    - ✓ Passed
2025-09-24 07:46:54.293 INFO  c.k.k.c.c.internal.VideoRecorderService  - Video recording for test case 'Test Cases/2000_tresult/Return Passed' .
2025-09-24 07:46:54.294 INFO  c.k.katalon.core.main.TestCaseExecutor   - END Test Cases/2000_tresult/Return Passed
2025-09-24 07:46:54.297 INFO  c.k.katalon.core.main.TestCaseExecutor   - --------------------
2025-09-24 07:46:54.297 INFO  c.k.katalon.core.main.TestCaseExecutor   - START Test Cases/2000_tresult/Return Passed
2025-09-24 07:46:54.301 DEBUG testcase.Return Passed                   - 1: markPassed("Passed")
2025-09-24 07:46:54.301 DEBUG com.kms.katalon.core.util.KeywordUtil    - ✓ Passed
2025-09-24 07:46:56.304 INFO  c.k.k.c.c.internal.VideoRecorderService  - Video recording for test case 'Test Cases/2000_tresult/Return Passed' .
2025-09-24 07:46:56.305 INFO  c.k.katalon.core.main.TestCaseExecutor   - END Test Cases/2000_tresult/Return Passed
2025-09-24 07:46:56.306 INFO  c.k.katalon.core.main.TestCaseExecutor   - --------------------
2025-09-24 07:46:56.306 INFO  c.k.katalon.core.main.TestCaseExecutor   - START Test Cases/2000_tresult/Return Passed
2025-09-24 07:46:56.310 DEBUG testcase.Return Passed                   - 1: markPassed("Passed")
2025-09-24 07:46:56.310 DEBUG com.kms.katalon.core.util.KeywordUtil    - ✓ Passed
2025-09-24 07:46:58.313 INFO  c.k.k.c.c.internal.VideoRecorderService  - Video recording for test case 'Test Cases/2000_tresult/Return Passed' .
2025-09-24 07:46:58.314 INFO  c.k.katalon.core.main.TestCaseExecutor   - END Test Cases/2000_tresult/Return Passed
2025-09-24 07:46:58.317 INFO  c.k.katalon.core.main.TestCaseExecutor   - --------------------
2025-09-24 07:46:58.317 INFO  c.k.katalon.core.main.TestCaseExecutor   - START Test Cases/2000_tresult/Return Passed
2025-09-24 07:46:58.321 DEBUG testcase.Return Passed                   - 1: markPassed("Passed")
2025-09-24 07:46:58.321 DEBUG com.kms.katalon.core.util.KeywordUtil    - ✓ Passed
2025-09-24 07:47:00.324 INFO  c.k.k.c.c.internal.VideoRecorderService  - Video recording for test case 'Test Cases/2000_tresult/Return Passed' .
2025-09-24 07:47:00.325 INFO  c.k.katalon.core.main.TestCaseExecutor   - END Test Cases/2000_tresult/Return Passed
2025-09-24 07:47:00.326 INFO  c.k.katalon.core.main.TestCaseExecutor   - --------------------
2025-09-24 07:47:00.326 INFO  c.k.katalon.core.main.TestCaseExecutor   - START Test Cases/2000_tresult/Return Passed
2025-09-24 07:47:00.330 DEBUG testcase.Return Passed                   - 1: markPassed("Passed")
2025-09-24 07:47:00.330 DEBUG com.kms.katalon.core.util.KeywordUtil    - ✓ Passed
2025-09-24 07:47:02.333 INFO  c.k.k.c.c.internal.VideoRecorderService  - Video recording for test case 'Test Cases/2000_tresult/Return Passed' .
2025-09-24 07:47:02.334 INFO  c.k.katalon.core.main.TestCaseExecutor   - END Test Cases/2000_tresult/Return Passed
2025-09-24 07:47:02.335 INFO  c.k.katalon.core.main.TestCaseExecutor   - --------------------
2025-09-24 07:47:02.335 INFO  c.k.katalon.core.main.TestCaseExecutor   - START Test Cases/2000_tresult/Return Passed
2025-09-24 07:47:02.339 DEBUG testcase.Return Passed                   - 1: markPassed("Passed")
2025-09-24 07:47:02.339 DEBUG com.kms.katalon.core.util.KeywordUtil    - ✓ Passed
2025-09-24 07:47:04.342 INFO  c.k.k.c.c.internal.VideoRecorderService  - Video recording for test case 'Test Cases/2000_tresult/Return Passed' .
2025-09-24 07:47:04.342 INFO  c.k.katalon.core.main.TestCaseExecutor   - END Test Cases/2000_tresult/Return Passed
2025-09-24 07:47:04.344 INFO  c.k.katalon.core.main.TestCaseExecutor   - --------------------
2025-09-24 07:47:04.344 INFO  c.k.katalon.core.main.TestCaseExecutor   - START Test Cases/2000_tresult/Return Passed
2025-09-24 07:47:04.348 DEBUG testcase.Return Passed                   - 1: markPassed("Passed")
2025-09-24 07:47:04.348 DEBUG com.kms.katalon.core.util.KeywordUtil    - ✓ Passed
2025-09-24 07:47:06.351 INFO  c.k.k.c.c.internal.VideoRecorderService  - Video recording for test case 'Test Cases/2000_tresult/Return Passed' .
2025-09-24 07:47:06.351 INFO  c.k.katalon.core.main.TestCaseExecutor   - END Test Cases/2000_tresult/Return Passed
2025-09-24 07:47:06.353 INFO  c.k.katalon.core.main.TestCaseExecutor   - --------------------
2025-09-24 07:47:06.353 INFO  c.k.katalon.core.main.TestCaseExecutor   - START Test Cases/2000_tresult/Return Passed
2025-09-24 07:47:06.357 DEBUG testcase.Return Passed                   - 1: markPassed("Passed")
2025-09-24 07:47:06.358 DEBUG com.kms.katalon.core.util.KeywordUtil    - ✓ Passed
2025-09-24 07:47:08.361 INFO  c.k.k.c.c.internal.VideoRecorderService  - Video recording for test case 'Test Cases/2000_tresult/Return Passed' .
2025-09-24 07:47:08.361 INFO  c.k.katalon.core.main.TestCaseExecutor   - END Test Cases/2000_tresult/Return Passed
2025-09-24 07:47:08.363 INFO  c.k.katalon.core.main.TestCaseExecutor   - --------------------
2025-09-24 07:47:08.365 INFO  c.k.katalon.core.main.TestCaseExecutor   - START Test Cases/2000_tresult/Return Passed
2025-09-24 07:47:08.369 DEBUG testcase.Return Passed                   - 1: markPassed("Passed")
2025-09-24 07:47:08.369 DEBUG com.kms.katalon.core.util.KeywordUtil    - ✓ Passed
2025-09-24 07:47:10.372 INFO  c.k.k.c.c.internal.VideoRecorderService  - Video recording for test case 'Test Cases/2000_tresult/Return Passed' .
2025-09-24 07:47:10.373 INFO  c.k.katalon.core.main.TestCaseExecutor   - END Test Cases/2000_tresult/Return Passed
2025-09-24 07:47:10.392 INFO  c.k.katalon.core.main.TestSuiteExecutor  - --------------------
2025-09-24 07:47:10.392 INFO  c.k.katalon.core.main.TestSuiteExecutor  - END Test Suites/100_tc
2025-09-24 07:47:10.392 INFO  c.k.katalon.core.main.TestSuiteExecutor  - ====================
